NbrParticles        8                   
NbrFluxQuanta       24                  
Momentum            4                   
Ratio               1                   
Statistics          0                   
Hilbert space dimension = 328755
memory requested for Hilbert space = 4Mo
 Hilbert space dimension = 328755
Hilbert space dimension = 328755
memory requested for Hilbert space = 4Mo
 Hilbert space dimension = 328755
FormFactor=1
nbr interaction = 3756
====================================
Manager at 0x7ffc9fa4b238
RealFlag = 0
----------------------------------------------------------------
 Kx = 0 Ky = 4
 Hilbert space dimension = 328755
Using FullReorthogonalizedLanczosAlgorithm
Run Lanczos Algorithm
0.13620394946507 8.3641168807872 1 
0.13375027027476 8.1360281746856 0.027269908987709 
0.13063944109361 8.0064501173616 0.015926451401325 
0.12820363567907 7.962764218767 0.0054563380717156 
0.12677316500103 7.7795159105964 0.023013152610832 
0.12595076127438 7.7717248488921 0.0010014841275368 
0.12520123129331 7.3184138823069 0.058328231557222 
0.1245410238479 7.0261260228319 0.039938689472262 
0.12389855072568 6.9620713255647 0.0091166450842287 
0.12319631802141 6.7459730728353 0.031039362084077 
0.12233479516082 6.6070231646911 0.020597459646524 
0.12133759315922 6.3467706925477 0.039390276930489 
0.12028996986476 6.1078049444039 0.037651549066433 
0.11936321813969 6.0135394633407 0.015433610261163 
0.11874708168194 5.7828350994518 0.038364155635024 
0.1183119982873 5.7291166047349 0.0092893008002247 
0.11799516352145 5.5855141781408 0.025065369846959 
0.11777159407252 5.4592517162619 0.022605342651002 
0.1175992929511 5.2525804793982 0.037857063129753 
0.11741294848582 5.0828273851013 0.032318037764992 
0.11720223747126 4.9327875319417 0.029518974734305 
0.11696400140413 4.8064393306531 0.025613955693491 
0.11672043059276 4.6508071754887 0.032379927105676 
0.11650477256541 4.5252351121069 0.027000057977808 
0.11635734324179 4.4114925079645 0.025135181117588 
0.11624881004247 4.2983991525128 0.025636075601961 
0.11617056679904 4.1900177383056 0.025214367107768 
0.11611643075707 4.1057492329191 0.020111729985323 
0.11607487161423 3.9527514231291 0.037264285057477 
0.11603996661664 3.8566416720722 0.02431464586783 
0.11600835427967 3.7813188825041 0.019530668382687 
0.11597033724828 3.6445901658914 0.03615900188828 
0.11593269381144 3.5657967627275 0.021619276675145 
0.11589540141514 3.4850395973676 0.022647719635638 
0.1158635699617 3.4162509783439 0.019738260384667 
0.11584412918176 3.3582140428919 0.016988487034434 
0.11582982345069 3.2966885966756 0.018320882895026 
0.11581723035647 3.2056465307826 0.027616216461839 
0.11580884751347 3.1164204172564 0.02783404616489 
0.11580293229671 3.0593687779261 0.018306785250948 
0.11579766977501 3.0000709890215 0.019382360613849 
0.11579147336178 2.9229931080654 0.025692019034946 
0.11578443389214 2.8628833094611 0.020564468126322 
0.11577692322546 2.7987229278121 0.022411106117041 
0.11576966717283 2.7358023281473 0.022481896667782 
0.11576370846556 2.6976125042972 0.01395927748771 
0.11575940640055 2.6564407267888 0.015262302292399 
0.11575622160075 2.5773994091113 0.02975459489097 
0.11575406481656 2.5193386344691 0.022526882887052 
0.11575268727375 2.4808204337326 0.015289012842305 
0.11575167496038 2.43008236557 0.020452132477094 
0.11575065206038 2.3772678812758 0.02173361900919 
0.11574958409998 2.3410840513514 0.015220762544003 
0.11574850615966 2.2972479098569 0.018724719203999 
0.11574747677446 2.251834591298 0.019768575417566 
0.11574623218723 2.2060937888886 0.020312683083469 
0.11574510708365 2.1636301322348 0.019248346043893 
0.11574433847764 2.1174529346906 0.021342463693888 
0.11574385933098 2.0756704010194 0.019732449768625 
0.11574355609174 2.0429698403695 0.015754216388972 
0.11574335850858 2.0121693170199 0.015076347550976 
0.11574319927693 1.9740632783727 0.018937789342545 
0.11574305260662 1.9397193803211 0.017397566951291 
0.11574290095803 1.9064891379399 0.017131468973482 
0.1157427376235 1.8665912101373 0.020927435152181 
0.11574258750762 1.8336998826457 0.017621066312221 
0.11574246430986 1.811038908121 0.012358060737839 
0.11574234135228 1.7880107994716 0.01271541353757 
0.11574224913454 1.7647304263876 0.013020264246108 
0.11574217984081 1.7347195044308 0.017005952585197 
0.11574213125863 1.700870355321 0.019512750633941 
0.11574210032555 1.6728890707782 0.016451156583 
0.11574207768443 1.644736152958 0.016828920884247 
0.11574205863901 1.6167527912348 0.017013891056543 
0.11574204123233 1.5947468743943 0.013611182216481 
0.11574202249312 1.5753272157906 0.012177267073233 
0.1157420004191 1.5536349526002 0.013770004715782 
0.11574197838194 1.5290076342829 0.015851418813767 
0.11574195939815 1.5032157688447 0.016868369300395 
0.11574194645899 1.4796237928505 0.015694337754536 
0.11574193800864 1.4540695382766 0.017270778354159 
0.11574193302531 1.430326456319 0.016328711476745 
0.11574192936668 1.4075715386382 0.015908897986325 
0.11574192611388 1.3860690540986 0.015276299604946 
0.11574192277247 1.3648057229557 0.015340744445628 
0.11574191912807 1.3444202765423 0.014936518854275 
0.11574191533758 1.3269320538119 0.013008002806537 
0.11574191152301 1.3111567068072 0.011888586879329 
0.11574190811539 1.2964655749349 0.011204710921272 
0.1157419052403 1.2817560445814 0.011345870370892 
0.11574190292239 1.2664981470457 0.011903901370494 
0.11574190124617 1.2512097966219 0.012071356329578 
0.11574190017874 1.2373538199348 0.01107406345806 
0.11574189941019 1.2234611369577 0.011227736766397 
0.11574189872699 1.206989888339 0.013462829444347 
0.11574189809409 1.1890770845955 0.014840889651686 
0.1157418975301 1.1735449597877 0.01306233633545 
0.11574189687487 1.1578531627844 0.013371278937762 
0.11574189622015 1.1454429530579 0.010718293239045 
0.11574189543163 1.1330422457529 0.010826123877989 
0.11574189468576 1.1213588870442 0.010311494344138 
0.1157418941788 1.1105620980576 0.0096283082172389 
0.11574189385341 1.0989081262239 0.010493759740243 
0.11574189363006 1.0844108948782 0.013192396161088 
0.11574189347418 1.0679901540162 0.015142545080927 
0.11574189335948 1.0534736913972 0.013592318772271 
0.11574189326148 1.0415315512152 0.01133596432401 
0.11574189316926 1.0308965063603 0.010210967533849 
0.1157418930762 1.020494199204 0.010090544581403 
0.11574189296551 1.0084777816572 0.011775096376037 
0.11574189285166 0.99652954845554 0.011847790223059 
0.11574189276196 0.98675852044966 0.0098050559775399 
0.11574189269743 0.97828984551088 0.0085823175207244 
0.11574189264678 0.96847107185891 0.010036671337262 
0.11574189261418 0.95754512945164 0.011281640437953 
0.11574189259291 0.94510968826037 0.012986793842695 
0.11574189257751 0.93241547565585 0.013431470190394 
0.11574189256419 0.92088844803111 0.012362544301004 
0.11574189255057 0.91043604965575 0.011350341507386 
0.11574189253716 0.90164847949272 0.0096520454856303 
0.11574189252191 0.89256530437514 0.010073964881179 
0.11574189250628 0.88321785507667 0.010472566267866 
0.11574189249429 0.87485068730263 0.0094735038767103 
0.1157418924862 0.86706379772067 0.0089008212429497 
0.11574189248109 0.85941732670852 0.0088188101409037 
0.11574189247793 0.85166293434291 0.0090228485331036 
0.11574189247597 0.84427226350629 0.0086779294232443 
0.11574189247421 0.83536809032184 0.010546566041944 
0.11574189247249 0.82574331110731 0.011521602663585 
0.11574189247085 0.81772860094195 0.0097060552081343 
0.11574189246896 0.81023736844363 0.0091610254180809 
0.11574189246702 0.80359353873644 0.008199855950799 
0.11574189246539 0.79823883267894 0.0066634508608925 
0.11574189246405 0.79333188678457 0.0061472152111409 
0.1157418924627 0.78695380480907 0.0080396137880588 
0.1157418924618 0.78058202069393 0.0080967701994782 
0.11574189246121 0.77377696737603 0.0087179221881812 
0.11574189246083 0.76619590087331 0.0097974827661599 
0.11574189246056 0.75753840865906 0.01129931940954 
0.11574189246033 0.74889352100985 0.011411814305907 
0.1157418924601 0.73950056819346 0.012542441018489 
0.11574189245981 0.73096325313258 0.011544703855646 
0.1157418924595 0.72444868290626 0.0089123087903606 
0.11574189245922 0.71948765797323 0.0068480004865524 
0.11574189245899 0.71508644489476 0.0061171488206948 
0.11574189245883 0.71105515902606 0.0056374804717356 
0.11574189245872 0.70686850655725 0.005887943313061 
0.11574189245864 0.70136574139073 0.007784708351658 
0.11574189245858 0.69487650276533 0.009252289130262 
0.11574189245854 0.68847305513456 0.0092152312033605 
0.11574189245851 0.68363800698042 0.0070228574932347 
0.11574189245846 0.6792036427903 0.0064864213879834 
0.11574189245842 0.67451717895604 0.0068999391920315 
0.11574189245836 0.66973699427413 0.0070868242219016 
0.11574189245831 0.6651364384688 0.0068691976770975 
0.11574189245827 0.66091864807911 0.0063412409029916 
0.11574189245825 0.65714801613004 0.005705137780614 
0.11574189245823 0.65302094678504 0.0062802736121878 
0.11574189245822 0.64845066750912 0.0069986717859755 
0.11574189245821 0.64284601371542 0.0086431460009553 
0.1157418924582 0.63617631077645 0.010375273077334 
0.1157418924582 0.62965415025821 0.010252127292012 
0.11574189245819 0.62185988600262 0.012378643501972 
0.11574189245819 0.61515079972273 0.010788742658773 
0.11574189245817 0.60928795850947 0.0095307381798037 
0.11574189245817 0.60469881172782 0.0075319833874243 
0.11574189245816 0.60111562319823 0.0059255756090389 
0.11574189245815 0.59814318896287 0.0049448627196636 
0.11574189245815 0.59542615088645 0.0045424542593813 
0.11574189245815 0.59213839618985 0.0055216834055842 
0.11574189245814 0.58688166275573 0.0088775419191544 
0.11574189245814 0.58040982998833 0.011027491874618 
0.11574189245814 0.57523524301457 0.008915402025266 
0.11574189245814 0.57154806998805 0.0064098524408796 
0.11574189245814 0.56844115975316 0.0054359561304399 
0.11574189245814 0.56594227149803 0.0043960367968616 
0.11574189245814 0.56341565481379 0.0044644424201725 
0.11574189245813 0.56044436872276 0.005273701690115 
0.11574189245814 0.55726801628103 0.0056675606340254 
0.11574189245814 0.55409893448349 0.0056868180210359 
0.11574189245814 0.55106141465676 0.0054819088031004 
0.11574189245814 0.54677999642547 0.0077694030418582 
0.11574189245813 0.54182655396729 0.0090592971406479 
0.11574189245814 0.5375411512582 0.0079091780897639 
0.11574189245813 0.53408851361442 0.0064230201459014 
0.11574189245814 0.53122255227951 0.0053660793330143 
0.11574189245813 0.52882880888022 0.0045061027417234 
0.11574189245813 0.52668108495634 0.0040612838934165 
0.11574189245814 0.52454126496116 0.0040628381316492 
0.11574189245814 0.52232767123002 0.0042200564169294 
0.11574189245814 0.51960088094017 0.0052204591869006 
0.11574189245813 0.51592087417233 0.0070823720721639 
0.11574189245813 0.5118073912493 0.0079730887602372 
0.11574189245814 0.50910618985246 0.0052777694168217 
0.11574189245814 0.50596191004426 0.0061760785291268 
0.11574189245813 0.50363197749585 0.0046049564249074 
0.11574189245814 0.50175447922791 0.0037279171137515 
0.11574189245814 0.49993334247056 0.0036295376179881 
0.11574189245814 0.49815700477854 0.0035531490723101 
0.11574189245814 0.49646585640416 0.0033948099859281 
0.11574189245814 0.49471806746698 0.0035204615073348 
0.11574189245814 0.492459816663 0.0045647227228712 
0.11574189245814 0.48912980636103 0.0067619939521737 
0.11574189245813 0.48475237212987 0.0089494325928185 
0.11574189245814 0.4812513122734 0.0072223676618342 
0.11574189245813 0.47905818171377 0.0045571419832028 
0.11574189245814 0.47744507404532 0.0033672479252376 
0.11574189245814 0.47585936938723 0.0033212294864876 
0.11574189245814 0.47435257618659 0.0031664674430575 
0.11574189245814 0.47284013176566 0.0031884393526168 
0.11574189245814 0.47142137417221 0.0030005016455577 
0.11574189245814 0.46994262541238 0.0031367876826368 
0.11574189245814 0.46773331125966 0.0047012423075726 
0.11574189245814 0.46438164596721 0.0071657613681978 
0.11574189245814 0.46059837861129 0.0081468925156184 
0.11574189245814 0.4580986654558 0.0054270993376602 
0.11574189245814 0.45650541782662 0.0034779573688468 
0.11574189245814 0.45531953207696 0.0025977473724237 
0.11574189245813 0.45438928510696 0.0020430640560459 
0.11574189245814 0.45360917477661 0.001716832583695 
0.11574189245813 0.45276369048223 0.0018639047474991 
0.11574189245814 0.45180782734131 0.0021111744625665 
0.11574189245814 0.45079331894692 0.0022454422721372 
0.11574189245814 0.44951483656799 0.0028360721536808 
0.11574189245814 0.44733197498078 0.004856039021706 
0.11574189245814 0.44356969443845 0.0084104887482963 
0.11574189245814 0.44051206726629 0.0068932283032293 
0.11574189245814 0.43896914150027 0.0035025732111962 
0.11574189245814 0.43805642150602 0.0020792349802457 
0.11574189245813 0.43739064450618 0.0015198430319682 
0.11574189245813 0.43668966006125 0.0016026507510751 
0.11574189245814 0.43598790012412 0.0016069992063267 
0.11574189245814 0.43524359571882 0.0017071675729682 
0.11574189245814 0.43428562983146 0.002200987899165 
0.11574189245813 0.43272284048973 0.0035985287893001 
0.11574189245813 0.42975018284844 0.0068696573490803 
0.11574189245813 0.42690553886957 0.0066192967272641 
0.11574189245814 0.42545645890663 0.0033943807962359 
0.11574189245814 0.4245249459 0.0021894438011969 
0.11574189245813 0.42384348627191 0.0016052287025022 
0.11574189245814 0.42324199687322 0.0014191309249183 
0.11574189245814 0.42267313912756 0.0013440484400363 
0.11574189245814 0.42213384666519 0.0012759090002438 
0.11574189245814 0.4215477093552 0.0013885105745999 
0.11574189245813 0.42068943074724 0.0020360177244749 
0.11574189245814 0.41917038706597 0.0036108434637126 
0.11574189245813 0.41652247287314 0.0063170354455711 
0.11574189245813 0.41443991010857 0.0049998809192907 
0.11574189245814 0.41348739208498 0.0022983260066352 
0.11574189245814 0.41296719597914 0.0012580700543549 
0.11574189245814 0.41259599365951 0.00089886635849382 
0.11574189245814 0.41224714288924 0.00084550207863658 
0.11574189245813 0.41185913390376 0.00094120478981869 
0.11574189245814 0.41142512700218 0.0010537751038077 
0.11574189245813 0.41093537642724 0.0011903759464313 
0.11574189245814 0.4102396132402 0.0016931206874454 
0.11574189245814 0.40879448518054 0.0035226438720788 
0.11574189245814 0.4062373418804 0.006255327292421 
0.11574189245813 0.40486354907975 0.0033817491870441 
0.11574189245813 0.40428296810924 0.0014340164033823 
0.11574189245814 0.40392908430044 0.00087533692169655 
0.11574189245814 0.40364862739556 0.00069432213667501 
0.11574189245813 0.40339372676171 0.00063149139263286 
0.11574189245814 0.40311700604009 0.0006859817177805 
0.11574189245813 0.40278122947132 0.00083295064145578 
0.11574189245814 0.40233225107559 0.0011146954298794 
0.11574189245814 0.40155166320834 0.0019401573330684 
0.11574189245813 0.3997987092275 0.0043654506790678 
0.11574189245814 0.39845385963125 0.0033638167538179 
0.11574189245813 0.39813970195025 0.00078844180676063 
0.11574189245813 0.39799445608841 0.00036481129896792 
0.11574189245813 0.39787769244379 0.00029338007811414 
0.11574189245814 0.39777390542888 0.00026085155534094 
0.11574189245813 0.39767879120268 0.00023911630427148 
0.11574189245814 0.3975647867042 0.00028667482651816 
0.11574189245813 0.39740851453508 0.00039307346713726 
0.11574189245814 0.39719396272231 0.00053987724200057 
0.11574189245814 0.39679461938513 0.0010054113975911 
0.11574189245814 0.39461181958003 0.0055010821681236 
0.11574189245814 0.39276186862422 0.0046880272308503 
0.11574189245814 0.39273858313892 5.928652234372e-05 
0.11574189245813 0.39272966754251 2.2701096344471e-05 
0.11574189245813 0.39272337223981 1.6029608198641e-05 
0.11574189245813 0.39271842136865 1.2606510085728e-05 
0.11574189245813 0.39271422039066 1.069717579258e-05 
0.11574189245813 0.3927102040946 1.0227019697127e-05 
0.11574189245814 0.3927050222806 1.31950072572e-05 
0.11574189245814 0.39269755149004 1.9023924176278e-05 
0.11574189245814 0.39268167862475 4.0420077050609e-05 
0.11574189245813 0.39253711412469 0.00036814679148719 
0.11574189245814 0.37922864197813 0.033903729526905 
0.11574189245813 0.34139797941196 0.099756870601445 
0.11574189245814 0.29125288748343 0.14688163068482 
0.11574189245814 0.24966747880011 0.14278110353733 
0.11574189245813 0.23069352870536 0.075996882677472 
0.11574189245813 0.23001969576123 0.0029209009368616 
0.11574189245814 0.22998375988379 0.00015622956689165 
0.11574189245813 0.22997224627247 5.0062714522639e-05 
0.11574189245814 0.22996607104875 2.6852039001391e-05 
0.11574189245814 0.22996191714627 1.8063110163946e-05 
0.11574189245814 0.22995871482234 1.3925453255689e-05 
0.11574189245814 0.22995586338785 1.2399767026084e-05 
0.11574189245814 0.22995221757344 1.5854409455352e-05 
0.11574189245814 0.22994509697589 3.0965552873248e-05 
0.11574189245813 0.22992613963929 8.2442882450567e-05 
0.11574189245814 0.22972503535475 0.00087464733174343 
0.11574189245815 0.22689910733907 0.012301349791159 
0.11574189245814 0.22686600007402 0.00014591183473741 
0.11574189245814 0.22686041993622 2.4596624434246e-05 
0.11574189245814 0.22685819846265 9.7922483003971e-06 
0.11574189245814 0.2268570113629 5.2327831212454e-06 
0.11574189245813 0.22685603999524 4.2818498735333e-06 
0.11574189245813 0.22685506689873 4.2894890886814e-06 
0.11574189245813 0.2268538465606 5.3793734735494e-06 
0.11574189245814 0.22685172436541 9.3549006257093e-06 
0.11574189245814 0.22684706615346 2.0534170329799e-05 
0.11574189245814 0.22683098522724 7.0888843735478e-05 
0.11574189245813 0.22597047423144 0.003793621911629 
0.11574189245814 0.22519496738325 0.0034318945907803 
0.11574189245813 0.22498791375983 0.00091944161021667 
0.11574189245814 0.22490107881832 0.0003859538055176 
0.11574189245813 0.224853065993 0.0002134841929805 
0.11574189245814 0.22481870386616 0.00015282036155461 
0.11574189245814 0.22478623959524 0.00014440200199 
0.11574189245814 0.22473953830713 0.00020775866083014 
0.11574189245814 0.2246602894379 0.00035262539838637 
0.11574189245814 0.22452026260961 0.00062328250639009 
0.11574189245814 0.22409318557343 0.0019021759159804 
0.11574189245813 0.22284966370729 0.005549128426008 
0.11574189245814 0.22235251471535 0.0022308716273984 
0.11574189245813 0.22221359985474 0.00062475057135273 
0.11574189245814 0.22215376118479 0.00026928446318703 
0.11574189245813 0.22211855793842 0.00015846342722265 
0.11574189245814 0.22209328052901 0.00011380142948381 
0.11574189245814 0.22207108882757 9.992063421501e-05 
0.11574189245814 0.22203937436424 0.00014281221157429 
0.11574189245813 0.22198089092555 0.00026339219728721 
0.11574189245813 0.22183052740714 0.00067737145201643 
0.11574189245813 0.22113906554748 0.0031170726037814 
0.11574189245813 0.21968350858604 0.0065820887767477 
0.11574189245814 0.21911112287495 0.0026055014997189 
0.11574189245814 0.2189002011986 0.00096262423185606 
0.11574189245814 0.21880329973071 0.00044267418378914 
0.11574189245813 0.21873880410252 0.0002947653361197 
0.11574189245813 0.21868091605998 0.00026464459645523 
0.11574189245813 0.21861696271225 0.00029245052049989 
0.11574189245814 0.21852638086342 0.00041434044140502 
0.11574189245814 0.21839045767591 0.00062199898692854 
0.11574189245814 0.21811544619649 0.0012592650903335 
0.11574189245814 0.21756159765019 0.0025392449547397 
0.11574189245813 0.21704828527076 0.0023593887201274 
0.11574189245813 0.21679195704836 0.0011809732663064 
0.11574189245813 0.2166654270404 0.00058364715040005 
0.11574189245814 0.21658412620573 0.00037523676838605 
0.11574189245813 0.21652204770384 0.00028662535422288 
0.11574189245813 0.21646800979689 0.00024957230694965 
0.11574189245813 0.21640374642974 0.00029687235176538 
0.11574189245813 0.21628688003418 0.00054003868920859 
0.11574189245813 0.21602416726467 0.0012146495869904 
0.11574189245814 0.21521029891148 0.0037674875153685 
0.11574189245814 0.21338892047271 0.0084632494262087 
0.11574189245814 0.21239746224988 0.0046462497707618 
0.11574189245814 0.2120635245123 0.001572230355504 
0.11574189245813 0.21190015060589 0.0007704007880947 
0.11574189245814 0.21180326273418 0.00045723361419306 
0.11574189245813 0.21173130234751 0.00033975107720703 
0.11574189245813 0.21165894755977 0.00034172929053184 
0.11574189245813 0.21156870754485 0.00042634632723393 
0.11574189245814 0.21143557929617 0.00062924356928482 
0.11574189245814 0.21121923406685 0.0010232205480058 
0.11574189245814 0.21083719981094 0.0018087095979061 
0.11574189245813 0.21034469168685 0.0023359640733522 
0.11574189245813 0.20998741483023 0.0016985304157358 
0.11574189245814 0.20976860733614 0.0010420028946586 
0.11574189245814 0.20964844446184 0.00057283535330727 
0.11574189245813 0.2095553504574 0.00044404815252498 
0.11574189245814 0.20947517585204 0.00038259393132558 
0.11574189245814 0.20939720044487 0.00037224175535403 
0.11574189245814 0.20929413114619 0.00049221908633185 
0.11574189245814 0.20914283922733 0.00072286746900641 
0.11574189245814 0.20883223829607 0.0014851138695685 
0.11574189245814 0.20806324110545 0.0036823681865171 
0.11574189245813 0.2071770266715 0.0042593512878479 
0.11574189245814 0.20675974016831 0.002014154319562 
0.11574189245814 0.20657639303972 0.00088676416617448 
0.11574189245813 0.20647587928267 0.00048656942632036 
0.11574189245814 0.20640983023324 0.00031988748352964 
0.11574189245814 0.20635467335247 0.00026722022253155 
0.11574189245814 0.20628958675194 0.00031541132297985 
0.11574189245813 0.20619696590177 0.0004489846125139 
0.11574189245813 0.20604244059081 0.00074940632753213 
0.11574189245814 0.20573370234705 0.0014984206305628 
0.11574189245814 0.20515455623964 0.002815027877309 
0.11574189245814 0.20446972617965 0.0033381177223067 
0.11574189245814 0.20391305491803 0.002722511894642 
0.11574189245814 0.20363416617928 0.0013676845696015 
0.11574189245814 0.20347790786616 0.00076734821103989 
0.11574189245813 0.20337230768531 0.00051897614808634 
0.11574189245813 0.20328022134567 0.00045279684677685 
0.11574189245814 0.20317196646387 0.00053254016097439 
0.11574189245814 0.20303268126753 0.00068555322256298 
0.11574189245814 0.20282683978597 0.0010138342274469 
0.11574189245813 0.20255184997774 0.0013557860908147 
0.11574189245813 0.20228419975753 0.0013213911412828 
0.11574189245813 0.20203812446737 0.0012164829999176 
0.11574189245814 0.20183909266304 0.00098512003544839 
0.11574189245815 0.20169621555147 0.00070787630721486 
0.11574189245814 0.20158276293549 0.00056249253696084 
0.11574189245814 0.20148284417985 0.00049567112875977 
0.11574189245814 0.20137599919469 0.00053029321476329 
0.11574189245813 0.20120881479613 0.00083021015031652 
0.11574189245813 0.20092325372507 0.0014192274396314 
0.11574189245813 0.20037627127313 0.0027223451830274 
0.11574189245813 0.19933617094252 0.0051907360288029 
0.11574189245814 0.19854673009292 0.0039603492224564 
0.11574189245813 0.19815659731381 0.0019649418498289 
0.11574189245814 0.19796087239217 0.000987728515185 
0.11574189245813 0.19785119421279 0.0005540396850206 
0.11574189245814 0.19777499356459 0.00038514120929838 
0.11574189245813 0.19770885833606 0.00033439631236298 
0.11574189245813 0.19763442895459 0.00037645951780938 
0.11574189245814 0.19750802483078 0.00063958554423612 
0.11574189245813 0.19727673479164 0.0011710412239731 
0.11574189245814 0.19688623638282 0.0019794448100211 
0.11574189245813 0.19637662360999 0.0025883615949755 
0.11574189245814 0.19593905019918 0.0022282357378528 
0.11574189245814 0.19570052557013 0.0012173409476395 
0.11574189245813 0.19557228748516 0.0006552771618531 
0.11574189245814 0.19548884087721 0.0004266791017465 
0.11574189245813 0.19542205299019 0.00034164552167698 
0.11574189245814 0.19534659570011 0.00038612474347551 
0.11574189245813 0.19524948681754 0.00049711069811897 
0.11574189245814 0.19510230727319 0.00075380246451404 
0.11574189245814 0.19485857577608 0.0012492496911607 
0.11574189245814 0.19453146900774 0.0016786880794648 
0.11574189245814 0.19416227219655 0.0018978770534004 
0.11574189245814 0.19382918698045 0.0017154991664041 
0.11574189245814 0.19360008787504 0.0011819639187565 
0.11574189245813 0.19345276381092 0.00076097106017199 
0.11574189245814 0.19335482003292 0.00050629298886828 
0.11574189245814 0.19327916620426 0.00039126942195549 
0.11574189245814 0.1931958269725 0.00043118579923693 
0.11574189245814 0.19306575715395 0.00067325376838773 
0.11574189245814 0.19282690779276 0.0012371399502087 
0.11574189245814 0.19238248198864 0.0023047914277615 
0.11574189245814 0.19177734401381 0.0031454941664984 
0.11574189245814 0.19125799209652 0.0027080983937884 
0.11574189245813 0.19087784398562 0.0019876194805274 
0.11574189245814 0.1906615204445 0.0011333088042375 
0.11574189245814 0.19052578391455 0.00071192409267317 
0.11574189245814 0.1904310580166 0.00049718151528187 
0.11574189245813 0.19034603315999 0.00044648629007847 
0.11574189245814 0.19025131794064 0.00049759492112364 
0.11574189245813 0.19014692767847 0.00054869665709775 
0.11574189245814 0.18997552064373 0.00090144519732484 
0.11574189245814 0.18967142595545 0.0016007045921144 
0.11574189245813 0.18930589279706 0.0019271914920825 
0.11574189245814 0.18897846022863 0.0017296480505071 
0.11574189245814 0.18873877076913 0.001268342747667 
0.11574189245814 0.18859267746416 0.00077405031502738 
0.11574189245814 0.18849552997037 0.00051511805811402 
0.11574189245814 0.18841690876894 0.00041709849268403 
0.11574189245814 0.18834429250905 0.0003854020340677 
0.11574189245814 0.18825751436811 0.00046074207920047 
0.11574189245813 0.1881256453378 0.00070047153631491 
0.11574189245814 0.18795242074274 0.00092079203103823 
0.11574189245813 0.18770222738626 0.0013311526156022 
0.11574189245814 0.18738014075675 0.0017159446320807 
0.11574189245814 0.18709360428914 0.001529172016061 
0.11574189245814 0.18688770538716 0.0011005127767917 
0.11574189245813 0.18676191348833 0.00067308814438812 
0.11574189245814 0.18666805704908 0.00050254592867541 
0.11574189245814 0.18658578836416 0.00044072181508173 
0.11574189245814 0.1865053983907 0.00043084724814826 
0.11574189245813 0.18639239323792 0.00060590821364002 
0.11574189245814 0.18621509807841 0.00095119310630373 
0.11574189245813 0.18598533054907 0.0012338823849649 
0.11574189245813 0.18564349878117 0.0018379501592911 
0.11574189245813 0.18522963579361 0.0022293427471348 
0.11574189245813 0.18492918836874 0.0016220267538572 
0.11574189245813 0.18475314131359 0.000951970084922 
0.11574189245813 0.1846386238494 0.00061984041717932 
0.11574189245814 0.18454871111992 0.0004869659858047 
0.11574189245813 0.184474200989 0.00040374235324005 
0.11574189245813 0.18440058183075 0.00039907563146486 
0.11574189245813 0.18430931879702 0.00049491727644546 
0.11574189245813 0.18417194131297 0.00074536374474447 
0.11574189245814 0.1839343778274 0.0012899005346633 
0.11574189245814 0.18356364020001 0.0020155972568756 
0.11574189245814 0.18308909656481 0.0025851722851135 
0.11574189245814 0.18269454044326 0.0021549951851498 
0.11574189245814 0.18247470248249 0.001203308868608 
0.11574189245814 0.18234992567968 0.00068380329503025 
0.11574189245813 0.18226109845039 0.00048712511923595 
0.11574189245814 0.18218877447009 0.00039681523327196 
0.11574189245813 0.18210980366496 0.00043345593249031 
0.11574189245813 0.18201417367272 0.00052512270246969 
0.11574189245814 0.18187956917466 0.00073952756172808 
0.11574189245814 0.18168456692797 0.0010721503661516 
0.11574189245813 0.18147760061559 0.0011391518601778 
0.11574189245813 0.18124686798895 0.0012714110494051 
0.11574189245814 0.18105993810071 0.0010313551363292 
0.11574189245813 0.18093312917103 0.00070036989412928 
0.11574189245814 0.18084822551446 0.00046925434251067 
0.11574189245814 0.18078906826688 0.00032710991446271 
0.11574189245814 0.18074413764663 0.00024852509435914 
0.11574189245814 0.18070032404296 0.00024240677592847 
0.11574189245814 0.18063995391209 0.00033408977644114 
0.11574189245813 0.18054737167926 0.00051252356319726 
0.11574189245814 0.18037923247401 0.00093127473243343 
0.11574189245814 0.180116743631 0.0014552054546751 
0.11574189245813 0.17980962872595 0.0017050880382401 
0.11574189245813 0.1795316965316 0.0015457025094916 
0.11574189245813 0.17937105365348 0.00089478839236469 
0.11574189245813 0.17925092677327 0.00066971162714457 
0.11574189245814 0.17915527506454 0.00053361904707119 
0.11574189245814 0.17907650328872 0.00043968437877147 
0.11574189245814 0.17899103698549 0.00047726140315145 
0.11574189245813 0.17887641562133 0.00064037488182054 
0.11574189245813 0.17872170447635 0.00086490521650906 
0.11574189245813 0.17852352669065 0.0011088624422215 
0.11574189245813 0.17827464214516 0.0013941274301506 
0.11574189245813 0.17805769987392 0.0012168992102767 
0.11574189245813 0.17787284865622 0.0010381534628061 
0.11574189245813 0.17774292283244 0.00073044213751263 
0.11574189245814 0.17766213872972 0.00045449968661066 
0.11574189245814 0.17760315627481 0.00033199225973362 
0.11574189245814 0.17754643671139 0.00031936123551535 
0.11574189245814 0.17748144318971 0.00036606491734251 
0.11574189245814 0.17739540850609 0.00048475312167853 
0.11574189245813 0.17727226743541 0.00069416154403713 
0.11574189245814 0.17708133191444 0.0010770749634821 
0.11574189245814 0.17680157371564 0.0015798288604329 
0.11574189245814 0.17651614581214 0.0016143968489382 
0.11574189245814 0.17630078001307 0.0012200912164569 
0.11574189245813 0.17616393914535 0.00077617845885306 
0.11574189245814 0.1760821743703 0.00046414025164017 
0.11574189245814 0.17602299597323 0.00033608397490105 
0.11574189245814 0.17596991247474 0.00030157138391448 
0.11574189245814 0.17591661110755 0.00030290045857979 
0.11574189245814 0.17584809496904 0.00038948077776335 
0.11574189245814 0.17575283674672 0.00054170744545951 
0.11574189245813 0.17561796336336 0.00076740373499806 
0.11574189245814 0.17543405431889 0.0010472108943251 
0.11574189245813 0.17524488004744 0.0010783212654524 
0.11574189245814 0.17508899322259 0.00088953711405015 
0.11574189245814 0.1749870704009 0.00058212009679789 
0.11574189245814 0.17492157944369 0.00037426169296673 
0.11574189245814 0.174875783074 0.0002618108630668 
0.11574189245813 0.1748408091673 0.00019999285258963 
0.11574189245813 0.17480354670403 0.00021312223070414 
0.11574189245813 0.1747578275134 0.00026154612701486 
0.11574189245813 0.17469138487055 0.00038019837965426 
0.11574189245814 0.17457535754412 0.00066418459336158 
0.11574189245814 0.17441095256396 0.00094174219361536 
0.11574189245814 0.1742056954283 0.0011768592089202 
0.11574189245814 0.17392864032887 0.0015903905939645 
0.11574189245814 0.17370349896215 0.0012944467702034 
0.11574189245814 0.17356326120247 0.00080733986660206 
0.11574189245813 0.17346416861287 0.00057093067345763 
0.11574189245813 0.17338783561591 0.00044005051633262 
0.11574189245814 0.17331633042544 0.00041240027140091 
0.11574189245815 0.1732233425279 0.00053652126902131 
0.11574189245814 0.17309444770276 0.00074409616655718 
0.11574189245813 0.17291123129157 0.0010584765347828 
0.11574189245814 0.17265637049001 0.0014739401232418 
0.11574189245814 0.17240900573498 0.001432699843765 
0.11574189245814 0.17224480196971 0.00095240828384311 
0.11574189245813 0.17214695596769 0.00056806359847775 
0.11574189245814 0.17208231951524 0.00037547252628766 
0.11574189245813 0.17203610200843 0.00026857789304998 
0.11574189245813 0.17200212523715 0.00019749791399876 
0.11574189245813 0.17197244905614 0.00017253380428934 
0.11574189245814 0.17194061481217 0.00018511246505452 
0.11574189245814 0.17190343640402 0.00021622819129628 
0.11574189245813 0.1718477204023 0.00032411220441738 
0.11574189245814 0.17175599821303 0.00053374108804751 
0.11574189245814 0.17163343064668 0.00071361447421254 
0.11574189245813 0.17151069323585 0.00071511366035235 
0.11574189245813 0.17139617680121 0.00066769268129393 
0.11574189245814 0.17130353416094 0.00054051754243158 
0.11574189245814 0.17123628799668 0.00039255561532634 
0.11574189245814 0.17118404036009 0.00030512011915736 
0.11574189245814 0.1711338847264 0.00029299246342182 
0.11574189245814 0.17107036834496 0.00037115023446745 
0.11574189245813 0.17097097830526 0.00058098921902106 
0.11574189245814 0.17080791319645 0.00095375899712578 
0.11574189245814 0.17056042120917 0.0014489491888843 
0.11574189245814 0.17028941252406 0.0015889306744979 
0.11574189245814 0.17007976580288 0.0012311201152607 
0.11574189245814 0.16993694049185 0.0008397548665673 
0.11574189245813 0.16984545415105 0.00053835464218683 
0.11574189245814 0.16978318538422 0.00036662015564307 
0.11574189245814 0.16973612015369 0.00027720784257184 
0.11574189245813 0.16968893185878 0.00027800974161777 
0.11574189245814 0.16962692684052 0.00036540402246065 
0.11574189245814 0.16954272974328 0.00049636634231429 
0.11574189245814 0.16943345618903 0.00064451925725918 
0.11574189245814 0.16930835436527 0.00073835372646041 
0.11574189245813 0.16919279375427 0.00068254523787181 
0.11574189245813 0.16910512702792 0.00051814692814258 
0.11574189245813 0.16904960998034 0.00032829902060831 
0.11574189245813 0.16900943207269 0.00023766933062362 
0.11574189245813 0.16897455158188 0.00020638191832866 
0.11574189245813 0.16894121743774 0.00019727316230771 
0.11574189245814 0.16890330853499 0.00022439108303053 
0.11574189245814 0.1688546471822 0.0002881018330335 
0.11574189245813 0.16879139885939 0.00037457259163654 
0.11574189245814 0.16869655914988 0.00056187525050284 
0.11574189245813 0.16857341109759 0.00072999741613778 
0.11574189245814 0.16842891902022 0.00085714631047279 
0.11574189245812 0.16828478706902 0.0008557434913361 
0.11574189245814 0.16817648813506 0.00064354559817204 
0.11574189245813 0.16810388889416 0.00043168484311557 
0.11574189245813 0.16804055048458 0.00037678134631605 
0.11574189245814 0.16797831967203 0.00037033211549144 
0.11574189245813 0.16791166096987 0.00039682919970581 
0.11574189245814 0.16782810356679 0.00049762716062191 
0.11574189245814 0.16772092998156 0.00063859140962485 
0.11574189245813 0.16756972123701 0.00090154964300558 
0.11574189245814 0.16738679661918 0.0010916328825761 
0.11574189245814 0.16723007944487 0.00093625768267649 
0.11574189245814 0.16710801469905 0.00072992099403195 
0.11574189245813 0.16702697934664 0.00048492798237679 
0.11574189245815 0.1669746936948 0.00031303716350617 
0.11574189245814 0.16693819088206 0.00021861284443287 
0.11574189245814 0.16690498020464 0.00019893996240954 
0.11574189245814 0.16686809224106 0.00022101176093144 
0.11574189245813 0.16681988448455 0.00028889739112391 
0.11574189245814 0.16675367475828 0.00039689349065279 
0.11574189245813 0.1666693477544 0.00050569802435549 
0.11574189245814 0.16656314907243 0.00063718184179435 
0.11574189245813 0.16644533861875 0.00070730203132194 
0.11574189245813 0.16633402919913 0.00066874458929044 
0.11574189245813 0.16625355708811 0.00048379824268091 
0.11574189245813 0.16620156259782 0.0003127421223283 
0.11574189245814 0.16616231631098 0.00023613668987784 
0.11574189245814 0.16612801050493 0.00020645960412812 
0.11574189245813 0.16609663997823 0.00018883345806029 
0.11574189245812 0.16605577866161 0.00024600929087817 
0.11574189245813 0.16598890494919 0.00040271836944842 
0.11574189245813 0.16589003547943 0.0005956390265358 
0.11574189245814 0.16576095512901 0.00077810791977941 
0.11574189245813 0.16562607799934 0.00081368455896426 
0.11574189245813 0.16551602929959 0.00066444065500128 
0.11574189245815 0.16544410963473 0.00043451782384987 
0.11574189245815 0.16539588409024 0.00029149145652635 
0.11574189245813 0.16535790415141 0.00022963049553067 
0.11574189245814 0.16532422895225 0.00020365037485748 
0.11574189245814 0.16528960490491 0.00020943117384277 
0.11574189245814 0.16524463645175 0.00027205856770751 
0.11574189245813 0.16517399352783 0.00042750509446355 
0.11574189245814 0.16506594009749 0.00065417943847432 
0.11574189245814 0.16493321791887 0.00080405550985718 
0.11574189245813 0.16481450571828 0.00071975919759009 
0.11574189245814 0.16472424181108 0.00054766967752675 
0.11574189245814 0.16466018701042 0.00038886080132891 
0.11574189245813 0.16461815566016 0.00025526115944639 
0.11574189245814 0.16458549577147 0.00019839785331269 
0.11574189245813 0.16455359622159 0.00019381750332833 
0.11574189245814 0.16452222646475 0.00019063549844486 
0.11574189245814 0.16447279251848 0.00030046971367267 
0.11574189245814 0.16438654169675 0.00052440783916254 
0.11574189245813 0.16425908026252 0.00077537633504863 
0.11574189245813 0.16409756937478 0.00098326915918208 
0.11574189245814 0.16393205668304 0.0010086236644027 
0.11574189245813 0.16380742437205 0.00076026808611396 
0.11574189245813 0.16372049147962 0.00053070178448419 
0.11574189245813 0.16365201401767 0.0004182583458712 
0.11574189245813 0.16359230848855 0.00036483222941059 
0.11574189245814 0.16353169420181 0.00037052039487744 
0.11574189245813 0.16346386240396 0.00041479297441901 
0.11574189245813 0.16337378286699 0.00055106697986922 
0.11574189245813 0.16323672368923 0.0008389300617856 
0.11574189245813 0.16307111470906 0.0010145326151335 
0.11574189245814 0.16292152646274 0.00091731908860771 
0.11574189245814 0.16280956964279 0.00068718248830713 
0.11574189245814 0.16272433115539 0.00052354715745973 
0.11574189245814 0.16267077944 0.00032909470277803 
0.11574189245813 0.16263792438244 0.00020197270629199 
0.11574189245813 0.16261291693359 0.00015376148549739 
0.11574189245813 0.16258959466065 0.00014342201944356 
0.11574189245814 0.16256488256204 0.00015199065266625 
0.11574189245813 0.16253314699622 0.00019521784360524 
0.11574189245813 0.16249426739025 0.0002392103192126 
0.11574189245814 0.1624418265581 0.00032272419814121 
0.11574189245813 0.1623775053166 0.00039596477625865 
0.11574189245813 0.16232000375116 0.00035412272979381 
0.11574189245814 0.16227850929382 0.00025563366419763 
0.11574189245813 0.16225016167357 0.00017468499295626 
0.11574189245813 0.16222937108549 0.00012813909005299 
0.11574189245815 0.16221371252707 9.6521106618691e-05 
0.11574189245814 0.1621966482967 0.00010519597943156 
0.11574189245814 0.16217183484215 0.00015298376886251 
0.11574189245814 0.16213633469284 0.00021890453017918 
0.11574189245813 0.16207570399961 0.00037394883347068 
0.11574189245814 0.16197874483548 0.00059823379903998 
0.11574189245813 0.16184965621093 0.00079694792470853 
0.11574189245813 0.16170493488324 0.00089417136298803 
0.11574189245814 0.16158916965786 0.00071590409694508 
0.11574189245814 0.16151020662925 0.00048866535289779 
0.11574189245814 0.16144570029494 0.00039939478532402 
0.11574189245814 0.16139086549599 0.00033964855587568 
0.11574189245813 0.16133857018435 0.00032402894347443 
0.11574189245814 0.16126689231166 0.00044426991393185 
0.11574189245814 0.16116285512844 0.00064512425167281 
0.11574189245814 0.16102754960135 0.00083955776895511 
0.11574189245814 0.16088914658316 0.00085949900208786 
0.11574189245813 0.16078607623414 0.00064062959623896 
0.11574189245813 0.16072504961836 0.00037955162044918 
0.11574189245813 0.16068954489596 0.00022090347763025 
0.11574189245813 0.16066732676663 0.00013826742332142 
0.11574189245814 0.16065079441401 0.00010289803757334 
0.11574189245813 0.16063585612613 9.2986081584656e-05 
0.11574189245814 0.16062129374733 9.0654597014928e-05 
0.11574189245813 0.16060442730893 0.00010500748688762 
0.11574189245815 0.16057891597291 0.00015884578307667 
0.11574189245814 0.16054192362323 0.00023036865989123 
0.11574189245813 0.16049731777259 0.00027784549751797 
0.11574189245813 0.16045338945071 0.00027370128353217 
0.11574189245815 0.16041384839349 0.00024643329352504 
0.11574189245813 0.16038477331801 0.0001812504080592 
0.11574189245814 0.16036586700034 0.00011788100132413 
0.11574189245813 0.16034906934768 0.00010474581012593 
0.11574189245813 0.16033083779062 0.00011369917604268 
0.11574189245813 0.16030759040902 0.00014499632082775 
0.11574189245815 0.16027211966267 0.00022126679253626 
0.11574189245813 0.16021297882153 0.00036900267660007 
0.11574189245814 0.1601030083476 0.00068640178058556 
0.11574189245814 0.15993994873806 0.0010184668684043 
0.11574189245813 0.15976826111187 0.0010734505515454 
0.11574189245814 0.15962399663402 0.00090296080615626 
0.11574189245813 0.15952214936625 0.00063804484237363 
0.11574189245813 0.15944523299067 0.00048216737229879 
0.11574189245814 0.15938399102508 0.00038409405185064 
0.11574189245814 0.15932592015966 0.00036434566011126 
0.11574189245814 0.15925325433339 0.00045608289095177 
0.11574189245814 0.15915191676208 0.0006363296733753 
0.11574189245814 0.15903297592515 0.00074734152967415 
0.11574189245814 0.15892640490805 0.00067011898933137 
0.11574189245813 0.15884910660581 0.00048637797027679 
0.11574189245814 0.15879288818205 0.00035391085895662 
0.11574189245815 0.15875069270508 0.0002657264910091 
0.11574189245814 0.15872110984567 0.0001863479075205 
0.11574189245814 0.15869806295852 0.00014520366682729 
0.11574189245814 0.15867356392393 0.00015437513310676 
0.11574189245813 0.15864000893855 0.00021147180756114 
0.11574189245814 0.15859392474772 0.0002904953872592 
0.11574189245813 0.1585352988157 0.00036966064186625 
0.11574189245815 0.1584520584752 0.00052505871638435 
0.11574189245814 0.15835883119771 0.00058836267824454 
0.11574189245814 0.15827442811517 0.00053298626854992 
0.11574189245814 0.15821180242752 0.00039567786404169 
0.11574189245813 0.15816839167129 0.00027438380431568 
0.11574189245813 0.15813284457446 0.00022474210209213 
0.11574189245814 0.15809887967808 0.0002147871080654 
0.11574189245813 0.1580600480717 0.00024561594908851 
0.11574189245814 0.1580070148032 0.00033552608105117 
0.11574189245813 0.15793133834182 0.00047894368156932 
0.11574189245813 0.15783461537798 0.0006124368022795 
0.11574189245814 0.15771723895294 0.00074366719091349 
0.11574189245813 0.15760326371119 0.00072265557335853 
0.11574189245813 0.15751344273287 0.00056991826313767 
0.11574189245813 0.15745197307501 0.00039025023386481 
0.11574189245814 0.15741155907609 0.00025667508717823 
0.11574189245813 0.15738120572256 0.00019282798358865 
0.11574189245814 0.15735259850979 0.00018177019702911 
0.11574189245814 0.15731924352455 0.00021197606873804 
0.11574189245813 0.15727626322082 0.00027320436313254 
0.11574189245813 0.15722478444525 0.00032731433534922 
0.11574189245813 0.15716691493649 0.00036806861572839 
0.11574189245814 0.15709763537618 0.00044080244452142 
0.11574189245813 0.15703744293063 0.00038315309718044 
0.11574189245813 0.15699772150552 0.00025294238347127 
0.11574189245813 0.15697022379521 0.00017514719353566 
0.11574189245813 0.15694965480319 0.00013103754021828 
0.11574189245814 0.15693365576241 0.00010193740664047 
0.11574189245814 0.1569175247016 0.00010278904628181 
0.11574189245813 0.15689852752876 0.00012106469866219 
0.11574189245814 0.15687482860329 0.00015104619431131 
0.11574189245813 0.15683876803808 0.00022986839590838 
0.11574189245814 0.15679156870681 0.00030094173691054 
0.11574189245813 0.15673438107982 0.00036473662111521 
0.11574189245813 0.15667900357334 0.00035332073345591 
0.11574189245813 0.15663609045361 0.00027389196223486 
0.11574189245813 0.15660388204093 0.0002056257442535 
0.11574189245814 0.15657946788716 0.00015589750042532 
0.11574189245814 0.15656096532533 0.00011816722896404 
0.11574189245814 0.1565426897195 0.00011673156072126 
0.11574189245813 0.1565150404835 0.00017662425534354 
0.11574189245814 0.15647502385504 0.00025567273492361 
0.11574189245813 0.15641850896998 0.00036117511710648 
0.11574189245814 0.15634404966189 0.00047602619778474 
0.11574189245814 0.15626722086206 0.0004914085313327 
0.11574189245814 0.15620486485654 0.00039903445632545 
0.11574189245813 0.15615835203808 0.00029776805290469 
0.11574189245813 0.15612576605897 0.0002086726626514 
0.11574189245814 0.15610076967735 0.00016010414072926 
0.11574189245813 0.15607798205527 0.00014598020320082 
0.11574189245813 0.1560555238177 0.00014389113233233 
0.11574189245814 0.15602383061674 0.00020308926068445 
0.11574189245814 0.15598017543563 0.00027979816246544 
0.11574189245814 0.15592180780902 0.00037419900604696 
0.11574189245814 0.15585201087032 0.00044764064555253 
0.11574189245813 0.15578763642852 0.00041304851596596 
0.11574189245813 0.15573432922488 0.00034217865336015 
0.11574189245814 0.15569394725107 0.00025930039965178 
0.11574189245813 0.15566335273166 0.00019650423119824 
0.11574189245814 0.15563489442812 0.00018281954643551 
0.11574189245814 0.15560286475196 0.00020580009562432 
0.11574189245813 0.155559617967 0.00027793051900054 
0.11574189245813 0.15549482420306 0.00041652046203019 
0.11574189245814 0.15539993220119 0.00061025826645913 
0.11574189245814 0.15526536837373 0.00086591947346053 
0.11574189245813 0.15512845027765 0.00088183280992379 
0.11574189245813 0.15503529670129 0.00060049317961931 
0.11574189245813 0.15498100610365 0.00035018217655941 
0.11574189245814 0.15494283243969 0.00024631188637038 
0.11574189245814 0.15490721642757 0.00022986550303224 
0.11574189245814 0.15487151785324 0.00023045133175487 
0.11574189245814 0.15483528492419 0.00023395476168887 
0.11574189245814 0.1547862946745 0.00031640236084181 
0.11574189245814 0.15472759617145 0.00037922287096151 
0.11574189245814 0.15466791743334 0.00038570196646368 
0.11574189245814 0.15462108843335 0.00030277125835204 
0.11574189245814 0.15459029833922 0.00019913256618387 
0.11574189245814 0.15456929421847 0.00013586959194358 
0.11574189245813 0.15455383940202 9.998632991882e-05 
0.11574189245813 0.15454104978022 8.2751886657872e-05 
0.11574189245814 0.15452864127438 8.02926203637e-05 
0.11574189245814 0.15451488375934 8.9028900598396e-05 
0.11574189245814 0.15449477383247 0.00013014880105773 
0.11574189245813 0.15446450217221 0.00019593970405596 
0.11574189245813 0.15442697781581 0.00024293190909957 
0.11574189245814 0.15438797636651 0.00025255593189161 
0.11574189245813 0.1543535942517 0.0002226994330744 
0.11574189245813 0.15432843416717 0.00016300290677958 
0.11574189245814 0.1543115273782 0.00010955070635231 
0.11574189245814 0.1542984924821 8.4471305010706e-05 
0.11574189245813 0.15428647529719 7.7882711110217e-05 
0.11574189245814 0.1542727590373 8.8901245943233e-05 
0.11574189245815 0.15425506209119 0.00011471206077881 
0.11574189245814 0.15423402321086 0.00013639021011771 
0.11574189245814 0.15420235633604 0.00020531705102284 
0.11574189245813 0.154160069916 0.0002742268085512 
0.11574189245813 0.15411169228298 0.00031381429083665 
0.11574189245813 0.15406365045592 0.00031173382334134 
0.11574189245813 0.15402911386021 0.00022417095538668 
0.11574189245814 0.15400385113792 0.00016401264445597 
0.11574189245814 0.15398233726038 0.00013969701004837 
0.11574189245814 0.15396240800631 0.00012942558497891 
0.11574189245814 0.15394209990632 0.00013190297712979 
0.11574189245814 0.15391755015931 0.00015947389980162 
0.11574189245814 0.1538799005889 0.00024460869060311 
0.11574189245813 0.15381783356167 0.0004033472012756 
0.11574189245813 0.15372717565595 0.00058938488222343 
0.11574189245814 0.15363144052545 0.00062275996478927 
0.11574189245814 0.15355108338388 0.00052305140992408 
0.11574189245814 0.15348853765059 0.00040732850534887 
0.11574189245815 0.15344510940046 0.00028294132442367 
0.11574189245814 0.15341197782524 0.00021591809178114 
0.11574189245814 0.15337905347054 0.00021461397714102 
0.11574189245813 0.15334024636015 0.00025301440787646 
0.11574189245813 0.15329203007845 0.00031443983455531 
0.11574189245813 0.15323323516216 0.0003835484223278 
0.11574189245814 0.15315440027183 0.00051447644664985 
0.11574189245813 0.15306084134304 0.00061087979596471 
0.11574189245814 0.15298053639807 0.00052466028709638 
0.11574189245814 0.152925174753 0.00036188685419993 
0.11574189245814 0.15289068166872 0.00022555530398654 
0.11574189245814 0.15286906906179 0.00014135987030012 
0.11574189245814 0.15285391739014 9.9115352408683e-05 
0.11574189245814 0.15284049053529 8.7841090882971e-05 
0.11574189245813 0.1528267437909 8.9941770950558e-05 
0.11574189245814 0.15280916135677 0.00011504814993943 
0.11574189245814 0.15278623299275 0.00015004574212875 
0.11574189245814 0.15275861779691 0.00018074400613356 
0.11574189245814 0.15272922710881 0.00019239954204305 
0.11574189245813 0.15270535245303 0.00015632015057902 
0.11574189245814 0.15269012470764 9.9719788099022e-05 
0.11574189245813 0.15268042241743 6.3542355674342e-05 
0.11574189245814 0.15267370352957 4.4006217344796e-05 
0.11574189245813 0.15266865463767 3.3069820071981e-05 
0.11574189245814 0.15266409648675 2.9856494973628e-05 
0.11574189245814 0.15265844635892 3.7010193994302e-05 
0.11574189245814 0.15265164672508 4.4541484610077e-05 
0.11574189245815 0.15264340104582 5.4016313839461e-05 
0.11574189245813 0.1526316039506 7.7285327370024e-05 
0.11574189245814 0.15261674938782 9.7322981591775e-05 
0.11574189245814 0.15260247062249 9.3559621655386e-05 
0.11574189245814 0.15259130676822 7.3156445146048e-05 
0.11574189245813 0.15258367826653 4.9993029452417e-05 
0.11574189245814 0.15257831597071 3.5143312031727e-05 
0.11574189245813 0.15257388537495 2.9038174476554e-05 
0.11574189245813 0.15256949669816 2.8764272339806e-05 
0.11574189245814 0.15256492659108 2.9954264618273e-05 
0.11574189245814 0.15255896620323 3.9067877444482e-05 
0.11574189245813 0.1525491671111 6.42315058472e-05 
0.11574189245815 0.15253364349974 0.00010176136425835 
0.11574189245813 0.15251268408338 0.00013740848164845 
0.11574189245814 0.15249102522302 0.00014201350197373 
0.11574189245814 0.15247033313644 0.0001356937993267 
0.11574189245813 0.15245336966523 0.00011125752051042 
0.11574189245813 0.15244013269565 8.6826349633347e-05 
0.11574189245813 0.15242832035062 7.7488420013455e-05 
0.11574189245815 0.15241687757027 7.5069910368691e-05 
0.11574189245812 0.15240491545781 7.8482860030059e-05 
0.11574189245813 0.15238656999859 0.00012037314653516 
0.11574189245813 0.15235594396533 0.00020097593415324 
0.11574189245814 0.15230647136619 0.00032471722368002 
0.11574189245815 0.15224185148455 0.00042427535130388 
0.11574189245814 0.15218114228963 0.00039876810698878 
0.11574189245814 0.1521330837816 0.00031579805026996 
0.11574189245814 0.15209857379086 0.0002268408020203 
0.11574189245813 0.15207162997828 0.00017714704298346 
0.11574189245814 0.15204747592501 0.0001588333949677 
0.11574189245815 0.15202098927277 0.00017419988117167 
0.11574189245814 0.15198699685197 0.00022360347054043 
0.11574189245815 0.15194494896176 0.0002766545236612 
0.11574189245813 0.15188937626182 0.00036574233175467 
0.11574189245814 0.15181846374587 0.00046686949214141 
0.11574189245813 0.15174880673458 0.00045881778520887 
0.11574189245813 0.15169209749358 0.00037370469145294 
0.11574189245813 0.15165284219056 0.00025878278216875 
0.11574189245813 0.15162497789191 0.00018373739816212 
0.11574189245814 0.15160331091641 0.00014289845776299 
0.11574189245813 0.15158355530561 0.00013031120941631 
0.11574189245814 0.15155975185052 0.00015703190917832 
0.11574189245814 0.15152874438515 0.00020458904818326 
0.11574189245813 0.15148749183315 0.00027224241952094 
0.11574189245814 0.1514262904058 0.00040400317285358 
0.11574189245813 0.15135367728499 0.00047952783245995 
0.11574189245814 0.15128557142512 0.00044997823038707 
0.11574189245812 0.15123441001333 0.00033817773437358 
0.11574189245813 0.15119890409324 0.00023477408406687 
0.11574189245813 0.15117244133712 0.00017501949686874 
0.11574189245813 0.15114821294581 0.00016026989503755 
0.11574189245813 0.15111871279589 0.000195173659975 
0.11574189245813 0.15107766992619 0.00027159356341747 
0.11574189245813 0.15103220621817 0.00030092936989477 
0.11574189245813 0.15098602310519 0.00030578321101224 
0.11574189245814 0.15093916733321 0.00031033185069179 
0.11574189245814 0.15090328283163 0.00023774148363207 
0.11574189245812 0.15087961623354 0.00015683289086499 
0.11574189245813 0.15086474369359 9.8572228094966e-05 
0.11574189245814 0.1508537719895 7.2725434854025e-05 
0.11574189245814 0.15084416374171 6.3692459705308e-05 
0.11574189245813 0.1508340804311 6.6845878297483e-05 
0.11574189245813 0.15082187788794 8.090043788914e-05 
0.11574189245815 0.15080512350504 0.00011108721847481 
0.11574189245814 0.15078430137793 0.00013807307493057 
0.11574189245812 0.15076455641223 0.0001309484177996 
0.11574189245814 0.15074269270299 0.00014501889408246 
0.11574189245814 0.15072390309579 0.00012464688580623 
0.11574189245813 0.15071104178099 8.5330292916727e-05 
0.11574189245814 0.15070229114098 5.806236826796e-05 
0.11574189245813 0.15069586772726 4.2623198839857e-05 
0.11574189245814 0.15068972631109 4.0753713188549e-05 
0.11574189245814 0.15068241995333 4.8486104113852e-05 
0.11574189245813 0.15067275535619 6.4138850050156e-05 
0.11574189245814 0.15065825905499 9.6210500454337e-05 
0.11574189245815 0.15063607873818 0.00014722270751862 
0.11574189245815 0.15061029948422 0.00017113598665014 
0.11574189245813 0.1505880707211 0.00014759125505641 
0.11574189245814 0.15056779394501 0.00013465061338504 
0.11574189245814 0.15055035245693 0.00011583810602919 
0.11574189245814 0.15053690912386 8.929459708492e-05 
0.11574189245813 0.15052522841725 7.7593639216208e-05 
0.11574189245815 0.15051266993635 8.343107018694e-05 
0.11574189245812 0.15049671490436 0.00010600457756147 
0.11574189245815 0.15047233402803 0.00016200271445565 
0.11574189245813 0.15043304698892 0.0002610914449072 
0.11574189245814 0.15037374970957 0.00039417721391429 
0.11574189245814 0.15029563481064 0.00051947164369176 
0.11574189245814 0.15022008196599 0.00050269487034346 
0.11574189245813 0.15016051583621 0.00039652574409618 
0.11574189245815 0.1501108353562 0.00033084915653302 
0.11574189245814 0.1500749851768 0.00023882472784885 
0.11574189245814 0.15004446931631 0.00020333742128767 
0.11574189245813 0.15001298847732 0.00020981005925894 
0.11574189245814 0.14997903003134 0.00022637003847544 
0.11574189245813 0.14994614174389 0.00021928590578948 
0.11574189245813 0.14991937248418 0.0001785258319896 
0.11574189245814 0.14990154708373 0.00011889991375654 
0.11574189245813 0.14989167174048 6.5878861385604e-05 
0.11574189245813 0.14988660374692 3.3811041728151e-05 
0.11574189245813 0.14988381359539 1.861508273931e-05 
0.11574189245812 0.14988194376235 1.2475216570888e-05 
0.11574189245814 0.14988040928127 1.0237931550315e-05 
0.11574189245813 0.14987905040301 9.066416781446e-06 
0.11574189245814 0.14987765619661 9.3022099910443e-06 
0.11574189245814 0.1498759001749 1.1716367591933e-05 
0.11574189245813 0.14987359554398 1.5376927935968e-05 
0.11574189245814 0.14987091271254 1.7900627725206e-05 
0.11574189245813 0.14986845081881 1.642676143302e-05 
0.11574189245814 0.14986639093102 1.374463927067e-05 
0.11574189245814 0.14986486501372 1.0181851251585e-05 
0.11574189245813 0.1498639338669 6.2132429891726e-06 
0.11574189245814 0.14986332868655 4.0381987135447e-06 
0.11574189245814 0.14986269324622 4.2401322156731e-06 
0.11574189245814 0.14986198062371 4.7551695148308e-06 
0.11574189245813 0.14986100419168 6.5155420092406e-06 
0.11574189245814 0.14985946204813 1.0290492620547e-05 
0.11574189245813 0.1498570746017 1.5931235814998e-05 
0.11574189245814 0.1498534790734 2.3993050072609e-05 
0.11574189245813 0.14984868658028 3.1981193564603e-05 
0.11574189245814 0.14984385248228 3.2259862311002e-05 
0.11574189245814 0.14983915495205 3.1349502558687e-05 
0.11574189245814 0.14983428679773 3.2489200293159e-05 
0.11574189245814 0.14982893180639 3.5739425594917e-05 
0.11574189245814 0.14982178882264 4.7674261971332e-05 
0.11574189245814 0.14980882887982 8.6502390063135e-05 
0.11574189245815 0.14976919980614 0.0002645309623993 
0.11574189245814 0.14957425843686 0.0013016118770466 
0.11574189245813 0.14919319153361 0.0025476770350219 
0.11574189245814 0.1489659838897 0.0015229089315526 
0.11574189245814 0.14887676955847 0.00059889062519095 
0.11574189245814 0.14883943051174 0.0002508050573754 
0.11574189245814 0.14882077032913 0.00012537123091229 
0.11574189245812 0.14880734264672 9.0227206701583e-05 
0.11574189245814 0.14879598604948 7.6317452089792e-05 
0.11574189245813 0.14878539177716 7.1199987343028e-05 
0.11574189245814 0.14877302644865 8.3108485065357e-05 
0.11574189245814 0.14875910724582 9.3559989766813e-05 
0.11574189245815 0.14874224533643 0.00011335043415311 
0.11574189245813 0.14872644406927 0.00010623254422057 
0.11574189245813 0.14871550698846 7.3538239154521e-05 
0.11574189245813 0.14870859432097 4.6482492853973e-05 
0.11574189245813 0.14870408953997 3.0292674208581e-05 
0.11574189245814 0.14870071714364 2.2678571521639e-05 
0.11574189245813 0.14869769802016 2.0303355191806e-05 
0.11574189245813 0.14869453023095 2.1303552442398e-05 
0.11574189245814 0.14869025226076 2.8770192061241e-05 
0.11574189245813 0.14868439301036 3.9405746598106e-05 
0.11574189245813 0.14867749997253 4.636019748104e-05 
0.11574189245813 0.1486691595355 5.6097506600971e-05 
0.11574189245814 0.14866064187738 5.7292703767311e-05 
0.11574189245813 0.14865296942284 5.1610530128866e-05 
0.11574189245813 0.14864731682708 3.8025448046065e-05 
0.11574189245813 0.1486434952951 2.5708718177845e-05 
0.11574189245813 0.14864061254282 1.9393733137927e-05 
0.11574189245813 0.14863773338054 1.9369957063249e-05 
0.11574189245814 0.14863404849329 2.47910619103e-05 
0.11574189245814 0.14862895941172 3.4239002547764e-05 
0.11574189245814 0.14862258437336 4.2892302990954e-05 
0.11574189245814 0.14861520825358 4.9629871609649e-05 
0.11574189245814 0.14860515497947 6.7646334675607e-05 
0.11574189245813 0.14859461417825 7.0931598729185e-05 
0.11574189245815 0.1485861475619 5.6977949012858e-05 
0.11574189245813 0.14858001110295 4.1298997528892e-05 
0.11574189245816 0.14857505636426 3.3347276374633e-05 
0.11574189245815 0.14857044722721 3.1022280332281e-05 
0.11574189245814 0.14856524923709 3.4986703032584e-05 
0.11574189245814 0.14855820501428 4.7415010276278e-05 
0.11574189245813 0.14854752714586 7.1876665529451e-05 
0.11574189245813 0.14853169701647 0.00010656609162613 
0.11574189245814 0.14851104425042 0.00013904618652654 
0.11574189245813 0.14849084996846 0.00013597831775868 
0.11574189245813 0.14847619951277 9.8662346461417e-05 
0.11574189245814 0.14846202674997 9.5454778970743e-05 
0.11574189245813 0.14845029215658 7.9041042622084e-05 
0.11574189245814 0.14844118572711 6.1343291030882e-05 
0.11574189245815 0.14843251755468 5.8394659044714e-05 
0.11574189245813 0.14842262092544 6.6674266505025e-05 
0.11574189245813 0.14840900466982 9.1739760008015e-05 
0.11574189245815 0.14838884495409 0.00013583889858868 
0.11574189245814 0.1483633272926 0.00017196482316717 
0.11574189245814 0.14833771737918 0.00017261619760942 
0.11574189245814 0.14831676778146 0.00014122906900737 
0.11574189245814 0.14830235249216 9.7192579831254e-05 
0.11574189245816 0.14829289235808 6.3789507911861e-05 
0.11574189245814 0.14828612361158 4.5644443162444e-05 
0.11574189245814 0.14828110502145 3.3843963331865e-05 
0.11574189245813 0.14827623234044 3.2861105354787e-05 
0.11574189245814 0.14827031480086 3.9908888158373e-05 
0.11574189245813 0.14826252111238 5.256405162831e-05 
0.11574189245814 0.14825176762806 7.2530024698316e-05 
0.11574189245814 0.14823838959015 9.0238640130406e-05 
0.11574189245814 0.14822465065187 9.2681378433218e-05 
0.11574189245812 0.14821279862279 7.9959905624007e-05 
0.11574189245815 0.1482042833079 5.7453303471598e-05 
0.11574189245814 0.1481987910896 3.7058431590457e-05 
0.11574189245814 0.14819494511687 2.5951444686861e-05 
0.11574189245814 0.14819159526258 2.2604376191293e-05 
0.11574189245814 0.14818811351729 2.349489043346e-05 
0.11574189245813 0.14818408871473 2.71600904083e-05 
0.11574189245814 0.14817952153353 3.0820995952942e-05 
0.11574189245814 0.14817348694981 4.0724815776383e-05 
0.11574189245815 0.14816515820138 5.6209438029109e-05 
0.11574189245813 0.14815660515792 5.7726415374516e-05 
0.11574189245813 0.14814991950322 4.5125593203375e-05 
0.11574189245815 0.14814475729678 3.4844476859499e-05 
0.11574189245814 0.14814101116141 2.5286992509817e-05 
0.11574189245815 0.14813822204849 1.8827419185741e-05 
0.11574189245812 0.14813569633768 1.7049690378557e-05 
0.11574189245813 0.14813280000456 1.9551891831136e-05 
0.11574189245813 0.14812898322305 2.5765944540277e-05 
0.11574189245814 0.14812422011611 3.2155131536974e-05 
0.11574189245813 0.14811850383363 3.8591139771374e-05 
0.11574189245813 0.14811060168891 5.3350152190025e-05 
0.11574189245814 0.14810240877829 5.5316165961663e-05 
0.11574189245814 0.14809560761265 4.5922046085801e-05 
0.11574189245814 0.14809042463114 3.4997537024862e-05 
0.11574189245813 0.14808662805765 2.5636860014895e-05 
0.11574189245814 0.14808382698388 1.8915102652362e-05 
0.11574189245814 0.14808131432319 1.6967826549627e-05 
0.11574189245814 0.14807843917297 1.9416023061729e-05 
0.11574189245813 0.148074483561 2.6712950247886e-05 
0.11574189245813 0.14806879560348 3.841281346897e-05 
0.11574189245814 0.14806097866538 5.2792609423833e-05 
0.11574189245815 0.14805222535982 5.9119598179923e-05 
0.11574189245813 0.14804523928879 4.7186531733206e-05 
0.11574189245814 0.14803815573875 4.7847199062707e-05 
0.11574189245814 0.14803245092005 3.8536137399201e-05 
0.11574189245813 0.1480283418187 2.7758111929614e-05 
0.11574189245814 0.14802500267559 2.2557458053788e-05 
0.11574189245814 0.14802154385299 2.3366475528014e-05 
0.11574189245814 0.14801703544624 3.0457774125427e-05 
0.11574189245814 0.14801036329874 4.507688913979e-05 
0.11574189245813 0.14799917139172 7.5615698598838e-05 
0.11574189245813 0.14798174371695 0.00011775521854528 
0.11574189245814 0.1479600254686 0.00014676302498163 
0.11574189245814 0.14793811358192 0.00014809328809617 
0.11574189245815 0.14791958067214 0.00012527474718155 
0.11574189245814 0.14790627343698 8.9962634429065e-05 
0.11574189245814 0.14789652906064 6.5882102997099e-05 
0.11574189245813 0.14788475158211 7.9633231479892e-05 
0.11574189245813 0.1478687645684 0.00010810454450694 
0.11574189245815 0.14784552721897 0.0001571484653559 
0.11574189245813 0.14780995353215 0.00024061388596361 
0.11574189245813 0.14776453391341 0.00030728389837393 
0.11574189245814 0.1477253194842 0.00026538458297698 
0.11574189245814 0.14770075921333 0.00016625633946792 
0.11574189245814 0.14768693767102 9.3578004526404e-05 
0.11574189245813 0.14767865703753 5.6068827872854e-05 
0.11574189245813 0.14767276244651 3.9914982593392e-05 
0.11574189245813 0.14766760567799 3.4920241422783e-05 
0.11574189245812 0.1476622072425 3.6558021438758e-05 
0.11574189245813 0.14765610449019 4.1329141800695e-05 
0.11574189245813 0.14764880835425 4.9413032891834e-05 
0.11574189245813 0.14764019719074 5.8321930303645e-05 
0.11574189245814 0.14763000132671 6.9058862158445e-05 
0.11574189245814 0.14762116369626 5.9863377124743e-05 
0.11574189245813 0.14761528181263 3.9844446997445e-05 
0.11574189245813 0.14761132753344 2.6787735966809e-05 
0.11574189245814 0.14760858636521 1.8570175316983e-05 
0.11574189245813 0.14760641980045 1.4677769149532e-05 
0.11574189245814 0.1476042416266 1.4756633580089e-05 
0.11574189245813 0.14760156625157 1.8125326231421e-05 
0.11574189245815 0.14759792473749 2.4671242788439e-05 
0.11574189245814 0.1475932146538 3.1911584766582e-05 
0.11574189245813 0.14758708792377 4.1510919409329e-05 
0.11574189245814 0.14758012229778 4.7196716790507e-05 
0.11574189245813 0.14757469060692 3.6805030193255e-05 
0.11574189245813 0.14757118753432 2.3737624558727e-05 
0.11574189245813 0.14756846635895 1.8439747052489e-05 
0.11574189245813 0.14756621858724 1.523205983411e-05 
0.11574189245813 0.14756418161966 1.3803752664761e-05 
0.11574189245816 0.14756202949232 1.458434772696e-05 
0.11574189245814 0.14755937377716 1.7997280002072e-05 
0.11574189245812 0.14755576001295 2.449023817506e-05 
0.11574189245814 0.1475509152073 3.2833727686838e-05 
0.11574189245814 0.14754452176237 4.3330432246916e-05 
0.11574189245813 0.14753754133051 4.7310681360942e-05 
0.11574189245814 0.14753160427269 4.0240997441094e-05 
0.11574189245814 0.14752705162404 3.0858802606763e-05 
0.11574189245813 0.14752362481592 2.3228337332695e-05 
0.11574189245813 0.147520842327 1.8861310618902e-05 
0.11574189245812 0.14751809193124 1.8644116428884e-05 
0.11574189245812 0.14751479371621 2.2358037520963e-05 
0.11574189245813 0.14751051163902 2.9028120349191e-05 
0.11574189245813 0.14750459687766 4.0097219521439e-05 
0.11574189245814 0.14749607223728 5.7792370906404e-05 
0.11574189245814 0.14748493466298 7.5510989122863e-05 
0.11574189245813 0.14747325621395 7.9184013284449e-05 
0.11574189245813 0.14746278467622 7.1006350611031e-05 
0.11574189245814 0.14745450296167 5.6161387188825e-05 
0.11574189245813 0.14744791213353 4.4697367745322e-05 
0.11574189245814 0.14744160453343 4.2778497170599e-05 
0.11574189245812 0.14743426926418 4.9750335242478e-05 
0.11574189245815 0.14742429263059 6.7668349009934e-05 
0.11574189245814 0.14740895494671 0.00010403769694148 
0.11574189245813 0.14738781210671 0.00014342982089795 
0.11574189245813 0.14736334233512 0.00016602303294437 
0.11574189245814 0.14733978843877 0.0001598355193247 
0.11574189245813 0.14732175840078 0.0001223704620207 
0.11574189245815 0.14731019805519 7.8470048935829e-05 
0.11574189245813 0.1473014914141 5.9104129957185e-05 
0.11574189245814 0.14729310409088 5.6939839097558e-05 
0.11574189245813 0.14728415514706 6.0756027066572e-05 
0.11574189245814 0.14727307022759 7.5262131638831e-05 
0.11574189245814 0.14725799537649 0.00010235986168874 
0.11574189245814 0.14723768548945 0.00013792043681496 
0.11574189245813 0.14721159011551 0.0001772329811705 
0.11574189245813 0.14718427737724 0.00018553388524087 
0.11574189245812 0.14716358424877 0.00014059333532651 
0.11574189245814 0.14714969861692 9.4355080624479e-05 
0.11574189245813 0.14713962642263 6.8448623287527e-05 
0.11574189245813 0.14713166793419 5.4088002208673e-05 
0.11574189245814 0.147124986132 4.5413759531983e-05 
0.11574189245813 0.14711834852701 4.5115416273935e-05 
0.11574189245814 0.14710901501448 6.3442205703183e-05 
0.11574189245814 0.14709575421052 9.0142701039671e-05 
0.11574189245812 0.1470790867443 0.00011331031480513 
0.11574189245813 0.14706164122389 0.00011861319513796 
0.11574189245814 0.1470455201105 0.00010962147064512 
0.11574189245815 0.14703269870412 8.7193451193897e-05 
0.11574189245814 0.14702403622326 5.8915336079611e-05 
0.11574189245814 0.14701823827247 3.9435393957587e-05 
0.11574189245813 0.14701343388264 3.2678869586208e-05 
0.11574189245813 0.14700849964278 3.3563190272643e-05 
0.11574189245815 0.14700291101399 3.8015684831457e-05 
0.11574189245814 0.14699576688812 4.8598533317366e-05 
0.11574189245814 0.14698518681272 7.1975374733406e-05 
0.11574189245813 0.14697259390997 8.5674638527116e-05 
0.11574189245813 0.14696023550061 8.4086488677084e-05 
0.11574189245814 0.14694949716102 7.3069695081143e-05 
0.11574189245814 0.14694243146698 4.8082464896097e-05 
0.11574189245814 0.14693799635872 3.0182624673225e-05 
0.11574189245814 0.14693407491045 2.6687775610205e-05 
0.11574189245813 0.14693048645067 2.4422243639708e-05 
0.11574189245811 0.14692632712413 2.8308124750358e-05 
0.11574189245814 0.14692065492044 3.8605767968429e-05 
0.11574189245814 0.14691270752378 5.4093120248929e-05 
0.11574189245814 0.14690160790229 7.5552494261622e-05 
0.11574189245812 0.14688737427038 9.6892281223915e-05 
0.11574189245813 0.1468728118565 9.9139997272519e-05 
0.11574189245814 0.14686179989933 7.4976144523663e-05 
0.11574189245813 0.14685462859619 4.883028228509e-05 
0.11574189245813 0.14684886574284 3.9241891148858e-05 
0.11574189245815 0.14684428696466 3.1180207972526e-05 
0.11574189245813 0.14684038481171 2.6573406632755e-05 
0.11574189245814 0.14683584326461 3.0928460942187e-05 
0.11574189245814 0.14683041765622 3.6950163291542e-05 
0.11574189245813 0.14682342057704 4.7654152975873e-05 
0.11574189245814 0.14681331116751 6.8854202448666e-05 
0.11574189245813 0.1468015249339 8.0280415449027e-05 
0.11574189245814 0.14679052044072 7.4961708886975e-05 
0.11574189245814 0.14678239517632 5.5352786951212e-05 
0.11574189245814 0.14677691278809 3.7350448034408e-05 
0.11574189245814 0.1467733027599 2.4595340796272e-05 
0.11574189245815 0.14677070226386 1.7717772899822e-05 
0.11574189245815 0.14676838380498 1.5796469221159e-05 
0.11574189245814 0.14676591365154 1.6830282974402e-05 
0.11574189245813 0.14676266093656 2.2162605062642e-05 
0.11574189245814 0.14675786698164 3.2664677034018e-05 
0.11574189245813 0.14675157368483 4.2882176924752e-05 
0.11574189245813 0.14674482004063 4.6020932010622e-05 
0.11574189245813 0.14673886335786 4.0592116086265e-05 
0.11574189245814 0.14673490517259 2.6974348696545e-05 
0.11574189245814 0.1467321947084 1.8471843420334e-05 
0.11574189245813 0.14672976354983 1.6568678548959e-05 
0.11574189245814 0.1467277146545 1.3963733645382e-05 
0.11574189245813 0.14672546425237 1.5337266968335e-05 
0.11574189245814 0.14672239539079 2.0915671270435e-05 
0.11574189245813 0.14671774892916 3.16683871741e-05 
0.11574189245813 0.14671012460382 5.1965937312702e-05 
0.11574189245814 0.14669729096427 8.7476168329662e-05 
0.11574189245814 0.14667857272206 0.0001275977359748 
0.11574189245813 0.14665743771656 0.00014409061329245 
0.11574189245813 0.1466396740492 0.00012112353547661 
0.11574189245814 0.14662855187728 7.5846949300187e-05 
0.11574189245814 0.14662175916489 4.6325987030494e-05 
0.11574189245814 0.14661649221813 3.5921999465077e-05 
0.11574189245813 0.14661146715495 3.4273519339739e-05 
0.11574189245812 0.14660668769814 3.2599474676253e-05 
0.11574189245813 0.14660286631567 2.6065539921148e-05 
0.11574189245813 0.14660010832797 1.8812645157751e-05 
0.11574189245813 0.14659821771897 1.2896368375663e-05 
0.11574189245814 0.14659703115116 8.0940124817006e-06 
0.11574189245815 0.14659625042944 5.3256311932603e-06 
0.11574189245813 0.14659575874274 3.3540196084611e-06 
0.11574189245813 0.14659545261463 2.0882467370338e-06 
0.11574189245814 0.14659520899383 1.6618578003615e-06 
0.11574189245814 0.14659495505854 1.732220938977e-06 
0.11574189245814 0.14659465532996 2.04460362269e-06 
0.11574189245813 0.14659425857517 2.706475179706e-06 
0.11574189245813 0.14659374002286 3.5373302483709e-06 
0.11574189245814 0.14659320671393 3.6380061980017e-06 
0.11574189245814 0.14659274121447 3.1754504051157e-06 
0.11574189245812 0.14659239328308 2.3734558139482e-06 
0.11574189245813 0.14659217529983 1.4870024465154e-06 
0.11574189245812 0.14659202862905 1.0005362283917e-06 
0.11574189245812 0.14659191180314 7.9694582636351e-07 
0.11574189245813 0.14659180216444 7.4791778599313e-07 
0.11574189245813 0.14659167693138 8.5429786101082e-07 
0.11574189245813 0.14659150958395 1.1415888805035e-06 
0.11574189245814 0.14659127663678 1.5890904701597e-06 
0.11574189245812 0.14659098816943 1.9678343499091e-06 
0.11574189245813 0.1465906972661 1.9844557776344e-06 
0.11574189245814 0.14659046857398 1.5600725023909e-06 
0.11574189245814 0.14659026792333 1.3687837282234e-06 
0.11574189245814 0.14659011373881 1.0518060335126e-06 
0.11574189245814 0.14659001675122 6.6162435543207e-07 
0.11574189245813 0.14658994565155 4.8502390968845e-07 
0.11574189245812 0.14658987496264 4.8222214365493e-07 
0.11574189245814 0.14658979101334 5.7268139262811e-07 
0.11574189245813 0.14658968288307 7.3763850650569e-07 
0.11574189245814 0.14658954611518 9.329980216833e-07 
0.11574189245814 0.14658937614076 1.1595262064797e-06 
0.11574189245814 0.14658920717471 1.1526487104166e-06 
0.11574189245815 0.1465890780773 8.8067470334835e-07 
0.11574189245815 0.14658898513042 6.3406417046872e-07 
0.11574189245814 0.14658892144427 4.3445387921382e-07 
0.11574189245814 0.14658887886145 2.9049138658726e-07 
0.11574189245813 0.14658884602625 2.2399514838352e-07 
0.11574189245813 0.14658881261868 2.2789977286956e-07 
0.11574189245814 0.14658877114311 2.8293821342776e-07 
0.11574189245814 0.14658871925109 3.539972222239e-07 
0.11574189245814 0.14658865551206 4.3481535841837e-07 
0.11574189245813 0.14658857676433 5.3720211273173e-07 
0.11574189245813 0.14658850031604 5.2151599659205e-07 
0.11574189245812 0.14658843760443 4.2780718504223e-07 
0.11574189245814 0.14658839350943 3.0080813359615e-07 
0.11574189245814 0.14658836567207 1.8990154657393e-07 
0.11574189245814 0.14658834559989 1.3692887747426e-07 
0.11574189245815 0.14658832880619 1.1456370652331e-07 
0.11574189245814 0.1465883118686 1.155452652378e-07 
0.11574189245813 0.14658828859585 1.5876266355014e-07 
0.11574189245813 0.14658825229354 2.4764808336593e-07 
0.11574189245815 0.14658819842814 3.674605219492e-07 
0.11574189245814 0.14658812982982 4.6796623298705e-07 
0.11574189245812 0.14658805458362 5.1331712135443e-07 
0.11574189245813 0.14658798624949 4.6616436710206e-07 
0.11574189245813 0.14658793255447 3.6629894910725e-07 
0.11574189245815 0.14658789156583 2.7961809370677e-07 
0.11574189245814 0.14658785463905 2.519087757451e-07 
0.11574189245814 0.14658781615902 2.6250488587609e-07 
0.11574189245814 0.14658776651696 3.3865066298961e-07 
0.11574189245814 0.14658767878436 5.9849877080371e-07 
0.11574189245815 0.14658749270294 1.2694206212562e-06 
0.11574189245815 0.14658708238701 2.799119620966e-06 
0.11574189245813 0.14658599529665 7.416003805646e-06 
0.11574189245814 0.14658011418849 4.0120532334052e-05 
0.11574189245812 0.14642000954629 0.0010922671406441 
0.11574189245812 0.14616639367038 0.0017321121388622 
0.11574189245813 0.14598150531073 0.0012649170237347 
0.11574189245814 0.1459589481106 0.00015452094482327 
0.11574189245813 0.14595770288899 8.5313139691147e-06 
0.11574189245813 0.14595727767747 2.9132516903246e-06 
0.11574189245812 0.14595706419352 1.4626468247294e-06 
0.11574189245814 0.14595694348519 8.2701260734125e-07 
0.11574189245815 0.1459568801592 4.3386754608187e-07 
0.11574189245814 0.14595684923332 2.1188371400137e-07 
0.11574189245812 0.14595683275871 1.1287313102727e-07 
0.11574189245814 0.14595682256054 6.9871170512311e-08 
0.11574189245814 0.14595681538282 4.9176983119123e-08 
0.11574189245813 0.14595680923863 4.2095938729123e-08 
0.11574189245814 0.14595680264017 4.5208308397031e-08 
0.11574189245813 0.14595679430718 5.7092198430953e-08 
0.11574189245814 0.14595678365426 7.2986794467915e-08 
0.11574189245813 0.1459567715801 8.2724190566595e-08 
0.11574189245813 0.14595676076481 7.4099280603327e-08 
0.11574189245813 0.14595675270298 5.5234386187697e-08 
0.11574189245814 0.14595674742122 3.618711435584e-08 
0.11574189245812 0.14595674417884 2.2214715996059e-08 
0.11574189245814 0.1459567420239 1.4764184038088e-08 
0.11574189245813 0.14595674019835 1.2507530284822e-08 
0.11574189245814 0.14595673816186 1.3952672087596e-08 
0.11574189245814 0.14595673556755 1.7774529310516e-08 
0.11574189245814 0.14595673212306 2.3599384605077e-08 
0.11574189245813 0.14595672763902 3.0721718123327e-08 
0.11574189245814 0.14595672273275 3.3614509718098e-08 
0.11574189245813 0.14595671806665 3.1969080176301e-08 
0.11574189245813 0.14595671423349 2.6262278746707e-08 
0.11574189245813 0.14595671162367 1.7880780130184e-08 
0.11574189245815 0.14595670972596 1.3001908176749e-08 
0.11574189245813 0.14595670810264 1.1121880197168e-08 
0.11574189245811 0.14595670650202 1.0966402995304e-08 
0.11574189245815 0.14595670458424 1.3139422395867e-08 
0.11574189245814 0.14595670173106 1.954813114518e-08 
0.11574189245814 0.1459566975514 2.8636307974402e-08 
0.11574189245814 0.14595669236674 3.5521867584656e-08 
0.11574189245813 0.14595668680288 3.8119940875807e-08 
0.11574189245813 0.14595668195558 3.3210570107921e-08 
0.11574189245812 0.1459566785431 2.338004545816e-08 
0.11574189245813 0.14595667632442 1.5200975559405e-08 
0.11574189245814 0.14595667464304 1.1519710055428e-08 
0.11574189245813 0.14595667306327 1.0823561064001e-08 
0.11574189245813 0.14595667134281 1.1787484319719e-08 
0.11574189245814 0.14595666907544 1.5534555885776e-08 
0.11574189245813 0.14595666560067 2.3806828330228e-08 
0.11574189245814 0.14595666099986 3.1521731656973e-08 
0.11574189245813 0.14595665590218 3.4925975208433e-08 
0.11574189245814 0.14595665040106 3.7690114771342e-08 
0.11574189245816 0.14595664583245 3.1301121350958e-08 
0.11574189245815 0.14595664268708 2.1550091469799e-08 
0.11574189245811 0.1459566403864 1.5762706039496e-08 
0.11574189245814 0.14595663848598 1.3020462276354e-08 
0.11574189245814 0.14595663655455 1.3232921856209e-08 
0.11574189245814 0.14595663421465 1.6031490922387e-08 
0.11574189245813 0.14595663120071 2.0649492602874e-08 
0.11574189245814 0.14595662671955 3.0702035419009e-08 
0.11574189245814 0.14595662062755 4.1738413349744e-08 
0.11574189245814 0.14595661413883 4.4456501143857e-08 
0.11574189245814 0.14595660829835 4.0015191571599e-08 
0.11574189245813 0.14595660393425 2.989995924473e-08 
0.11574189245813 0.14595660097967 2.0242845803755e-08 
0.11574189245814 0.14595659870497 1.5584802973225e-08 
0.11574189245812 0.14595659658858 1.4500148766461e-08 
0.11574189245811 0.14595659421128 1.6287707535895e-08 
0.11574189245815 0.14595659089682 2.2708518647409e-08 
0.11574189245814 0.14595658596397 3.3796708449451e-08 
0.11574189245814 0.14595657897491 4.7884537062601e-08 
0.11574189245814 0.14595656973829 6.3283282881408e-08 
0.11574189245814 0.14595655994782 6.7077996055132e-08 
0.11574189245813 0.14595655111054 6.0547325559785e-08 
0.11574189245814 0.14595654334457 5.3207391964251e-08 
0.11574189245813 0.14595653668876 4.5601313738664e-08 
0.11574189245814 0.14595653014483 4.4834784319424e-08 
0.11574189245814 0.14595652199367 5.584652545627e-08 
0.11574189245813 0.14595650844799 9.2806256080499e-08 
0.11574189245813 0.14595647739382 2.1276316722198e-07 
0.11574189245812 0.14595637949823 6.7071767058562e-07 
0.11574189245813 0.14595501972307 9.3163119330615e-06 
0.11574189245814 0.14587598189136 0.00054152184596857 
0.11574189245815 0.14587521671452 5.2453929211333e-06 
0.11574189245813 0.14587506143277 1.0644834359023e-06 
0.11574189245815 0.14587498929444 4.9452131572829e-07 
0.11574189245812 0.14587494472261 3.0554814545445e-07 
0.11574189245814 0.14587490994587 2.3840102372352e-07 
0.11574189245813 0.14587487476794 2.4115132711356e-07 
0.11574189245812 0.14587483486448 2.7354581747943e-07 
0.11574189245814 0.14587479297184 2.8718210569354e-07 
0.11574189245814 0.14587475609238 2.5281586017228e-07 
0.11574189245814 0.145874729637 1.8135679565904e-07 
0.11574189245812 0.14587471364009 1.0966198380699e-07 
0.11574189245814 0.14587470422905 6.4514496688635e-08 
0.11574189245813 0.14587469806143 4.2280288867293e-08 
0.11574189245814 0.14587469340186 3.1942243857686e-08 
0.11574189245813 0.14587468916132 2.906978306845e-08 
0.11574189245814 0.1458746845693 3.1479204759423e-08 
0.11574189245814 0.1458746783162 4.2866240911479e-08 
0.11574189245815 0.14587466969509 5.9099409733372e-08 
0.11574189245813 0.14587465968004 6.865515697224e-08 
0.11574189245814 0.14587465007358 6.5854252920099e-08 
0.11574189245813 0.14587464271249 5.0461758011797e-08 
0.11574189245814 0.14587463796001 3.257917659918e-08 
0.11574189245814 0.14587463513348 1.9376420632403e-08 
0.11574189245815 0.14587463325308 1.2890543903221e-08 
0.11574189245814 0.14587463174453 1.034142449783e-08 
0.11574189245814 0.14587463031617 9.7917054668963e-09 
0.11574189245815 0.14587462855293 1.208735501382e-08 
0.11574189245812 0.1458746259061 1.814453125965e-08 
0.11574189245814 0.14587462227348 2.4902376578611e-08 
0.11574189245813 0.14587461833 2.7033304643114e-08 
0.11574189245814 0.14587461484322 2.3902598397628e-08 
0.11574189245815 0.14587461224688 1.7798417977744e-08 
0.11574189245812 0.14587461059357 1.1333801713264e-08 
0.11574189245813 0.14587460955723 7.1042894830938e-09 
0.11574189245815 0.14587460882939 4.9895089846561e-09 
0.11574189245814 0.14587460818684 4.4048409743494e-09 
0.11574189245812 0.14587460748617 4.8032209086893e-09 
0.11574189245814 0.14587460660794 6.0204259248415e-09 
0.11574189245814 0.14587460548378 7.7063468860514e-09 
0.11574189245813 0.14587460400288 1.0151911359298e-08 
0.11574189245813 0.14587460234839 1.1341839362847e-08 
0.11574189245813 0.1458746008985 9.9392596217309e-09 
0.11574189245814 0.14587459990484 6.811767173818e-09 
0.11574189245813 0.14587459928718 4.2341887466664e-09 
0.11574189245814 0.14587459887675 2.813549949012e-09 
0.11574189245814 0.14587459854111 2.3009348883199e-09 
0.11574189245813 0.14587459821396 2.2426665757471e-09 
0.11574189245813 0.14587459783738 2.5815482989711e-09 
0.11574189245814 0.1458745973159 3.5748374264362e-09 
0.11574189245814 0.14587459662304 4.7497020902158e-09 
0.11574189245813 0.14587459579313 5.6891676329924e-09 
0.11574189245812 0.1458745949163 6.0108672370228e-09 
0.11574189245814 0.14587459424192 4.6230218494686e-09 
0.11574189245814 0.1458745937938 3.0719642594676e-09 
0.11574189245814 0.14587459348395 2.1240355157884e-09 
0.11574189245813 0.14587459327006 1.4662549904475e-09 
0.11574189245813 0.14587459309618 1.1920103041747e-09 
0.11574189245814 0.14587459291377 1.2504612849481e-09 
0.11574189245815 0.14587459268569 1.5635271677728e-09 
0.11574189245813 0.14587459238561 2.0570848058014e-09 
0.11574189245813 0.14587459201581 2.5350676960165e-09 
0.11574189245813 0.14587459162176 2.7012876762078e-09 
0.11574189245812 0.14587459126628 2.4369309494237e-09 
0.11574189245813 0.14587459100449 1.7945668615075e-09 
0.11574189245814 0.14587459083898 1.1346065892255e-09 
0.11574189245814 0.14587459072546 7.7826262483383e-10 
0.11574189245813 0.14587459064364 5.6088586515224e-10 
0.11574189245814 0.14587459057612 4.6284652324205e-10 
0.11574189245813 0.14587459050215 5.0705007735525e-10 
0.11574189245814 0.1458745904065 6.5571040440915e-10 
0.11574189245811 0.14587459028113 8.5946078078888e-10 
0.11574189245813 0.14587459012123 1.0961507206107e-09 
0.11574189245812 0.14587458994998 1.1739514123746e-09 
0.11574189245812 0.14587458981387 9.3304813261308e-10 
0.11574189245813 0.14587458971982 6.4470213947725e-10 
0.11574189245813 0.14587458966044 4.0712325790074e-10 
0.11574189245813 0.14587458962244 2.6048436016212e-10 
0.11574189245814 0.14587458959387 1.9582296278146e-10 
0.11574189245815 0.14587458956433 2.024961164561e-10 
0.11574189245814 0.14587458952914 2.4121989125571e-10 
0.11574189245814 0.14587458948304 3.1604932400227e-10 
0.11574189245814 0.14587458942346 4.0842622834192e-10 
0.11574189245814 0.14587458935296 4.8329219311433e-10 
0.11574189245813 0.14587458928509 4.652576302974e-10 
0.11574189245813 0.14587458923375 3.5196014590892e-10 
0.11574189245813 0.14587458919846 2.4192617448824e-10 
0.11574189245813 0.14587458917524 1.5915715011458e-10 
0.11574189245813 0.14587458915926 1.0957123465638e-10 
0.11574189245814 0.14587458914587 9.1816749210894e-11 
0.11574189245814 0.14587458913077 1.0347041354332e-10 
0.11574189245814 0.14587458911119 1.3420588769906e-10 
0.11574189245813 0.14587458908505 1.792496749111e-10 
0.11574189245815 0.14587458905074 2.3515560277369e-10 
0.11574189245813 0.14587458901274 2.6052089311394e-10 
0.11574189245813 0.14587458897763 2.4070844608418e-10 
0.11574189245815 0.1458745889503 1.8734757140165e-10 
0.11574189245813 0.14587458893131 1.3015085105726e-10 
0.11574189245815 0.14587458891689 9.8891753515495e-11 
0.11574189245813 0.14587458890463 8.4011107938785e-11 
0.11574189245814 0.14587458889245 8.3524016437242e-11 
0.11574189245814 0.14587458887849 9.5701304160244e-11 
0.11574189245814 0.14587458885959 1.2952980944776e-10 
0.11574189245814 0.14587458883282 1.8351172592184e-10 
0.11574189245812 0.14587458880065 2.2053068062736e-10 
0.11574189245814 0.14587458876651 2.3405964733701e-10 
0.11574189245814 0.14587458873808 1.9486095820007e-10 
0.11574189245813 0.14587458871751 1.4100081461306e-10 
0.11574189245815 0.14587458870319 9.8209825547518e-11 
0.11574189245813 0.14587458869243 7.3745654503928e-11 
0.11574189245813 0.14587458868283 6.5781708332166e-11 
0.11574189245813 0.14587458867203 7.4037909419822e-11 
0.11574189245814 0.14587458865747 9.9853759422284e-11 
0.11574189245813 0.14587458863674 1.4208459329946e-10 
0.11574189245813 0.14587458860949 1.8682394846675e-10 
0.11574189245815 0.14587458857911 2.0823162034795e-10 
0.11574189245815 0.14587458855218 1.8461985945922e-10 
0.11574189245813 0.14587458853315 1.3046746089382e-10 
0.11574189245814 0.14587458852071 8.5289723373115e-11 
0.11574189245813 0.14587458851152 6.3017464091022e-11 
0.11574189245813 0.14587458850379 5.2983378990785e-11 
0.11574189245814 0.14587458849604 5.3092974583329e-11 
0.11574189245813 0.14587458848647 6.5635580967737e-11 
0.11574189245813 0.14587458847272 9.4264384472097e-11 
0.11574189245813 0.14587458845357 1.3125898466871e-10 
0.11574189245813 0.14587458843115 1.5366519415084e-10 
0.11574189245813 0.14587458840978 1.4649277168703e-10 
0.11574189245812 0.1458745883923 1.1988539796094e-10 
0.11574189245813 0.14587458838032 8.2123628638448e-11 
0.11574189245814 0.14587458837262 5.2776365146539e-11 
0.11574189245814 0.14587458836699 3.8589824909601e-11 
0.11574189245814 0.14587458836194 3.4583497238086e-11 
0.11574189245814 0.14587458835671 3.5862112454115e-11 
0.11574189245814 0.14587458835013 4.5141205729091e-11 
0.11574189245814 0.14587458834039 6.6731536931908e-11 
0.11574189245814 0.14587458832735 8.9381292173885e-11 
0.11574189245813 0.14587458831275 1.0013383727678e-10 
0.11574189245815 0.1458745882991 9.3545924606255e-11 
0.11574189245812 0.14587458828891 6.9885454486529e-11 
0.11574189245814 0.14587458828212 4.6492884692144e-11 
0.11574189245814 0.14587458827753 3.1490466165394e-11 
0.11574189245814 0.14587458827405 2.3891838599555e-11 
0.11574189245814 0.14587458827076 2.2540159657917e-11 
0.11574189245813 0.14587458826708 2.5182631104064e-11 
0.11574189245814 0.14587458826246 3.1721834636237e-11 
0.11574189245813 0.14587458825613 4.3375499031809e-11 
0.11574189245814 0.1458745882482 5.433505802592e-11 
0.11574189245814 0.14587458824006 5.5796332561249e-11 
0.11574189245814 0.14587458823313 4.7515776880432e-11 
0.11574189245814 0.14587458822819 3.3852860003557e-11 
0.11574189245814 0.14587458822504 2.1590331218827e-11 
0.11574189245813 0.14587458822289 1.4771050067119e-11 
0.11574189245814 0.14587458822106 1.2518251829532e-11 
0.11574189245814 0.1458745882191 1.3443725700366e-11 
0.11574189245814 0.14587458821661 1.7084734744445e-11 
0.11574189245813 0.14587458821336 2.2272259335798e-11 
0.11574189245815 0.14587458820899 2.9980482496422e-11 
0.11574189245814 0.14587458820369 3.6300494851549e-11 
0.11574189245813 0.145874588199 3.2148039722096e-11 
0.11574189245814 0.14587458819586 2.1541622072051e-11 
0.11574189245813 0.14587458819377 1.4332667710204e-11 
0.11574189245813 0.14587458819235 9.7174756439308e-12 
0.11574189245814 0.14587458819134 6.9410540314466e-12 
0.11574189245813 0.1458745881904 6.4417852327381e-12 
0.11574189245814 0.14587458818937 7.0628269092858e-12 
0.11574189245812 0.14587458818803 9.2182068454605e-12 
0.11574189245814 0.14587458818629 1.1909387443783e-11 
0.11574189245814 0.14587458818417 1.4539681603319e-11 
0.11574189245813 0.14587458818195 1.5221609718939e-11 
0.11574189245813 0.14587458818018 1.2104224048684e-11 
0.11574189245813 0.14587458817901 8.0491872195948e-12 
0.11574189245815 0.1458745881782 5.504134074563e-12 
0.11574189245814 0.14587458817764 3.848022937105e-12 
0.11574189245813 0.14587458817716 3.2756904116621e-12 
0.11574189245813 0.14587458817667 3.360931426103e-12 
0.11574189245814 0.14587458817602 4.46906461371e-12 
0.11574189245813 0.14587458817514 6.0642893123638e-12 
0.11574189245812 0.14587458817392 8.3779739898225e-12 
0.11574189245814 0.1458745881724 1.0375049185158e-11 
0.11574189245814 0.14587458817102 9.4495753142793e-12 
0.11574189245813 0.14587458817002 6.8558130180277e-12 
0.11574189245814 0.14587458816932 4.8587378227563e-12 
0.11574189245813 0.1458745881688 3.5314134551533e-12 
0.11574189245815 0.1458745881684 2.7398897496976e-12 
0.11574189245814 0.14587458816805 2.3867484041876e-12 
0.11574189245814 0.14587458816764 2.8494853397001e-12 
0.11574189245816 0.14587458816705 4.0063276784787e-12 
0.11574189245813 0.14587458816622 5.6867933916628e-12 
0.11574189245814 0.14587458816523 6.8192811549235e-12 
0.11574189245815 0.1458745881642 7.0628269105046e-12 
0.11574189245814 0.14587458816333 5.9303391473104e-12 
0.11574189245814 0.14587458816277 3.8480229374973e-12 
0.11574189245814 0.14587458816242 2.4111029798336e-12 
0.11574189245814 0.14587458816216 1.7657067276601e-12 
0.11574189245815 0.14587458816196 1.3638562310227e-12 
0.11574189245814 0.14587458816176 1.3882108065785e-12 
0.11574189245813 0.1458745881615 1.8022385909992e-12 
0.11574189245815 0.14587458816117 2.2771528143071e-12 
0.11574189245814 0.14587458816074 2.9469036420512e-12 
0.11574189245813 0.14587458816024 3.3731087142587e-12 
0.11574189245813 0.14587458815976 3.3000449876071e-12 
0.11574189245813 0.1458745881594 2.4963439943236e-12 
0.11574189245814 0.14587458815915 1.6926430010334e-12 
0.11574189245813 0.14587458815901 9.3765115884743e-13 
0.11574189245812 0.14587458815889 8.158782810758e-13 
0.11574189245814 0.1458745881588 6.210416766403e-13 

0.11574189245814 0.1458745881588 6.210416766403e-13  Nbr of iterations = 1654
0.11574189245814 0.12903992590145 0.13004010758301 0.13004010758303 0.13142624729717 0.13142624729718 0.13262977975181 0.13262977975181 0.13285136822943 0.13410358409766 0.13410358409767 0.13511010475663 0.13709617160777 0.1370961716078 0.13736574222904 0.13858606022127 0.13858606022127 0.1395895757398 0.13958957573981 0.14032651142308 0.14032651142308 0.14235426624371 0.14247660427921 0.14340145332401 0.14371088635357 0.14400088767218 0.14419499806427 0.14455544443743 0.14534416766264 0.1458745881588 
------------------------------------------------------------------

time = 10783.821384
----------------------------------------------------------------
