NbrParticles        8                   
NbrFluxQuanta       24                  
Momentum            4                   
Ratio               1                   
Statistics          0                   
Hilbert space dimension = 328755
memory requested for Hilbert space = 4Mo
 Hilbert space dimension = 328755
Hilbert space dimension = 328755
memory requested for Hilbert space = 4Mo
 Hilbert space dimension = 328755
FormFactor=1
nbr interaction = 3756
====================================
Manager at 0x7ffe6c79cab8
RealFlag = 0
----------------------------------------------------------------
 Kx = 0 Ky = 4
 Hilbert space dimension = 328755
Using FullReorthogonalizedLanczosAlgorithm
Run Lanczos Algorithm
0.15671184271021 8.3641421108893 1 
0.15444160183345 8.1357208817289 0.027309582516899 
0.15138068112927 8.0076954039867 0.01573621804426 
0.14883271486702 7.9680556932076 0.0049502021217436 
0.14731637543206 7.7795592514749 0.023656516594558 
0.14643627648584 7.7736402123666 0.00076084504493921 
0.1456520074138 7.3198686635094 0.058373109181899 
0.14499394060106 7.0274115416954 0.03995387557592 
0.14438182580495 6.9651148808832 0.0088648089616777 
0.14373174953397 6.7511839946936 0.030714624216291 
0.14293625834233 6.6064999007929 0.021430921452361 
0.14199585246839 6.3492764678585 0.038934903019295 
0.14095206567684 6.1146242412929 0.036957317539008 
0.13997557468124 6.0209030643244 0.015327381253549 
0.13929418511091 5.7935207499687 0.037765483338039 
0.1387895109923 5.7387080151591 0.0094610405615464 
0.13842862667147 5.5921475736909 0.025538926371773 
0.13818100489 5.4698239790758 0.021874171416816 
0.13799494037055 5.2638512511517 0.037656189433533 
0.13780380173777 5.0898217094926 0.033061257500584 
0.13759348942691 4.9419505571802 0.029052324570932 
0.13735198122559 4.8122680927978 0.026241149700293 
0.13709349073824 4.6612511275497 0.031381660858455 
0.13685028402385 4.5392033821904 0.026183473496603 
0.13667149403162 4.4254639260633 0.025057140328499 
0.13653031765857 4.3108393003003 0.025901154698824 
0.13642797960212 4.201775611077 0.025299873557259 
0.13635945732335 4.1156391521615 0.020500014015132 
0.13630893299058 3.9633722910414 0.036997135922402 
0.13626855490562 3.8697043453682 0.023633395703193 
0.13623363293604 3.7965873698723 0.018894718813191 
0.13619215806272 3.6611834966608 0.035664627208612 
0.13614897984336 3.5839821346379 0.021086449803275 
0.13610044609272 3.4994743577222 0.02357929636394 
0.13605688046009 3.4293026760054 0.020052063408314 
0.13603013850311 3.3726430620327 0.016522196879595 
0.13600882137543 3.3093103035097 0.018778375700647 
0.13599046297133 3.2181229089914 0.02755480331404 
0.13597879449066 3.129719965003 0.027470344200134 
0.13597096658312 3.0740875810574 0.017775514923942 
0.13596423523408 3.014227341258 0.01947252256839 
0.13595668551161 2.9366287354417 0.025744111850528 
0.13594829139517 2.8767755032477 0.020381613607364 
0.13593928253051 2.8145826407737 0.02161894885568 
0.13593027752792 2.7545838246401 0.021317127187665 
0.13592214010404 2.7176738583357 0.013399471083162 
0.13591522147711 2.6735658189224 0.016230070903481 
0.13591025203592 2.5903314455717 0.031132344961009 
0.13590707154622 2.5337603264952 0.021839336110151 
0.13590517059628 2.4990653302174 0.013693085298972 
0.13590373914148 2.4473366358789 0.020699216508252 
0.13590243683254 2.3930493525167 0.022182188819599 
0.13590119546989 2.3575097164186 0.014851192291858 
0.1358999887858 2.3137940685551 0.018543146422274 
0.13589877052942 2.2661106678256 0.020608316607568 
0.13589719732279 2.2200055347747 0.020345490494134 
0.13589568656806 2.1794678634049 0.018260166803555 
0.13589461262893 2.1362561285874 0.019826736398861 
0.13589392839728 2.0977198067331 0.018039186096915 
0.13589344453029 2.0648690796626 0.015660207318967 
0.1358931155617 2.0322559297949 0.015794294267335 
0.13589288350938 1.9922078445215 0.019706221389857 
0.13589269832194 1.9568137808753 0.017766250516268 
0.13589252353904 1.9231153972575 0.017221047780401 
0.13589234184578 1.8828336206416 0.020946104780454 
0.13589217027489 1.8501878785367 0.017338622885753 
0.13589201314616 1.8271802210012 0.012435308760983 
0.13589184623947 1.8047190209998 0.012292821333784 
0.13589170635438 1.7811233762947 0.01307441459339 
0.13589159571533 1.7506517269744 0.017108107010396 
0.13589151895934 1.7173930693401 0.018997872119187 
0.13589147331695 1.6911816804086 0.015262312046932 
0.13589144416731 1.6674554495 0.014029380274979 
0.13589142078089 1.6418984070068 0.015326971704642 
0.13589139817775 1.6170070079676 0.015160133497297 
0.13589137295486 1.593885953879 0.014298672779176 
0.13589134488307 1.571122113448 0.014281975680649 
0.13589131552357 1.5459719438114 0.016007775220843 
0.13589128774826 1.5198928755468 0.016869043690608 
0.13589126736523 1.4971488354244 0.01496423891996 
0.13589125374703 1.4741232253339 0.015379639983464 
0.13589124540234 1.4517123162688 0.015202873599657 
0.13589123912265 1.4267425822881 0.017200194350443 
0.13589123437946 1.4041131776076 0.0158608882649 
0.1358912301959 1.382940821052 0.015078810521274 
0.13589122610528 1.3631433853256 0.014315461243968 
0.1358912218805 1.3459173642536 0.012636983942707 
0.13589121692081 1.3290902878978 0.012502310173526 
0.13589121203064 1.3138497500915 0.011466894269728 
0.13589120783023 1.2998716683007 0.010639026106182 
0.13589120421334 1.285408529655 0.011126589646074 
0.13589120151045 1.2710771902454 0.011149248724363 
0.13589119971521 1.2576001636278 0.010602838852755 
0.13589119841685 1.2430815217115 0.011544720123512 
0.13589119745624 1.2268836050114 0.013030454091033 
0.13589119669574 1.2093037631997 0.014328858695224 
0.13589119606169 1.1932590012919 0.013267768112606 
0.1358911953586 1.1770518143271 0.013582287623414 
0.13589119459926 1.1635810706891 0.011444478037436 
0.13589119360993 1.1505514524372 0.011197860278207 
0.13589119262424 1.1395527375593 0.0095595158778893 
0.13589119184382 1.129610802339 0.0087244187062281 
0.13589119123748 1.1179067679475 0.010361121164264 
0.13589119083307 1.1037354919633 0.012676617040381 
0.13589119057815 1.087904659335 0.01434295874657 
0.13589119041112 1.0734177957014 0.01331629891398 
0.13589119028835 1.0615730310675 0.011034626667517 
0.13589119018608 1.0512696830635 0.0097057363954528 
0.13589119007906 1.0400421303347 0.010679992878728 
0.13589118995337 1.0271195916253 0.012425014653241 
0.13589118982142 1.0149785050531 0.011820518926193 
0.13589118970803 1.005576520993 0.0092632346529748 
0.13589118960332 0.9964657759989 0.0090602204843938 
0.13589118951705 0.98646864204117 0.010032591382995 
0.13589118946287 0.97608688279864 0.010524165493031 
0.13589118943101 0.965236001141 0.011116717014508 
0.1358911894129 0.95565540599833 0.0099256504433531 
0.13589118939794 0.94525816196455 0.01087969990911 
0.13589118938293 0.93378015881554 0.01214271784245 
0.13589118936689 0.92254537985631 0.012031503189665 
0.1358911893486 0.91190739909142 0.011531119224232 
0.13589118932912 0.90226786942736 0.010570733030201 
0.13589118931173 0.89394638207272 0.0092228567996334 
0.13589118929806 0.88623973304285 0.0086209298280303 
0.13589118928924 0.87937907067033 0.0077413166175251 
0.13589118928347 0.87251686488124 0.0078034672622577 
0.13589118927946 0.86467875987697 0.0089833277954307 
0.13589118927684 0.85663540353978 0.009302132433939 
0.13589118927491 0.84877335826749 0.0091778196882901 
0.13589118927277 0.83915450152587 0.011332656295025 
0.13589118927043 0.8300067328665 0.010901173315209 
0.13589118926806 0.82276187181629 0.0087286774472135 
0.13589118926595 0.81729504467507 0.0066444828430816 
0.13589118926388 0.81221591704539 0.0062145582097597 
0.13589118926156 0.80590957069731 0.007764371783076 
0.13589118925984 0.79988034223407 0.0074812716990416 
0.13589118925877 0.79422012282789 0.0070763326804168 
0.13589118925808 0.78846365700323 0.0072479475893549 
0.13589118925756 0.78106549206025 0.0093830132527526 
0.13589118925714 0.77133640810373 0.012456169239864 
0.13589118925676 0.76005548470018 0.014625166509749 
0.13589118925636 0.75021099604006 0.012952328952682 
0.13589118925594 0.74320360362743 0.0093405621213428 
0.13589118925552 0.73810499144194 0.0068603168238216 
0.13589118925512 0.73376761832501 0.0058763633456277 
0.13589118925476 0.72974453953279 0.0054827696013636 
0.13589118925451 0.72558250262982 0.0057034163018656 
0.13589118925434 0.72077272730698 0.006628846899428 
0.13589118925424 0.71548818688784 0.007331770777292 
0.13589118925417 0.70995976568609 0.0077267819414315 
0.13589118925411 0.70421848322978 0.0080867715803038 
0.13589118925405 0.69860809411869 0.007966830244727 
0.13589118925399 0.69386741004921 0.0067858991463001 
0.13589118925393 0.68990527887928 0.0057102136698571 
0.13589118925387 0.68582865715157 0.0059089585954994 
0.1358911892538 0.68155507544581 0.0062312673306939 
0.13589118925375 0.67730557965205 0.0062349998508604 
0.13589118925371 0.67313327827956 0.0061601461701031 
0.13589118925369 0.66888972075326 0.0063041862038835 
0.13589118925367 0.66427684616722 0.0068963155553445 
0.13589118925366 0.65941807611359 0.007314375145942 
0.13589118925366 0.65364094920531 0.0087609471404313 
0.13589118925365 0.64626469807518 0.011284866927478 
0.13589118925364 0.63861141670406 0.011842332397106 
0.13589118925363 0.63015086233013 0.013248360666016 
0.13589118925361 0.62426722575726 0.0093368698268728 
0.13589118925361 0.62057346555906 0.0059169535830064 
0.1358911892536 0.6177785825853 0.0045037100824914 
0.1358911892536 0.61501279138854 0.004476994306245 
0.1358911892536 0.61207412881442 0.0047782137465644 
0.13589118925359 0.60836842195563 0.0060543432312077 
0.13589118925359 0.60321803786366 0.0084658964964272 
0.13589118925359 0.59719600044834 0.009983185245329 
0.13589118925359 0.59226750333798 0.0082527296007698 
0.13589118925358 0.58859497409675 0.0062007947769046 
0.13589118925358 0.58557070640774 0.005138113341269 
0.13589118925359 0.58270675017049 0.0048908803085889 
0.13589118925358 0.57990045981931 0.0048159564830072 
0.13589118925358 0.57731177913076 0.0044640086841086 
0.13589118925358 0.5747641331108 0.004412946543025 
0.13589118925358 0.57192469393417 0.0049401815684943 
0.13589118925358 0.56887355832647 0.0053348555151796 
0.13589118925358 0.56524299213324 0.0063820266210106 
0.13589118925358 0.56067395043002 0.008083323043037 
0.13589118925358 0.5560513278099 0.0082447608214598 
0.13589118925358 0.55215787230023 0.0070019714277071 
0.13589118925358 0.54905195354561 0.0056250556415779 
0.13589118925358 0.54656967428165 0.0045210280155182 
0.13589118925358 0.54441527285774 0.0039416775669879 
0.13589118925358 0.54226148330229 0.0039561519722735 
0.13589118925358 0.53988931333303 0.0043745868779302 
0.13589118925358 0.53738865558565 0.0046317970843788 
0.13589118925358 0.5345401405787 0.0053006608482299 
0.13589118925358 0.53059054911796 0.0073887649605901 
0.13589118925359 0.52700383942558 0.006759844664304 
0.13589118925357 0.52453426911552 0.0046860575299639 
0.13589118925359 0.52168836236684 0.0054255878333349 
0.13589118925358 0.5195036248665 0.0041878210401785 
0.13589118925358 0.51771213545391 0.0034484637389299 
0.13589118925358 0.51617673306691 0.0029657454053163 
0.13589118925358 0.51463760514549 0.0029817847702474 
0.13589118925358 0.51289544923741 0.0033852091076569 
0.13589118925358 0.51072845821228 0.0042250151143925 
0.13589118925358 0.50756742829519 0.0061892574542638 
0.13589118925357 0.50343627453023 0.0081391230694761 
0.13589118925358 0.49992758398218 0.0069694829823897 
0.13589118925358 0.49730415078446 0.0052476264198588 
0.13589118925358 0.49528073887978 0.0040687613435132 
0.13589118925358 0.4938444703774 0.002899907849488 
0.13589118925358 0.49260381728657 0.0025122344488015 
0.13589118925358 0.49118977024188 0.0028705564087576 
0.13589118925358 0.48970851552577 0.0030156465094399 
0.13589118925358 0.48815437815243 0.0031735967908814 
0.13589118925358 0.48634236187039 0.0037119738409426 
0.13589118925358 0.48394271518834 0.0049340688169064 
0.13589118925358 0.48068710047338 0.0067272729039752 
0.13589118925358 0.4772894079785 0.0070684078926564 
0.13589118925358 0.47500661268563 0.0047828325010097 
0.13589118925358 0.47375083147531 0.0026437131121643 
0.13589118925358 0.47280849661987 0.0019890938291482 
0.13589118925358 0.47182853541428 0.0020726387376672 
0.13589118925358 0.47098772344173 0.0017820286596481 
0.13589118925358 0.47025440724772 0.0015569751768677 
0.13589118925358 0.46931987070969 0.0019872999032522 
0.13589118925358 0.4680914549741 0.0026174381530811 
0.13589118925358 0.46632543643169 0.0037728066249379 
0.13589118925358 0.46395412924407 0.0050850908021759 
0.13589118925358 0.4605783866895 0.0072760265332185 
0.13589118925358 0.45814090277175 0.0052922238389508 
0.13589118925358 0.45685328903745 0.0028105190488681 
0.13589118925358 0.45600411141137 0.0018587534476666 
0.13589118925358 0.45536794578878 0.0013950874710885 
0.13589118925357 0.45478318173444 0.0012841572617095 
0.13589118925358 0.45419245398654 0.0012989217095809 
0.13589118925358 0.45349628593755 0.001532760051121 
0.13589118925358 0.4525641192924 0.0020555110902741 
0.13589118925358 0.45095404309509 0.0035576753186453 
0.13589118925358 0.44773088124745 0.0071474286504215 
0.13589118925358 0.44490668967918 0.0063077881972325 
0.13589118925358 0.4436632336544 0.0027948692470235 
0.13589118925358 0.44299394859774 0.0015085429801036 
0.13589118925358 0.44247883176917 0.0011628078221105 
0.13589118925358 0.44197239348587 0.001144548048255 
0.13589118925358 0.44149643642473 0.0010768931909691 
0.13589118925357 0.44097441175757 0.0011823983708374 
0.13589118925358 0.44031639100092 0.0014921971413827 
0.13589118925358 0.43930945232828 0.002286852575148 
0.13589118925358 0.43753645701898 0.0040358687934075 
0.13589118925358 0.43492580022468 0.0059667183212182 
0.13589118925358 0.43334648164225 0.003631236826195 
0.13589118925358 0.43267204393794 0.0015563474791597 
0.13589118925358 0.43228993087864 0.00088314709641618 
0.13589118925358 0.43201069476112 0.000645946383587 
0.13589118925358 0.43172869478804 0.00065276155544565 
0.13589118925359 0.43141962304462 0.00071589344686727 
0.13589118925357 0.43105027671863 0.00085611851261257 
0.13589118925358 0.43054774010462 0.0011658422257214 
0.13589118925358 0.42976526275556 0.0018173997356566 
0.13589118925358 0.42793972623255 0.0042477526250295 
0.13589118925358 0.42499413271985 0.0068831971703886 
0.13589118925358 0.42410790631783 0.0020852673808536 
0.13589118925358 0.4237756839238 0.00078334402419693 
0.13589118925358 0.42356565320006 0.00049561768573988 
0.13589118925358 0.42339127830166 0.00041168328236176 
0.13589118925358 0.42323815419268 0.00036166099026059 
0.13589118925357 0.42307979884671 0.00037415186793809 
0.13589118925358 0.4228770929309 0.00047911981702209 
0.13589118925358 0.42255341334319 0.00076542237241329 
0.13589118925358 0.42180468941381 0.0017719036356957 
0.13589118925358 0.41899125414839 0.0066699952277155 
0.13589118925358 0.41775041267767 0.0029614973067767 
0.13589118925358 0.41756232715719 0.00045023419432106 
0.13589118925358 0.41747617262929 0.00020632734875227 
0.13589118925358 0.41741634135644 0.00014331661725637 
0.13589118925358 0.41736174027239 0.00013080725080114 
0.13589118925358 0.41731307549435 0.00011660095630342 
0.13589118925358 0.41726148423349 0.00012362723308731 
0.13589118925358 0.41719506077106 0.00015918905757815 
0.13589118925358 0.41710373334658 0.00021890821121186 
0.13589118925358 0.41691837834198 0.00044438586802585 
0.13589118925358 0.41585917931697 0.00254054289766 
0.13589118925357 0.41328292870911 0.0061950071947377 
0.13589118925358 0.41325238192172 7.3912531264608e-05 
0.13589118925358 0.41324347714928 2.1548024482195e-05 
0.13589118925358 0.41323848976038 1.2068887162946e-05 
0.13589118925358 0.41323463865927 9.319318520232e-06 
0.13589118925357 0.41323076868771 9.3650705893002e-06 
0.13589118925358 0.41322673064656 9.7718791863053e-06 
0.13589118925358 0.41322225853359 1.0822419351169e-05 
0.13589118925358 0.41321691217727 1.2938209916283e-05 
0.13589118925358 0.4132076019258 2.2531148170104e-05 
0.13589118925358 0.41314340388348 0.00015536510465352 
0.13589118925357 0.39291479354836 0.048962684978072 
0.13589118925359 0.34385453809401 0.12486232704881 
0.13589118925358 0.30069578490969 0.1255145661987 
0.13589118925357 0.26468158689689 0.11976954723065 
0.13589118925358 0.24689357587529 0.067205321043106 
0.13589118925358 0.24657101869239 0.00130646243731 
0.13589118925358 0.24655352912774 7.0931144907944e-05 
0.13589118925358 0.24654760257638 2.403758476833e-05 
0.13589118925358 0.24654473820396 1.1617928502736e-05 
0.13589118925358 0.24654299715945 7.0617792180286e-06 
0.13589118925358 0.24654141281315 6.4262474455138e-06 
0.13589118925357 0.24653963423098 7.214131492703e-06 
0.13589118925358 0.24653722387479 9.7767492748792e-06 
0.13589118925358 0.2465333394014 1.5756133403431e-05 
0.13589118925358 0.24652299457394 4.1961170371497e-05 
0.13589118925358 0.24628951405611 0.0009470942791085 
0.13589118925358 0.24340520810692 0.011711038369796 
0.13589118925357 0.24337354523628 0.00013008296284972 
0.13589118925358 0.24336767429858 2.4123154791903e-05 
0.13589118925359 0.24336527040682 9.8776132154935e-06 
0.13589118925358 0.24336379360657 6.0682456916416e-06 
0.13589118925357 0.24336257293466 5.0158319979434e-06 
0.13589118925358 0.24336140673475 4.7920265393935e-06 
0.13589118925358 0.24335988917107 6.2358436604396e-06 
0.13589118925357 0.24335712107318 1.1374503396791e-05 
0.13589118925358 0.24335036903858 2.7745375101805e-05 
0.13589118925358 0.24331197793181 0.00015776062684693 
0.13589118925358 0.24246795473623 0.0034688929117152 
0.13589118925358 0.24208155569749 0.0015936086859989 
0.13589118925358 0.24193756934901 0.00059478446450754 
0.13589118925358 0.24186925930169 0.00028234576177565 
0.13589118925358 0.24182663773999 0.00017621735738064 
0.13589118925358 0.24179290458324 0.00013949313883176 
0.13589118925357 0.2417617215817 0.00012896574275325 
0.13589118925358 0.24172583421221 0.00014844107356059 
0.13589118925358 0.24166082396675 0.00026894206682129 
0.13589118925358 0.2415119081384 0.00061621832574972 
0.13589118925358 0.24101256034919 0.0020675907580147 
0.13589118925357 0.23974027118446 0.0052789330268896 
0.13589118925358 0.23906508401793 0.0028163276999802 
0.13589118925358 0.2388756359434 0.00079245396837968 
0.13589118925358 0.23880336328969 0.00030255347481562 
0.13589118925358 0.23876538482606 0.0001590365525552 
0.13589118925358 0.23874143492298 0.0001003072664545 
0.13589118925358 0.23872132161178 8.4247257756004e-05 
0.13589118925358 0.23869459473469 0.00011195848324796 
0.13589118925358 0.23865201103187 0.00017840245968685 
0.13589118925358 0.23856352924494 0.00037075651090323 
0.13589118925358 0.23830384444984 0.0010885351835728 
0.13589118925358 0.2374003149256 0.0037915020898365 
0.13589118925358 0.23656925286024 0.0035006780240194 
0.13589118925358 0.23626850584805 0.0012712852940538 
0.13589118925358 0.23613655455934 0.00055848022673682 
0.13589118925359 0.23605006071451 0.00036628740088043 
0.13589118925358 0.23598414381788 0.00027924964912653 
0.13589118925358 0.23592189787594 0.00026377171336642 
0.13589118925358 0.23584753015987 0.0003152217608687 
0.13589118925358 0.23573714105069 0.00046805285218755 
0.13589118925358 0.23553369237121 0.00086303192857787 
0.13589118925358 0.23506841814986 0.0019754040989829 
0.13589118925358 0.2342400907546 0.0035237715120521 
0.13589118925358 0.23381913016866 0.0017971329527053 
0.13589118925358 0.23367239900383 0.00062754131676498 
0.13589118925358 0.23359899648664 0.00031412574827382 
0.13589118925358 0.23355385062963 0.00019326220442243 
0.13589118925358 0.23352107373658 0.0001403397672662 
0.13589118925358 0.23348992589096 0.00013338344641455 
0.13589118925358 0.23345400833023 0.00015382916669655 
0.13589118925358 0.23339745509737 0.00024224571367976 
0.13589118925358 0.23326830000313 0.00055336976225886 
0.13589118925357 0.23281074334989 0.0019615037843984 
0.13589118925358 0.2312911877223 0.0065269995951681 
0.13589118925358 0.23011773246397 0.0050734974811811 
0.13589118925358 0.22958654502579 0.0023083290126747 
0.13589118925358 0.22931070107227 0.0012014813563723 
0.13589118925359 0.22914971178847 0.00070205744015736 
0.13589118925358 0.22903403860146 0.00050479307220824 
0.13589118925359 0.22892470602443 0.00047736387873512 
0.13589118925358 0.22879123848291 0.00058301938592308 
0.13589118925358 0.22861075400839 0.00078886095338564 
0.13589118925358 0.22832284101269 0.0012594026774872 
0.13589118925358 0.22791710277871 0.0017770374272515 
0.13589118925358 0.22750340012113 0.0018151452986269 
0.13589118925358 0.22722563428005 0.0012209305044841 
0.13589118925358 0.22707745224614 0.00065213607775835 
0.13589118925357 0.22697923026126 0.00043254838341799 
0.13589118925358 0.22691182115748 0.00029698357730193 
0.13589118925358 0.2268560990294 0.0002455673212729 
0.13589118925357 0.22679910011542 0.0002512558146778 
0.13589118925357 0.226729167534 0.00030834593871714 
0.13589118925358 0.22660607173204 0.00054292001022961 
0.13589118925358 0.22635112513573 0.0011250651598334 
0.13589118925358 0.22577680586924 0.0025372936235528 
0.13589118925358 0.22489923021753 0.0038869167642349 
0.13589118925358 0.22438054464495 0.0023063021250882 
0.13589118925357 0.22414973984871 0.0010286310544296 
0.13589118925358 0.22400543223302 0.00064380005878716 
0.13589118925358 0.22390848694661 0.00043278096181542 
0.13589118925359 0.22382853298457 0.0003570832134347 
0.13589118925358 0.22374484158798 0.00037390852487575 
0.13589118925357 0.22363968973128 0.0004699632668676 
0.13589118925358 0.2234773565372 0.00072586934045678 
0.13589118925358 0.22322371167028 0.0011349913514568 
0.13589118925359 0.22287883650851 0.0015449754830712 
0.13589118925357 0.22249195230082 0.0017358499073008 
0.13589118925358 0.22219418482747 0.0013383291856969 
0.13589118925358 0.22198700473507 0.00093242805866176 
0.13589118925358 0.22185527939207 0.00059339213642248 
0.13589118925358 0.22175898649086 0.0004340347521928 
0.13589118925358 0.22165331834386 0.00047649995460824 
0.13589118925358 0.22151657968912 0.00061690326028988 
0.13589118925357 0.22131122322412 0.00092704783221672 
0.13589118925358 0.22099940093372 0.0014089763991848 
0.13589118925358 0.2204138487987 0.0026495643542271 
0.13589118925358 0.21967165373414 0.0033672796360627 
0.13589118925358 0.21924287582479 0.0019519036801523 
0.13589118925358 0.21903952767558 0.00092750174182339 
0.13589118925359 0.21893966302556 0.00045592067821766 
0.13589118925357 0.21888553998996 0.00024720525671569 
0.13589118925358 0.21884558682014 0.00018252996438903 
0.13589118925358 0.21880778275391 0.00017274310521286 
0.13589118925358 0.21875936663698 0.00022127237120909 
0.13589118925359 0.21867835482294 0.00037032386444946 
0.13589118925358 0.21852333520225 0.00070889330046326 
0.13589118925358 0.21816525019158 0.0016386579965987 
0.13589118925358 0.21739456381656 0.0035325808044447 
0.13589118925358 0.21669994878845 0.0031951812221747 
0.13589118925358 0.21630278129935 0.0018327991830014 
0.13589118925357 0.21606849179868 0.00108315528477 
0.13589118925359 0.21592321732424 0.00067235381349016 
0.13589118925358 0.2158104073415 0.00052245415821139 
0.13589118925358 0.21569954289435 0.00051371223712239 
0.13589118925358 0.21555925934223 0.00065036555124106 
0.13589118925358 0.21533185645555 0.0010549437188493 
0.13589118925358 0.21498769350035 0.0015982909396907 
0.13589118925357 0.21456287686556 0.0019760044301625 
0.13589118925358 0.21401141710258 0.0025701545907614 
0.13589118925358 0.21363880801291 0.0017410710826129 
0.13589118925358 0.21344104233266 0.00092570110313442 
0.13589118925358 0.2133207856953 0.00056341852553285 
0.13589118925358 0.21323838281142 0.00038628623842219 
0.13589118925358 0.21316671260911 0.00033610366653919 
0.13589118925358 0.21307287281286 0.00044021787029651 
0.13589118925359 0.21294366052127 0.00060642300395118 
0.13589118925358 0.21272868909161 0.0010095225616911 
0.13589118925358 0.21236587836755 0.001705509142234 
0.13589118925357 0.21195486626954 0.0019353961246588 
0.13589118925358 0.21166710318709 0.0013576620698331 
0.13589118925358 0.21151733942095 0.00070754389267629 
0.13589118925358 0.21143139497892 0.00040632338827517 
0.13589118925358 0.21136953540089 0.00029257517804671 
0.13589118925358 0.21132173255362 0.00022615769666626 
0.13589118925358 0.21127096080828 0.00024025804031602 
0.13589118925359 0.21120247320268 0.00032416951830669 
0.13589118925358 0.21109891922633 0.00049030664641383 
0.13589118925359 0.21093652587461 0.00076927609252531 
0.13589118925358 0.21066180507793 0.0013023860876601 
0.13589118925358 0.21015762894374 0.0023932963738248 
0.13589118925358 0.20957551249842 0.0027699039442182 
0.13589118925358 0.20918927140654 0.0018429686143829 
0.13589118925358 0.20896463070157 0.001073863413057 
0.13589118925358 0.20882311362028 0.00067722982984857 
0.13589118925358 0.20871534872276 0.00051605828327468 
0.13589118925358 0.20858242552522 0.00063686354813057 
0.13589118925358 0.20840606912722 0.00084549979489666 
0.13589118925357 0.20816760244029 0.001144240606437 
0.13589118925358 0.20780449095126 0.001744322770578 
0.13589118925358 0.20736173779778 0.0021306236041877 
0.13589118925358 0.20703874494827 0.0015576299318631 
0.13589118925357 0.20684872887802 0.00091778024589805 
0.13589118925358 0.20674246771477 0.00051371436422491 
0.13589118925358 0.20666641511333 0.00036786153462985 
0.13589118925358 0.20659914808278 0.00032548602783943 
0.13589118925358 0.20653426473437 0.00031405428830193 
0.13589118925358 0.20646537591018 0.00033354670845177 
0.13589118925357 0.20636899733505 0.0004668026040827 
0.13589118925358 0.20620637131404 0.00078803513664458 
0.13589118925358 0.20594447855633 0.0012700517255636 
0.13589118925358 0.20556595766808 0.0018379754140844 
0.13589118925358 0.20522323629204 0.0016672088118194 
0.13589118925358 0.20499747499658 0.0011000766752249 
0.13589118925357 0.20487636379595 0.00059079362140806 
0.13589118925358 0.20480694535902 0.00033883087170401 
0.13589118925358 0.20474865185327 0.00028462660602902 
0.13589118925358 0.20469765436172 0.00024907363777696 
0.13589118925358 0.20464475059064 0.00025844835027974 
0.13589118925358 0.20456615406512 0.00038406323788439 
0.13589118925358 0.20444406348238 0.00059682689588342 
0.13589118925358 0.20424683966843 0.00096468349625474 
0.13589118925358 0.20395434803802 0.0014320497242108 
0.13589118925357 0.2036379259881 0.0015514356666599 
0.13589118925358 0.20339285460598 0.0012034663038659 
0.13589118925357 0.20323413760624 0.00078034697948371 
0.13589118925358 0.20313329288998 0.00049619969089423 
0.13589118925358 0.2030634792407 0.00034368393425884 
0.13589118925358 0.2030038095367 0.00029384754079892 
0.13589118925358 0.20292853056997 0.00037082538946768 
0.13589118925358 0.20282052927699 0.0005322134481235 
0.13589118925359 0.2026354070871 0.00091273891526994 
0.13589118925357 0.20229759711644 0.001667082646212 
0.13589118925358 0.20186461777277 0.0021403088807736 
0.13589118925358 0.2014373083567 0.0021168118553316 
0.13589118925358 0.20109178107041 0.0017153092895535 
0.13589118925358 0.20089839984456 0.00096165653725137 
0.13589118925358 0.20077466629934 0.00061590109882276 
0.13589118925357 0.2006859785246 0.00044172791508087 
0.13589118925358 0.20061347706939 0.00036126816503187 
0.13589118925358 0.20053460819767 0.00039313845148202 
0.13589118925358 0.20042989183523 0.0005221859876422 
0.13589118925358 0.2002542887571 0.00087613218026964 
0.13589118925357 0.20000406185335 0.001249545791538 
0.13589118925358 0.19974240908526 0.001308237271103 
0.13589118925358 0.1994998573837 0.0012143225000315 
0.13589118925358 0.19932633947835 0.00086976455836296 
0.13589118925358 0.19920681613656 0.0005996364660275 
0.13589118925358 0.1991261147956 0.00040511335164502 
0.13589118925358 0.19906785236147 0.00029259062374677 
0.13589118925358 0.19901139338632 0.00028361673911891 
0.13589118925358 0.19894095466072 0.00035394318085997 
0.13589118925358 0.19884070511227 0.00050391609215454 
0.13589118925358 0.1986961614126 0.00072693214196888 
0.13589118925358 0.19845833968247 0.0011969115479306 
0.13589118925358 0.19815356761853 0.0015356979425877 
0.13589118925358 0.19781189774867 0.0017242680713315 
0.13589118925358 0.19757401371801 0.0012025769600711 
0.13589118925357 0.19744483599372 0.00065381940597116 
0.13589118925358 0.19736283128103 0.00041532974149736 
0.13589118925358 0.19730501546434 0.00029294176776752 
0.13589118925358 0.19725277869219 0.00026475136494179 
0.13589118925358 0.19718962084185 0.00032018737966763 
0.13589118925359 0.19710445099346 0.00043191851590742 
0.13589118925358 0.19697027005862 0.00068076055189685 
0.13589118925358 0.19676446074531 0.0010448750121089 
0.13589118925358 0.19652953175372 0.0011939604880897 
0.13589118925358 0.19635969997221 0.00086415400269445 
0.13589118925359 0.19621917455398 0.00071565305020647 
0.13589118925358 0.19611944682399 0.00050824660852234 
0.13589118925358 0.19605297753509 0.00033892247799919 
0.13589118925358 0.19600172083161 0.00026144312686997 
0.13589118925358 0.19595489925344 0.00023888350556168 
0.13589118925358 0.19590197113632 0.00027010356631194 
0.13589118925358 0.19582535989568 0.00039106926891562 
0.13589118925359 0.19571118937007 0.00058302216668608 
0.13589118925358 0.19553490814284 0.00090072125050846 
0.13589118925358 0.19526334347775 0.001388829583784 
0.13589118925358 0.19495064175537 0.0016014358702015 
0.13589118925358 0.19471862665619 0.0011901222642131 
0.13589118925357 0.19458759063848 0.00067295060548549 
0.13589118925358 0.1945066923006 0.00041574253329224 
0.13589118925359 0.19444192472537 0.0003329837881968 
0.13589118925359 0.19438374044259 0.00029923733200025 
0.13589118925358 0.19431778467121 0.00033930703888017 
0.13589118925358 0.19423189155676 0.00044202394854076 
0.13589118925358 0.19411475153084 0.00060309367828504 
0.13589118925358 0.19395346260632 0.00083089473237737 
0.13589118925359 0.19377965815485 0.00089611419733532 
0.13589118925358 0.19361954093171 0.0008262849912477 
0.13589118925358 0.19348952680331 0.00067149280375488 
0.13589118925358 0.19340439010451 0.00044000675491309 
0.13589118925359 0.19334395780417 0.00031246602164358 
0.13589118925358 0.19330091882478 0.00022260317764075 
0.13589118925358 0.19326412724779 0.00019033317181088 
0.13589118925358 0.19322267812869 0.0002144687671261 
0.13589118925357 0.19317201901141 0.00026217997685557 
0.13589118925358 0.19309663606567 0.00039023739627775 
0.13589118925358 0.19297709348397 0.00061908163777183 
0.13589118925358 0.19282882067226 0.00076834410259288 
0.13589118925358 0.19262452592007 0.0010594617105119 
0.13589118925358 0.19242205792769 0.0010511018335375 
0.13589118925358 0.19228080574716 0.00073407478360196 
0.13589118925357 0.19217719644996 0.00053884368120223 
0.13589118925357 0.19210465348392 0.00037747957294065 
0.13589118925358 0.19205049366221 0.00028192873377138 
0.13589118925358 0.1919994522916 0.00026577057753397 
0.13589118925358 0.19194376638297 0.00029003160145892 
0.13589118925358 0.19187317601607 0.00036776587343404 
0.13589118925359 0.19174898280692 0.00064726717787367 
0.13589118925358 0.19156145197568 0.00097800170043814 
0.13589118925358 0.19134400607058 0.0011351234962016 
0.13589118925357 0.19113108367068 0.0011127727712546 
0.13589118925358 0.1909598093542 0.00089610916860308 
0.13589118925358 0.19083812692057 0.00063721488848388 
0.13589118925359 0.19075275750968 0.00044733938795484 
0.13589118925358 0.19068729774802 0.00034316548033281 
0.13589118925358 0.19062667580222 0.00031791286847141 
0.13589118925357 0.19055706756259 0.00036515476823569 
0.13589118925358 0.19047148002328 0.00044914387278575 
0.13589118925357 0.19037155228919 0.00052463357812042 
0.13589118925357 0.19024992802356 0.00063887836267228 
0.13589118925358 0.19011724691362 0.00069740425829655 
0.13589118925358 0.18999326727785 0.00065212198148579 
0.13589118925358 0.18990445965328 0.00046742511373484 
0.13589118925358 0.18984893633396 0.00029237501540425 
0.13589118925358 0.18981092801732 0.00020020294752227 
0.13589118925358 0.18977961719666 0.0001649579452244 
0.13589118925358 0.18975024248465 0.00015478328198345 
0.13589118925358 0.18971099147582 0.00020685617219004 
0.13589118925358 0.18964991803075 0.00032192886976311 
0.13589118925358 0.1895548857208 0.00050109333522935 
0.13589118925357 0.1894163820938 0.00073067822268328 
0.13589118925359 0.18924656439056 0.00089653123646456 
0.13589118925358 0.18908905243888 0.00083231075919296 
0.13589118925358 0.18895473547174 0.00071033708932482 
0.13589118925357 0.18884039445123 0.00060512386855028 
0.13589118925359 0.18875505586478 0.00045190853737318 
0.13589118925358 0.18868392026104 0.00037686727600745 
0.13589118925358 0.18861471085896 0.0003668007426966 
0.13589118925358 0.18853217886439 0.00043756923409758 
0.13589118925359 0.18841522709688 0.00062032788361198 
0.13589118925358 0.18824004949544 0.00092974227263352 
0.13589118925357 0.18801446645608 0.0011983796220082 
0.13589118925358 0.18779183558607 0.0011841156385495 
0.13589118925357 0.18763064082214 0.00085836939304862 
0.13589118925358 0.18753385512589 0.00051583097425677 
0.13589118925357 0.18747585110538 0.00030929892879932 
0.13589118925358 0.1874383923953 0.00019980552085931 
0.13589118925357 0.18740645816506 0.00017037187436168 
0.13589118925358 0.18736899062762 0.00019992660769249 
0.13589118925358 0.18732101780869 0.00025603392950965 
0.13589118925358 0.18725431625747 0.00035608151179414 
0.13589118925357 0.18716047127633 0.00050116324694859 
0.13589118925358 0.18704100902658 0.00063828782295753 
0.13589118925358 0.18692502775561 0.00062008471603666 
0.13589118925358 0.18683544445219 0.00047924723879512 
0.13589118925358 0.18676497790082 0.00037715836834172 
0.13589118925358 0.18671270736272 0.00027987333963334 
0.13589118925358 0.18667221568031 0.00021686623791101 
0.13589118925359 0.18663264111944 0.00021200027397342 
0.13589118925358 0.18659158346682 0.00021999181049963 
0.13589118925358 0.18653873105463 0.0002832518552868 
0.13589118925358 0.18644922816117 0.0004798086325009 
0.13589118925359 0.18631617796344 0.00071360015291558 
0.13589118925358 0.18614227371502 0.00093338243800584 
0.13589118925358 0.18596590167614 0.00094751200441514 
0.13589118925358 0.18582114103144 0.00077842574040101 
0.13589118925358 0.18572451469966 0.00051999643980451 
0.13589118925358 0.18566514376742 0.00031967202790209 
0.13589118925358 0.18562478458 0.00021737622152685 
0.13589118925358 0.18559112554616 0.00018132833885093 
0.13589118925358 0.18555725827093 0.00018248326868077 
0.13589118925358 0.18552053578754 0.0001979037830629 
0.13589118925357 0.18546698713936 0.00028864000395837 
0.13589118925359 0.18539340916618 0.00039671735823271 
0.13589118925358 0.18530647737287 0.00046890444327712 
0.13589118925358 0.18520974574467 0.00052200888804412 
0.13589118925358 0.18513410297299 0.00040841679995004 
0.13589118925359 0.18508401611432 0.00027054366464713 
0.13589118925359 0.18504839607451 0.00019245335476996 
0.13589118925357 0.18502214870358 0.00014184057513695 
0.13589118925358 0.1849998013667 0.00012078195521652 
0.13589118925358 0.1849767470745 0.00012461792948529 
0.13589118925359 0.18495066568676 0.00014099819652056 
0.13589118925358 0.18491163356425 0.0002110407246642 
0.13589118925359 0.18484596746625 0.00035512150717912 
0.13589118925358 0.1847523894769 0.00050624847610085 
0.13589118925357 0.18465134522531 0.00054691715693608 
0.13589118925358 0.18455374214183 0.00052858040846093 
0.13589118925358 0.18446649468611 0.00047274823422397 
0.13589118925358 0.18439919895477 0.00036481276157654 
0.13589118925358 0.18434892218995 0.00027265175283924 
0.13589118925358 0.18430769100479 0.00022365840098978 
0.13589118925358 0.18427098063495 0.00019917980438441 
0.13589118925357 0.18422282083394 0.00026135314870571 
0.13589118925358 0.18414498290517 0.00042252055646709 
0.13589118925359 0.18402066861673 0.00067508919592854 
0.13589118925358 0.18383765599962 0.00099452207451954 
0.13589118925359 0.18363643253867 0.0010945715112375 
0.13589118925358 0.18347469272836 0.00088076101280736 
0.13589118925357 0.18336405460293 0.0006030157281214 
0.13589118925358 0.18330379935823 0.00032860990574204 
0.13589118925358 0.18326304898173 0.00022231059389739 
0.13589118925358 0.18322656723698 0.00019906765143597 
0.13589118925358 0.1831930402451 0.00018298106210917 
0.13589118925358 0.18315184312481 0.00022488365406384 
0.13589118925358 0.18309356369202 0.00031820281898967 
0.13589118925358 0.18301864543381 0.00040918018470876 
0.13589118925358 0.18293544839575 0.00045458230700328 
0.13589118925358 0.18285506412746 0.0004394132957389 
0.13589118925357 0.18279291810161 0.00033986494245453 
0.13589118925359 0.18274546717206 0.00025958844600136 
0.13589118925358 0.18270957065936 0.0001964290182503 
0.13589118925359 0.18268334367542 0.00014354466404172 
0.13589118925358 0.1826604631998 0.00012524664353105 
0.13589118925358 0.18263739686936 0.00012627982009575 
0.13589118925357 0.18261042258276 0.00014769311798049 
0.13589118925358 0.18257599224392 0.00018854531056222 
0.13589118925357 0.1825206580356 0.00030307494234513 
0.13589118925358 0.18242217514468 0.00053957120239311 
0.13589118925358 0.18228708122336 0.00074055646585617 
0.13589118925358 0.18214670695055 0.00077007252446722 
0.13589118925357 0.1820181169472 0.00070596941061418 
0.13589118925358 0.18192098053545 0.00053366342524197 
0.13589118925357 0.18184903161865 0.00039549543205073 
0.13589118925358 0.18178870714244 0.00033172833354741 
0.13589118925358 0.18173267988328 0.00030819988788032 
0.13589118925358 0.18166004722505 0.00039966756820739 
0.13589118925358 0.18155600780544 0.00057271492107645 
0.13589118925357 0.18141121507472 0.0007975099940996 
0.13589118925357 0.181225560598 0.0010233902939732 
0.13589118925358 0.1810604909499 0.00091085191045726 
0.13589118925359 0.18095844854353 0.00056358184958946 
0.13589118925357 0.18090002896308 0.00032283422472232 
0.13589118925358 0.18086520379633 0.00019251056484235 
0.13589118925358 0.18084190211982 0.00012883449119814 
0.13589118925358 0.18082336506367 0.00010250420909401 
0.13589118925359 0.18080705414029 9.0203627056343e-05 
0.13589118925358 0.18078815165943 0.00010454504085704 
0.13589118925358 0.18076070923358 0.00015179327624356 
0.13589118925359 0.18072183880153 0.00021503805896085 
0.13589118925358 0.18067427194044 0.000263204831268 
0.13589118925358 0.18062385241375 0.00027906312363859 
0.13589118925358 0.18057836304103 0.0002518458781475 
0.13589118925358 0.18053964796325 0.00021439488722847 
0.13589118925358 0.18050995737855 0.00016445465047084 
0.13589118925358 0.18048791419734 0.0001221161509637 
0.13589118925358 0.18046913932207 0.00010402289459388 
0.13589118925358 0.18045070061443 0.00010217097340732 
0.13589118925357 0.18042795556934 0.00012604575661157 
0.13589118925357 0.18039439143188 0.00018602514980627 
0.13589118925358 0.18034464605881 0.00027575897825096 
0.13589118925358 0.18026916574747 0.00041853369641368 
0.13589118925357 0.18014533149264 0.00068694085489121 
0.13589118925358 0.17998508168049 0.00088955850714901 
0.13589118925358 0.17984787838545 0.00076230370738035 
0.13589118925358 0.17974833320735 0.00055349653826423 
0.13589118925358 0.17967793844718 0.00039162955734108 
0.13589118925358 0.17962645311962 0.00028654228788833 
0.13589118925359 0.1795804967634 0.00025584403309906 
0.13589118925358 0.17953284410732 0.00026535540848903 
0.13589118925357 0.17947481929244 0.00032319888415896 
0.13589118925358 0.17939918752739 0.0004214059963945 
0.13589118925359 0.17931626906871 0.00046220085952628 
0.13589118925358 0.17921680466257 0.00055468701565342 
0.13589118925358 0.17912864696696 0.00049190529745109 
0.13589118925358 0.17906917160457 0.00033202596791051 
0.13589118925359 0.17903276707797 0.00020329868213708 
0.13589118925358 0.17901123311243 0.00012027946556228 
0.13589118925359 0.17899651929639 8.2194931487243e-05 
0.13589118925358 0.1789812306063 8.5413337375531e-05 
0.1358911892536 0.17896341345639 9.9547588602092e-05 
0.13589118925357 0.17893905872108 0.00013608778929668 
0.13589118925356 0.1789012373201 0.00021136470287864 
0.13589118925358 0.17884238535864 0.00032896341214584 
0.13589118925358 0.17876229633675 0.00044781902079124 
0.13589118925358 0.17866331389402 0.00055370984126799 
0.13589118925359 0.17857171453613 0.00051269259421131 
0.13589118925358 0.1784953173871 0.00042782334947099 
0.13589118925358 0.17842587527855 0.00038904162617921 
0.13589118925359 0.17836551178424 0.00033831132519767 
0.13589118925358 0.17830514379896 0.00033845099693748 
0.13589118925358 0.17822709542046 0.00043772365076773 
0.13589118925358 0.17810904181188 0.00066237744775137 
0.13589118925358 0.17795691375091 0.00085412879332277 
0.13589118925358 0.17780568613551 0.00084979904525897 
0.13589118925358 0.17766712991775 0.00077925639375282 
0.1358911892536 0.17757667205884 0.00050914234359709 
0.13589118925358 0.17752286718575 0.00030299516520321 
0.13589118925358 0.17749002698444 0.00018499138638462 
0.13589118925358 0.17746664281966 0.00013174917584107 
0.13589118925358 0.17744478274813 0.00012317848120546 
0.13589118925358 0.17741913470048 0.00014454100739544 
0.13589118925358 0.17738790491551 0.00017602264275937 
0.13589118925358 0.17734819325969 0.00022386901655116 
0.13589118925358 0.17729768772225 0.00028478179850199 
0.13589118925358 0.17723861075392 0.00033320777665726 
0.13589118925358 0.17718458882798 0.00030479772840904 
0.13589118925358 0.17714444271098 0.00022657792792055 
0.13589118925358 0.17711782537329 0.00015025781948542 
0.13589118925358 0.1770987020664 0.00010796940877037 
0.13589118925358 0.17708229115721 9.266532727098e-05 
0.13589118925358 0.17706672542215 8.7901138813685e-05 
0.13589118925358 0.17704955458756 9.6973807793628e-05 
0.13589118925358 0.17702353391605 0.00014696829690475 
0.13589118925358 0.17698299160417 0.00022902215871605 
0.13589118925359 0.17692626798393 0.00032050322873325 
0.13589118925357 0.17686271658498 0.00035919708067175 
0.13589118925358 0.17680494965818 0.00032662014871017 
0.13589118925358 0.17676206379643 0.00024256030066949 
0.13589118925358 0.1767331720622 0.00016344985802485 
0.13589118925358 0.1767077016824 0.00014411770864938 
0.13589118925358 0.17668388355828 0.00013478826273626 
0.13589118925358 0.17665858394303 0.0001431914147631 
0.13589118925358 0.17662504772903 0.00018983631168449 
0.13589118925357 0.17657626913663 0.00027617029985776 
0.13589118925357 0.17650585926971 0.00039875045082669 
0.13589118925357 0.1764132947671 0.00052442736458382 
0.13589118925358 0.17631906862377 0.00053412155503894 
0.13589118925357 0.1762449072894 0.00042060870070989 
0.13589118925358 0.17618877164733 0.00031850930016191 
0.13589118925358 0.17615237354002 0.00020658585087309 
0.13589118925357 0.17612682106414 0.00014505893601801 
0.13589118925357 0.1761030892837 0.00013474256953455 
0.13589118925358 0.17607927638936 0.00013522133225941 
0.13589118925358 0.17604756281522 0.00018010963460064 
0.13589118925358 0.17600341143049 0.00025079236561085 
0.13589118925358 0.17594905051902 0.00030886282841275 
0.13589118925358 0.17589212601541 0.00032352833641725 
0.13589118925358 0.17584381126136 0.0002746840074541 
0.13589118925358 0.17580866415502 0.00019987684573222 
0.13589118925358 0.17577860094254 0.00017099960705033 
0.13589118925358 0.17575769196133 0.00011895066348038 
0.13589118925357 0.17574284973975 8.4447066958592e-05 
0.13589118925358 0.17572990740207 7.364360881355e-05 
0.13589118925357 0.17571513993035 8.4035050929435e-05 
0.13589118925358 0.17569660369066 0.00010549028214306 
0.13589118925359 0.17567073558625 0.00014723167021396 
0.13589118925358 0.17563664897487 0.00019403693659404 
0.13589118925358 0.17560187418548 0.00019799278564097 
0.13589118925358 0.17556027419046 0.00023689949326777 
0.13589118925358 0.17552498864088 0.00020098823465124 
0.13589118925357 0.17549981206304 0.00014343586084055 
0.13589118925358 0.17548032490038 0.00011103808276372 
0.13589118925358 0.17546518859283 8.6256436762268e-05 
0.13589118925358 0.17545080136929 8.1994745829098e-05 
0.13589118925357 0.17543389453717 9.6362239349661e-05 
0.13589118925357 0.17541080875002 0.00013159251361666 
0.13589118925358 0.17537476394664 0.0002054879265461 
0.13589118925358 0.17532087115199 0.00030730073947763 
0.13589118925357 0.17526016945379 0.00034623201336037 
0.13589118925359 0.17518977505289 0.00040165658354924 
0.13589118925359 0.17512172091337 0.00038845954053634 
0.13589118925358 0.17506791439566 0.00030725210683722 
0.13589118925358 0.17502512053813 0.0002444414653947 
0.13589118925358 0.17498824043913 0.00021071317579504 
0.13589118925358 0.17495030430208 0.00021679249391888 
0.13589118925357 0.17490193259154 0.00027648829038767 
0.13589118925357 0.17483806175831 0.00036518083184838 
0.13589118925357 0.17474698336829 0.00052092999146325 
0.13589118925358 0.17459626148906 0.00086251491338673 
0.13589118925359 0.17444689974549 0.00085546931130448 
0.13589118925358 0.17434557091014 0.00058085775956416 
0.13589118925358 0.1742841928207 0.00035204845823721 
0.13589118925357 0.17424874433435 0.00020339473008047 
0.13589118925358 0.17422256580576 0.00015023654078989 
0.13589118925359 0.17419675661808 0.00014813917796402 
0.13589118925358 0.17416874138424 0.00016082523221448 
0.13589118925359 0.17413337837911 0.00020303875914316 
0.13589118925358 0.1740842704523 0.00028201328930671 
0.13589118925358 0.174033565199 0.00029126843664542 
0.13589118925359 0.17397778232193 0.00032052941629822 
0.13589118925358 0.17392832104016 0.00028429654123245 
0.13589118925357 0.17389521591561 0.00019033774579298 
0.13589118925357 0.17387278702407 0.00012897934780464 
0.13589118925357 0.17385520914013 0.00010109623388416 
0.13589118925358 0.17383947144741 9.052183595865e-05 
0.13589118925358 0.17382184283107 0.00010140744328165 
0.13589118925359 0.17380073619934 0.00012142680906407 
0.13589118925357 0.17377570155443 0.00014404222593773 
0.13589118925358 0.17373796690823 0.0002171456991203 
0.13589118925358 0.17369311673737 0.00025814835786076 
0.13589118925358 0.17365010335826 0.00024764009031694 
0.13589118925358 0.17361716140064 0.0001897030694571 
0.1358911892536 0.17359590889933 0.00012241014158721 
0.13589118925358 0.17358081839091 8.6928940418024e-05 
0.13589118925358 0.17356883229409 6.9051966253265e-05 
0.13589118925358 0.17355890589752 5.71899715107e-05 
0.13589118925358 0.17354729015074 6.6926826498149e-05 
0.13589118925357 0.17353116063284 9.2940188713418e-05 
0.13589118925358 0.17350697913451 0.00013934960294407 
0.13589118925358 0.17347103609755 0.00020715614518946 
0.13589118925358 0.17342753816361 0.00025075041297686 
0.13589118925357 0.17338147868366 0.00026558342712793 
0.13589118925358 0.1733446231136 0.00021256924524068 
0.13589118925356 0.17332276038294 0.00012612292362806 
0.13589118925357 0.17330459236879 0.00010482186016726 
0.13589118925358 0.17328913415514 8.919679182474e-05 
0.13589118925358 0.17327575325994 7.7217162322335e-05 
0.13589118925359 0.17326026049361 8.9411045912706e-05 
0.13589118925358 0.17323802438715 0.0001283393340625 
0.13589118925358 0.17320577269288 0.0001861698341676 
0.13589118925358 0.17316007576373 0.00026383028951054 
0.13589118925358 0.17309565722875 0.00037201724875126 
0.13589118925358 0.17302999366315 0.0003793484287792 
0.13589118925358 0.17297746743687 0.00030356717449214 
0.13589118925359 0.17294019933011 0.00021545064402238 
0.13589118925358 0.17291532871671 0.00014381048188756 
0.13589118925358 0.17289408587604 0.00012285111346916 
0.13589118925358 0.17287428441532 0.00011452942774832 
0.13589118925358 0.1728523960309 0.00012661446149527 
0.13589118925359 0.17282298068505 0.00017017609547346 
0.13589118925358 0.1727813015906 0.00024116639048222 
0.13589118925356 0.17272241437965 0.00034081935030417 
0.13589118925357 0.17264985528823 0.00042009076633326 
0.13589118925358 0.17258263582312 0.00038933982886997 
0.13589118925358 0.17253415043004 0.00028094015860143 
0.13589118925358 0.17250338511346 0.00017831435981715 
0.13589118925358 0.1724839982472 0.00011238542502704 
0.13589118925358 0.17247022436596 7.9855994648082e-05 
0.13589118925358 0.17245656763401 7.9183128576154e-05 
0.13589118925358 0.1724399086258 9.6598282321251e-05 
0.13589118925357 0.17241691039638 0.00013336952915192 
0.13589118925358 0.17238610501938 0.00017866795621678 
0.13589118925357 0.17235002271011 0.00020931100720767 
0.13589118925358 0.17231013260084 0.00023144823912309 
0.13589118925358 0.17227512058132 0.00020319187848626 
0.13589118925358 0.17225074224463 0.00014150816788846 
0.13589118925358 0.17223502408058 9.1251647717162e-05 
0.13589118925358 0.17222346949854 6.7086134812691e-05 
0.13589118925358 0.17221261237544 6.3040903383362e-05 
0.13589118925358 0.17220051279074 7.0259573515561e-05 
0.13589118925358 0.1721847881072 9.1316124890285e-05 
0.13589118925357 0.17216230885628 0.00013055305973063 
0.13589118925358 0.17212867701193 0.00019534963589234 
0.13589118925359 0.17208422366433 0.0002582564879173 
0.13589118925358 0.17204000614143 0.0002569527988321 
0.13589118925358 0.17200657789243 0.00019430509073089 
0.13589118925357 0.17198203908469 0.00014266203090224 
0.13589118925358 0.17196326832997 0.00010914369210373 
0.13589118925359 0.17194733970129 9.2628087630201e-05 
0.13589118925357 0.17193295059766 8.3683200017011e-05 
0.13589118925358 0.17191761740999 8.9181204750821e-05 
0.13589118925358 0.17189594992104 0.00012603413938301 
0.13589118925359 0.17186134035273 0.00020134021959498 
0.13589118925358 0.17180910793115 0.00030392187958451 
0.13589118925358 0.17174273697963 0.00038630636243879 
0.13589118925358 0.17167895420316 0.00037138558280034 
0.13589118925358 0.17163141689674 0.00027689652844243 
0.13589118925357 0.17160083394197 0.00017818972377398 
0.13589118925358 0.17157864141322 0.00012932646213628 
0.13589118925358 0.17155859246174 0.00011684992552871 
0.13589118925358 0.1715395904119 0.00011076128319814 
0.13589118925359 0.17151714625259 0.00013083952957683 
0.13589118925359 0.17148415441254 0.00019235301407634 
0.13589118925359 0.1714290716511 0.00032121196052769 
0.13589118925358 0.17134130191751 0.00051198861867166 
0.13589118925357 0.17122347825183 0.00068765478234834 
0.13589118925357 0.17111102928997 0.00065673798361135 
0.13589118925358 0.17103503449135 0.00044412565885684 
0.13589118925359 0.17097677906497 0.00034060522488898 
0.13589118925358 0.17093343232675 0.00025352412448758 
0.13589118925358 0.17089999298564 0.00019562785727263 
0.13589118925357 0.17086664203406 0.00019514893475542 
0.13589118925358 0.17082982004695 0.00021550132122119 
0.13589118925358 0.17079198517386 0.00022147698264919 
0.13589118925359 0.1707578289028 0.00019998755225396 
0.13589118925358 0.17073350780396 0.000142430358828 
0.13589118925357 0.17071941448657 8.2545702768304e-05 
0.13589118925358 0.17071188957531 4.4077653852622e-05 
0.13589118925357 0.17070746115762 2.5940886177064e-05 
0.13589118925358 0.17070411731363 1.9588153682632e-05 
0.13589118925359 0.17070143316582 1.5723978170394e-05 
0.13589118925358 0.17069889055462 1.4895078228345e-05 
0.13589118925357 0.17069585457696 1.778557347168e-05 
0.13589118925356 0.17069179765245 2.3766977332937e-05 
0.13589118925357 0.17068616308486 3.3010183647446e-05 
0.13589118925358 0.17067931596423 4.0115264834952e-05 
0.13589118925359 0.17067254809742 3.9652530649002e-05 
0.13589118925359 0.17066643951102 3.5791265044103e-05 
0.13589118925359 0.17066204402831 2.5754815743149e-05 
0.13589118925358 0.17065892867138 1.825453894339e-05 
0.13589118925358 0.1706562347373 1.5785485743744e-05 
0.13589118925359 0.17065376735426 1.4458206236879e-05 
0.13589118925359 0.17065116062858 1.5274937799174e-05 
0.13589118925358 0.17064783961655 1.9460822983572e-05 
0.13589118925359 0.17064311823704 2.7667385174101e-05 
0.1358911892536 0.17063575886854 4.3127250501691e-05 
0.13589118925359 0.17062482442531 6.4080608302286e-05 
0.13589118925357 0.17061107142139 8.0603768907889e-05 
0.13589118925357 0.1705979013526 7.7193517867746e-05 
0.13589118925358 0.17058436310673 7.9357634323601e-05 
0.13589118925357 0.17057120751553 7.7120733490787e-05 
0.13589118925357 0.17055996534234 6.5908973426636e-05 
0.13589118925358 0.17054944618943 6.1674220507532e-05 
0.13589118925358 0.17053729931668 7.1222000550008e-05 
0.1358911892536 0.1705204471967 9.8817795556271e-05 
0.13589118925357 0.17049113822885 0.00017187949209134 
0.13589118925359 0.17043783052682 0.00031267139502026 
0.13589118925358 0.17036322299518 0.00043774044416382 
0.13589118925358 0.1702728033895 0.0005307460383409 
0.13589118925357 0.17016238001549 0.00064850858038142 
0.13589118925358 0.17007310784794 0.0005246292837461 
0.13589118925358 0.17001019659508 0.0003699071161763 
0.13589118925358 0.1699633219016 0.00027571695359314 
0.13589118925356 0.16992423524029 0.00022997115418424 
0.13589118925358 0.16988643619135 0.000222446485565 
0.13589118925358 0.16984001740381 0.00027323421797502 
0.13589118925359 0.16978182621981 0.0003426235164757 
0.13589118925358 0.16971379548072 0.00040069506025038 
0.13589118925358 0.16963679948364 0.00045368142799346 
0.13589118925358 0.16956388751218 0.00042981223228111 
0.13589118925358 0.16951023116577 0.00031643734520946 
0.13589118925358 0.16947781247108 0.0001912491916296 
0.13589118925358 0.16945830113858 0.00011512617620666 
0.13589118925358 0.16944516829183 7.7498987470711e-05 
0.13589118925358 0.16943507924021 5.9541689583925e-05 
0.13589118925358 0.16942621764871 5.2300807737095e-05 
0.13589118925359 0.16941619079492 5.918124082152e-05 
0.13589118925357 0.16940266841556 7.9817515102365e-05 
0.13589118925357 0.16938509807841 0.0001037193647184 
0.13589118925358 0.1693636009801 0.00012691257109523 
0.13589118925358 0.16934272804254 0.00012324335006142 
0.13589118925357 0.16932646991737 9.6007223658652e-05 
0.13589118925358 0.16931544024213 6.513851763049e-05 
0.13589118925358 0.16930864017581 4.01621157913e-05 
0.13589118925357 0.1693044121034 2.4972573196072e-05 
0.13589118925357 0.16930133035725 1.8202397174427e-05 
0.13589118925358 0.16929839858165 1.7316908208677e-05 
0.13589118925358 0.16929482721809 2.1095081784071e-05 
0.13589118925359 0.16929011005215 2.7863615320851e-05 
0.13589118925358 0.16928388420268 3.6776214911936e-05 
0.13589118925357 0.16927664074808 4.2788801944028e-05 
0.13589118925358 0.16926950671183 4.2144245220199e-05 
0.13589118925358 0.16926336969738 3.6255877176516e-05 
0.13589118925358 0.16925901341327 2.5736720913481e-05 
0.13589118925358 0.16925615940558 1.6861776758958e-05 
0.13589118925358 0.16925412810941 1.2001313137585e-05 
0.13589118925358 0.16925234021102 1.0563396045538e-05 
0.13589118925358 0.16925047673985 1.1010017124252e-05 
0.13589118925359 0.16924820791561 1.3405127667451e-05 
0.13589118925357 0.16924509774893 1.8376364033308e-05 
0.13589118925359 0.16924028569602 2.8432450723414e-05 
0.13589118925358 0.16923349494443 4.0124912123258e-05 
0.13589118925359 0.16922523609276 4.8801519302183e-05 
0.13589118925358 0.16921739096223 4.6359105260502e-05 
0.13589118925358 0.1692097169525 4.5350006203615e-05 
0.13589118925358 0.16920243553049 4.3031937766234e-05 
0.13589118925358 0.16919547303127 4.1148930277905e-05 
0.13589118925358 0.16918769611054 4.5964118222835e-05 
0.13589118925358 0.16917755081148 5.9964756851395e-05 
0.13589118925358 0.1691602190921 0.00010244692217854 
0.13589118925359 0.16911836040627 0.0002474499385885 
0.13589118925358 0.16900584796067 0.00066528817645818 
0.13589118925358 0.16889604389971 0.00064970568938965 
0.13589118925358 0.16886212457111 0.000200829621709 
0.13589118925358 0.16884776949716 8.5010620286245e-05 
0.13589118925358 0.16884115933052 3.9148676119874e-05 
0.13589118925357 0.16883749406832 2.1708345354858e-05 
0.13589118925358 0.16883472559496 1.6397266348747e-05 
0.13589118925358 0.16883212695978 1.5391591806031e-05 
0.13589118925359 0.16882922928493 1.7163053603238e-05 
0.13589118925359 0.16882570222685 2.0891276343305e-05 
0.13589118925359 0.16882156349782 2.4514804169231e-05 
0.13589118925358 0.16881781554274 2.2200689302259e-05 
0.13589118925358 0.16881465173834 1.8740939093055e-05 
0.13589118925358 0.16881176317102 1.7110880444126e-05 
0.13589118925357 0.16880978098663 1.1741980276006e-05 
0.13589118925358 0.16880840764579 8.1354340286519e-06 
0.13589118925358 0.1688072216453 7.0257193394433e-06 
0.13589118925358 0.16880606310911 6.8630724346835e-06 
0.13589118925357 0.16880466609222 8.2758691587952e-06 
0.13589118925358 0.16880252492817 1.2684270487639e-05 
0.13589118925359 0.16879942736215 1.8350235147361e-05 
0.13589118925358 0.1687949570141 2.6483194366225e-05 
0.13589118925358 0.16878902844107 3.5122927475206e-05 
0.13589118925358 0.16878226151571 4.0091026157232e-05 
0.13589118925357 0.16877379390371 5.0168850254341e-05 
0.13589118925357 0.1687660946721 4.5618643934645e-05 
0.13589118925357 0.16875986200131 3.6930823125501e-05 
0.13589118925357 0.16875377333708 3.6078864715636e-05 
0.13589118925357 0.16874590615263 4.6619309857267e-05 
0.13589118925358 0.16873321974082 7.5180560524961e-05 
0.13589118925359 0.16871020140385 0.00013641852505307 
0.13589118925358 0.16866899706156 0.00024423148065317 
0.13589118925357 0.1685988390947 0.00041595057828884 
0.13589118925358 0.16851378947127 0.00050444963844714 
0.13589118925358 0.16842505544595 0.00052656833365864 
0.13589118925359 0.16835753350442 0.00040090199972079 
0.13589118925359 0.1683070723933 0.00029972588736549 
0.13589118925358 0.16826922162744 0.00022489111909449 
0.13589118925359 0.1682383666172 0.00018336692792362 
0.13589118925358 0.16820574106697 0.00019392455409344 
0.13589118925358 0.16816414925556 0.00024726749008688 
0.13589118925357 0.1681132811377 0.00030249085839838 
0.13589118925357 0.16805507995295 0.00034620218199159 
0.13589118925357 0.16799295934236 0.00036964434880926 
0.13589118925357 0.16793350319142 0.00035392049265127 
0.13589118925357 0.16788933424022 0.00026301452876559 
0.13589118925359 0.16786007292808 0.00017428928569964 
0.13589118925357 0.16784094590606 0.00011394622723908 
0.13589118925357 0.16782761618371 7.941877519652e-05 
0.13589118925358 0.16781606128207 6.8849822849526e-05 
0.13589118925359 0.16780380908908 7.3009656513928e-05 
0.13589118925358 0.16778944480241 8.5601672253707e-05 
0.13589118925357 0.16777370551225 9.3803815704544e-05 
0.13589118925358 0.16775425959831 0.00011590561153492 
0.13589118925359 0.16772911474978 0.00014989096906382 
0.13589118925358 0.16770649679506 0.00013484811361059 
0.13589118925358 0.16769107876883 9.1934579286101e-05 
0.13589118925359 0.16768102598953 5.9948205776985e-05 
0.13589118925358 0.16767404317781 4.1643421965237e-05 
0.13589118925358 0.16766852051388 3.293690441651e-05 
0.13589118925358 0.16766311522622 3.2237939752972e-05 
0.13589118925359 0.16765758728819 3.2970507664091e-05 
0.13589118925359 0.16765127400935 3.7655789628825e-05 
0.13589118925356 0.16764236319483 5.3150890598608e-05 
0.13589118925359 0.16763100171018 6.7772157562792e-05 
0.13589118925358 0.16761916687787 7.0600498632745e-05 
0.13589118925357 0.16760897021299 6.0832332452271e-05 
0.13589118925358 0.16760148527865 4.4657122596077e-05 
0.1358911892536 0.16759649945593 2.9748081966595e-05 
0.13589118925358 0.16759304196681 2.0629840925511e-05 
0.13589118925358 0.1675902310122 1.6772501884318e-05 
0.13589118925358 0.16758755803663 1.5949471193132e-05 
0.13589118925357 0.1675841538814 2.0312696687707e-05 
0.13589118925358 0.16757933065099 2.8780945534424e-05 
0.13589118925359 0.16757297033367 3.7954068074959e-05 
0.13589118925358 0.16756576765655 4.2982332444666e-05 
0.13589118925358 0.16755842532737 4.3817596404757e-05 
0.13589118925359 0.16755214751803 3.7466390166736e-05 
0.13589118925358 0.16754757909016 2.7265707662449e-05 
0.13589118925358 0.16754439357814 1.9012581622188e-05 
0.13589118925359 0.16754190221952 1.4869841746815e-05 
0.13589118925358 0.16753990024905 1.1949073299084e-05 
0.13589118925358 0.16753783857474 1.2305572019214e-05 
0.13589118925358 0.16753453832411 1.9698538914264e-05 
0.13589118925357 0.16752981967774 2.8165215485677e-05 
0.13589118925357 0.16752307831278 4.0239791176059e-05 
0.13589118925358 0.16751459100115 5.0663536725031e-05 
0.13589118925358 0.16750644915625 4.8603795342101e-05 
0.13589118925359 0.16749961649536 4.0790434774606e-05 
0.13589118925358 0.16749416985718 3.2517317298283e-05 
0.13589118925359 0.16749000226483 2.4882014408166e-05 
0.13589118925357 0.16748653957398 2.0674015208234e-05 
0.13589118925358 0.16748324911686 1.9646098890037e-05 
0.13589118925359 0.16747985548388 2.0262521751176e-05 
0.13589118925358 0.16747464412665 3.1116322717825e-05 
0.13589118925357 0.16746588760076 5.2285681407322e-05 
0.13589118925357 0.16745316796961 7.595356483189e-05 
0.13589118925359 0.1674388325283 8.5608659948546e-05 
0.13589118925358 0.16742536890568 8.0409200264265e-05 
0.13589118925358 0.16741446041114 6.5154370668506e-05 
0.13589118925357 0.16740686013013 4.5397995997457e-05 
0.1358911892536 0.16740137747335 3.2750490497497e-05 
0.13589118925358 0.16739685048074 2.7042744114573e-05 
0.13589118925358 0.16739229849089 2.7192804614272e-05 
0.13589118925358 0.16738698413768 3.1747895570031e-05 
0.13589118925359 0.16738026609496 4.0134797520322e-05 
0.13589118925358 0.16737101816201 5.5251035084926e-05 
0.13589118925359 0.16735796206427 7.800692064379e-05 
0.13589118925357 0.16734169702576 9.7187121028732e-05 
0.13589118925357 0.16732596251448 9.402624428271e-05 
0.13589118925359 0.16731372016457 7.3164676459865e-05 
0.13589118925357 0.16730559871103 4.8540272300198e-05 
0.13589118925358 0.16730034750664 3.1386901758756e-05 
0.13589118925358 0.1672959012408 2.6576548736026e-05 
0.13589118925358 0.16729142175359 2.6775833597458e-05 
0.13589118925358 0.16728628715996 3.0692509960615e-05 
0.13589118925356 0.16727896343692 4.3779577884928e-05 
0.13589118925358 0.16726863998793 6.1713970340306e-05 
0.13589118925357 0.16725704173892 6.9339052491562e-05 
0.13589118925359 0.16724634371078 6.3961600862386e-05 
0.13589118925358 0.16723739909663 5.3481672312462e-05 
0.13589118925358 0.16723003831019 4.4013997361538e-05 
0.13589118925358 0.16722468693741 3.2000069067096e-05 
0.13589118925357 0.16722096517157 2.2256078988411e-05 
0.13589118925358 0.16721796070324 1.7967055293446e-05 
0.13589118925358 0.16721486833106 1.8493062393187e-05 
0.13589118925356 0.16721094289215 2.3475417864683e-05 
0.13589118925357 0.16720565629352 3.1616343682575e-05 
0.13589118925357 0.1671981302948 4.5010431387647e-05 
0.13589118925357 0.16718821736808 5.9288502200647e-05 
0.13589118925358 0.16717857113139 5.7696869113163e-05 
0.13589118925358 0.16717186118489 4.0136402948718e-05 
0.13589118925358 0.16716728496473 2.7374344726187e-05 
0.13589118925358 0.16716350105136 2.2635489784252e-05 
0.13589118925357 0.16716064760797 1.7069775259017e-05 
0.13589118925359 0.16715830309662 1.4025498135067e-05 
0.13589118925358 0.16715595338601 1.4056798659971e-05 
0.13589118925358 0.1671528977833 1.8279951411088e-05 
0.13589118925358 0.16714857013203 2.5890375405838e-05 
0.13589118925358 0.1671422444982 3.7844378935004e-05 
0.1358911892536 0.16713393941887 4.9688690930209e-05 
0.13589118925357 0.16712566795571 4.9490026906616e-05 
0.13589118925358 0.16711894593562 4.0221350665819e-05 
0.13589118925358 0.1671140187033 2.9483385553871e-05 
0.13589118925358 0.16711040754013 2.1608978083499e-05 
0.13589118925356 0.16710747184772 1.7567382293597e-05 
0.13589118925358 0.16710464110724 1.6939640388632e-05 
0.13589118925358 0.16710098088985 2.1903744655864e-05 
0.13589118925359 0.16709523295409 3.4397977360599e-05 
0.13589118925358 0.16708657245952 5.1829692647217e-05 
0.13589118925358 0.16707255386546 8.3900183320846e-05 
0.13589118925359 0.16705151602954 0.0001259203588004 
0.13589118925358 0.16702872851723 0.00013641008982704 
0.13589118925357 0.16700970575518 0.00011388916278452 
0.13589118925359 0.16699367005537 9.6016574240748e-05 
0.13589118925358 0.16697898057791 8.7964277039793e-05 
0.13589118925358 0.16696348981827 9.2770716341188e-05 
0.13589118925358 0.16694107737344 0.00013423560355878 
0.13589118925359 0.16690062150779 0.00024233619598407 
0.13589118925358 0.16683165824019 0.00041319958538037 
0.13589118925357 0.16674410730198 0.00052478611750097 
0.13589118925358 0.16668575278861 0.00034996447141992 
0.13589118925357 0.16666066529031 0.00015050775416051 
0.13589118925358 0.16664964859347 6.610256125747e-05 
0.13589118925358 0.16664374342421 3.5434633747274e-05 
0.13589118925357 0.16663982922139 2.3488447495466e-05 
0.13589118925357 0.1666365510525 1.9672181025892e-05 
0.13589118925358 0.16663321810163 2.000131934252e-05 
0.13589118925358 0.16662908200347 2.4821570429956e-05 
0.13589118925358 0.16662403835025 3.0268745192633e-05 
0.13589118925358 0.16661910210308 2.9625060235409e-05 
0.13589118925358 0.16661451894497 2.7506798747439e-05 
0.13589118925359 0.16661091983333 2.1601428609384e-05 
0.13589118925356 0.16660867930516 1.3447667020404e-05 
0.13589118925358 0.16660721892325 8.7653410997865e-06 
0.13589118925359 0.16660613235973 6.5217073463105e-06 
0.13589118925358 0.1666051704775 5.7733903349385e-06 
0.13589118925357 0.16660415604972 6.0888132968957e-06 
0.1358911892536 0.16660281242697 8.0647613149174e-06 
0.1358911892536 0.1666007596964 1.2321103897512e-05 
0.13589118925358 0.16659789905548 1.7170635532236e-05 
0.13589118925359 0.16659478765228 1.8676125101543e-05 
0.13589118925356 0.16659205215634 1.6420057163758e-05 
0.1358911892536 0.16658985879 1.3166092329844e-05 
0.13589118925357 0.16658827465449 9.5091953618947e-06 
0.13589118925358 0.16658710093177 7.0456502076491e-06 
0.13589118925358 0.16658602792744 6.4411009832135e-06 
0.13589118925359 0.16658477233291 7.5372138946666e-06 
0.13589118925358 0.1665829625539 1.0864012251538e-05 
0.13589118925356 0.16657985690356 1.8643265187841e-05 
0.1358911892536 0.16657412738037 3.4395054099665e-05 
0.13589118925358 0.16656404596039 6.0522123923196e-05 
0.13589118925359 0.16654859723052 9.2749487308877e-05 
0.13589118925358 0.16652917711898 0.00011660327293741 
0.13589118925358 0.16650911508168 0.00012047160534505 
0.13589118925358 0.16649098629948 0.00010887561434218 
0.13589118925358 0.16647446324464 9.9242939239458e-05 
0.13589118925358 0.16645703780097 0.00010467337349952 
0.13589118925358 0.16643422073133 0.00013707482691434 
0.13589118925357 0.16639937637006 0.00020935815427929 
0.13589118925358 0.16635000682099 0.00029669311360051 
0.13589118925359 0.16629732584056 0.00031668757602162 
0.13589118925357 0.16625372473471 0.00026218765469391 
0.13589118925358 0.16622604948506 0.00016646393757837 
0.13589118925358 0.16621071919019 9.2225586255339e-05 
0.13589118925358 0.16620235671836 5.0312470051211e-05 
0.13589118925358 0.16619754649611 2.8941961749019e-05 
0.13589118925358 0.1661942063113 2.0097678215175e-05 
0.13589118925358 0.16619106883982 1.8878344522532e-05 
0.13589118925358 0.16618771399785 2.0186656180241e-05 
0.13589118925359 0.16618354702945 2.5073865561636e-05 
0.13589118925358 0.16617794909634 3.368524269972e-05 
0.13589118925358 0.16617176830851 3.7193790522898e-05 
0.13589118925357 0.16616651844981 3.1592964008034e-05 
0.13589118925359 0.16616265347888 2.3259625129347e-05 
0.13589118925358 0.16616013655643 1.5147341480592e-05 
0.13589118925358 0.16615863357951 9.0453519669719e-06 
0.13589118925358 0.16615767931639 5.7430848044065e-06 
0.13589118925357 0.16615689322898 4.7309724605035e-06 
0.13589118925358 0.16615605094893 5.0691851378239e-06 
0.13589118925358 0.16615504825921 6.0346265692494e-06 
0.13589118925357 0.16615376919437 7.6980197198048e-06 
0.13589118925359 0.16615200537088 1.0615609270543e-05 
0.13589118925359 0.16614996473556 1.2281737526033e-05 
0.13589118925358 0.16614812360782 1.1081120241638e-05 
0.13589118925359 0.16614672185483 8.4367669076033e-06 
0.13589118925358 0.16614578046076 5.6660405812829e-06 
0.13589118925358 0.16614518144772 3.6053461227057e-06 
0.13589118925358 0.16614475687711 2.5554193391646e-06 
0.13589118925358 0.16614437690436 2.2869981519213e-06 
0.13589118925358 0.16614394922386 2.5741497063228e-06 
0.13589118925356 0.1661433674525 3.5016102657773e-06 
0.13589118925358 0.16614249785375 5.2340262516796e-06 
0.13589118925357 0.16614130660435 7.1700462853078e-06 
0.13589118925358 0.16613992248352 8.3309855743111e-06 
0.13589118925358 0.16613863127263 7.7718279696071e-06 
0.13589118925357 0.16613762392667 6.0632855227195e-06 
0.13589118925358 0.16613691332929 4.2771610543423e-06 
0.13589118925358 0.16613641899027 2.9754917985601e-06 
0.13589118925359 0.16613600568856 2.4877249179501e-06 
0.13589118925358 0.16613553758651 2.8175833760434e-06 
0.1358911892536 0.16613493810308 3.6083997576304e-06 
0.13589118925359 0.16613404703416 5.3635251463751e-06 
0.13589118925358 0.16613253658769 9.091733435052e-06 
0.13589118925358 0.16613031048311 1.3399570154159e-05 
0.13589118925358 0.16612755388051 1.6593014245167e-05 
0.13589118925358 0.16612442483543 1.883519623966e-05 
0.13589118925358 0.16612147901615 1.7732607834871e-05 
0.13589118925358 0.16611902813973 1.4753519165559e-05 
0.13589118925358 0.16611676267951 1.3637572043733e-05 
0.13589118925358 0.16611400753907 1.6585565458193e-05 
0.13589118925356 0.166109765607 2.5536269542969e-05 
0.13589118925358 0.16610102316426 5.2630516400549e-05 
0.13589118925358 0.16607107493012 0.00018030132246744 
0.13589118925358 0.16587898211463 0.0011566903843088 
0.13589118925358 0.16557171331621 0.0018523672770598 
0.13589118925359 0.16551731718903 0.00032853514702622 
0.13589118925357 0.16550764708724 5.8423504886165e-05 
0.13589118925358 0.16550422376439 2.0683774519679e-05 
0.13589118925359 0.1655024370712 1.0795453741183e-05 
0.13589118925359 0.16550110483653 8.0496377746746e-06 
0.13589118925358 0.16549987348604 7.4401345504987e-06 
0.13589118925358 0.16549864548968 7.419923280207e-06 
0.13589118925359 0.16549735701016 7.7854384644612e-06 
0.13589118925359 0.16549605989874 7.8376563666465e-06 
0.13589118925358 0.16549498930007 6.4690281658698e-06 
0.13589118925357 0.1654942845667 4.2583365801875e-06 
0.13589118925359 0.16549386450522 2.5382235017152e-06 
0.13589118925357 0.16549360000525 1.5982463830986e-06 
0.13589118925358 0.16549342562669 1.0536876218182e-06 
0.13589118925358 0.16549328610129 8.4308729506894e-07 
0.13589118925359 0.16549313903283 8.8866724301596e-07 
0.13589118925358 0.1654929575332 1.0967199214616e-06 
0.13589118925357 0.16549270354195 1.5347556471784e-06 
0.13589118925359 0.16549234272465 2.1802611171186e-06 
0.13589118925358 0.16549195176753 2.3623879565056e-06 
0.13589118925359 0.16549162019362 2.0035651650775e-06 
0.13589118925358 0.16549136111581 1.5655040889239e-06 
0.13589118925359 0.16549118319726 1.075092648187e-06 
0.13589118925358 0.16549106794252 6.9644039149566e-07 
0.13589118925359 0.16549098416597 5.0623001972507e-07 
0.13589118925358 0.16549090573339 4.7393869650267e-07 
0.13589118925358 0.16549081195558 5.6666444459139e-07 
0.13589118925358 0.16549068680396 7.5624515159632e-07 
0.13589118925359 0.16549051100444 1.0622925320675e-06 
0.13589118925357 0.16549026136275 1.5084954420272e-06 
0.13589118925358 0.16548997987659 1.7009228327843e-06 
0.13589118925358 0.16548971561476 1.5968448775001e-06 
0.13589118925357 0.16548949444979 1.3364272709261e-06 
0.13589118925357 0.16548934186004 9.2205100192463e-07 
0.13589118925358 0.1654892365683 6.3624485035948e-07 
0.13589118925359 0.16548914222781 5.7007024235981e-07 
0.13589118925357 0.16548903484074 6.4890702135949e-07 
0.13589118925357 0.16548888900372 8.8124883347061e-07 
0.13589118925359 0.16548867193776 1.3116648995921e-06 
0.13589118925359 0.16548833051819 2.0630993191175e-06 
0.13589118925357 0.16548785586279 2.8682107268366e-06 
0.13589118925358 0.16548732704782 3.1954910565321e-06 
0.13589118925358 0.16548680508838 3.1540749996606e-06 
0.13589118925358 0.16548637238223 2.6147471489782e-06 
0.13589118925358 0.16548606354539 1.86623730931e-06 
0.13589118925357 0.16548581732706 1.4878493223494e-06 
0.13589118925358 0.16548556805746 1.5062898003356e-06 
0.13589118925358 0.16548527286797 1.7837778704613e-06 
0.13589118925359 0.16548483027664 2.6745058304761e-06 
0.13589118925357 0.16548406712461 4.6116132166481e-06 
0.13589118925359 0.16548277521132 7.8068741595964e-06 
0.13589118925358 0.16548077332888 1.209722546875e-05 
0.13589118925358 0.1654781579297 1.5804852277506e-05 
0.1358911892536 0.1654753974573 1.6681793162841e-05 
0.13589118925357 0.16547280462716 1.5668976618573e-05 
0.13589118925358 0.16547042769614 1.4364481384971e-05 
0.13589118925357 0.16546808365604 1.4165915509253e-05 
0.13589118925358 0.16546545643714 1.5877496412605e-05 
0.13589118925359 0.16546198148917 2.1001047862708e-05 
0.13589118925358 0.1654559667015 3.6351478537149e-05 
0.13589118925359 0.1654440450632 7.2053238947919e-05 
0.13589118925358 0.16542477144377 0.00011649630194889 
0.13589118925359 0.16540269124927 0.00013347574431079 
0.13589118925358 0.16538556480389 0.00010354393423756 
0.13589118925356 0.16537585992137 5.8680348090528e-05 
0.13589118925358 0.1653703656042 3.3223211525912e-05 
0.13589118925357 0.16536646672307 2.3576661503822e-05 
0.13589118925359 0.1653632332055 1.9553647333156e-05 
0.13589118925359 0.16536013691443 1.8724180755608e-05 
0.13589118925358 0.1653565701603 2.1569612800173e-05 
0.13589118925357 0.16535174496182 2.9180567048967e-05 
0.13589118925358 0.16534585403914 3.5626613308648e-05 
0.13589118925358 0.16534021135548 3.4126550660194e-05 
0.13589118925359 0.16533550032066 2.8492976877897e-05 
0.13589118925356 0.16533218718902 2.0038839979951e-05 
0.13589118925358 0.16533016182598 1.2250264632147e-05 
0.13589118925359 0.16532883519122 8.0241544626537e-06 
0.13589118925358 0.16532772884456 6.6917949048286e-06 
0.13589118925358 0.16532659250267 6.8732686368602e-06 
0.13589118925359 0.16532521436158 8.3358706555439e-06 
0.13589118925357 0.16532335433481 1.1250714427097e-05 
0.13589118925358 0.16532081309741 1.5371315232276e-05 
0.13589118925358 0.16531751479094 1.9950945117187e-05 
0.13589118925357 0.16531412007378 2.0534528141887e-05 
0.13589118925358 0.16531141266927 1.6377333714315e-05 
0.13589118925357 0.16530931589522 1.2683782764766e-05 
0.13589118925357 0.16530772521914 9.6224225047792e-06 
0.13589118925358 0.16530644948411 7.717334639777e-06 
0.13589118925357 0.165305161316 7.7926064992821e-06 
0.13589118925357 0.16530343864062 1.0421183239867e-05 
0.13589118925358 0.16530060840966 1.7121428212953e-05 
0.13589118925358 0.16529581242872 2.901369201423e-05 
0.13589118925358 0.16528818973977 4.6115438987436e-05 
0.13589118925358 0.16527760510123 6.4037476319269e-05 
0.13589118925357 0.1652661747198 6.9158682570126e-05 
0.13589118925358 0.16525639149227 5.9196792989035e-05 
0.13589118925359 0.16524795585578 5.1045750286312e-05 
0.13589118925357 0.16524018034733 4.7053583223244e-05 
0.13589118925357 0.16523217103704 4.8470718645496e-05 
0.13589118925359 0.16522202687421 6.1393388277455e-05 
0.13589118925357 0.1652060581702 9.6649970412491e-05 
0.13589118925357 0.16517959804211 0.00016016439340663 
0.13589118925358 0.16514347338469 0.00021869926941916 
0.13589118925358 0.16510673206228 0.00022248122592983 
0.13589118925357 0.16508026123832 0.00016032552778933 
0.13589118925358 0.1650641577202 9.7549628272842e-05 
0.13589118925357 0.16505320303138 6.6366247989235e-05 
0.13589118925358 0.16504533358929 4.7678214892734e-05 
0.13589118925358 0.16503880097159 3.9580747696135e-05 
0.13589118925358 0.16503212638628 4.0442521776346e-05 
0.13589118925357 0.16502362941299 5.1486783077581e-05 
0.13589118925357 0.16501194711502 7.0791667915774e-05 
0.13589118925357 0.16499755376373 8.7226116265007e-05 
0.13589118925358 0.16498325882712 8.663726393452e-05 
0.13589118925357 0.1649704080166 7.7891603157277e-05 
0.13589118925357 0.16496160258661 5.3375815060275e-05 
0.13589118925359 0.16495644255351 3.1280207131755e-05 
0.1358911892536 0.16495312880214 2.0088644755776e-05 
0.13589118925358 0.16495083761025 1.38899571369e-05 
0.13589118925357 0.16494899776037 1.1153928654653e-05 
0.13589118925358 0.16494712047063 1.1381031506936e-05 
0.13589118925357 0.16494478863539 1.4136865412246e-05 
0.13589118925355 0.16494202919038 1.672950709674e-05 
0.13589118925359 0.16493947017897 1.551461090371e-05 
0.13589118925357 0.16493764964461 1.103759069621e-05 
0.13589118925358 0.16493649887503 6.976997571139e-06 
0.13589118925359 0.16493584775538 3.9476989722059e-06 
0.13589118925356 0.16493548833396 2.1791589111384e-06 
0.13589118925359 0.16493525465697 1.4167781388922e-06 
0.13589118925357 0.16493505194085 1.2290648007008e-06 
0.13589118925358 0.16493483873361 1.2926739317969e-06 
0.13589118925359 0.16493457105816 1.6229163917908e-06 
0.13589118925356 0.16493421269224 2.1727762037346e-06 
0.13589118925359 0.16493377065982 2.6800529489533e-06 
0.13589118925357 0.16493331785278 2.7453870716009e-06 
0.13589118925358 0.16493294112009 2.2841515034115e-06 
0.13589118925358 0.16493266821883 1.654619522334e-06 
0.13589118925359 0.16493248131169 1.133232955732e-06 
0.13589118925358 0.16493235056214 7.9274594150851e-07 
0.13589118925358 0.16493224399734 6.4611215286322e-07 
0.13589118925357 0.16493213740338 6.4628943890577e-07 
0.13589118925358 0.16493200743666 7.8800114394585e-07 
0.13589118925358 0.16493181730491 1.1527886966974e-06 
0.13589118925357 0.16493155019455 1.6195198906139e-06 
0.13589118925358 0.16493123115145 1.9343970002451e-06 
0.13589118925359 0.16493090530544 1.9756477136264e-06 
0.13589118925359 0.16493064892329 1.5544821668808e-06 
0.13589118925356 0.16493049008787 9.6304369319448e-07 
0.1358911892536 0.16493037713984 6.8482205225412e-07 
0.13589118925359 0.16493028933817 5.3235593180687e-07 
0.13589118925358 0.16493021545885 4.4794274032169e-07 
0.13589118925356 0.16493013327121 4.9831762161266e-07 
0.13589118925357 0.1649300193899 6.9048212995992e-07 
0.13589118925358 0.16492985060534 1.0233707622568e-06 
0.13589118925357 0.16492961870195 1.4060728733171e-06 
0.13589118925359 0.16492935988873 1.5692343410348e-06 
0.13589118925358 0.16492912603838 1.4178818678542e-06 
0.13589118925359 0.16492894195583 1.116131294669e-06 
0.13589118925357 0.16492882131623 7.3146407574098e-07 
0.1358911892536 0.16492874107762 4.8650450136595e-07 
0.13589118925357 0.16492867224889 4.1732399126515e-07 
0.13589118925358 0.1649286005821 4.345320244123e-07 
0.13589118925358 0.16492851652371 5.0966538887456e-07 
0.13589118925357 0.16492840119064 6.9929124430201e-07 
0.13589118925359 0.16492823480886 1.0088121770654e-06 
0.13589118925359 0.1649280157715 1.3280767686306e-06 
0.1358911892536 0.16492777570926 1.4555577033923e-06 
0.13589118925359 0.16492756602838 1.2713496827787e-06 
0.13589118925356 0.1649274086607 9.5416240667601e-07 
0.1358911892536 0.16492729809172 6.7040994167449e-07 
0.13589118925357 0.1649272195313 4.7633366248594e-07 
0.13589118925357 0.16492715365658 3.9941690158961e-07 
0.13589118925358 0.16492708539612 4.1388250772858e-07 
0.13589118925357 0.1649269953287 5.4610443679969e-07 
0.13589118925358 0.16492686478803 7.9150577847577e-07 
0.13589118925358 0.16492668891584 1.0663647182436e-06 
0.13589118925359 0.16492646156211 1.3785138947463e-06 
0.13589118925358 0.16492622595272 1.4285723924734e-06 
0.13589118925358 0.16492603747536 1.142798024885e-06 
0.1358911892536 0.16492589644916 8.550875019411e-07 
0.13589118925357 0.16492579257505 6.2982297160233e-07 
0.13589118925358 0.16492571312386 4.8173901424816e-07 
0.13589118925359 0.16492564071752 4.3902393252316e-07 
0.13589118925358 0.164925551416 5.4146537802699e-07 
0.13589118925358 0.16492541359866 8.3563361316828e-07 
0.13589118925358 0.16492520783998 1.2475862677235e-06 
0.13589118925358 0.16492490092338 1.8609441383886e-06 
0.13589118925358 0.164924452998 2.7159354648086e-06 
0.13589118925357 0.16492394911481 3.0552363839076e-06 
0.13589118925359 0.16492349082565 2.7787908425089e-06 
0.13589118925358 0.16492309003529 2.4301593248878e-06 
0.13589118925355 0.16492270577586 2.3299310361813e-06 
0.13589118925357 0.16492227396742 2.6182473856029e-06 
0.13589118925357 0.16492162925047 3.9092169466447e-06 
0.13589118925358 0.16492034034586 7.8152551232368e-06 
0.13589118925358 0.16491704130457 2.0003847246657e-05 
0.13589118925359 0.16490636463283 6.4739651257545e-05 
0.13589118925356 0.1648633821894 0.00026064757122676 
0.13589118925358 0.16472386763836 0.00084624341190738 
0.1358911892536 0.16454909871138 0.0010609812013959 
0.13589118925358 0.16450459324994 0.00027046918992743 
0.13589118925359 0.16449572929992 5.3882690134277e-05 
0.13589118925357 0.16449194505006 2.3005155678709e-05 
0.13589118925358 0.16448937307614 1.5635865442479e-05 
0.13589118925357 0.16448723136533 1.3020359726883e-05 
0.13589118925358 0.16448548360473 1.0625509277547e-05 
0.13589118925359 0.16448423275999 7.6045904405733e-06 
0.13589118925359 0.16448350752033 4.4091743839888e-06 
0.13589118925358 0.1644830916715 2.5282098712646e-06 
0.13589118925357 0.16448284596379 1.493817435465e-06 
0.13589118925356 0.16448270517023 8.5597715263537e-07 
0.13589118925358 0.1644826146435 5.5037231637145e-07 
0.13589118925357 0.16448254688491 4.1194986943333e-07 
0.13589118925358 0.16448248360436 3.8472501657965e-07 
0.13589118925358 0.16448240936531 4.513492794846e-07 
0.13589118925357 0.16448231248668 5.8899082240348e-07 
0.13589118925358 0.16448219346638 7.2360548163058e-07 
0.13589118925357 0.1644820670457 7.6859797089469e-07 
0.13589118925358 0.16448196455821 6.2309217386847e-07 
0.13589118925357 0.16448189672318 4.1241620893479e-07 
0.13589118925357 0.16448185444532 2.5703658339848e-07 
0.13589118925358 0.16448182785217 1.6167828224467e-07 
0.13589118925359 0.16448180827422 1.1902808528447e-07 
0.13589118925358 0.16448178928255 1.1546365314046e-07 
0.13589118925358 0.16448176808583 1.2886970125456e-07 
0.13589118925357 0.16448174162312 1.608853653818e-07 
0.13589118925357 0.16448170382975 2.2977243454623e-07 
0.13589118925358 0.16448165698925 2.8477632974235e-07 
0.13589118925357 0.16448160887319 2.9253149973737e-07 
0.13589118925358 0.16448156772675 2.5015826448671e-07 
0.13589118925358 0.16448153985334 1.6946222247366e-07 
0.13589118925358 0.16448152280111 1.0367258424787e-07 
0.1358911892536 0.16448151128959 6.9986731532459e-08 
0.13589118925356 0.16448150204154 5.622547568544e-08 
0.13589118925357 0.16448149286657 5.5781166897846e-08 
0.13589118925358 0.16448148166474 6.8103874948474e-08 
0.13589118925358 0.16448146669728 9.0997832900823e-08 
0.13589118925359 0.16448144561253 1.2818924647525e-07 
0.13589118925359 0.16448141848509 1.6492701909272e-07 
0.13589118925359 0.16448139130122 1.6527017568796e-07 
0.13589118925359 0.16448136965366 1.3161102037326e-07 
0.13589118925358 0.16448135395068 9.5469626459449e-08 
0.13589118925359 0.16448134291158 6.7114621737366e-08 
0.13589118925358 0.16448133462791 5.0362339962795e-08 
0.13589118925359 0.16448132756188 4.2959450559468e-08 
0.13589118925357 0.16448132005094 4.5664411213228e-08 
0.13589118925357 0.16448131007946 6.0623770909336e-08 
0.13589118925356 0.16448129526736 9.0053424993425e-08 
0.13589118925359 0.16448127493134 1.2363725313043e-07 
0.13589118925357 0.16448125057154 1.4810077834157e-07 
0.13589118925357 0.164481228015 1.3713745286325e-07 
0.13589118925358 0.1644812120869 9.6838383124739e-08 
0.1358911892536 0.16448120067939 6.9354494870394e-08 
0.13589118925359 0.1644811924853 4.9817795014997e-08 
0.13589118925358 0.16448118601511 3.9336968536805e-08 
0.13589118925358 0.16448117978428 3.7881692029215e-08 
0.13589118925358 0.16448117253283 4.4086812878758e-08 
0.13589118925356 0.16448116275771 5.9430009244968e-08 
0.13589118925358 0.16448114855632 8.6340516272517e-08 
0.13589118925356 0.16448113083869 1.0771831277715e-07 
0.13589118925358 0.16448111266504 1.104907849277e-07 
0.13589118925357 0.16448109778257 9.048135484227e-08 
0.13589118925359 0.16448108718302 6.4442378960384e-08 
0.13589118925358 0.16448107968983 4.5556501913594e-08 
0.13589118925359 0.16448107436819 3.2354127319285e-08 
0.13589118925359 0.16448107001689 2.6454735503015e-08 
0.13589118925358 0.16448106552604 2.73031441113e-08 
0.13589118925358 0.16448105981943 3.4694601157272e-08 
0.13589118925357 0.1644810519729 4.7704798802431e-08 
0.13589118925358 0.16448104132976 6.4707369162089e-08 
0.13589118925357 0.16448102831224 7.9143000033605e-08 
0.13589118925356 0.16448101595391 7.513525583239e-08 
0.13589118925357 0.1644810069235 5.4902468213359e-08 
0.13589118925357 0.16448100109323 3.5446439420422e-08 
0.13589118925358 0.1644809970898 2.4339817698315e-08 
0.13589118925359 0.1644809940843 1.8272637438548e-08 
0.13589118925356 0.16448099155775 1.5360739094742e-08 
0.13589118925358 0.16448098872527 1.7220697279013e-08 
0.13589118925358 0.16448098503932 2.2409598244877e-08 
0.13589118925358 0.16448098028468 2.8906870091897e-08 
0.13589118925356 0.16448097402198 3.8075562892327e-08 
0.13589118925358 0.16448096708872 4.2152348265436e-08 
0.13589118925357 0.16448096133232 3.4997361112098e-08 
0.13589118925358 0.16448095715609 2.539033897966e-08 
0.13589118925359 0.16448095440398 1.6732097594908e-08 
0.13589118925358 0.16448095262921 1.0790106407517e-08 
0.13589118925359 0.16448095129629 8.1037927565693e-09 
0.13589118925359 0.16448095005817 7.5274845672493e-09 
0.13589118925356 0.16448094866284 8.48318889078e-09 
0.13589118925359 0.16448094680647 1.1286248336494e-08 
0.13589118925358 0.16448094428033 1.5358281161802e-08 
0.13589118925359 0.16448094127653 1.8262253923797e-08 
0.13589118925359 0.16448093828376 1.8195263264981e-08 
0.13589118925358 0.16448093572976 1.5527622402353e-08 
0.13589118925359 0.16448093379124 1.1785684746189e-08 
0.13589118925357 0.16448093248497 7.9417754817922e-09 
0.13589118925358 0.16448093159438 5.4145529140249e-09 
0.13589118925357 0.16448093087851 4.3523196014024e-09 
0.1358911892536 0.16448093016041 4.3658409370779e-09 
0.13589118925358 0.16448092927829 5.3630488693167e-09 
0.13589118925358 0.16448092808566 7.2508493676508e-09 
0.13589118925357 0.16448092654315 9.3780484922294e-09 
0.13589118925357 0.16448092480242 1.0583206164291e-08 
0.13589118925358 0.16448092315549 1.0012891803126e-08 
0.13589118925358 0.16448092193709 7.4075543620096e-09 
0.13589118925358 0.16448092112095 4.9619023195311e-09 
0.13589118925358 0.16448092057156 3.3401110239307e-09 
0.13589118925358 0.16448092020407 2.2342897323811e-09 
0.13589118925358 0.1644809198954 1.8766228071647e-09 
0.13589118925358 0.16448091953956 2.1634000219486e-09 
0.13589118925358 0.16448091909004 2.7329585338316e-09 
0.13589118925357 0.16448091849495 3.6179892636322e-09 
0.13589118925357 0.16448091778071 4.3423733556545e-09 
0.13589118925356 0.16448091706941 4.3245321468578e-09 
0.13589118925356 0.16448091648364 3.5613120906893e-09 
0.13589118925356 0.1644809160808 2.4491729049872e-09 
0.13589118925358 0.1644809158346 1.4968055770834e-09 
0.13589118925357 0.16448091567701 9.5810201571264e-10 
0.13589118925358 0.16448091556056 7.080008330525e-10 
0.13589118925357 0.16448091545867 6.1944268057024e-10 
0.13589118925357 0.16448091534369 6.9908022003992e-10 
0.13589118925359 0.1644809151919 9.2284075395362e-10 
0.13589118925359 0.16448091499247 1.21244751526e-09 
0.13589118925358 0.16448091476221 1.3999532066581e-09 
0.13589118925359 0.1644809145505 1.2871279612144e-09 
0.13589118925358 0.16448091438563 1.0023810999562e-09 
0.13589118925358 0.16448091427518 6.7150839945646e-10 
0.13589118925359 0.16448091420668 4.164609173217e-10 
0.13589118925359 0.16448091416055 2.8042695357292e-10 
0.13589118925358 0.16448091412116 2.3951740653486e-10 
0.13589118925357 0.16448091408008 2.49733993599e-10 
0.13589118925357 0.16448091403133 2.9636742146927e-10 
0.13589118925356 0.16448091396832 3.8310041341357e-10 
0.1358911892536 0.16448091388949 4.7929400822619e-10 
0.13589118925357 0.16448091381075 4.7868922106354e-10 
0.13589118925357 0.16448091373869 4.3812526688479e-10 
0.13589118925358 0.16448091368545 3.236476534154e-10 
0.13589118925357 0.16448091365132 2.0753927381529e-10 
0.13589118925357 0.16448091362834 1.3971668761543e-10 
0.13589118925357 0.16448091360943 1.1492040450827e-10 
0.1358911892536 0.1644809135903 1.1632437525616e-10 
0.13589118925358 0.16448091356745 1.3892830410076e-10 
0.13589118925358 0.16448091353919 1.7179201909498e-10 
0.13589118925361 0.16448091350798 1.8977364431104e-10 
0.13589118925357 0.16448091347448 2.0369455417879e-10 
0.13589118925357 0.16448091344621 1.7187841739122e-10 
0.13589118925359 0.1644809134255 1.2587137637694e-10 
0.13589118925358 0.1644809134107 9.0016123743787e-11 
0.13589118925358 0.16448091340014 6.4161462652667e-11 
0.13589118925357 0.16448091339159 5.2000916123954e-11 
0.1358911892536 0.16448091338317 5.1169333459628e-11 
0.13589118925358 0.16448091337284 6.2822290576168e-11 
0.13589118925358 0.1644809133595 8.109550970708e-11 
0.13589118925358 0.16448091334473 8.9800128281935e-11 
0.13589118925357 0.1644809133298 9.080450735566e-11 
0.13589118925358 0.16448091331587 8.4648635670587e-11 
0.1358911892536 0.1644809133061 5.9431161282811e-11 
0.13589118925358 0.16448091329974 3.8663194149574e-11 
0.13589118925357 0.16448091329534 2.6707843333965e-11 
0.13589118925359 0.16448091329192 2.0843565562446e-11 
0.13589118925358 0.16448091328871 1.9482793925096e-11 
0.13589118925357 0.16448091328481 2.3716305687553e-11 
0.13589118925357 0.16448091327977 3.061736185146e-11 
0.13589118925359 0.16448091327369 3.700002882057e-11 
0.13589118925357 0.16448091326679 4.1967925277891e-11 
0.13589118925357 0.16448091326018 4.0153563095663e-11 
0.13589118925358 0.1644809132553 2.9688581214204e-11 
0.13589118925358 0.16448091325199 2.0119980648855e-11 
0.13589118925358 0.16448091324975 1.3618516156048e-11 
0.13589118925358 0.16448091324812 9.892593813727e-12 
0.13589118925357 0.16448091324668 8.7370178988912e-12 
0.13589118925357 0.16448091324512 9.5254014671067e-12 
0.13589118925358 0.16448091324295 1.3175725385466e-11 
0.13589118925358 0.16448091324009 1.7409237148894e-11 
0.13589118925358 0.16448091323694 1.9126401359323e-11 
0.13589118925359 0.164480913234 1.7884427245423e-11 
0.13589118925356 0.16448091323155 1.4882089821639e-11 
0.13589118925358 0.1644809132299 1.004379066352e-11 
0.13589118925359 0.16448091322881 6.6310617929709e-12 
0.13589118925357 0.16448091322811 4.2443115385258e-12 
0.13589118925358 0.16448091322756 3.337130446336e-12 
0.13589118925358 0.16448091322702 3.3047311216253e-12 
0.13589118925358 0.16448091322636 4.0175162655186e-12 
0.13589118925357 0.1644809132255 5.227091055158e-12 
0.13589118925358 0.16448091322436 6.9442552654632e-12 
0.13589118925356 0.16448091322308 7.7542383835726e-12 
0.13589118925359 0.16448091322205 6.2638694463886e-12 
0.13589118925356 0.16448091322124 4.9030978080659e-12 
0.13589118925359 0.1644809132207 3.3263306715676e-12 
0.13589118925356 0.16448091322035 2.0951563320983e-12 
0.13589118925358 0.16448091322012 1.4147705129147e-12 
0.13589118925358 0.16448091321992 1.1879752398537e-12 
0.13589118925357 0.16448091321971 1.3067727638406e-12 
0.13589118925358 0.16448091321944 1.6199662361682e-12 
0.13589118925357 0.16448091321907 2.2895522804547e-12 
0.13589118925358 0.16448091321861 2.7647423764045e-12 
0.13589118925359 0.16448091321815 2.8079414760436e-12 
0.13589118925361 0.16448091321783 1.9547592583281e-12 
0.13589118925358 0.16448091321759 1.4471698376601e-12 
0.13589118925358 0.16448091321742 1.0475781660689e-12 
0.13589118925359 0.16448091321732 5.8318784502867e-13 

0.13589118925359 0.16448091321732 5.8318784502867e-13  Nbr of iterations = 1703
0.13589118925359 0.1488066654994 0.14912384091165 0.14912384091167 0.15057478974839 0.15057478974839 0.15235990336329 0.1523599033633 0.15273028472241 0.15294172442518 0.15294172442519 0.15473893819611 0.15699370478127 0.15699370478127 0.15708711951006 0.15794368183721 0.15794368183723 0.15924052400976 0.15924052400977 0.15975979383065 0.15975979383066 0.1616837907566 0.16191436602575 0.16278355315039 0.16292465186788 0.16294668375829 0.16295172935373 0.16299680870993 0.16447083633321 0.16448091321732 
------------------------------------------------------------------

time = 8744.079388
----------------------------------------------------------------
