NbrParticles        8                   
NbrFluxQuanta       24                  
Momentum            4                   
Ratio               1                   
Statistics          0                   
Hilbert space dimension = 328755
memory requested for Hilbert space = 4Mo
 Hilbert space dimension = 328755
Hilbert space dimension = 328755
memory requested for Hilbert space = 4Mo
 Hilbert space dimension = 328755
FormFactor=1
nbr interaction = 3756
====================================
Manager at 0x7ffd98c3a2b8
RealFlag = 0
----------------------------------------------------------------
 Kx = 0 Ky = 4
 Hilbert space dimension = 328755
Using FullReorthogonalizedLanczosAlgorithm
Run Lanczos Algorithm
0.15117905317607 8.3641144742828 1 
0.14904076041694 8.1353667431466 0.027348708801095 
0.1460971004198 8.00848436741 0.015596392853896 
0.1435830792037 7.9653461702692 0.0053865619462614 
0.14205395615623 7.779634490216 0.023314954062686 
0.14116514659046 7.7731135636023 0.00083820475395446 
0.14037658545077 7.3197896089394 0.058319481756389 
0.13971925999758 7.0281126103403 0.039847729809463 
0.13911493007379 6.9665300191534 0.0087623227744379 
0.13847577384999 6.7494741872629 0.031156950633069 
0.13769682586106 6.6078069649373 0.02098937167475 
0.13676744453242 6.348442552464 0.03925120903948 
0.13572089802749 6.1123760185993 0.037184952358596 
0.13471726975534 6.0195740022914 0.015182641909716 
0.13400079345348 5.7924152519072 0.037736682080443 
0.13346300739323 5.7352889310504 0.0098622626956847 
0.13307688494502 5.5922036116526 0.024948232097454 
0.13281088881883 5.4694698417404 0.021947299926004 
0.13261218459264 5.2632152475422 0.037710162075334 
0.1324096448642 5.0888744141972 0.033124397377907 
0.13218870198784 4.9389934154659 0.02945268177833 
0.13193293878716 4.8124641369551 0.025618434338194 
0.13165474529853 4.6578241209102 0.032133229805783 
0.13138974463456 4.5368732143846 0.02596725496409 
0.13119107099034 4.4229916889231 0.025101324211674 
0.1310325882413 4.3085743729002 0.025868761252587 
0.13091696162373 4.1980103278756 0.025661398749426 
0.13083909618542 4.1128154423353 0.020294110515776 
0.13078207539485 3.9610465107456 0.036901469010139 
0.13073697214988 3.8657028288285 0.024070326278283 
0.13069822847639 3.7932889531956 0.018732395851231 
0.13065238792475 3.657598914759 0.035771078900378 
0.13060446197791 3.5801996239392 0.021161229709323 
0.13055004561571 3.4957013719763 0.023601547633781 
0.13049989288401 3.424869872415 0.020262457236531 
0.130468432026 3.3681715053388 0.016554896737201 
0.13044359982527 3.3057353420546 0.018537109284742 
0.13042182822486 3.2148505316954 0.02749306915257 
0.13040794471978 3.1260284193634 0.027628691118389 
0.13039871686586 3.0696343757406 0.018040157048291 
0.1303908940682 3.0104687002301 0.019274502519948 
0.13038216757252 2.9326277725586 0.025856747045904 
0.13037249401299 2.8726883897402 0.020438796692629 
0.13036192238592 2.8105149535887 0.021642944766845 
0.13035116440007 2.7496189015534 0.021667222214018 
0.13034129337309 2.7118827405555 0.013724142271703 
0.13033275389873 2.6685826530749 0.015966799313682 
0.13032645710446 2.5874319838675 0.030409651772939 
0.13032235934957 2.5293962872211 0.022429844343084 
0.13031990282159 2.4940951944036 0.013956331396461 
0.13031806877028 2.443421160856 0.020317602015077 
0.13031639541113 2.3884014393785 0.022517494060766 
0.13031480377251 2.3521418969554 0.015181510873897 
0.13031324483145 2.3088588601902 0.018401541514658 
0.13031167219961 2.2620605674191 0.020269014090907 
0.13030961073274 2.2156601882599 0.020512438891979 
0.13030756387378 2.1744761673252 0.018587697316114 
0.13030606586631 2.1313345983397 0.0198399824444 
0.13030509484054 2.0927184482953 0.018118295491706 
0.13030440701498 2.0597397033871 0.015758806415194 
0.13030393328234 2.0272215996405 0.015787482123635 
0.1303035960769 1.9874238788994 0.019631657806023 
0.13030332563596 1.9515392706793 0.018055840327309 
0.13030307044297 1.9180687760071 0.01715081790822 
0.13030280108922 1.8780106381201 0.020884620190951 
0.13030254309451 1.8449791479837 0.017588553262643 
0.13030230806716 1.8218507859774 0.012535839243289 
0.13030205035239 1.7988788492268 0.012609120860719 
0.13030183348012 1.7755416457373 0.012973193553064 
0.1303016585484 1.7455694668149 0.016880583451441 
0.13030153474775 1.7123069698994 0.019055384244415 
0.13030145935536 1.6855706638223 0.015614201511222 
0.13030141054575 1.661465757097 0.014300739353534 
0.13030137162039 1.6360454785367 0.015299911208951 
0.13030133372176 1.6114089800711 0.015058565784935 
0.1303012905969 1.588271754843 0.01435838171082 
0.13030124198942 1.5655105860313 0.014330777300717 
0.1303011904725 1.5404877021345 0.015983848413434 
0.1303011407189 1.5143917127327 0.016940082913776 
0.13030110341336 1.4913712765567 0.015201110771063 
0.13030107805126 1.4676450974143 0.015908968823114 
0.13030106285044 1.445288215425 0.01523316640287 
0.13030105140216 1.4209314785239 0.016852511935752 
0.13030104242453 1.3984024520982 0.01585511107764 
0.13030103428067 1.3771419967215 0.015203388226911 
0.13030102618625 1.3573805823415 0.014349583722726 
0.13030101775959 1.3402396687232 0.01262793489262 
0.13030100781555 1.3234050185105 0.012560925187903 
0.13030099789359 1.3079880063901 0.011649504048045 
0.13030098932068 1.2938971656362 0.0107729128135 
0.13030098190222 1.2794567079304 0.011160436925966 
0.13030097625958 1.2650684526701 0.011245597581451 
0.13030097249894 1.2516189961005 0.01063140618299 
0.13030096974283 1.2370618390455 0.011630661647348 
0.13030096766612 1.2207902468771 0.013153418571941 
0.13030096599039 1.2031290522912 0.014467018090227 
0.13030096458899 1.1871768278876 0.013258947054099 
0.1303009630141 1.1709756859041 0.013646780835776 
0.13030096131394 1.1575681343079 0.011449897515081 
0.13030095910601 1.1446177148991 0.011187608767868 
0.13030095687252 1.1335368666549 0.0096808288915594 
0.13030095509627 1.1234899015867 0.0088633774195939 
0.13030095373704 1.1119106809713 0.010306475028423 
0.13030095281543 1.0977936611011 0.01269618154753 
0.1303009522296 1.0819821525288 0.014402987676543 
0.13030095184105 1.0672974372296 0.01357204946949 
0.13030095154953 1.0550639204016 0.011462143917239 
0.13030095130781 1.0446001891214 0.0099176278118292 
0.13030095106472 1.0338334799693 0.010307014362247 
0.13030095077164 1.0211617726486 0.012257010017738 
0.13030095045397 1.0087844830677 0.012120792133524 
0.13030095018086 0.99910705665446 0.0095931555011277 
0.13030094994517 0.99032315830676 0.0087917488813624 
0.13030094974578 0.98048586403904 0.0099334183849004 
0.13030094961815 0.97016443236382 0.010526854138113 
0.13030094954171 0.95906932863308 0.011436312609094 
0.13030094949782 0.94897559623953 0.010524507553529 
0.13030094946416 0.93890495586224 0.010612117337047 
0.13030094942961 0.92764218328457 0.01199564717104 
0.13030094939216 0.91648025612619 0.012032578250016 
0.13030094934915 0.90580356442716 0.011649669076516 
0.13030094930303 0.89607337892493 0.010742048148572 
0.13030094926178 0.88770772103639 0.0093359071760151 
0.13030094922869 0.87984371837621 0.0088587746550161 
0.13030094920684 0.87261394856704 0.008217106809051 
0.13030094919361 0.86589048521234 0.0077049689221055 
0.13030094918445 0.85842094105234 0.0086264305793466 
0.13030094917792 0.85011834261154 0.0096719430337052 
0.13030094917316 0.84210735944052 0.0094233740991941 
0.13030094916808 0.83286598443114 0.010974105505408 
0.13030094916235 0.82386141021101 0.010811552384722 
0.13030094915655 0.81668337777074 0.008712669814733 
0.13030094915138 0.81128769770464 0.0066068199904244 
0.13030094914603 0.80601444260538 0.0064998583291424 
0.13030094914008 0.79958373534575 0.0079784020232282 
0.13030094913563 0.79337136488389 0.0077695057906226 
0.13030094913274 0.78736281487074 0.0075734394750015 
0.130300949131 0.78154727825861 0.0073860950787841 
0.13030094912972 0.77454632405028 0.008957812794037 
0.13030094912863 0.76510944000426 0.012183756804459 
0.1303009491276 0.75396694050915 0.014563275412011 
0.13030094912652 0.74409353779753 0.013095272725031 
0.13030094912539 0.73700717177781 0.0095234881903293 
0.13030094912423 0.73188960580926 0.0069437125777272 
0.13030094912307 0.72754351853827 0.0059381732388342 
0.13030094912206 0.72349561206964 0.0055637997803335 
0.13030094912129 0.71928204278207 0.0058239044125158 
0.13030094912077 0.7143250456135 0.0068915903272159 
0.13030094912043 0.7086493700001 0.0079455083483995 
0.13030094912021 0.70267242885888 0.0084342714383812 
0.13030094912004 0.69729664716075 0.0076504804761821 
0.13030094911986 0.6921296847571 0.0074099917512698 
0.13030094911965 0.68735948350355 0.0068920628006586 
0.13030094911942 0.68312812470977 0.0061559619025164 
0.13030094911918 0.67921191611972 0.0057327585388433 
0.13030094911896 0.67510351842856 0.0060487715154224 
0.13030094911877 0.67093344332613 0.0061769417409211 
0.13030094911863 0.66678633959056 0.006181095571885 
0.13030094911854 0.6625364456443 0.0063736967809991 
0.13030094911848 0.65777211051332 0.0071910536579467 
0.13030094911845 0.65264637256836 0.0077925741499765 
0.13030094911842 0.64714407940761 0.0084307419638284 
0.13030094911839 0.63925811617505 0.012185792134232 
0.13030094911836 0.63137694737453 0.012328617503802 
0.13030094911831 0.62339907166363 0.012635677853091 
0.13030094911827 0.61771261657499 0.0091216932252849 
0.13030094911823 0.61404029803662 0.0059450275740428 
0.1303009491182 0.61134385047393 0.0043913201972489 
0.13030094911818 0.60862964840115 0.0044397307189201 
0.13030094911816 0.60563116296088 0.0049266174399347 
0.13030094911816 0.60172965993854 0.0064420446980719 
0.13030094911815 0.59622016828002 0.0091560912239001 
0.13030094911814 0.59009021977272 0.010281350469882 
0.13030094911813 0.58536573909439 0.008006370077017 
0.13030094911814 0.58187092250363 0.0059703128443529 
0.13030094911812 0.57896605027512 0.0049922966007885 
0.13030094911812 0.57611307115088 0.0049277140220526 
0.13030094911811 0.57324104583521 0.0049851764514578 
0.13030094911811 0.57054840553227 0.0046972217403047 
0.13030094911811 0.56803170729502 0.0044110161606828 
0.13030094911811 0.56522449216728 0.0049420042784315 
0.13030094911811 0.56191309805717 0.0058585467473576 
0.13030094911811 0.55789691170584 0.0071473442516622 
0.1303009491181 0.5532655488091 0.0083014671699297 
0.13030094911811 0.54891649795927 0.0078606934033608 
0.13030094911811 0.54530906523069 0.0065719152949479 
0.1303009491181 0.54236887064544 0.0053917948053897 
0.1303009491181 0.53993225426922 0.0044925446648966 
0.1303009491181 0.53777180176685 0.0040013399556803 
0.13030094911811 0.53558538456833 0.0040656969951489 
0.1303009491181 0.53307487802642 0.0046874067408323 
0.1303009491181 0.53020018598968 0.0053926608722869 
0.1303009491181 0.52726498498365 0.005536024097294 
0.1303009491181 0.52395214374808 0.006283067015482 
0.13030094911809 0.52072808051457 0.0061533544083794 
0.1303009491181 0.51767740991797 0.0058584714570979 
0.13030094911809 0.51493460734879 0.0052982852190037 
0.1303009491181 0.51283515729828 0.0040771197362594 
0.1303009491181 0.51106890537094 0.0034440929062749 
0.1303009491181 0.50953762299742 0.0029962346709597 
0.1303009491181 0.50802564430834 0.00296735436373 
0.1303009491181 0.5062902907977 0.0034158777811242 
0.13030094911811 0.50410707005324 0.0043121916105118 
0.1303009491181 0.50089873995662 0.006364382265614 
0.1303009491181 0.49673238257841 0.0083177637431761 
0.13030094911809 0.49329744764634 0.0069150614144346 
0.1303009491181 0.4907831582021 0.005096903412415 
0.13030094911809 0.48877708419196 0.0040874956212615 
0.13030094911809 0.48729053855299 0.0030413570665261 
0.1303009491181 0.48608816881337 0.0024674596457285 
0.13030094911809 0.48471996240574 0.0028147288813298 
0.1303009491181 0.48323227017356 0.0030691787992353 
0.1303009491181 0.4816587675638 0.0032562035006236 
0.1303009491181 0.47982654546141 0.0038039837033684 
0.13030094911809 0.47742676101879 0.0050013582310317 
0.1303009491181 0.47419618551194 0.0067666410235632 
0.1303009491181 0.47086001742492 0.0070354173840769 
0.1303009491181 0.4686117129485 0.0047748893369976 
0.1303009491181 0.46733934288718 0.0027151904789537 
0.1303009491181 0.46627660687478 0.00227401358045 
0.1303009491181 0.46525940370909 0.0021815444967396 
0.1303009491181 0.46439890119255 0.0018495112826909 
0.1303009491181 0.46365744839783 0.0015965860229682 
0.1303009491181 0.46272903618206 0.002002366658785 
0.1303009491181 0.46152430558916 0.002603533598924 
0.13030094911809 0.45981427853019 0.0037051722699415 
0.1303009491181 0.457538736834 0.0049488278255725 
0.13030094911809 0.45421460632252 0.0072652438883792 
0.13030094911809 0.4516050158958 0.0057452807337996 
0.13030094911809 0.45022162005349 0.0030632871505386 
0.1303009491181 0.44931036062641 0.0020240241394407 
0.13030094911809 0.44863112839062 0.0015117217302554 
0.13030094911809 0.44803241419883 0.0013345355547094 
0.1303009491181 0.4474472423943 0.0013060925638173 
0.13030094911809 0.44677356522247 0.0015056013491605 
0.1303009491181 0.44588061003624 0.0019986750688449 
0.13030094911809 0.44437297775868 0.0033812465570945 
0.1303009491181 0.44132053813391 0.0068690937062931 
0.1303009491181 0.43836702052653 0.0066924544682982 
0.13030094911809 0.43704070170961 0.0030255898706228 
0.13030094911809 0.43634989639069 0.001580642984071 
0.13030094911809 0.43581364050395 0.001228958437218 
0.1303009491181 0.43527991925711 0.0012246547543081 
0.1303009491181 0.43478339829369 0.001140693474368 
0.1303009491181 0.43426427059129 0.0011939915471502 
0.1303009491181 0.43362466359075 0.0014728520024667 
0.13030094911809 0.43267248467302 0.0021958596862214 
0.1303009491181 0.4310250669926 0.003807539741432 
0.1303009491181 0.4284544192028 0.0059640331541246 
0.1303009491181 0.42668969420739 0.0041188161828105 
0.1303009491181 0.42594602906056 0.0017428711237406 
0.13030094911809 0.42555099303395 0.00092743211500241 
0.1303009491181 0.42525683174077 0.0006912480478138 
0.1303009491181 0.42495464854209 0.00071058987444509 
0.13030094911809 0.42463680194698 0.00074795415512043 
0.13030094911809 0.42426627729849 0.00087256838501301 
0.1303009491181 0.42378752113717 0.0011284332197412 
0.1303009491181 0.42309095186362 0.0016436757544946 
0.1303009491181 0.42152497026355 0.0037012883238749 
0.1303009491181 0.41856224827036 0.0070285800419761 
0.1303009491181 0.41746191736189 0.0026288345712498 
0.1303009491181 0.41706342012935 0.00095457146139962 
0.1303009491181 0.4168216325393 0.00057973818460488 
0.1303009491181 0.4166266342758 0.00046782184099855 
0.1303009491181 0.41645664906964 0.00040800369484725 
0.1303009491181 0.41627347436292 0.0004398409945608 
0.1303009491181 0.41604440672442 0.00055028161198348 
0.13030094911809 0.4156966950399 0.00083575618108144 
0.1303009491181 0.41496759661903 0.0017539192145837 
0.13030094911809 0.41264495035431 0.0055971750171547 
0.13030094911809 0.41118637179212 0.0035347059522655 
0.13030094911809 0.41094469053251 0.00058776573393982 
0.1303009491181 0.41083896041141 0.00025728552660221 
0.1303009491181 0.41076831209755 0.00017196108612128 
0.13030094911809 0.41070111523237 0.00016358823990139 
0.1303009491181 0.41063840594024 0.00015268839017288 
0.1303009491181 0.41057390898601 0.00015706508037983 
0.1303009491181 0.41048932782144 0.00020600715904936 
0.1303009491181 0.41037132769477 0.00028746210599838 
0.13030094911809 0.4101476648145 0.00054502560285597 
0.1303009491181 0.40906161780575 0.0026479414657667 
0.1303009491181 0.40637040366723 0.0065789945117592 
0.13030094911809 0.40633870766436 7.7997813292919e-05 
0.13030094911811 0.40633008907227 2.1210364485733e-05 
0.1303009491181 0.40632496639448 1.2607182991137e-05 
0.1303009491181 0.40632081145793 1.0225649159903e-05 
0.1303009491181 0.40631684117391 9.7713036208344e-06 
0.1303009491181 0.40631266415141 1.0280210114503e-05 
0.1303009491181 0.40630796292644 1.1570461338683e-05 
0.1303009491181 0.40630246210176 1.353855985967e-05 
0.1303009491181 0.40629306414161 2.313045337518e-05 
0.1303009491181 0.40624086559074 0.00012847512170823 
0.1303009491181 0.39090324203312 0.037754999205501 
0.13030094911809 0.34450805835017 0.11868712943296 
0.1303009491181 0.30062229996929 0.12738673977918 
0.1303009491181 0.26283593794964 0.12569380922011 
0.13030094911809 0.24145757508498 0.08133728983726 
0.1303009491181 0.24035340545113 0.004572934327936 
0.1303009491181 0.24032947224782 9.9575053940209e-05 
0.1303009491181 0.24032214764243 3.0477349794171e-05 
0.1303009491181 0.24031864065483 1.4592860615776e-05 
0.1303009491181 0.24031638007122 9.40660950039e-06 
0.1303009491181 0.24031447065912 7.9454096983024e-06 
0.1303009491181 0.24031246162086 8.3600386389032e-06 
0.1303009491181 0.24030984555407 1.0886105404409e-05 
0.13030094911811 0.24030577215659 1.6950605893045e-05 
0.13030094911811 0.2402959191518 4.100194806195e-05 
0.13030094911809 0.24019405599861 0.000423907128969 
0.1303009491181 0.23729813824605 0.012056575424056 
0.13030094911809 0.23725550026684 0.00017968105240959 
0.1303009491181 0.23724932161374 2.6042191166103e-05 
0.13030094911809 0.23724694080072 1.0035067791315e-05 
0.1303009491181 0.23724553667031 5.9184342079451e-06 
0.13030094911809 0.23724441110551 4.7443033831039e-06 
0.1303009491181 0.23724337474907 4.3683070647805e-06 
0.13030094911809 0.23724210858976 5.3369638108596e-06 
0.13030094911809 0.23723989453709 9.3324607831753e-06 
0.1303009491181 0.2372347483415 2.1691948575399e-05 
0.13030094911809 0.23721101100028 0.00010005845005385 
0.1303009491181 0.23641551835325 0.0033535232773477 
0.13030094911809 0.23587237091692 0.002297427174436 
0.1303009491181 0.23568318544224 0.00080206712615884 
0.1303009491181 0.23560117336587 0.00034797593311045 
0.1303009491181 0.23555440673523 0.00019849914147122 
0.13030094911809 0.23551904606246 0.0001501167957698 
0.1303009491181 0.23548782444585 0.00013256514550801 
0.13030094911809 0.23545123692691 0.00015536904732109 
0.1303009491181 0.23538432698137 0.00028417750704142 
0.1303009491181 0.23523558798117 0.00063189848746277 
0.1303009491181 0.23473192062588 0.0021411188656479 
0.13030094911809 0.23348864912227 0.0052965591569075 
0.1303009491181 0.23294476473561 0.0023293825575733 
0.13030094911809 0.23276087893933 0.00078939656140931 
0.1303009491181 0.23268534369216 0.00032451865413294 
0.1303009491181 0.23264497996791 0.00017346913048734 
0.1303009491181 0.23261837794782 0.00011434598800559 
0.1303009491181 0.23259711681253 9.1399207065164e-05 
0.13030094911809 0.23257092067074 0.00011262453357829 
0.13030094911809 0.232527401586 0.00018712178036002 
0.1303009491181 0.23243437715164 0.00040005794467112 
0.13030094911809 0.23214436466796 0.0012477176880734 
0.13030094911809 0.23113729771714 0.004338106385912 
0.1303009491181 0.23032674670836 0.0035067945190446 
0.13030094911809 0.23004023729677 0.0012439259255989 
0.1303009491181 0.22990662290345 0.00058083053159961 
0.1303009491181 0.22981623358192 0.00039315666675013 
0.1303009491181 0.22974606023321 0.00030534548241779 
0.1303009491181 0.22967509982035 0.00030886454718406 
0.1303009491181 0.22958175178798 0.00040643514446687 
0.13030094911809 0.22942944531931 0.00066340842632016 
0.1303009491181 0.22912600961864 0.001322566509485 
0.1303009491181 0.2284816736791 0.0028121466463727 
0.1303009491181 0.22779026052508 0.0030261208388268 
0.1303009491181 0.22751913497962 0.0011902420447743 
0.13030094911809 0.22741368366582 0.00046348327497631 
0.13030094911809 0.22735693622357 0.00024953398288414 
0.1303009491181 0.22731830436975 0.00016991719918779 
0.1303009491181 0.227286996388 0.00013772749991897 
0.1303009491181 0.22725281154451 0.00015040386841927 
0.1303009491181 0.22720690872862 0.00020199009013761 
0.1303009491181 0.22712604843241 0.00035588836913915 
0.1303009491181 0.22690542232643 0.00097138178341108 
0.1303009491181 0.22596244746371 0.0041558057672327 
0.1303009491181 0.22427015288799 0.0074892735262751 
0.1303009491181 0.22348570815462 0.0034977669710514 
0.13030094911809 0.22317467848982 0.0013917206042616 
0.13030094911809 0.22301318410014 0.00072362326574991 
0.1303009491181 0.22289354074366 0.00053648557579004 
0.1303009491181 0.22279161230479 0.00045729651264532 
0.1303009491181 0.22268468252882 0.00047995422655661 
0.13030094911809 0.22254121720619 0.0006442532149151 
0.1303009491181 0.22233392277288 0.00093148782013599 
0.13030094911809 0.22197535174498 0.0016127589682619 
0.13030094911809 0.22144707944263 0.0023798691981025 
0.13030094911809 0.22100189003555 0.0020103647706467 
0.1303009491181 0.22073182848417 0.0012219875193892 
0.1303009491181 0.22060235876634 0.00058654757095676 
0.13030094911811 0.22052740732413 0.00033975811784439 
0.1303009491181 0.22047153703804 0.00025334849199891 
0.1303009491181 0.22042355212457 0.00021764674987182 
0.1303009491181 0.22037290370461 0.00022977771417543 
0.13030094911809 0.2203132834509 0.00027054257899201 
0.1303009491181 0.22020792317705 0.00047822932961245 
0.13030094911809 0.21997925320588 0.0010384275364592 
0.13030094911809 0.21947642641313 0.0022857918891192 
0.1303009491181 0.21867903426693 0.0036331562310663 
0.13030094911809 0.21810735528955 0.0026142377082546 
0.13030094911811 0.21784213901132 0.0012159896115189 
0.13030094911809 0.21770694202097 0.0006206190912601 
0.1303009491181 0.21760696101864 0.00045924581642025 
0.1303009491181 0.21751419737839 0.00042628985679452 
0.1303009491181 0.21741514381823 0.00045538894171616 
0.1303009491181 0.21729261218687 0.00056358370078804 
0.1303009491181 0.21711363410966 0.00082367308955505 
0.13030094911809 0.21685459605179 0.0011930989913647 
0.1303009491181 0.21651786730303 0.0015527858523205 
0.1303009491181 0.21615754124482 0.0016641862526192 
0.13030094911809 0.21588549425701 0.001258558855898 
0.1303009491181 0.21569323488369 0.00089056179519106 
0.13030094911809 0.21556651877895 0.00058748298160535 
0.1303009491181 0.21547125774502 0.00044191015596287 
0.1303009491181 0.21536459167541 0.00049503618590112 
0.13030094911809 0.21521960261144 0.00067322609924482 
0.13030094911809 0.21498759591682 0.0010779998280989 
0.13030094911811 0.21462877616236 0.0016690253822948 
0.13030094911809 0.21394651482172 0.0031787971438109 
0.13030094911809 0.21319535101807 0.0035109887359999 
0.1303009491181 0.2128351505766 0.0016895323455786 
0.1303009491181 0.21266752624235 0.00078757824444668 
0.1303009491181 0.21258093744159 0.00040715572467667 
0.1303009491181 0.21253046781508 0.00023741369813027 
0.13030094911809 0.21249182400804 0.0001818271395702 
0.1303009491181 0.21245597212623 0.00016872122952191 
0.1303009491181 0.21240954253353 0.00021853747973843 
0.13030094911809 0.21232167065441 0.0004136908260925 
0.13030094911809 0.2121419144396 0.00084662208173726 
0.13030094911809 0.21171253819389 0.0020240047651433 
0.13030094911809 0.21085940963312 0.0040296553432699 
0.1303009491181 0.21018962323945 0.0031764595890242 
0.13030094911809 0.20986392612782 0.0015495394426148 
0.1303009491181 0.20968332499823 0.00086056299869895 
0.13030094911811 0.20956138185756 0.00058155859877834 
0.1303009491181 0.20945585020675 0.0005035834840729 
0.1303009491181 0.20934589697455 0.00052494705731964 
0.1303009491181 0.20920132678729 0.00069058046679568 
0.1303009491181 0.2089613994555 0.0011468728973994 
0.13030094911809 0.2085809808689 0.0018205208597826 
0.1303009491181 0.20815199996874 0.0020566635480065 
0.1303009491181 0.20763822216141 0.0024682818681066 
0.1303009491181 0.20728713343858 0.0016908675058912 
0.13030094911809 0.20709875231737 0.00090879312227626 
0.1303009491181 0.20698166870744 0.00056535159494842 
0.1303009491181 0.20689500215742 0.00041871606582996 
0.1303009491181 0.20682381707964 0.00034406378613024 
0.1303009491181 0.20673215595031 0.00044318459365314 
0.1303009491181 0.20659483930341 0.00066422490622322 
0.13030094911809 0.20636636791308 0.0011058910818237 
0.1303009491181 0.20598258074222 0.0018597370043496 
0.13030094911809 0.20554139975572 0.0021418363868634 
0.1303009491181 0.205227665598 0.0015263793965494 
0.1303009491181 0.20506494787887 0.00079286444470664 
0.1303009491181 0.20497915440484 0.00041837220316137 
0.13030094911809 0.20491837348644 0.00029652243700659 
0.1303009491181 0.20487109452529 0.00023072094682776 
0.13030094911809 0.20482151257885 0.00024201533430629 
0.1303009491181 0.20475633122191 0.00031823491646017 
0.1303009491181 0.20466032263205 0.0004688919228495 
0.13030094911809 0.20451633589792 0.00070354005251449 
0.1303009491181 0.20428496287703 0.0011313180429763 
0.13030094911809 0.20389240088268 0.0019216392083835 
0.1303009491181 0.2034256407634 0.0022892472562087 
0.1303009491181 0.20308677442817 0.0016657995224313 
0.1303009491181 0.20287426719167 0.0010463863887277 
0.13030094911809 0.20272942015469 0.00071397441868904 
0.13030094911811 0.2026239242271 0.0005203779871026 
0.13030094911809 0.20251878896821 0.00051886893065142 
0.13030094911809 0.20236094385391 0.00077940972840766 
0.13030094911809 0.20213722701782 0.0011055336658687 
0.1303009491181 0.20179225081685 0.0017066435810075 
0.1303009491181 0.20130368577992 0.0024211288339977 
0.1303009491181 0.20089394415431 0.0020354402554308 
0.1303009491181 0.20064655263394 0.0012314533492435 
0.13030094911809 0.20049377418854 0.00076143070190868 
0.1303009491181 0.20038550517483 0.00054001184898719 
0.1303009491181 0.20030264058236 0.00041352588050449 
0.1303009491181 0.20022980930797 0.00036360616202498 
0.1303009491181 0.2001554627143 0.00037130632013817 
0.1303009491181 0.20005555159566 0.00049916758344821 
0.1303009491181 0.19989443760206 0.00080534627665843 
0.1303009491181 0.19965360516879 0.0012047980732032 
0.1303009491181 0.19930196858799 0.0017612333145695 
0.1303009491181 0.19894993194334 0.0017663480554099 
0.13030094911809 0.19869776585907 0.0012674851496968 
0.13030094911809 0.19855866657422 0.00070005459921034 
0.13030094911809 0.19848079460839 0.00039218618446217 
0.1303009491181 0.19841667753665 0.00032303917297044 
0.13030094911809 0.1983626597478 0.00027224419597814 
0.13030094911809 0.19831065900514 0.00026214985588845 
0.13030094911809 0.1982331410147 0.00039089169903636 
0.1303009491181 0.19811291369069 0.00060649457198445 
0.1303009491181 0.19791995652071 0.00097397573122624 
0.13030094911811 0.19762652347205 0.0014825844438385 
0.1303009491181 0.19729359820646 0.0016846183383495 
0.1303009491181 0.19702898042893 0.0013412385396229 
0.1303009491181 0.19686050027614 0.00085510340875872 
0.13030094911809 0.19675410521183 0.00054045917874823 
0.1303009491181 0.19667893523576 0.00038205035664584 
0.1303009491181 0.1966185044285 0.00030725612376464 
0.13030094911809 0.19655605768563 0.00031760358999778 
0.1303009491181 0.19646790556933 0.00044848333515777 
0.1303009491181 0.19632603640148 0.0007220984386255 
0.13030094911809 0.19607671301202 0.0012699456171443 
0.13030094911809 0.19572743255164 0.0017813459590385 
0.1303009491181 0.19538519827604 0.0017485248293044 
0.13030094911809 0.19508721811198 0.0015250907780766 
0.1303009491181 0.19489108271133 0.0010053728919007 
0.13030094911809 0.19475711761513 0.00068738443204532 
0.1303009491181 0.19465988243329 0.00049926381654821 
0.1303009491181 0.19458297426111 0.00039508999606473 
0.1303009491181 0.19450451162122 0.00040323486775145 
0.1303009491181 0.19440202339761 0.00052691951847062 
0.1303009491181 0.19422605567357 0.00090517434419067 
0.13030094911811 0.19395147867512 0.0014136980618017 
0.13030094911809 0.1936114772094 0.0017530233233515 
0.1303009491181 0.1932621901616 0.001804061684971 
0.1303009491181 0.19302983894018 0.001202259072106 
0.13030094911811 0.19288592905596 0.00074553180488968 
0.1303009491181 0.19278545863533 0.00052087998911272 
0.13030094911811 0.19271604826108 0.00036003946947735 
0.1303009491181 0.19265489505917 0.00031732283045642 
0.1303009491181 0.19258685689352 0.00035316084560501 
0.13030094911809 0.19249865603414 0.00045797963994779 
0.1303009491181 0.19238058169914 0.00061337745123526 
0.13030094911809 0.19219806481647 0.00094872819833762 
0.1303009491181 0.19195855124739 0.0012461809608221 
0.13030094911809 0.19165652902079 0.0015733720880783 
0.1303009491181 0.19141547562397 0.0012577364207212 
0.13030094911809 0.19127071417428 0.00075626826523707 
0.13030094911809 0.19117505760717 0.00050011089006972 
0.13030094911809 0.1911107355548 0.00033645629912261 
0.1303009491181 0.19105564351162 0.00028827288545538 
0.13030094911809 0.19099190866137 0.00033359313066781 
0.13030094911809 0.19090735271985 0.00044272001948078 
0.1303009491181 0.19076801370697 0.00072987766525169 
0.1303009491181 0.19053101064112 0.0012423627066252 
0.13030094911809 0.19022456587153 0.001608372141393 
0.1303009491181 0.19000144202361 0.001172949702378 
0.13030094911809 0.18983431040103 0.00087963344280001 
0.1303009491181 0.18971953182154 0.00060462505037344 
0.13030094911809 0.18964969115783 0.00036812584888612 
0.1303009491181 0.18959977618402 0.00026319565041178 
0.13030094911809 0.18955773092649 0.00022175794917086 
0.1303009491181 0.18951348605819 0.00023341104622375 
0.13030094911809 0.18945449591997 0.00031127145329775 
0.13030094911809 0.18937388111315 0.00042551012803525 
0.13030094911809 0.18923753327264 0.00071999285074088 
0.13030094911809 0.18901430119756 0.0011796395314328 
0.1303009491181 0.18873573702301 0.0014737730043902 
0.1303009491181 0.18849651965334 0.001267472570084 
0.1303009491181 0.18834999902713 0.00077731210356346 
0.1303009491181 0.18825162090554 0.00052231548762002 
0.1303009491181 0.18817007660991 0.0004331664994099 
0.1303009491181 0.18809955958197 0.00037475155032458 
0.1303009491181 0.18802334407382 0.0004051870632824 
0.13030094911809 0.1879235989958 0.00053049305399116 
0.1303009491181 0.18777977642678 0.00076532468401517 
0.1303009491181 0.18757269553544 0.0011027859084814 
0.1303009491181 0.18734115024789 0.0012344296001731 
0.13030094911809 0.18714174640938 0.0010643888875666 
0.1303009491181 0.1869898116377 0.00081187001082375 
0.1303009491181 0.18689325266509 0.00051638627665654 
0.1303009491181 0.18682924277283 0.00034249439910549 
0.1303009491181 0.18678643345041 0.0002291360912174 
0.13030094911809 0.18675144037821 0.00018734268629052 
0.1303009491181 0.18671273484894 0.00020725692496309 
0.1303009491181 0.18666648961759 0.00024768118461032 
0.13030094911809 0.18659940193502 0.00035939864037378 
0.13030094911809 0.18648690746077 0.00060286621009969 
0.1303009491181 0.18633764451038 0.0008003937242448 
0.13030094911809 0.18617388324686 0.00087884154570165 
0.13030094911809 0.18601026865398 0.00087882677221104 
0.1303009491181 0.18589523594364 0.00061842129022854 
0.1303009491181 0.18581017688242 0.00045756450285935 
0.1303009491181 0.18574942564932 0.00032695320631866 
0.13030094911809 0.18570393561338 0.00024490000861938 
0.13030094911811 0.18566178098311 0.00022699912163416 
0.1303009491181 0.18561609984619 0.00024604491390591 
0.1303009491181 0.1855619441881 0.0002917616420999 
0.1303009491181 0.18546872058331 0.00050238536357475 
0.13030094911809 0.18532730998914 0.00076244982830221 
0.13030094911809 0.18514933034396 0.00096035303805975 
0.13030094911809 0.18495600917298 0.001044136484975 
0.1303009491181 0.1847890745718 0.00090256381463475 
0.1303009491181 0.18465468064762 0.00072728284663353 
0.1303009491181 0.18455573941841 0.00053581760757099 
0.1303009491181 0.18447740239957 0.00042446265331458 
0.1303009491181 0.18440509720879 0.00039194605863072 
0.1303009491181 0.18432688629735 0.00042412554001999 
0.13030094911809 0.1842402893012 0.00046980122052875 
0.13030094911809 0.18410087353872 0.00075670616350112 
0.1303009491181 0.18388916980689 0.0011499333368672 
0.13030094911809 0.18363772284514 0.0013673832015695 
0.1303009491181 0.18340416338858 0.0012718490130578 
0.1303009491181 0.18325160892273 0.00083179390824131 
0.1303009491181 0.18316816417528 0.00045535615177722 
0.13030094911809 0.18311991031896 0.00026344019191052 
0.13030094911809 0.18308546526243 0.00018810109982852 
0.13030094911809 0.18305309377828 0.00017681078128283 
0.1303009491181 0.18301322182204 0.00021781634722189 
0.13030094911809 0.18296017578229 0.00028984812804585 
0.1303009491181 0.18288887978972 0.0003896803895504 
0.1303009491181 0.18279753583728 0.00049945055456055 
0.1303009491181 0.18269630628611 0.00055377962678688 
0.13030094911811 0.18260366304455 0.00050708874984786 
0.13030094911809 0.18252335505227 0.00043979398303104 
0.13030094911809 0.18245826972075 0.00035658632011765 
0.1303009491181 0.18240979948756 0.00026565106241522 
0.1303009491181 0.18236916193358 0.00022278163832349 
0.1303009491181 0.18232740178138 0.00022898691728203 
0.13030094911809 0.18227603757958 0.00028171411045191 
0.1303009491181 0.18220094426129 0.00041197581031905 
0.1303009491181 0.18208832488867 0.00061810531817256 
0.13030094911811 0.18190932250855 0.00098305248414124 
0.1303009491181 0.18166178227508 0.0013607891561881 
0.13030094911809 0.18142704577484 0.001292162266021 
0.1303009491181 0.18126233439859 0.00090786561369769 
0.13030094911809 0.18115479692982 0.00059326979942285 
0.1303009491181 0.18108004696196 0.00041263035329463 
0.13030094911809 0.18102577132603 0.00029973283551183 
0.1303009491181 0.18097486927901 0.00028118674288009 
0.1303009491181 0.18090410859013 0.00039099732001481 
0.13030094911809 0.18081005051172 0.00051993334560036 
0.1303009491181 0.18068883388944 0.00067040865224388 
0.13030094911809 0.18054946921183 0.00077129656885742 
0.1303009491181 0.18042717198548 0.00067736131760588 
0.1303009491181 0.18034148302339 0.00047492271338495 
0.1303009491181 0.18028607987822 0.00030721242968189 
0.1303009491181 0.18024608039361 0.00022186673888027 
0.13030094911809 0.18021508099548 0.00017198375723454 
0.13030094911809 0.18018624728324 0.00015999611174666 
0.1303009491181 0.18015490486821 0.00017394454629959 
0.13030094911809 0.18011495660484 0.00022174396744638 
0.1303009491181 0.18005402358782 0.0003383007062462 
0.13030094911809 0.17995829426622 0.00053166999374708 
0.1303009491181 0.17984292744696 0.00064107530990943 
0.13030094911809 0.17972115050939 0.00067712942230913 
0.13030094911809 0.17960986531685 0.00061921032788559 
0.13030094911809 0.17952235267515 0.0004872373883682 
0.13030094911809 0.17946287526448 0.00033130922016893 
0.13030094911809 0.17941661180439 0.00025778847032164 
0.1303009491181 0.17937181714886 0.00024966838399763 
0.1303009491181 0.17932131874528 0.0002815291966082 
0.1303009491181 0.17925913010189 0.00034680005605236 
0.1303009491181 0.17917098330093 0.00049172837616099 
0.1303009491181 0.17902748478043 0.00080090267888645 
0.13030094911811 0.17884925895446 0.0009955221467144 
0.1303009491181 0.17869474722732 0.00086392153951648 
0.13030094911811 0.17858007404035 0.00064172668055612 
0.1303009491181 0.17850675355518 0.00041057483912195 
0.1303009491181 0.1784550975315 0.00028937853973807 
0.1303009491181 0.17841657322032 0.00021587677640548 
0.1303009491181 0.17838394972479 0.00018285014073504 
0.13030094911809 0.1783506903948 0.00018644799626665 
0.13030094911809 0.17831378042984 0.00020695162366063 
0.13030094911809 0.17826325856426 0.00028333124595406 
0.1303009491181 0.1781870915233 0.00042727279627914 
0.13030094911809 0.17809143554015 0.00053682891579109 
0.1303009491181 0.17800297310644 0.00049672480567321 
0.1303009491181 0.17793524924199 0.00038046479376455 
0.1303009491181 0.17787985117878 0.00031133832921233 
0.13030094911811 0.17783899701342 0.00022967281053272 
0.13030094911809 0.17780924548878 0.00016729471679935 
0.1303009491181 0.17778429448075 0.0001403245818904 
0.1303009491181 0.1777580735528 0.00014748731335564 
0.1303009491181 0.17772408913466 0.00019118354210769 
0.13030094911809 0.17767591409182 0.00027106647771802 
0.1303009491181 0.17761031217074 0.00036922236427585 
0.1303009491181 0.17751655694548 0.00052787039287003 
0.1303009491181 0.17738844154666 0.00072170957471359 
0.13030094911809 0.17725821526753 0.00073413057802385 
0.13030094911809 0.17713964513177 0.00066891193496534 
0.13030094911811 0.17705031737881 0.00050427871690406 
0.1303009491181 0.17698965937756 0.00034260317717029 
0.1303009491181 0.17693944900558 0.00028369099161233 
0.13030094911809 0.17688920510684 0.00028396097661354 
0.13030094911809 0.17682274004876 0.00037574400339854 
0.13030094911809 0.1767159712669 0.00060381816176665 
0.13030094911809 0.17656437672176 0.00085784292191649 
0.1303009491181 0.1763837916423 0.00102277187965 
0.13030094911809 0.17621412976818 0.00096189038994704 
0.13030094911809 0.1760951716448 0.00067507709813862 
0.1303009491181 0.17602327293073 0.00040829463639445 
0.13030094911809 0.17597715475427 0.00026200044851194 
0.13030094911809 0.17594453890679 0.00018534137299009 
0.13030094911809 0.17591657303191 0.00015894710378023 
0.1303009491181 0.17588945130079 0.00015417382598637 
0.13030094911809 0.17585815761578 0.00017791678114162 
0.1303009491181 0.17581551301065 0.00024249432445367 
0.13030094911811 0.17576439670971 0.00029073828618694 
0.13030094911809 0.17570773157471 0.00032239256674977 
0.13030094911809 0.17563905400012 0.00039086256463256 
0.13030094911809 0.1755790658921 0.00034154196719102 
0.13030094911811 0.17553164284001 0.00027009513831836 
0.1303009491181 0.17549705779513 0.0001970302580508 
0.1303009491181 0.17547174209321 0.00014425143210405 
0.1303009491181 0.17544958060789 0.00012629660510858 
0.1303009491181 0.1754269302828 0.00012909877024459 
0.13030094911809 0.17539847702307 0.00016219436592535 
0.13030094911809 0.17535179131785 0.00026616938762694 
0.13030094911809 0.17527131263577 0.00045895557428674 
0.1303009491181 0.17516294227849 0.00061830059719943 
0.1303009491181 0.1750157774863 0.00084015939833912 
0.1303009491181 0.17485829325483 0.00089982876818758 
0.1303009491181 0.1747280110082 0.00074507330594045 
0.13030094911809 0.17463019561965 0.00055981515490059 
0.13030094911809 0.17455964506256 0.00040399975982666 
0.1303009491181 0.17449907636373 0.00034697996096433 
0.1303009491181 0.17443211398274 0.00038374060420235 
0.13030094911809 0.1743475996065 0.00048451156333864 
0.1303009491181 0.17424105392037 0.00061111071426679 
0.1303009491181 0.17411534746004 0.00072145144613697 
0.1303009491181 0.17398205360914 0.00076554911930899 
0.13030094911809 0.17386177907069 0.00069130428082142 
0.13030094911809 0.1737759310659 0.00049377157678185 
0.1303009491181 0.17372357835619 0.00030126559751871 
0.1303009491181 0.17368889636451 0.0001996389436985 
0.1303009491181 0.17366519303172 0.00013647005242019 
0.1303009491181 0.17364794735517 9.9304162497826e-05 
0.1303009491181 0.17363211548445 9.1172230724334e-05 
0.13030094911811 0.17360902195382 0.00013300264505296 
0.1303009491181 0.17357407953301 0.00020127076588281 
0.13030094911811 0.1735225208983 0.00029704109537236 
0.13030094911809 0.173450139698 0.00041712856594203 
0.13030094911809 0.17337207136658 0.00045009091113786 
0.1303009491181 0.17330392297584 0.0003930759447293 
0.1303009491181 0.17324524713335 0.0003385719231349 
0.1303009491181 0.17320084025447 0.00025632379308896 
0.13030094911811 0.17316505588035 0.00020660623857749 
0.1303009491181 0.17312688140399 0.00022045138475762 
0.13030094911809 0.1730742705668 0.00030388600987838 
0.1303009491181 0.17298828330041 0.00049682293100493 
0.13030094911809 0.17284563623473 0.00082460536033633 
0.1303009491181 0.17263419159357 0.0012233148939467 
0.1303009491181 0.17242368491136 0.0012193800096118 
0.1303009491181 0.1722877813935 0.00078819518288047 
0.13030094911809 0.17220254672086 0.00049472267825013 
0.1303009491181 0.17214945364789 0.00030831758289154 
0.13030094911809 0.17211325183768 0.00021029291371483 
0.13030094911809 0.17208406611044 0.00016957280703012 
0.1303009491181 0.17205407398129 0.00017428765969713 
0.13030094911809 0.17201826961389 0.0002080995036694 
0.13030094911809 0.17197474041707 0.0002530498471036 
0.1303009491181 0.17190997323813 0.00037660867392653 
0.13030094911809 0.17182539237608 0.00049200671985931 
0.13030094911809 0.17174420036319 0.0004725262766653 
0.1303009491181 0.17168240473413 0.00035981202818584 
0.13030094911809 0.1716380951536 0.00025809040009655 
0.1303009491181 0.17160480849771 0.00019393512760201 
0.13030094911809 0.17157913103178 0.00014963138944698 
0.13030094911808 0.17155619344762 0.00013368516338985 
0.13030094911809 0.17153140779017 0.00014447544534484 
0.1303009491181 0.17149773905623 0.00019628320182252 
0.1303009491181 0.17145079475399 0.00027373131854461 
0.13030094911809 0.17138072560719 0.00040868370951532 
0.1303009491181 0.17128669600767 0.00054865912829501 
0.13030094911809 0.17119020449462 0.00056333337792281 
0.1303009491181 0.17111306481506 0.0004506080227596 
0.13030094911811 0.1710615205818 0.00030122909267152 
0.13030094911809 0.17102936411806 0.00018798186538952 
0.1303009491181 0.17100529440885 0.0001407343664918 
0.13030094911809 0.17098222562794 0.00013490097480274 
0.1303009491181 0.17095717190139 0.00014652825144463 
0.13030094911809 0.17092647956188 0.00017953233065919 
0.13030094911809 0.17088363448761 0.000250663761267 
0.1303009491181 0.17082229552824 0.00035895163132456 
0.1303009491181 0.17073695165814 0.00049960615407397 
0.1303009491181 0.17065324204655 0.00049028409360796 
0.1303009491181 0.1705918854724 0.00035953945803539 
0.1303009491181 0.17055110222396 0.00023906909949236 
0.13030094911809 0.17052329530521 0.00016304156575621 
0.13030094911811 0.17050230831148 0.00012307405676929 
0.1303009491181 0.17048222170674 0.00011780840356151 
0.1303009491181 0.17045799247273 0.00014212176356712 
0.1303009491181 0.17042500445499 0.00019352579049605 
0.1303009491181 0.17037684606563 0.00028257819040187 
0.1303009491181 0.17031185419546 0.00038145952148217 
0.1303009491181 0.17024283637679 0.00040524377472399 
0.1303009491181 0.17018498774321 0.00033980069179546 
0.13030094911809 0.1701370771727 0.00028152054505714 
0.1303009491181 0.17009956343329 0.00022049126524476 
0.1303009491181 0.17007358800062 0.0001527072271665 
0.1303009491181 0.17005443823327 0.00011259695035724 
0.13030094911809 0.17003717375469 0.00010152324608716 
0.1303009491181 0.1700179755314 0.00011290603617015 
0.1303009491181 0.16999160380656 0.00015511139196054 
0.13030094911809 0.1699532946861 0.00022535889773008 
0.13030094911809 0.16990577284809 0.00027961704476278 
0.1303009491181 0.1698528442446 0.00031151739348965 
0.1303009491181 0.169793529204 0.00034921429110329 
0.1303009491181 0.16974212520145 0.000302744178734 
0.1303009491181 0.16970133096008 0.00024033068584393 
0.13030094911809 0.16967113091021 0.00017796000600064 
0.13030094911809 0.16964887873698 0.00013114884725398 
0.13030094911811 0.1696282300013 0.00012171454259811 
0.1303009491181 0.16960315077797 0.00014784816963339 
0.13030094911812 0.16957425672394 0.00017036271969114 
0.1303009491181 0.16953122845218 0.0002537429476961 
0.13030094911811 0.16946480212032 0.00039182357414204 
0.1303009491181 0.16938101901721 0.00049439825889974 
0.1303009491181 0.16929369253764 0.00051556236984399 
0.1303009491181 0.16922779671153 0.0003892397000737 
0.13030094911811 0.16918671183065 0.0002427785605214 
0.1303009491181 0.16915850163158 0.000166740039787 
0.1303009491181 0.16913489616345 0.00013954644850209 
0.13030094911809 0.16911293544923 0.00012984141486754 
0.13030094911811 0.16908685999044 0.00015418961721142 
0.1303009491181 0.16905401120729 0.00019427164923851 
0.13030094911809 0.16901511306276 0.00023009299957812 
0.1303009491181 0.16895962470095 0.00032830414276013 
0.13030094911808 0.16890243716427 0.00033846865356567 
0.1303009491181 0.16885567380026 0.00027686612932556 
0.13030094911809 0.16881922862314 0.00021583626006209 
0.13030094911809 0.16879455114864 0.00014617691774288 
0.1303009491181 0.16877656390948 0.00010656291356797 
0.1303009491181 0.16876054041731 9.4939082737295e-05 
0.13030094911809 0.16874432466245 9.6087360359536e-05 
0.13030094911809 0.16872615769504 0.00010765972393956 
0.13030094911809 0.16870098678617 0.00014918201906284 
0.13030094911811 0.16866185207304 0.00023197678849475 
0.13030094911809 0.16860580757924 0.00033228909266462 
0.1303009491181 0.16854465052467 0.00036272211174655 
0.13030094911809 0.16849352563602 0.0003033314228041 
0.13030094911809 0.16845628482739 0.00022102219350287 
0.13030094911809 0.16842957764501 0.00015854073004225 
0.1303009491181 0.16840850983577 0.0001250837860016 
0.13030094911809 0.16838896121123 0.00011607860287643 
0.1303009491181 0.16836557562279 0.00013887839364134 
0.13030094911809 0.16833157987637 0.00020191625450331 
0.13030094911809 0.16827718739069 0.00032312704319462 
0.13030094911809 0.16819622274686 0.00048113856125847 
0.1303009491181 0.16809757209587 0.00058652120351477 
0.1303009491181 0.16799633524542 0.00060225052141929 
0.1303009491181 0.16792189694682 0.00044309477643672 
0.1303009491181 0.16787551653094 0.0002762023102253 
0.1303009491181 0.16784161813114 0.00020192581087129 
0.1303009491181 0.16781586502593 0.00015343694547276 
0.1303009491181 0.16778981117193 0.00015525262763433 
0.13030094911809 0.16776046654237 0.00017488922215763 
0.13030094911809 0.16772541327073 0.00020894834376273 
0.1303009491181 0.16767361456383 0.00030883040255357 
0.13030094911809 0.16760701015053 0.00039722656113058 
0.13030094911811 0.16754339661283 0.00037953983930952 
0.1303009491181 0.16749665312964 0.00027899328847734 
0.1303009491181 0.16746403697791 0.00019472718482441 
0.13030094911811 0.16744110272466 0.00013695031878118 
0.13030094911811 0.16742453005077 9.8976139241917e-05 
0.13030094911811 0.16741157894197 7.7354906076354e-05 
0.13030094911809 0.16739891531106 7.5643697924638e-05 
0.1303009491181 0.16738370505562 9.0862329749547e-05 
0.13030094911809 0.16736412248246 0.00011699211196531 
0.1303009491181 0.16733902090916 0.00014998180569309 
0.1303009491181 0.16730804465872 0.00018511074266648 
0.13030094911809 0.1672765027927 0.00018852569873901 
0.13030094911809 0.16725102027012 0.00015233772918199 
0.1303009491181 0.16723297564548 0.000107889474173 
0.13030094911809 0.16722138044594 6.9335604986558e-05 
0.13030094911811 0.16721350644002 4.7087315666688e-05 
0.13030094911811 0.16720678117805 4.0219609718349e-05 
0.1303009491181 0.1671998064336 4.1713286987586e-05 
0.13030094911811 0.16719103109711 5.2484130684237e-05 
0.13030094911809 0.1671790569805 7.1619371723136e-05 
0.13030094911809 0.16716128317317 0.00010631599231948 
0.13030094911811 0.16713533970478 0.00015520022275889 
0.1303009491181 0.16710881586281 0.00015869679039393 
0.13030094911809 0.16708694104979 0.00013090160984174 
0.13030094911811 0.16706578989909 0.00012658769484649 
0.1303009491181 0.16705002151179 9.4384297949502e-05 
0.1303009491181 0.16703765061172 7.4055064233251e-05 
0.1303009491181 0.16702685703431 6.4617631855176e-05 
0.1303009491181 0.16701597942669 6.5124901535828e-05 
0.13030094911809 0.16700255098196 8.0402155384223e-05 
0.13030094911809 0.16698138767181 0.00012672447230107 
0.1303009491181 0.16694919317895 0.00019280288245865 
0.1303009491181 0.16690104963875 0.00028837240415442 
0.13030094911811 0.16683543897915 0.00039311112622452 
0.13030094911809 0.16675779863432 0.00046537081874944 
0.1303009491181 0.16668523390404 0.00043515044498068 
0.13030094911811 0.16663045083691 0.00032866178870883 
0.1303009491181 0.1665857275055 0.00026839831010654 
0.13030094911809 0.16653774754916 0.00028801961039392 
0.1303009491181 0.16647769502067 0.00036059409580466 
0.1303009491181 0.16639543422688 0.00049412501646233 
0.13030094911809 0.16627385965234 0.00073063648113751 
0.13030094911809 0.16613489013434 0.00083578692580077 
0.1303009491181 0.16602078197717 0.00068684041669067 
0.13030094911811 0.16592556712364 0.00057351165555765 
0.1303009491181 0.16586646032099 0.00035622480410846 
0.13030094911811 0.16583160866264 0.00021011878041216 
0.13030094911809 0.16580766269274 0.00014439931023247 
0.13030094911809 0.16578727456534 0.00012296251610601 
0.13030094911809 0.16576578340312 0.00012963095194502 
0.1303009491181 0.16574005377097 0.00015521678614633 
0.13030094911809 0.16571094527409 0.00017562741299424 
0.13030094911809 0.16567820200491 0.00019759267636968 
0.1303009491181 0.16564233147425 0.00021650724252823 
0.1303009491181 0.16561085846351 0.00019000584244458 
0.1303009491181 0.16558696989683 0.00014424517151547 
0.13030094911809 0.16556957837463 0.00010502953349454 
0.1303009491181 0.16555721250985 7.4686816875083e-05 
0.13030094911809 0.16554709056462 6.1138654578671e-05 
0.13030094911809 0.16553705248689 6.0635784648054e-05 
0.13030094911811 0.16552486497906 7.362404758641e-05 
0.13030094911809 0.16550709053369 0.00010738232811675 
0.1303009491181 0.16548315140784 0.00014464108925951 
0.13030094911809 0.16545677299112 0.00015940243158201 
0.1303009491181 0.1654195980939 0.00022468041980765 
0.1303009491181 0.16538344603674 0.00021854760606378 
0.13030094911811 0.16535599286903 0.00016599707145305 
0.1303009491181 0.16533489180093 0.00012760993863829 
0.13030094911811 0.16531819180403 0.00010100709365161 
0.1303009491181 0.1653036395531 8.8025708307176e-05 
0.13030094911809 0.16528744715225 9.7955501152884e-05 
0.1303009491181 0.16526591804438 0.00013025252818546 
0.13030094911809 0.16523942035282 0.00016033367234685 
0.13030094911811 0.16519714374672 0.00025585060765405 
0.1303009491181 0.16512489616192 0.00043734160990738 
0.1303009491181 0.16503289583673 0.00055715599115607 
0.13030094911809 0.16494747647174 0.00051758992995495 
0.1303009491181 0.16488700329189 0.00036662082465352 
0.1303009491181 0.16484779248174 0.00023780412871554 
0.1303009491181 0.16482111163162 0.00016185142493522 
0.13030094911809 0.16479830241414 0.0001383877177766 
0.13030094911809 0.16477266885883 0.00015554502040765 
0.1303009491181 0.16474141777956 0.00018966178970991 
0.13030094911809 0.16469681852849 0.00027072275858492 
0.13030094911809 0.1646326937048 0.0003893507127632 
0.1303009491181 0.16455614650034 0.0004649574925667 
0.1303009491181 0.1644806371476 0.00045886680229154 
0.1303009491181 0.16442350037189 0.00034737691138082 
0.1303009491181 0.16438796824924 0.00021610124204755 
0.1303009491181 0.16436445307869 0.00014304678618172 
0.1303009491181 0.16434555441115 0.00011498025995835 
0.1303009491181 0.16432889501095 0.00010136812194508 
0.13030094911809 0.16430871817095 0.00012278327553405 
0.13030094911809 0.16427925598267 0.00017930995149524 
0.13030094911809 0.16423649044905 0.00026032217740122 
0.1303009491181 0.16418019068588 0.00034279692052853 
0.1303009491181 0.16412585431429 0.00033095571008648 
0.13030094911809 0.16408882262816 0.00022562981494798 
0.13030094911809 0.16406562564682 0.00014136844282686 
0.1303009491181 0.1640499008159 9.5844762472674e-05 
0.13030094911809 0.1640386666765 6.848001333053e-05 
0.13030094911809 0.1640290812904 5.8433699159352e-05 
0.1303009491181 0.16401906459663 6.1066572418253e-05 
0.1303009491181 0.16400765034573 6.9591001098087e-05 
0.13030094911809 0.16399389203102 8.3888249574954e-05 
0.13030094911809 0.16397533373961 0.00011316452816626 
0.13030094911809 0.16395497113811 0.00012418088155168 
0.13030094911809 0.16393674549865 0.00011116246936454 
0.13030094911809 0.16392216016964 8.8969248299364e-05 
0.13030094911809 0.16391209841722 6.1381282467986e-05 
0.1303009491181 0.16390523630297 4.1864598896997e-05 
0.1303009491181 0.16389984896912 3.286858903004e-05 
0.13030094911809 0.16389483622548 3.0584187063922e-05 
0.13030094911809 0.1638895267359 3.2395709929694e-05 
0.1303009491181 0.16388291800154 4.0324323942394e-05 
0.13030094911809 0.16387388234244 5.5134843839946e-05 
0.13030094911809 0.16386017750651 8.3630385372405e-05 
0.13030094911809 0.16384301354823 0.00010474758751207 
0.1303009491181 0.16382577912574 0.0001051886321527 
0.1303009491181 0.16381089952585 9.0825753909311e-05 
0.1303009491181 0.16380025182598 6.4999947463583e-05 
0.1303009491181 0.16379238748119 4.8011799171675e-05 
0.13030094911811 0.16378533169094 4.307764455638e-05 
0.13030094911809 0.16377805852857 4.44066772793e-05 
0.1303009491181 0.163769417302 5.2761808578254e-05 
0.13030094911811 0.16375758286642 7.2262793458327e-05 
0.13030094911809 0.16373728338553 0.00012396055521422 
0.13030094911809 0.16370426837047 0.00020163407118784 
0.13030094911809 0.16365942035631 0.00027395751259892 
0.13030094911809 0.16361276279376 0.0002850893792211 
0.1303009491181 0.16357495043225 0.00023110887476706 
0.13030094911809 0.16354678329214 0.00017219714900866 
0.13030094911809 0.16352550468152 0.00013010717905412 
0.1303009491181 0.16350786955658 0.00010784326868989 
0.13030094911809 0.16348819284177 0.00012034108734668 
0.13030094911808 0.16346326392591 0.00015248144480141 
0.1303009491181 0.16342469954712 0.00023592076816752 
0.13030094911809 0.16336493101957 0.00036572517935533 
0.13030094911809 0.16328449332654 0.00049238041806494 
0.1303009491181 0.16319564182811 0.00054415147831142 
0.13030094911809 0.16312445359195 0.00043621407632942 
0.1303009491181 0.16307994274247 0.00027286435904399 
0.1303009491181 0.1630517404003 0.00017293568847956 
0.1303009491181 0.16303270143761 0.00011676638743077 
0.13030094911811 0.16301897883939 8.4170832574411e-05 
0.1303009491181 0.1630059044973 8.0201349472346e-05 
0.13030094911811 0.16299005524855 9.7231132799024e-05 
0.13030094911811 0.1629694801412 0.0001262353541744 
0.1303009491181 0.16294096656399 0.00017496268123045 
0.13030094911809 0.16290752620549 0.0002052299014102 
0.13030094911809 0.16287609577478 0.00019293418448523 
0.13030094911809 0.16285147067267 0.00015118917229462 
0.13030094911809 0.16283515778863 0.0001001703206826 
0.13030094911811 0.16282541662246 5.9822254018423e-05 
0.13030094911811 0.16281873729628 4.1021397734744e-05 
0.13030094911809 0.16281364405828 3.1281645373371e-05 
0.1303009491181 0.16280891842986 2.902476906936e-05 
0.13030094911809 0.16280208241425 4.1987967707828e-05 
0.1303009491181 0.1627927199342 5.7508355579566e-05 
0.1303009491181 0.16278092100367 7.2478244334508e-05 
0.13030094911809 0.16276687899036 8.6263262460619e-05 
0.13030094911811 0.1627525453311 8.80625060494e-05 
0.13030094911809 0.16274063626697 7.3172828758435e-05 
0.1303009491181 0.16273222002311 5.1715687269197e-05 
0.1303009491181 0.16272685625658 3.2960691717606e-05 
0.13030094911811 0.16272349651816 2.0646490058282e-05 
0.13030094911811 0.16272053433705 1.820377000391e-05 
0.13030094911811 0.16271715388412 2.0774593363161e-05 
0.1303009491181 0.16271305622815 2.5182692031667e-05 
0.13030094911811 0.16270712044878 3.6480043495393e-05 
0.1303009491181 0.16269833568102 5.3991292625151e-05 
0.13030094911809 0.16268750377236 6.6576640888527e-05 
0.1303009491181 0.16267455324544 7.9603697960191e-05 
0.13030094911809 0.16266087769077 8.4066956989132e-05 
0.13030094911811 0.16264857216743 7.5651401357908e-05 
0.1303009491181 0.16263799174012 6.5050846526634e-05 
0.1303009491181 0.16262833600923 5.9369467052975e-05 
0.13030094911809 0.16261791670902 6.4068172073724e-05 
0.1303009491181 0.16260231470175 9.5942732401974e-05 
0.13030094911809 0.16256954948267 0.00020150524390618 
0.1303009491181 0.16248323786883 0.00053092116030668 
0.13030094911811 0.16227586646669 0.0012762633540361 
0.13030094911809 0.16209186097094 0.0011339054892061 
0.1303009491181 0.16203353335556 0.00035984296202717 
0.13030094911809 0.16201400830635 0.00012050005212142 
0.13030094911809 0.16200536646453 5.334009020878e-05 
0.1303009491181 0.16200039752885 3.0671426463729e-05 
0.13030094911811 0.16199662613898 2.3280127216012e-05 
0.1303009491181 0.16199340118443 1.9907541477463e-05 
0.1303009491181 0.16198979155529 2.2282569011907e-05 
0.1303009491181 0.16198529962578 2.7729707323622e-05 
0.1303009491181 0.16198076346263 2.800354822612e-05 
0.1303009491181 0.16197680882923 2.4414216290566e-05 
0.1303009491181 0.16197400421876 1.7314889077959e-05 
0.13030094911809 0.16197226624304 1.0729966981446e-05 
0.1303009491181 0.16197110933447 7.1426337209166e-06 
0.1303009491181 0.16197025270372 5.2887873266673e-06 
0.1303009491181 0.161969483636 4.7482035044636e-06 
0.1303009491181 0.1619686252911 5.2994235587607e-06 
0.13030094911809 0.16196765746962 5.9753639206825e-06 
0.1303009491181 0.16196628336147 8.4838427996686e-06 
0.13030094911809 0.16196440621431 1.1589740331365e-05 
0.1303009491181 0.16196201624465 1.4756141290779e-05 
0.13030094911809 0.16195904654676 1.8335767569416e-05 
0.1303009491181 0.1619564313435 1.614731201045e-05 
0.13030094911808 0.16195450528538 1.1892446048015e-05 
0.13030094911809 0.16195299818071 9.3057285807711e-06 
0.1303009491181 0.16195161522803 8.5392224761808e-06 
0.13030094911809 0.16195008161119 9.4695989088866e-06 
0.1303009491181 0.16194801692143 1.2748926958492e-05 
0.13030094911811 0.16194472426084 2.0331589449333e-05 
0.1303009491181 0.16193902629225 3.5184650896365e-05 
0.13030094911809 0.16192982843172 5.6798294624521e-05 
0.1303009491181 0.16191305671204 0.00010357399776284 
0.13030094911809 0.16188820480686 0.00015348919772256 
0.13030094911811 0.1618550443131 0.00020483576179429 
0.1303009491181 0.16182395317355 0.00019209249665318 
0.1303009491181 0.16180055853835 0.00014456843217067 
0.1303009491181 0.16177929786667 0.00013140048386672 
0.13030094911809 0.16175499769057 0.00015020572112334 
0.13030094911809 0.16172460333151 0.00018790367833111 
0.13030094911809 0.16168217298047 0.00026236175678868 
0.13030094911809 0.1616251162331 0.00035289448624826 
0.13030094911809 0.16156580851181 0.000366946194188 
0.13030094911809 0.16151562048993 0.00031063516684905 
0.13030094911809 0.16147676018067 0.00024059783900191 
0.1303009491181 0.16144923720416 0.00017044543423376 
0.1303009491181 0.1614308324318 0.00011399727047872 
0.13030094911809 0.16141787383833 8.0273348482486e-05 
0.13030094911811 0.16140756313859 6.3875824245226e-05 
0.1303009491181 0.16139719596591 6.4229782532158e-05 
0.13030094911809 0.16138390062263 8.2376544455833e-05 
0.13030094911811 0.16136501819386 0.00011700317500316 
0.1303009491181 0.16134013159333 0.00015422549944782 
0.1303009491181 0.1613130475276 0.00016786936683122 
0.13030094911809 0.16128724738748 0.00015993833430903 
0.13030094911809 0.16126183920765 0.00015753371848397 
0.1303009491181 0.16124219629767 0.0001218075526884 
0.1303009491181 0.16122897512548 8.1995733734422e-05 
0.13030094911809 0.16121851615592 6.4870284973786e-05 
0.1303009491181 0.16120896134256 5.9266228125281e-05 
0.1303009491181 0.1611982909351 6.6189915097839e-05 
0.13030094911811 0.16118319076343 9.3674514651207e-05 
0.13030094911809 0.16115930859175 0.00014816788011498 
0.1303009491181 0.16112279553163 0.000226565008452 
0.13030094911811 0.16107660855354 0.00028665700552692 
0.13030094911809 0.16102892588828 0.00029602476545215 
0.13030094911809 0.16098786677877 0.00025497971423236 
0.13030094911809 0.16095864759571 0.00018149928716415 
0.13030094911809 0.16094113526141 0.00010880020775975 
0.1303009491181 0.16092449109861 0.00010341770467456 
0.1303009491181 0.16090634054397 0.00011278926236095 
0.13030094911808 0.16088381218653 0.00014000913426509 
0.1303009491181 0.16085277335489 0.00019292700249235 
0.1303009491181 0.16080973772861 0.00026754668498759 
0.13030094911809 0.16074870939527 0.0003795064540355 
0.13030094911809 0.16068022399114 0.00042604014916089 
0.1303009491181 0.16062990570357 0.00031315793767613 
0.13030094911811 0.16060241871045 0.00017112002276489 
0.1303009491181 0.16058935652887 8.133240883314e-05 
0.1303009491181 0.16058226947677 4.4131518139903e-05 
0.1303009491181 0.16057681767746 3.3950194722817e-05 
0.1303009491181 0.16057186455135 3.0845835499093e-05 
0.1303009491181 0.16056664113339 3.2530094718936e-05 
0.1303009491181 0.16056093311509 3.5549216538249e-05 
0.13030094911809 0.16055467653401 3.8967019963823e-05 
0.13030094911811 0.16054841175026 3.9019627951399e-05 
0.13030094911811 0.16054331414627 3.1751195397585e-05 
0.13030094911809 0.16053987372123 2.1429886790176e-05 
0.13030094911809 0.1605378378556 1.2681370541946e-05 
0.1303009491181 0.1605366527827 7.3818915193981e-06 
0.1303009491181 0.16053595037991 4.3753421580015e-06 
0.13030094911811 0.16053536365533 3.6547862137227e-06 
0.13030094911811 0.16053475966033 3.7623797290739e-06 
0.1303009491181 0.16053408448856 4.2057668640814e-06 
0.13030094911809 0.16053317685932 5.6538101688082e-06 
0.13030094911812 0.16053198253321 7.4397463311234e-06 
0.1303009491181 0.16053066212273 8.2252175140202e-06 
0.1303009491181 0.16052937033992 8.0469537309316e-06 
0.1303009491181 0.16052834615137 6.3800695703782e-06 
0.1303009491181 0.16052764976724 4.3380757933223e-06 
0.13030094911809 0.16052719157771 2.8542717295223e-06 
0.1303009491181 0.16052687351645 1.98135443307e-06 
0.1303009491181 0.1605266086121 1.6502180586189e-06 
0.13030094911809 0.16052634432173 1.6463960065804e-06 
0.1303009491181 0.16052603611034 1.9200050761947e-06 
0.13030094911809 0.16052565636753 2.3656150557692e-06 
0.13030094911809 0.16052516716258 3.0475187335648e-06 
0.13030094911809 0.16052455234538 3.8300362021823e-06 
0.13030094911811 0.16052385779736 4.3267401089116e-06 
0.13030094911808 0.16052319731021 4.1145731470048e-06 
0.13030094911809 0.1605226942584 3.1338262753784e-06 
0.13030094911809 0.16052235293654 2.1263152818695e-06 
0.13030094911809 0.16052210839505 1.523410786584e-06 
0.13030094911811 0.16052190381015 1.2744967611185e-06 
0.1303009491181 0.16052170064999 1.2656226712507e-06 
0.1303009491181 0.16052144891442 1.5682338679639e-06 
0.13030094911809 0.16052110895822 2.1178241546837e-06 
0.1303009491181 0.16052073086937 2.3553839728325e-06 
0.1303009491181 0.16052028355919 2.7866193718927e-06 
0.13030094911808 0.16051973705487 3.4045810723394e-06 
0.1303009491181 0.16051923728829 3.1134275805367e-06 
0.13030094911811 0.16051885544968 2.378771680502e-06 
0.13030094911809 0.16051858746303 1.669502642304e-06 
0.13030094911811 0.16051839182244 1.2188032921123e-06 
0.1303009491181 0.16051821797288 1.083050768556e-06 
0.13030094911809 0.16051801639479 1.2557956757072e-06 
0.1303009491181 0.16051774969297 1.6615070739725e-06 
0.13030094911808 0.16051739254024 2.2250046272983e-06 
0.13030094911809 0.16051690435723 3.0413091016648e-06 
0.13030094911809 0.16051634479497 3.4860020402637e-06 
0.13030094911811 0.16051584963855 3.0847726237226e-06 
0.13030094911809 0.16051545516997 2.4575054268682e-06 
0.13030094911811 0.16051514958203 1.9037913961783e-06 
0.13030094911808 0.16051489909673 1.560508778826e-06 
0.13030094911809 0.16051468778318 1.3164731295034e-06 
0.13030094911809 0.1605144769289 1.3136135961972e-06 
0.1303009491181 0.16051421871168 1.608684974068e-06 
0.1303009491181 0.16051387600697 2.1350426774006e-06 
0.1303009491181 0.16051337480319 3.1224950006801e-06 
0.13030094911811 0.16051268419674 4.30248539161e-06 
0.1303009491181 0.16051192748894 4.7143178094361e-06 
0.1303009491181 0.16051126494976 4.127663195421e-06 
0.1303009491181 0.16051076449838 3.1178583346035e-06 
0.1303009491181 0.16051038653434 2.3547582211542e-06 
0.1303009491181 0.16051006882958 1.9793407989639e-06 
0.1303009491181 0.16050976946756 1.8650669416163e-06 
0.1303009491181 0.16050943833314 2.0630172265436e-06 
0.1303009491181 0.16050895128699 3.034377007651e-06 
0.1303009491181 0.16050830551746 4.0232617766169e-06 
0.13030094911809 0.1605074347974 5.4247664029274e-06 
0.1303009491181 0.16050612471338 8.1621391434935e-06 
0.1303009491181 0.16050462682708 9.3322688028429e-06 
0.1303009491181 0.16050314016246 9.2624408814786e-06 
0.13030094911811 0.16050192997265 7.5399759062176e-06 
0.13030094911809 0.16050101501119 5.7006259251507e-06 
0.13030094911809 0.16050021608272 4.9777159975683e-06 
0.13030094911809 0.16049929557221 5.7352602566477e-06 
0.1303009491181 0.16049797979255 8.1980401006448e-06 
0.13030094911809 0.16049592336236 1.2812810436841e-05 
0.1303009491181 0.16049273538222 1.9863309116305e-05 
0.1303009491181 0.16048758284071 3.2104515483853e-05 
0.1303009491181 0.16047959135157 4.9795062034511e-05 
0.13030094911811 0.16046819177904 7.1034406509858e-05 
0.13030094911811 0.16045508692191 8.166638502245e-05 
0.1303009491181 0.16044235456551 7.935152842328e-05 
0.13030094911809 0.160430703651 7.261744909801e-05 
0.13030094911811 0.16041942586736 7.0296915615832e-05 
0.13030094911811 0.16040617562928 8.2597466072223e-05 
0.1303009491181 0.1603854947269 0.00012892834267711 
0.13030094911809 0.16035067173073 0.00021712060820951 
0.13030094911811 0.16029824405695 0.00032695637144658 
0.1303009491181 0.16022393445905 0.00046357087899605 
0.1303009491181 0.16014345941992 0.00050226602783603 
0.13030094911809 0.16008391886624 0.00037179510110055 
0.13030094911811 0.16004312195205 0.00025484704819444 
0.13030094911811 0.1600177423653 0.00015857967802106 
0.13030094911809 0.16000192767703 9.8830842357167e-05 
0.13030094911811 0.15998959297253 7.7090974326149e-05 
0.13030094911811 0.15997794978718 7.2774642024937e-05 
0.13030094911811 0.15996714260734 6.7554183872581e-05 
0.13030094911809 0.15995921152502 4.9579446052756e-05 
0.1303009491181 0.15995327376781 3.712044560455e-05 
0.13030094911809 0.15994886996616 2.7531800662427e-05 
0.1303009491181 0.15994628856005 1.6138945610639e-05 
0.1303009491181 0.15994481697148 9.2005171446019e-06 
0.13030094911809 0.15994395741103 5.3741063170177e-06 
0.13030094911809 0.15994339904924 3.4909839647548e-06 
0.1303009491181 0.15994296516149 2.7127580845472e-06 
0.1303009491181 0.15994253454073 2.6923394956747e-06 
0.13030094911809 0.15994200046791 3.3391544111783e-06 
0.1303009491181 0.15994126909657 4.572728478069e-06 
0.1303009491181 0.15994027995358 6.1844137871679e-06 
0.13030094911811 0.15993911798687 7.2650035880793e-06 
0.1303009491181 0.1599380771645 6.5076160565955e-06 
0.1303009491181 0.15993734168006 4.5985574705706e-06 
0.13030094911809 0.15993682704977 3.2176994126358e-06 
0.13030094911809 0.15993645028594 2.3557040473443e-06 
0.13030094911811 0.15993614563129 1.9048481517726e-06 
0.1303009491181 0.15993583977447 1.9123683031307e-06 
0.1303009491181 0.15993544235948 2.4848400884586e-06 
0.13030094911809 0.15993480939541 3.9576223161148e-06 
0.13030094911809 0.15993373857133 6.6953784962419e-06 
0.13030094911811 0.15993210578041 1.0209171176862e-05 
0.13030094911809 0.15992996791023 1.3367360901955e-05 
0.13030094911809 0.15992755088639 1.5113013984179e-05 
0.1303009491181 0.15992512437652 1.5172556934733e-05 
0.1303009491181 0.15992271952813 1.5037339521773e-05 
0.1303009491181 0.15992018293141 1.5861390560975e-05 
0.1303009491181 0.15991697705021 2.0046758012252e-05 
0.13030094911809 0.1599111175705 3.6640760817607e-05 
0.1303009491181 0.15989520344306 9.9518580559439e-05 
0.13030094911809 0.15983585310809 0.00037118271026239 
0.1303009491181 0.15968920021092 0.00091752190964604 
0.13030094911809 0.15951372154662 0.0010988762174331 
0.13030094911809 0.15938976614016 0.00077708303249237 
0.13030094911811 0.15932230257335 0.00042326159602082 
0.1303009491181 0.15928590688303 0.00022844064977105 
0.13030094911809 0.15926347936536 0.00014080038912064 
0.13030094911809 0.1592466264457 0.00010581785433703 
0.1303009491181 0.15923040204745 0.00010188221006698 
0.1303009491181 0.15921149779351 0.00011872264155619 
0.13030094911809 0.15919123115821 0.00012729379204228 
0.13030094911809 0.15917516476056 0.00010092514225571 
0.1303009491181 0.15916488735629 6.4566631894507e-05 
0.13030094911809 0.1591583633026 4.0989277233738e-05 
0.13030094911809 0.15915484180083 2.2125772697246e-05 
0.13030094911809 0.15915267505118 1.3614098245904e-05 
0.1303009491181 0.15915112571513 9.7349042529895e-06 
0.1303009491181 0.15914989793761 7.714538690637e-06 
0.13030094911809 0.15914867030191 7.7137070795694e-06 
0.1303009491181 0.15914714828426 9.5634959166514e-06 
0.13030094911809 0.15914520350648 1.2219997643736e-05 
0.13030094911811 0.15914294224285 1.4208807908133e-05 
0.13030094911809 0.15914048557231 1.5436880247651e-05 
0.13030094911809 0.15913835146295 1.3410222774041e-05 
0.13030094911811 0.15913682576047 9.5872708613865e-06 
0.13030094911809 0.15913584395253 6.1695835003389e-06 
0.13030094911809 0.15913519401393 4.084174759255e-06 
0.13030094911808 0.15913471360154 3.0188947144186e-06 
0.13030094911811 0.15913428623974 2.6855347470261e-06 
0.13030094911812 0.15913381372038 2.969312048259e-06 
0.1303009491181 0.15913317676834 4.0026190942182e-06 
0.13030094911809 0.15913232890349 5.3280206288248e-06 
0.1303009491181 0.15913131153483 6.3932242492176e-06 
0.1303009491181 0.15913024510013 6.7016019051281e-06 
0.1303009491181 0.15912935772685 5.5763961154917e-06 
0.1303009491181 0.15912872958506 3.9473658077289e-06 
0.1303009491181 0.15912829309752 2.7429838647466e-06 
0.13030094911809 0.15912798890703 1.9116053299987e-06 
0.13030094911811 0.15912775771895 1.4528435886535e-06 
0.1303009491181 0.15912754246256 1.3527268725983e-06 
0.1303009491181 0.1591272804444 1.646592147275e-06 
0.13030094911809 0.15912692503173 2.2335118269049e-06 
0.13030094911811 0.1591264708693 2.854089161943e-06 
0.1303009491181 0.15912590176036 3.57645677523e-06 
0.13030094911809 0.15912529671425 3.8023106390662e-06 
0.13030094911809 0.15912481122647 3.0509780014888e-06 
0.1303009491181 0.15912447683306 2.1014536098138e-06 
0.1303009491181 0.15912422658204 1.5726745808506e-06 
0.13030094911809 0.15912403041426 1.2327964440095e-06 
0.13030094911811 0.15912384890221 1.1406953684704e-06 
0.1303009491181 0.15912362139119 1.4297732770817e-06 
0.13030094911809 0.15912326890722 2.2151580501905e-06 
0.13030094911811 0.15912269430229 3.6110678583459e-06 
0.1303009491181 0.15912183694879 5.388002660171e-06 
0.1303009491181 0.15912073630252 6.917003309504e-06 
0.13030094911811 0.15911957801822 7.2792794497889e-06 
0.1303009491181 0.15911856013895 6.3969454572713e-06 
0.1303009491181 0.15911776786405 4.9791482701245e-06 
0.13030094911811 0.15911712856869 4.0177496615652e-06 
0.1303009491181 0.15911654359158 3.676393113038e-06 
0.1303009491181 0.15911589045223 4.1047859042939e-06 
0.13030094911811 0.15911496169618 5.8369785924751e-06 
0.13030094911811 0.15911343762021 9.5784580033385e-06 
0.13030094911809 0.1591108097321 1.6515815051909e-05 
0.13030094911809 0.1591060290245 3.004640351843e-05 
0.13030094911811 0.15909777556142 5.1873980724396e-05 
0.13030094911809 0.1590868842944 6.8456438086828e-05 
0.1303009491181 0.15907677971683 6.3516094488132e-05 
0.1303009491181 0.15906856312335 5.165174635383e-05 
0.13030094911809 0.1590618726851 4.2060091025764e-05 
0.13030094911808 0.15905601234667 3.6843137450829e-05 
0.1303009491181 0.1590497247412 3.9530762586699e-05 
0.13030094911809 0.15904187122719 4.9377727789927e-05 
0.13030094911811 0.15903271147036 5.7593366837647e-05 
0.1303009491181 0.15902358254257 5.7402830546774e-05 
0.1303009491181 0.1590154828155 5.0934125246608e-05 
0.1303009491181 0.15901005987349 3.4103232701928e-05 
0.13030094911811 0.1590070174399 1.9133591835068e-05 
0.13030094911809 0.1590051847041 1.1526131533683e-05 
0.1303009491181 0.15900397669951 7.5972654151401e-06 
0.13030094911811 0.15900310708556 5.4691333764531e-06 
0.1303009491181 0.15900233760331 4.839416417162e-06 
0.13030094911811 0.15900142005857 5.7706367998174e-06 
0.1303009491181 0.15900015822967 7.9359599682218e-06 
0.13030094911809 0.15899847956191 1.0557648346882e-05 
0.1303009491181 0.15899638005911 1.3204546389083e-05 
0.13030094911809 0.15899425394462 1.3372093674277e-05 
0.13030094911809 0.15899257230971 1.0576702403059e-05 
0.13030094911809 0.15899130347289 7.9804786199795e-06 
0.1303009491181 0.15899032270145 6.1687112521474e-06 
0.1303009491181 0.15898952031052 5.046790983258e-06 
0.13030094911809 0.15898871485169 5.066112703216e-06 
0.13030094911809 0.15898762230768 6.871833747225e-06 
0.13030094911811 0.15898594226188 1.0567148387517e-05 
0.13030094911809 0.15898321364404 1.7162635899124e-05 
0.1303009491181 0.15897817386554 3.170006683732e-05 
0.1303009491181 0.15896982212547 5.2533878495578e-05 
0.1303009491181 0.15895792371808 7.4846956668627e-05 
0.13030094911811 0.15894250423766 9.7003534410208e-05 
0.1303009491181 0.15892530643016 0.00010820143790931 
0.13030094911807 0.15890699236834 0.00011523691364905 
0.13030094911809 0.15888514522971 0.00013748380925441 
0.13030094911809 0.15885262468102 0.00020467960452991 
0.1303009491181 0.1587962585718 0.00035483272208199 
0.13030094911811 0.15870847535939 0.00055280403451257 
0.13030094911811 0.158609546996 0.0006233338400294 
0.13030094911809 0.15852261146677 0.00054811031792903 
0.13030094911811 0.1584631662796 0.00037499500303049 
0.13030094911809 0.15843513976946 0.0001768645092737 
0.13030094911809 0.15842618719983 5.6506212245488e-05 
0.13030094911811 0.15842269870467 2.2019687621416e-05 
0.13030094911809 0.15842089277696 1.1399425236176e-05 
0.13030094911811 0.15841970331912 7.5082132485548e-06 
0.1303009491181 0.15841869847444 6.3429273882625e-06 
0.13030094911808 0.15841782922707 5.4870250980154e-06 
0.1303009491181 0.15841716568495 4.1885570725572e-06 
0.13030094911809 0.15841673684601 2.7070231790604e-06 
0.1303009491181 0.15841649498707 1.5267259642572e-06 
0.13030094911809 0.15841635449966 8.8682307392072e-07 
0.13030094911809 0.15841627528158 5.0006253954519e-07 
0.13030094911809 0.15841622794029 2.9884107497878e-07 
0.13030094911808 0.15841619405209 2.1391875634855e-07 
0.13030094911809 0.15841616542427 1.8071267875554e-07 
0.1303009491181 0.158416137031 1.7923218385215e-07 
0.13030094911811 0.15841610078412 2.2880795384701e-07 
0.13030094911808 0.15841605463886 2.912915111418e-07 
0.13030094911811 0.15841600579841 3.0830491418052e-07 
0.13030094911809 0.15841596220403 2.7518925877929e-07 
0.13030094911808 0.15841592852776 2.1258128547202e-07 
0.13030094911811 0.158415905906 1.4279979577465e-07 
0.13030094911809 0.15841589230121 8.5880191948808e-08 
0.13030094911809 0.15841588414172 5.1506758355263e-08 
0.1303009491181 0.15841587816673 3.7717076765659e-08 
0.13030094911809 0.15841587250533 3.5737625599428e-08 
0.13030094911809 0.15841586603605 4.0837301007831e-08 
0.1303009491181 0.15841585733731 5.4910762232566e-08 
0.1303009491181 0.15841584510839 7.7195072873625e-08 
0.13030094911809 0.15841583053347 9.2004174452781e-08 
0.13030094911811 0.15841581684043 8.643735208816e-08 
0.1303009491181 0.15841580566333 7.0555399552011e-08 
0.1303009491181 0.1584157979645 4.859893157435e-08 
0.13030094911809 0.15841579312458 3.0551983917517e-08 
0.1303009491181 0.1584157899801 1.9849526321685e-08 
0.13030094911809 0.15841578740853 1.6233060965369e-08 
0.1303009491181 0.15841578457504 1.7886399816341e-08 
0.13030094911811 0.15841578111993 2.1810378358536e-08 
0.13030094911809 0.15841577640062 2.979064066726e-08 
0.13030094911807 0.15841576963343 4.2717957207269e-08 
0.1303009491181 0.15841576191479 4.8723903170796e-08 
0.13030094911809 0.15841575508067 4.3140420615712e-08 
0.1303009491181 0.15841574980458 3.3305295722333e-08 
0.1303009491181 0.15841574629912 2.2128245399821e-08 
0.13030094911809 0.15841574401458 1.4421182151758e-08 
0.1303009491181 0.15841574226022 1.1074394449959e-08 
0.13030094911811 0.15841574057892 1.0613238059145e-08 
0.1303009491181 0.15841573860069 1.2487590596645e-08 
0.1303009491181 0.15841573595749 1.6685184866961e-08 
0.13030094911809 0.15841573225791 2.3353621176359e-08 
0.1303009491181 0.15841572753195 2.9832654728973e-08 
0.1303009491181 0.15841572257878 3.1266921358567e-08 
0.13030094911809 0.15841571818697 2.7723296390442e-08 
0.1303009491181 0.15841571488737 2.0828767392726e-08 
0.13030094911808 0.15841571275715 1.3446988063973e-08 
0.1303009491181 0.15841571117858 9.9647322604545e-09 
0.1303009491181 0.15841570974714 9.0359603130941e-09 
0.13030094911811 0.15841570818663 9.8507496427747e-09 
0.1303009491181 0.15841570617355 1.2707586137067e-08 
0.13030094911809 0.15841570310766 1.935346249988e-08 
0.13030094911811 0.15841569848254 2.9196038461821e-08 
0.13030094911809 0.15841569244926 3.8085140250206e-08 
0.13030094911809 0.15841568608774 4.0157106030707e-08 
0.13030094911809 0.15841568048382 3.5374785296114e-08 
0.13030094911809 0.15841567585703 2.9206639165832e-08 
0.13030094911809 0.15841567234614 2.21625234648e-08 
0.1303009491181 0.15841566950032 1.796425529016e-08 
0.13030094911811 0.1584156663356 1.9977361816488e-08 
0.13030094911811 0.1584156619182 2.788483331485e-08 
0.13030094911811 0.15841565496546 4.3889236061882e-08 
0.13030094911809 0.15841564126344 8.6494086089808e-08 
0.1303009491181 0.15841561091842 1.9155318550869e-07 
0.13030094911809 0.15841554225619 4.3343096717553e-07 
0.13030094911808 0.15841535524416 1.1805156859169e-06 
0.1303009491181 0.15841403476502 8.3355501239253e-06 
0.13030094911811 0.15833808675962 0.00047942725224645 
0.13030094911812 0.15826111876884 0.0004860990324493 
0.13030094911809 0.15820948546255 0.00032625389414512 
0.13030094911811 0.15817009986161 0.00024894588859359 
0.13030094911809 0.15814013149096 0.00018946925289328 
0.13030094911811 0.15812009422314 0.00012670577440709 
0.1303009491181 0.1581086336959 7.2479891234121e-05 
0.13030094911809 0.15810253266592 3.8587582732358e-05 
0.13030094911809 0.15809928059506 2.0569378659887e-05 
0.13030094911811 0.15809755543674 1.091186700697e-05 
0.1303009491181 0.15809666648178 5.6228254571416e-06 
0.13030094911809 0.1580961417281 3.3191950650019e-06 
0.1303009491181 0.15809573265458 2.5874984615573e-06 
0.13030094911809 0.15809533398264 2.521712179589e-06 
0.13030094911809 0.15809489193029 2.7961126016392e-06 
0.1303009491181 0.15809435349215 3.4057908636116e-06 
0.13030094911809 0.15809370915969 4.0756196750764e-06 
0.1303009491181 0.15809308058059 3.9759906007588e-06 
0.13030094911809 0.15809256161661 3.2826483155929e-06 
0.1303009491181 0.15809218854375 2.359838126299e-06 
0.1303009491181 0.15809195384447 1.4845722553651e-06 
0.13030094911811 0.15809181351917 8.8761823855276e-07 
0.13030094911808 0.15809171653194 6.1348675864245e-07 
0.1303009491181 0.15809162857886 5.5634212336962e-07 
0.13030094911812 0.15809153244364 6.0809808833306e-07 
0.13030094911811 0.1580914195937 7.1382658784326e-07 
0.1303009491181 0.15809127434004 9.1879532971339e-07 
0.1303009491181 0.158091088513 1.1754414760831e-06 
0.13030094911807 0.15809090220183 1.1785052178733e-06 
0.13030094911809 0.15809073469749 1.0595444355258e-06 
0.13030094911809 0.15809061332717 7.6772571159889e-07 
0.13030094911809 0.15809053844558 4.7366246074695e-07 
0.13030094911809 0.15809048630217 3.2983261004683e-07 
0.13030094911809 0.15809044551261 2.5801400911618e-07 
0.13030094911811 0.15809040596034 2.5018757670376e-07 
0.1303009491181 0.15809035744169 3.0690449217957e-07 
0.13030094911811 0.15809029099907 4.2028256099709e-07 
0.13030094911809 0.15809020260703 5.5912371919514e-07 
0.13030094911811 0.15809008778296 7.2631996390948e-07 
0.1303009491181 0.15808996630954 7.683810451141e-07 
0.13030094911809 0.15808986232241 6.577718301337e-07 
0.1303009491181 0.15808978302285 5.016106632696e-07 
0.13030094911808 0.15808972545602 3.6414010080077e-07 
0.13030094911811 0.15808968122754 2.7976819336818e-07 
0.1303009491181 0.15808964140854 2.5187604210871e-07 
0.1303009491181 0.15808959811425 2.7385913592869e-07 
0.13030094911811 0.15808954060363 3.6378497353432e-07 
0.13030094911809 0.15808945555819 5.3795739448905e-07 
0.1303009491181 0.15808934741815 6.840433284271e-07 
0.13030094911809 0.15808923745648 6.9556660070791e-07 
0.1303009491181 0.15808914167181 6.0588993601395e-07 
0.13030094911809 0.15808907414213 4.2716199105402e-07 
0.13030094911809 0.15808903275187 2.618160700402e-07 
0.13030094911812 0.15808900541749 1.7290496273243e-07 
0.13030094911811 0.15808898281909 1.4294734215765e-07 
0.1303009491181 0.1580889612964 1.3614287994439e-07 
0.13030094911809 0.15808893631467 1.5802322125773e-07 
0.13030094911811 0.15808890038011 2.2730597759735e-07 
0.1303009491181 0.15808884929308 3.2315380519975e-07 
0.13030094911809 0.15808878660849 3.9651496973089e-07 
0.13030094911809 0.15808872316997 4.0128409007761e-07 
0.13030094911809 0.15808867195667 3.239529220873e-07 
0.1303009491181 0.15808863806076 2.1441075717549e-07 
0.13030094911809 0.15808861570527 1.4141113321391e-07 
0.13030094911809 0.1580885987542 1.0722509178003e-07 
0.1303009491181 0.15808858368475 9.5322822665321e-08 
0.13030094911809 0.15808856709327 1.049504934129e-07 
0.13030094911811 0.15808854381846 1.4722643875221e-07 
0.13030094911809 0.15808851053758 2.1052047252093e-07 
0.1303009491181 0.15808846621453 2.8036855060243e-07 
0.1303009491181 0.15808841625701 3.1600990244951e-07 
0.1303009491181 0.15808837060578 2.8877026530515e-07 
0.13030094911811 0.15808833587107 2.1971705429233e-07 
0.13030094911809 0.15808831248266 1.4794519344214e-07 
0.13030094911811 0.158088296336 1.0213699037179e-07 
0.1303009491181 0.15808828204035 9.0428200938817e-08 
0.1303009491181 0.15808826528973 1.0595742667006e-07 
0.1303009491181 0.15808824213486 1.4646798722803e-07 
0.13030094911809 0.15808820382293 2.4234521879302e-07 
0.13030094911809 0.15808813893609 4.104470858455e-07 
0.13030094911809 0.15808803539037 6.5498726517164e-07 
0.1303009491181 0.15808788827648 9.3058206766771e-07 
0.1303009491181 0.15808771725098 1.0818380478057e-06 
0.1303009491181 0.15808754827832 1.068853816112e-06 
0.13030094911809 0.15808737992977 1.0649070793782e-06 
0.13030094911809 0.15808718728818 1.218576660915e-06 
0.13030094911811 0.15808691104463 1.7474126938746e-06 
0.13030094911808 0.15808631654365 3.7605958285564e-06 
0.1303009491181 0.1580836793839 1.6681771094088e-05 
0.13030094911809 0.15807199070705 7.3939807681989e-05 
0.13030094911809 0.15806885583638 1.9831917437165e-05 
0.13030094911809 0.15806799227907 5.4631717592127e-06 
0.13030094911811 0.15806762196179 2.3427720800671e-06 
0.1303009491181 0.15806744308641 1.1316383559029e-06 
0.1303009491181 0.15806734876869 5.9669289269709e-07 
0.1303009491181 0.15806728526698 4.017383275395e-07 
0.13030094911811 0.1580672297317 3.5133946812393e-07 
0.13030094911811 0.1580671715121 3.6832173470676e-07 
0.13030094911809 0.15806710051278 4.4917186061281e-07 
0.13030094911807 0.15806701621762 5.3328718641476e-07 
0.1303009491181 0.15806693349262 5.2335399070341e-07 
0.1303009491181 0.15806686112302 4.578414658816e-07 
0.1303009491181 0.15806680819185 3.3486568044015e-07 
0.1303009491181 0.15806677599509 2.0369086169339e-07 
0.1303009491181 0.15806675604442 1.2621672279594e-07 
0.13030094911809 0.15806674275863 8.4051778846876e-08 
0.13030094911809 0.15806673213517 6.7208683393537e-08 
0.13030094911809 0.15806672160424 6.6623299533658e-08 
0.13030094911808 0.15806670910101 7.910095526582e-08 
0.1303009491181 0.15806669266523 1.0398004983207e-07 
0.13030094911809 0.15806667088419 1.3779653625906e-07 
0.13030094911807 0.15806664645233 1.5456675313227e-07 
0.1303009491181 0.15806662361453 1.4448213348806e-07 
0.13030094911808 0.15806660620104 1.1016545943439e-07 
0.1303009491181 0.15806659516612 6.9811884391856e-08 
0.13030094911811 0.15806658806347 4.4934524917697e-08 
0.1303009491181 0.15806658271788 3.3818588266762e-08 
0.13030094911808 0.15806657792072 3.0348994053262e-08 
0.13030094911809 0.15806657262149 3.3525289109231e-08 
0.13030094911809 0.15806656544806 4.5382366810566e-08 
0.13030094911809 0.15806655545741 6.3205334136802e-08 
0.1303009491181 0.15806654175752 8.6671605375285e-08 
0.1303009491181 0.1580665258995 1.0032496756153e-07 
0.13030094911811 0.15806651171561 8.9733670919027e-08 
0.13030094911809 0.1580665012135 6.6441111525936e-08 
0.1303009491181 0.1580664942883 4.38119393791e-08 
0.13030094911809 0.15806648971072 2.89598437768e-08 
0.13030094911809 0.15806648635161 2.125124894833e-08 
0.13030094911809 0.15806648339877 1.8680986983962e-08 
0.13030094911809 0.15806648010387 2.0845006031616e-08 
0.13030094911809 0.15806647595539 2.624517509169e-08 
0.13030094911811 0.15806647066669 3.345871413089e-08 
0.1303009491181 0.15806646369534 4.4103934522166e-08 
0.1303009491181 0.15806645650144 4.5511815323621e-08 
0.13030094911809 0.15806645109344 3.4213464878636e-08 
0.13030094911811 0.1580664473498 2.3683997254233e-08 
0.1303009491181 0.15806644492096 1.5365961247951e-08 
0.1303009491181 0.15806644337195 9.7997271573191e-09 
0.1303009491181 0.15806644224024 7.1596983930022e-09 
0.13030094911809 0.15806644124349 6.3058547186052e-09 
0.13030094911809 0.15806644015484 6.8873108988852e-09 
0.13030094911809 0.158066438764 8.7990924487836e-09 
0.13030094911809 0.15806643700837 1.1106925023953e-08 
0.13030094911811 0.1580664350032 1.2685633677508e-08 
0.1303009491181 0.15806643307454 1.2201555287186e-08 
0.13030094911809 0.15806643160039 9.3261456636302e-09 
0.1303009491181 0.15806643063238 6.1240461362041e-09 
0.1303009491181 0.15806642999362 4.0411092098309e-09 
0.13030094911809 0.15806642956154 2.7335070992787e-09 
0.1303009491181 0.15806642922326 2.1401161249073e-09 
0.1303009491181 0.15806642888689 2.1280239985486e-09 
0.1303009491181 0.15806642848347 2.5522487723892e-09 
0.1303009491181 0.15806642794918 3.3801439446085e-09 
0.1303009491181 0.15806642727549 4.2620940969209e-09 
0.13030094911809 0.15806642653277 4.6987481610123e-09 
0.13030094911811 0.15806642589014 4.0655970040129e-09 
0.1303009491181 0.15806642544564 2.8120835469211e-09 
0.1303009491181 0.1580664251635 1.7849379209184e-09 
0.1303009491181 0.15806642497625 1.1846355310307e-09 
0.13030094911811 0.15806642483953 8.6495824068052e-10 
0.1303009491181 0.1580664247141 7.9352925780555e-10 
0.13030094911811 0.15806642456542 9.4062396696024e-10 
0.1303009491181 0.15806642436895 1.2429384882632e-09 
0.13030094911811 0.15806642410396 1.6764683685734e-09 
0.13030094911812 0.15806642375553 2.2043191228614e-09 
0.1303009491181 0.15806642338057 2.3721929736423e-09 
0.1303009491181 0.15806642305022 2.0899271205186e-09 
0.13030094911809 0.15806642281559 1.4843653209056e-09 
0.1303009491181 0.1580664226723 9.0650528772039e-10 
0.13030094911811 0.15806642257545 6.1274291322612e-10 
0.13030094911809 0.15806642249631 5.0068841298678e-10 
0.13030094911809 0.15806642241922 4.8771971463409e-10 
0.13030094911811 0.1580664223292 5.6946522066654e-10 
0.13030094911811 0.15806642220769 7.6872691525382e-10 
0.13030094911809 0.15806642205424 9.7080935840251e-10 
0.13030094911808 0.15806642188529 1.0688725000118e-09 
0.1303009491181 0.1580664217284 9.9252125448886e-10 
0.1303009491181 0.15806642161076 7.4427294218086e-10 
0.13030094911807 0.15806642152918 5.1609576949558e-10 
0.1303009491181 0.15806642147668 3.3212904754691e-10 
0.13030094911808 0.15806642144102 2.2560366216819e-10 
0.13030094911811 0.1580664214102 1.9502495412951e-10 
0.13030094911808 0.15806642137771 2.054988078776e-10 
0.13030094911809 0.15806642133942 2.422584382767e-10 
0.13030094911809 0.15806642128997 3.128445705052e-10 
0.13030094911811 0.15806642122563 4.0704182582237e-10 
0.13030094911809 0.15806642115597 4.4069975720932e-10 
0.1303009491181 0.15806642109413 3.912186651723e-10 
0.1303009491181 0.1580664210492 2.8423251991867e-10 
0.13030094911808 0.15806642102011 1.8409034121901e-10 
0.13030094911809 0.15806642100152 1.1757237959757e-10 
0.1303009491181 0.15806642098794 8.5926057590205e-11 
0.1303009491181 0.1580664209755 7.8711235602081e-11 
0.1303009491181 0.15806642096154 8.833099826971e-11 
0.13030094911809 0.15806642094407 1.1049241413034e-10 
0.13030094911809 0.15806642092305 1.3297973317217e-10 
0.1303009491181 0.15806642089934 1.5001660258188e-10 
0.1303009491181 0.15806642087894 1.2906889511659e-10 
0.13030094911809 0.15806642086462 9.0589844464009e-11 
0.1303009491181 0.15806642085415 6.6203296586753e-11 
0.13030094911809 0.15806642084696 4.5525302069376e-11 
0.1303009491181 0.15806642084183 3.2455460968241e-11 
0.13030094911809 0.1580664208372 2.9297571588279e-11 
0.13030094911808 0.15806642083204 3.2646507658782e-11 
0.13030094911811 0.15806642082567 4.0243423039557e-11 
0.1303009491181 0.15806642081796 4.8795571863946e-11 
0.1303009491181 0.15806642080978 5.1739938478252e-11 
0.13030094911809 0.15806642080243 4.6503011606013e-11 
0.1303009491181 0.15806642079693 3.4837925564365e-11 
0.1303009491181 0.15806642079353 2.1453419324094e-11 
0.13030094911811 0.15806642079144 1.327212583672e-11 
0.1303009491181 0.15806642078983 1.0136712535885e-11 
0.13030094911809 0.15806642078841 8.9904324044237e-12 
0.13030094911809 0.15806642078696 9.2151932146171e-12 
0.13030094911809 0.15806642078519 1.1204326384217e-11 
0.13030094911811 0.15806642078292 1.4317263604466e-11 
0.13030094911809 0.1580664207805 1.5317449209707e-11 
0.13030094911811 0.15806642077824 1.4306025564384e-11 
0.13030094911809 0.15806642077649 1.1069469898759e-11 
0.13030094911809 0.15806642077532 7.3946306532627e-12 
0.13030094911809 0.15806642077457 4.7312150532624e-12 
0.1303009491181 0.15806642077403 3.4276023545175e-12 
0.1303009491181 0.15806642077354 3.1016991798363e-12 
0.13030094911809 0.15806642077303 3.2477937064328e-12 
0.1303009491181 0.15806642077241 3.9220761368468e-12 
0.1303009491181 0.15806642077161 5.0571182280458e-12 
0.13030094911809 0.15806642077052 6.888918830684e-12 
0.13030094911809 0.15806642076941 7.0012992358004e-12 
0.13030094911809 0.15806642076839 6.4506352510074e-12 
0.13030094911809 0.15806642076764 4.7649291749909e-12 
0.13030094911808 0.15806642076717 2.9668426938764e-12 
0.13030094911808 0.15806642076684 2.0902755343282e-12 
0.13030094911811 0.15806642076656 1.8093245216535e-12 
0.13030094911809 0.15806642076624 1.9778951292645e-12 
0.13030094911811 0.15806642076585 2.4723689115855e-12 
0.1303009491181 0.15806642076527 3.686077286373e-12 
0.13030094911811 0.15806642076449 4.9222617421869e-12 
0.1303009491181 0.15806642076357 5.832543023305e-12 
0.1303009491181 0.15806642076275 5.2032127549248e-12 
0.13030094911809 0.15806642076216 3.6973153269528e-12 
0.13030094911811 0.15806642076171 2.8432242483967e-12 
0.13030094911808 0.15806642076139 2.0340853318627e-12 
0.1303009491181 0.15806642076116 1.4384691849666e-12 
0.13030094911811 0.15806642076091 1.5845637115671e-12 
0.13030094911809 0.15806642076061 1.899228845782e-12 
0.1303009491181 0.1580664207602 2.6409395192877e-12 
0.1303009491181 0.15806642075962 3.6636012054896e-12 
0.13030094911809 0.15806642075885 4.8323574183015e-12 
0.13030094911811 0.15806642075805 5.0683562689873e-12 
0.13030094911811 0.15806642075741 4.0794087043275e-12 
0.13030094911809 0.15806642075693 3.0230328966076e-12 
0.1303009491181 0.15806642075663 1.8767527648141e-12 
0.13030094911809 0.1580664207564 1.4946593875494e-12 
0.13030094911811 0.15806642075623 1.0788518887591e-12 
0.13030094911811 0.15806642075605 1.1350420912998e-12 
0.13030094911812 0.15806642075579 1.5958017521263e-12 
0.13030094911808 0.15806642075546 2.0902755344787e-12 
0.13030094911811 0.15806642075505 2.6184634383578e-12 
0.1303009491181 0.15806642075456 3.1129372207167e-12 
0.1303009491181 0.15806642075413 2.7083677624371e-12 
0.13030094911809 0.15806642075383 1.8992288458635e-12 
0.1303009491181 0.1580664207536 1.4384691850354e-12 
0.1303009491181 0.15806642075346 8.7656715963224e-13 
0.1303009491181 0.15806642075337 6.1809222794635e-13 

0.1303009491181 0.15806642075337 6.1809222794635e-13  Nbr of iterations = 1703
0.1303009491181 0.14197816466075 0.14291508264917 0.1429150826492 0.14451516809173 0.14451516809173 0.14581189838407 0.14581189838408 0.14657477574168 0.14657477574169 0.14688050276569 0.14817741475576 0.15053812153882 0.15053812153882 0.15061146702785 0.1515538397201 0.15155383972013 0.15270758706906 0.15270758706906 0.15343519888601 0.15343519888622 0.1550170954321 0.15524054228921 0.15600719835395 0.15604149779793 0.15612077949561 0.15613168990609 0.15645441007152 0.15784413541325 0.15806642075337 
------------------------------------------------------------------

time = 8731.129264
----------------------------------------------------------------
