NbrParticles        8                   
NbrFluxQuanta       24                  
Momentum            4                   
Ratio               1                   
Statistics          0                   
Hilbert space dimension = 328755
memory requested for Hilbert space = 4Mo
 Hilbert space dimension = 328755
Hilbert space dimension = 328755
memory requested for Hilbert space = 4Mo
 Hilbert space dimension = 328755
FormFactor=1
nbr interaction = 3756
====================================
Manager at 0x7ffd5cbc9c38
RealFlag = 0
----------------------------------------------------------------
 Kx = 0 Ky = 4
 Hilbert space dimension = 328755
Using FullReorthogonalizedLanczosAlgorithm
Run Lanczos Algorithm
0.15527615965689 8.3641313372378 1 
0.15307459216256 8.1356104955027 0.027321527188097 
0.15006652198488 8.007920147764 0.01569523858219 
0.14752357657112 7.9671551496884 0.0050905849862875 
0.14599368806236 7.7796040175956 0.023540539699433 
0.14510387793939 7.7735184976772 0.00078224031771272 
0.14431330545306 7.3198938150543 0.058355130017182 
0.14365340521448 7.0278642054068 0.039895334143629 
0.14304399449004 6.9661075001357 0.0087874073069902 
0.14239867167196 6.7506975688462 0.030922567773367 
0.14161064058347 6.6069971527307 0.021286750687608 
0.14067437724971 6.348954192677 0.039056011995863 
0.13962568917768 6.1139994669671 0.037006839013103 
0.13863128450953 6.0207884609424 0.015245504440795 
0.13792862583385 5.7936963682331 0.037717998926963 
0.13740347327688 5.7376390005911 0.009675579125855 
0.13702792713583 5.5925983686704 0.025278800549441 
0.13677007616598 5.4702891862183 0.021869831228601 
0.13657691911405 5.2642055407878 0.037673263408027 
0.13637969398645 5.0897202761999 0.033145602548372 
0.13616376159002 4.9410830226028 0.029203422885951 
0.13591468744756 4.8125296889669 0.026017238133395 
0.13564559177332 4.6602316289311 0.031646154907875 
0.13539014940327 4.5387943733896 0.026058201654094 
0.13519994750759 4.4249177650358 0.025089616093085 
0.13504850105927 4.3103393938945 0.025893898423758 
0.1349382442182 4.2006287759586 0.025452895447461 
0.13486424545852 4.1148293053049 0.020425387538366 
0.1348098715829 3.9628046136601 0.036945564533819 
0.13476665743619 3.8685379808316 0.023787857847842 
0.13472943823796 3.7958665191816 0.018785252208985 
0.13468529831327 3.6603623156082 0.03569783154616 
0.13463912308282 3.5830608202829 0.021118536543668 
0.13458674894602 3.4984042017199 0.023626899684151 
0.13453909550654 3.4279306160262 0.020144494926873 
0.13450955495708 3.3713680112744 0.016500510391716 
0.13448598528331 3.3082629368038 0.018717943060362 
0.13446555248992 3.2172248419661 0.027518397593173 
0.13445256485899 3.1286973760889 0.027516717116701 
0.13444389832784 3.0728191360255 0.017859905688035 
0.13443649213838 3.0132233794367 0.019394488888099 
0.13442822224676 2.9354872364089 0.025798333956351 
0.134419051802 2.8756442542681 0.02038604746723 
0.13440913632151 2.8135877077164 0.021580049917362 
0.13439913680485 2.7533267302655 0.02141784216843 
0.13438999768391 2.7160600856423 0.013535133412786 
0.13438212926731 2.6721406736867 0.016170265226378 
0.13437642654457 2.5896233975711 0.030880588334368 
0.13437275864529 2.5324868339446 0.022063657472404 
0.13437056872478 2.4976716225427 0.013747440237494 
0.1343689241961 2.4463442672087 0.020550081472165 
0.13436743395814 2.391708090172 0.022333805494606 
0.13436602134671 2.3559221552012 0.014962501117042 
0.13436464727175 2.3124296310419 0.018460934315351 
0.13436325802678 2.264994778341 0.020512992942199 
0.13436144972627 2.218721123045 0.02042991698635 
0.13435968689673 2.178037574335 0.018336485954667 
0.13435841779037 2.1350659961398 0.01972949351358 
0.13435760096754 2.0965336369429 0.018047385545243 
0.134357020188 2.0634712744024 0.015770012919366 
0.13435662482494 2.0308689825083 0.015799731403382 
0.13435634679263 1.9909516533716 0.019655295088205 
0.13435612595375 1.9553077179636 0.017902963815127 
0.13435591896878 1.9216982865624 0.017188819484736 
0.13435570367316 1.8815698219948 0.020881771529014 
0.13435549959262 1.8488073727104 0.017412295255452 
0.13435531151349 1.8255981162283 0.012553636914653 
0.1343551102906 1.8030475683547 0.012352416270108 
0.13435493978117 1.779573856244 0.013018908942129 
0.13435480309664 1.7491987580129 0.01706874829863 
0.13435470801801 1.7159529690545 0.019006295771794 
0.13435465131279 1.6896678941343 0.015318062554265 
0.13435461516431 1.6660563471006 0.013974075684169 
0.13435458609427 1.6404532212123 0.015367502985638 
0.13435455811401 1.6154674164572 0.015231037637639 
0.1343545269375 1.5922789410296 0.014354034746452 
0.13435449216579 1.5695180797167 0.014294518834845 
0.13435445554577 1.5444198510447 0.015991041451754 
0.13435442047471 1.518336903672 0.01688850823506 
0.13435439448428 1.4956511928071 0.014941157532322 
0.13435437698655 1.4727542248747 0.015309029299372 
0.13435436615669 1.4503414644444 0.01521826252594 
0.1343543579914 1.4252449462962 0.017303868615368 
0.13435435185774 1.4025299278646 0.015937624259333 
0.13435434645904 1.3813108300382 0.015129158675954 
0.13435434119117 1.3615365726784 0.014315573967699 
0.13435433574481 1.3443204782886 0.01264460664171 
0.13435432931011 1.327437911841 0.012558438795127 
0.13435432290341 1.3121149406954 0.011543267680427 
0.13435431735969 1.2981087555142 0.010674510857909 
0.13435431255588 1.2836800991016 0.0111151368106 
0.13435430892838 1.2693375945535 0.011172958557274 
0.13435430651221 1.2558674864714 0.010611919271886 
0.13435430476104 1.2413559248632 0.011555010193742 
0.13435430346599 1.2252011246013 0.013013834258417 
0.13435430244144 1.207645249209 0.014328974271888 
0.13435430158954 1.1915998233329 0.01328653914435 
0.13435430064277 1.1753321120677 0.013651992008306 
0.13435429961795 1.1618211123898 0.011495473950851 
0.1343542982744 1.1487674813198 0.011235491359903 
0.13435429691727 1.1377427614107 0.0095969985992528 
0.13435429582852 1.127777299276 0.0087589765214862 
0.13435429497908 1.1161412664017 0.010317668995241 
0.13435429440641 1.1020256998128 0.012646756296742 
0.13435429404448 1.0862394676426 0.014324740496448 
0.13435429380698 1.0716727472302 0.013410229370518 
0.13435429363213 1.0596791211271 0.011191500515531 
0.13435429348759 1.0493410747473 0.0097558271873626 
0.13435429333833 1.0382636077087 0.010556593375774 
0.13435429316179 1.0254178201059 0.012372375866252 
0.1343542929744 1.0131881846665 0.011926490060505 
0.13435429281286 1.0037005265065 0.0093641618640904 
0.13435429266501 0.99464432802204 0.0090228093393456 
0.13435429254182 0.98468970081422 0.010008227994044 
0.13435429246401 0.97436519325391 0.010485036607749 
0.1343542924182 0.96351631141007 0.011134307669188 
0.13435429239234 0.95389633876307 0.0099842343435991 
0.13435429237139 0.94356418950869 0.010831522078991 
0.1343542923505 0.93211207819862 0.012137077092802 
0.13435429232829 0.92086919812015 0.012061725560073 
0.13435429230293 0.9101832543424 0.011604192864277 
0.1343542922757 0.90048586736355 0.010654323656889 
0.13435429225114 0.89214160779609 0.0092663970306241 
0.13435429223156 0.88442153227205 0.008653419430927 
0.1343542922188 0.87755427083545 0.0077646927240268 
0.13435429221044 0.87072345773999 0.0077839209749977 
0.13435429220462 0.8629225909935 0.0089590634973195 
0.13435429220083 0.85488538568919 0.0093139354424055 
0.13435429219806 0.84704692950802 0.0091690141302953 
0.13435429219502 0.83742817051462 0.01135563881801 
0.13435429219169 0.82824580815198 0.010964955187742 
0.1343542921883 0.82091813560834 0.0088472195953422 
0.13435429218522 0.81533615954521 0.0067996744388971 
0.13435429218228 0.81033002244606 0.0061399669823841 
0.13435429217891 0.80403793220091 0.0077648489761767 
0.13435429217638 0.79799737042015 0.0075127820950154 
0.13435429217478 0.79235525538257 0.0070703428942577 
0.13435429217375 0.786639562937 0.0072135477195828 
0.13435429217298 0.77935243577883 0.0092636164026252 
0.13435429217235 0.76973713258015 0.012337554561005 
0.13435429217178 0.75846036026215 0.014650160217947 
0.1343542921712 0.7485009652447 0.013131068595344 
0.13435429217059 0.74139181021003 0.0094978568696261 
0.13435429216996 0.736245872274 0.0069409155390681 
0.13435429216935 0.73189246627702 0.0059129784776101 
0.13435429216881 0.72786275502645 0.0055058788500197 
0.1343542921684 0.72370342116429 0.005714447996465 
0.13435429216813 0.71889953866372 0.0066379159750914 
0.13435429216797 0.71359318046202 0.0073812235455927 
0.13435429216787 0.70805082286327 0.0077668309486275 
0.13435429216777 0.70236056710827 0.0080365075094402 
0.13435429216768 0.69677112403149 0.0079580821283695 
0.13435429216759 0.6920101116615 0.0068329645213258 
0.13435429216749 0.68802055958214 0.005765164427699 
0.13435429216739 0.68395623591769 0.005907270659065 
0.13435429216728 0.67967967864124 0.0062526767823211 
0.13435429216719 0.67543435953228 0.0062460586102108 
0.13435429216713 0.67126789490751 0.0061685707366941 
0.13435429216709 0.66704480895037 0.0062912080097642 
0.13435429216706 0.66246421547294 0.0068669951643047 
0.13435429216705 0.65760425804804 0.0073361810515657 
0.13435429216704 0.6516875032032 0.0089974399837494 
0.13435429216702 0.64417717582453 0.01152443056181 
0.13435429216702 0.63675583907804 0.011520645289849 
0.13435429216699 0.62830277571921 0.013275203523954 
0.13435429216698 0.6223815591152 0.0094241452255812 
0.13435429216696 0.61867373540833 0.0059574768123671 
0.13435429216695 0.6158730671445 0.0045268905135955 
0.13435429216694 0.6131096457765 0.0044869982394408 
0.13435429216693 0.61018126445439 0.004776276710503 
0.13435429216693 0.60650678131609 0.0060219533970532 
0.13435429216693 0.60138086771526 0.0084515355124425 
0.13435429216693 0.59531273485089 0.010090332416831 
0.13435429216693 0.59033966966278 0.0083537020073289 
0.13435429216693 0.58665476459367 0.0062420082174287 
0.13435429216692 0.58362376658481 0.0051665786963443 
0.13435429216692 0.58074783919885 0.0049277077984631 
0.13435429216692 0.57793254148778 0.0048477110391809 
0.13435429216691 0.57537071588816 0.0044327415670855 
0.13435429216692 0.57288968679304 0.0043120531278529 
0.13435429216691 0.57009660865532 0.0048754205252953 
0.13435429216691 0.56701567349687 0.0054042334433739 
0.13435429216691 0.56322504798488 0.0066852217481161 
0.13435429216691 0.55857594867278 0.0082544257020037 
0.13435429216691 0.55398167985064 0.0082249671384112 
0.13435429216691 0.55013652748234 0.0069409377749388 
0.13435429216691 0.5470580912931 0.0055957676603111 
0.13435429216692 0.544577276988 0.0045348279178836 
0.13435429216691 0.54241762892976 0.0039657329629855 
0.13435429216691 0.54025237649289 0.0039918548391174 
0.13435429216691 0.53785682831258 0.0044341279826777 
0.13435429216691 0.53532993591085 0.0046980762699525 
0.13435429216691 0.5323905662899 0.0054907626563897 
0.13435429216691 0.52828536260148 0.0077108873604389 
0.13435429216691 0.52405025738321 0.0080166999089543 
0.13435429216691 0.52169120266466 0.0045015810703632 
0.13435429216691 0.51957893445175 0.0040488860117202 
0.13435429216692 0.51746959172853 0.0040597156338627 
0.13435429216691 0.51568544814898 0.0034478230374644 
0.13435429216691 0.51414903076399 0.0029793692851112 
0.13435429216691 0.51261843480668 0.0029769500003497 
0.13435429216691 0.51088801886512 0.0033756412646564 
0.13435429216692 0.50874108156463 0.0042023637689961 
0.13435429216691 0.50561927697212 0.0061363328137478 
0.13435429216691 0.50151990227498 0.0081076313420733 
0.13435429216691 0.49799610102604 0.0070262440891367 
0.13435429216691 0.49536303986895 0.0052873127955546 
0.1343542921669 0.49334137470546 0.0040811788542383 
0.13435429216691 0.49191937246115 0.0028823899985355 
0.13435429216691 0.49066315011685 0.0025537159433476 
0.13435429216691 0.48924013706085 0.0029001832635336 
0.13435429216691 0.48776265161396 0.0030199595964688 
0.13435429216691 0.48622612366867 0.003150154978461 
0.13435429216691 0.48445730816688 0.0036378454708298 
0.13435429216691 0.48214762649684 0.0047675649249357 
0.13435429216691 0.47895197231711 0.0066279579201548 
0.13435429216691 0.47546936199883 0.0072713142853095 
0.13435429216691 0.47313117733975 0.0049176347540933 
0.13435429216691 0.47187028835302 0.0026649881621165 
0.13435429216691 0.47083878478978 0.0021859896431144 
0.13435429216691 0.46983156383166 0.0021392055851467 
0.13435429216691 0.4689919729277 0.0017870040426979 
0.13435429216691 0.4682591112251 0.0015626316544896 
0.13435429216691 0.46733033970336 0.0019834563801883 
0.13435429216691 0.46613408821807 0.0025597556667244 
0.13435429216691 0.46446180029251 0.0035875684011045 
0.13435429216691 0.46222411044248 0.0048178124629867 
0.13435429216691 0.45880778901367 0.0073910498211315 
0.13435429216691 0.45620663716783 0.0056693715933368 
0.13435429216691 0.4548582527219 0.0029556440789607 
0.13435429216691 0.45400834539675 0.0018685102887912 
0.13435429216691 0.45338664061202 0.0013693686273384 
0.1343542921669 0.45278053934169 0.0013368308989139 
0.13435429216691 0.45216924059069 0.0013500994364525 
0.13435429216691 0.45147555245719 0.0015341338402203 
0.13435429216691 0.45058141378104 0.0019804808284506 
0.13435429216691 0.44909543407429 0.0032979161174787 
0.13435429216691 0.44607323861122 0.0067295172334521 
0.13435429216691 0.44307001542129 0.0067325787112613 
0.13435429216691 0.44175136168232 0.0029761746294411 
0.13435429216691 0.44105959330056 0.0015659677406061 
0.13435429216691 0.44048599821283 0.0013004933946308 
0.13435429216691 0.43995633974701 0.0012024410945444 
0.13435429216691 0.4394759657963 0.0010918673225307 
0.13435429216691 0.43896360450188 0.001165845994541 
0.13435429216691 0.43833857953409 0.0014238651254431 
0.13435429216691 0.43745830482615 0.0020082072376097 
0.1343542921669 0.43605277168379 0.0032129533874407 
0.13435429216691 0.43333323045312 0.0062367250187993 
0.13435429216691 0.43140805961986 0.0044427029776727 
0.13435429216691 0.43068188804046 0.001683259186306 
0.1343542921669 0.43032935045568 0.00081855679230838 
0.13435429216691 0.43000879252943 0.00074491299723463 
0.13435429216691 0.42969532620844 0.0007289765382443 
0.13435429216691 0.42938247231414 0.00072808307471544 
0.13435429216691 0.42902420065596 0.00083438817669898 
0.13435429216691 0.42855755546263 0.001087689674885 
0.13435429216691 0.42786795114025 0.0016091288406615 
0.13435429216691 0.4262904376512 0.0036869166873821 
0.13435429216691 0.42317821977608 0.0073006983038759 
0.13435429216691 0.42210776811606 0.0025295528219401 
0.13435429216691 0.42174371168022 0.00086247272223549 
0.13435429216692 0.42153000205038 0.00050672866937323 
0.13435429216691 0.42136142527402 0.00039991643664001 
0.13435429216691 0.4212063448466 0.00036804609562444 
0.13435429216691 0.42103309013694 0.0004113297716934 
0.13435429216691 0.42082524754201 0.00049364907368223 
0.13435429216691 0.42051534325757 0.00073642036985451 
0.13435429216691 0.41985994607991 0.0015585571089573 
0.13435429216691 0.417439884452 0.0057639735595182 
0.13435429216691 0.41578248752342 0.003970384695646 
0.13435429216691 0.41555623125475 0.0005441697894039 
0.1343542921669 0.41546097197555 0.00022923318683756 
0.13435429216691 0.41539663618871 0.0001548539843079 
0.13435429216691 0.41533833580801 0.00014034870682364 
0.13435429216691 0.41528607315551 0.00012583151612372 
0.13435429216691 0.41523059692104 0.00013358558847619 
0.13435429216691 0.41516165660806 0.00016602898122893 
0.13435429216691 0.41507108569205 0.00021815819107171 
0.13435429216691 0.41490084049639 0.00041015913062843 
0.13435429216691 0.41409546704794 0.0019411227210024 
0.13435429216691 0.4112520914594 0.006866473590765 
0.13435429216691 0.41121358455766 9.3633327453245e-05 
0.1343542921669 0.41120381100601 2.3767579708023e-05 
0.13435429216691 0.41119857348188 1.2737051533924e-05 
0.13435429216691 0.4111945666455 9.7442856862951e-06 
0.13435429216691 0.41119052747851 9.823006730101e-06 
0.13435429216691 0.41118636085271 1.0133078255437e-05 
0.13435429216691 0.41118186548133 1.0932686031369e-05 
0.13435429216691 0.41117685313455 1.2190096893788e-05 
0.13435429216691 0.41116841351324 2.0525526291244e-05 
0.1343542921669 0.41112598677534 0.00010318579080079 
0.13435429216691 0.39608348275145 0.036588550730826 
0.13435429216691 0.35041085000171 0.11531062197411 
0.13435429216691 0.30629775437975 0.12588963960946 
0.13435429216691 0.26693658015184 0.12850624487147 
0.13435429216691 0.24564443411982 0.079764811626471 
0.13435429216691 0.24459367203187 0.0042775733621204 
0.13435429216691 0.24457075193014 9.3706846724074e-05 
0.13435429216691 0.24456367205089 2.8948184477369e-05 
0.13435429216691 0.2445603629719 1.3530541822878e-05 
0.13435429216691 0.2445583211713 8.3488615216903e-06 
0.13435429216691 0.244556535883 7.3000513296353e-06 
0.13435429216691 0.24455462424616 7.8167481184234e-06 
0.13435429216691 0.24455207726183 1.0414787021133e-05 
0.13435429216691 0.24454799211208 1.6704620926178e-05 
0.13435429216691 0.24453826239368 3.9786539720066e-05 
0.13435429216691 0.24442298300234 0.00047141658004015 
0.13435429216692 0.2415106473184 0.011915146637049 
0.1343542921669 0.24146780850043 0.00017737858946943 
0.13435429216691 0.24146124484881 2.7182305016049e-05 
0.13435429216691 0.24145846051942 1.1531164718539e-05 
0.1343542921669 0.24145679660489 6.8911005558131e-06 
0.1343542921669 0.24145556489061 5.1011787758296e-06 
0.13435429216691 0.24145444963346 4.6188918612414e-06 
0.13435429216691 0.24145305497086 5.7760898696837e-06 
0.1343542921669 0.24145059669645 1.0181169246757e-05 
0.13435429216691 0.24144488432781 2.3658540167176e-05 
0.13435429216691 0.24141849829491 0.00010928387639308 
0.13435429216691 0.24069006385681 0.0030173099544995 
0.13435429216691 0.24016579553835 0.0021781884555244 
0.13435429216691 0.23998727758954 0.00074331129630272 
0.13435429216691 0.23991029867184 0.00032076249406793 
0.13435429216691 0.2398647773857 0.00018974294306433 
0.13435429216691 0.23983008583213 0.0001446296281835 
0.13435429216691 0.23979921658369 0.00012871299416875 
0.13435429216691 0.23976414534012 0.00014625253604165 
0.13435429216691 0.23970147055759 0.00026140181406212 
0.13435429216691 0.23956067690806 0.00058737082086109 
0.13435429216691 0.23905516993099 0.0021101417127174 
0.1343542921669 0.2376873120376 0.0057219339526733 
0.13435429216692 0.23715076352659 0.0022573712766144 
0.13435429216691 0.23696859389775 0.00076815957128848 
0.13435429216692 0.23689165916587 0.00032466214453039 
0.1343542921669 0.2368523367406 0.00016599328743011 
0.13435429216691 0.23682915859596 9.785904989627e-05 
0.13435429216691 0.23680777697225 9.0282901976437e-05 
0.13435429216691 0.23678116862229 0.00011236265251658 
0.13435429216691 0.23674175983222 0.00016643549106587 
0.13435429216691 0.23666420264638 0.00032760247237837 
0.13435429216691 0.23645230702319 0.00089534294086696 
0.13435429216692 0.23566625885178 0.0033243413071568 
0.13435429216691 0.23473292394371 0.0039604095750269 
0.13435429216691 0.23439037704948 0.0014593048494415 
0.13435429216691 0.23423759440132 0.00065182986637796 
0.13435429216691 0.23414039734226 0.00041495072260926 
0.13435429216691 0.23407172718464 0.00029328624365431 
0.13435429216691 0.23401034159076 0.00026225121086182 
0.13435429216691 0.23394084335792 0.00029698786969738 
0.13435429216691 0.23384420009002 0.00041310985511771 
0.13435429216691 0.23367017395923 0.00074419690855039 
0.13435429216691 0.23326253316491 0.0017445135911265 
0.13435429216691 0.2324310469701 0.0035645938657011 
0.1343542921669 0.23193922412807 0.0021159946075851 
0.13435429216691 0.2317691335184 0.00073334128935175 
0.13435429216691 0.2316834847406 0.00036954350433917 
0.13435429216691 0.23163318575011 0.00021710218381441 
0.13435429216691 0.23159859065053 0.00014935294988594 
0.13435429216691 0.23156733928585 0.00013493762886644 
0.13435429216691 0.23153283798474 0.00014899035942058 
0.13435429216692 0.23148100543918 0.00022386692968334 
0.1343542921669 0.23136835264664 0.00048666106459895 
0.13435429216691 0.23100563781803 0.0015676942177366 
0.13435429216692 0.22977426672231 0.0053304807075474 
0.13435429216691 0.22846151510947 0.0057132229451217 
0.1343542921669 0.22777311564459 0.0030131966189035 
0.13435429216691 0.22745813907453 0.0013828522702087 
0.13435429216691 0.22728754074866 0.00075002075794535 
0.13435429216691 0.22717011135082 0.00051665567523347 
0.1343542921669 0.22706341883474 0.00046965912660482 
0.13435429216691 0.22693713302273 0.00055616978135396 
0.13435429216691 0.22676853907532 0.00074291036095927 
0.13435429216691 0.22648687311953 0.0012420856832243 
0.13435429216691 0.22604474165771 0.0019521284202076 
0.13435429216691 0.22555693524664 0.0021580082221492 
0.13435429216691 0.22522463587077 0.0014732394528615 
0.13435429216691 0.22506187014593 0.00072268170932951 
0.1343542921669 0.22496628596148 0.00042470181375118 
0.13435429216691 0.22489962081209 0.00029633395555199 
0.13435429216691 0.22484538939971 0.00024113607742024 
0.1343542921669 0.22479184845768 0.00023812337079652 
0.13435429216691 0.22472989575246 0.00027560031934866 
0.13435429216691 0.224627403328 0.00045606938106284 
0.13435429216691 0.22442739303569 0.00089040913685968 
0.13435429216691 0.22399405916367 0.0019308421586047 
0.1343542921669 0.22321748831409 0.0034669260983027 
0.13435429216691 0.22263219426764 0.0026220797074073 
0.1343542921669 0.22231868757986 0.0014081821760462 
0.1343542921669 0.22212933208828 0.00085172998115016 
0.1343542921669 0.22201173159622 0.00052942351627002 
0.1343542921669 0.22192043653279 0.00041121729365794 
0.1343542921669 0.22182996577565 0.00040767204028319 
0.1343542921669 0.22172205704969 0.00048644792232907 
0.13435429216691 0.22156359204687 0.00071470112143029 
0.13435429216691 0.2213253855742 0.0010751155930934 
0.13435429216691 0.22099470284577 0.0014941021228483 
0.1343542921669 0.22061620673588 0.0017126931325266 
0.13435429216691 0.22032256420797 0.0013310106825665 
0.13435429216691 0.22012032980263 0.00091790146898766 
0.13435429216691 0.21999604554523 0.00056461962197052 
0.1343542921669 0.21990281621308 0.00042377730889008 
0.13435429216691 0.21980506245792 0.00044453162010251 
0.13435429216691 0.21968720188278 0.00053620500741382 
0.13435429216691 0.21952049057912 0.00075885760405091 
0.1343542921669 0.21926520016345 0.0011629457231802 
0.13435429216692 0.21871564249014 0.002506360666884 
0.1343542921669 0.21787046400492 0.0038642800103305 
0.13435429216691 0.21733061675754 0.0024778358546455 
0.13435429216691 0.21708433736965 0.0011332015321594 
0.13435429216691 0.21697184419699 0.00051820031797621 
0.13435429216691 0.21691408590601 0.00026620177931874 
0.13435429216691 0.21687159062024 0.00019590837352701 
0.13435429216691 0.21683388523782 0.00017386040429439 
0.13435429216692 0.21678973278529 0.0002036233980573 
0.1343542921669 0.21672159507591 0.00031430321216471 
0.13435429216691 0.21660285064895 0.00054791229699655 
0.1343542921669 0.21636191102453 0.0011123566642359 
0.1343542921669 0.2158552156003 0.0023418882826191 
0.13435429216691 0.21518760370921 0.0030928689364026 
0.13435429216691 0.21464918535105 0.0025020881727156 
0.13435429216691 0.21434233379393 0.0014295491344415 
0.13435429216691 0.21416675149631 0.00081916761151434 
0.13435429216691 0.21404092730645 0.0005875057121326 
0.1343542921669 0.21392788570263 0.0005281307890228 
0.13435429216691 0.21379527528003 0.00061988376207474 
0.13435429216691 0.21359343122434 0.00094409970204219 
0.13435429216691 0.21330113912712 0.0013684507783879 
0.13435429216691 0.21288980296143 0.0019284292965901 
0.13435429216691 0.21228564074584 0.002837910539595 
0.1343542921669 0.21184026163744 0.0020980180610758 
0.13435429216691 0.2116024828727 0.0011224436889481 
0.13435429216691 0.21146373170914 0.00065571614132037 
0.13435429216691 0.2113739336577 0.00042464989490386 
0.13435429216692 0.21129826154313 0.00035800116530156 
0.13435429216691 0.21120734974998 0.00043025338916273 
0.13435429216691 0.21108853986422 0.00056252723165829 
0.13435429216691 0.21088955558154 0.00094265791411167 
0.13435429216691 0.21053206671729 0.0016951473166148 
0.1343542921669 0.21007326658155 0.0021792411146419 
0.13435429216691 0.20973404905718 0.0016147581740733 
0.13435429216691 0.2095642960268 0.00080937278015715 
0.13435429216691 0.20946008640049 0.00049726803798345 
0.13435429216691 0.20938962548268 0.0003363930523498 
0.13435429216691 0.20933927007436 0.00024048664400276 
0.1343542921669 0.20928970371635 0.00023677524999898 
0.13435429216691 0.20922828779478 0.00029344932158228 
0.13435429216691 0.20914667748123 0.00039005391866816 
0.13435429216691 0.20902573065163 0.00057828711915842 
0.13435429216691 0.20879814089282 0.0010888121672615 
0.13435429216691 0.20838200645585 0.0019929987652057 
0.13435429216691 0.20786514146849 0.0024803724474247 
0.13435429216691 0.20749230249464 0.0017936579997033 
0.13435429216691 0.20727772029977 0.001034169423605 
0.13435429216691 0.2071313674008 0.00070607153896894 
0.1343542921669 0.20700089486654 0.0006299023460073 
0.13435429216691 0.20686427386267 0.00066000199642448 
0.1343542921669 0.20670124807534 0.00078808092035247 
0.13435429216691 0.20647784667545 0.0010807936670416 
0.13435429216691 0.2061021974284 0.0018193198597122 
0.13435429216691 0.2055971517298 0.0024504624642308 
0.13435429216692 0.20521209896106 0.0018728506961589 
0.13435429216691 0.20497780998974 0.0011416918033022 
0.13435429216691 0.20482521632984 0.00074443989770149 
0.13435429216691 0.2047229735482 0.00049917087098396 
0.13435429216691 0.20464854917436 0.00036353699122753 
0.13435429216691 0.20458712677576 0.00030013600804778 
0.13435429216691 0.20453223284239 0.00026831567672683 
0.1343542921669 0.2044483843117 0.00040995264916258 
0.13435429216691 0.20431352792235 0.00065961093211959 
0.1343542921669 0.20409245541713 0.0010820257839297 
0.13435429216691 0.20374909808178 0.0016823617249826 
0.13435429216691 0.20339376933958 0.0017439524667804 
0.13435429216691 0.20313687832592 0.0012630230242238 
0.13435429216691 0.20299804542905 0.00068344506428392 
0.13435429216691 0.20292102106618 0.00037943401235394 
0.13435429216691 0.20285928477059 0.00030423804918887 
0.1343542921669 0.20281139805496 0.00023605878172202 
0.13435429216691 0.20275829150557 0.0002618518974061 
0.13435429216691 0.20268264240629 0.00037309990488119 
0.13435429216691 0.20257013947773 0.00055506937952371 
0.13435429216691 0.20238995455414 0.00088949399973733 
0.13435429216692 0.20211740015452 0.0013466794842957 
0.13435429216691 0.20180455664279 0.0015478306740761 
0.13435429216691 0.20154758932416 0.0012733474551368 
0.13435429216691 0.20138038156175 0.0008296192624779 
0.13435429216691 0.20127883690007 0.00050424306918829 
0.13435429216691 0.20120946460774 0.00034465765701135 
0.13435429216691 0.20114802987752 0.00030532723864827 
0.13435429216691 0.20108137349361 0.00033137975028495 
0.13435429216691 0.20099732535134 0.00041798074487563 
0.13435429216691 0.20086588944319 0.00065391869227637 
0.13435429216692 0.20063823751478 0.0011333528507352 
0.13435429216691 0.2003327267532 0.0015226946038 
0.13435429216692 0.19996532755839 0.0018339449612758 
0.13435429216691 0.19959683305268 0.0018427919990181 
0.13435429216691 0.19935757035037 0.0011987299530747 
0.13435429216691 0.19919720224917 0.00080442443651074 
0.13435429216691 0.19909207126091 0.0005277734178542 
0.13435429216691 0.1990149740124 0.0003872441932048 
0.13435429216691 0.19894166790866 0.00036834466406864 
0.13435429216691 0.19885428849832 0.00043922126144644 
0.13435429216691 0.19871615728932 0.00069463530333062 
0.13435429216691 0.19852195669646 0.00097727630960606 
0.13435429216691 0.19826941889293 0.0012720900384792 
0.13435429216691 0.19795022447495 0.001609902423481 
0.1343542921669 0.19768742872911 0.0013275849852604 
0.13435429216692 0.19750231918693 0.00093637487912056 
0.13435429216691 0.197387627355 0.00058071131723564 
0.1343542921669 0.19731563358782 0.00036473292749838 
0.13435429216692 0.19725818014295 0.00029117533075332 
0.13435429216691 0.19720391352213 0.00027510453950189 
0.13435429216691 0.19715212704695 0.00026260368903362 
0.13435429216691 0.19707345619074 0.00039903630453567 
0.1343542921669 0.19693220177837 0.00071676021269932 
0.13435429216691 0.19671329043321 0.001111607665883 
0.13435429216691 0.19638495379154 0.0016691126509427 
0.13435429216691 0.19607403118845 0.001583230268324 
0.1343542921669 0.19587460698889 0.0010170862421227 
0.13435429216691 0.19574620763327 0.00065551812763322 
0.13435429216691 0.19566374857369 0.0004212549534473 
0.13435429216691 0.19559416314135 0.00035563783705897 
0.13435429216691 0.1955238968237 0.00035924547300665 
0.13435429216691 0.19544117761615 0.00042306443810531 
0.13435429216692 0.19531819243064 0.00062926956851894 
0.1343542921669 0.1951408951174 0.00090773578760532 
0.1343542921669 0.19493189106363 0.0010710417908292 
0.13435429216691 0.19463900834519 0.001502487442379 
0.13435429216691 0.19439140520141 0.001272114700382 
0.13435429216691 0.19424868134395 0.00073420868226241 
0.13435429216691 0.19416522866129 0.0004296177563925 
0.13435429216691 0.19410893412834 0.00028993107230371 
0.13435429216691 0.19406546631749 0.0002239351374763 
0.1343542921669 0.19402266742663 0.00022053841763772 
0.13435429216691 0.19396764369039 0.00028359437052163 
0.13435429216691 0.19388694427578 0.00041604575420382 
0.13435429216691 0.1937465012046 0.00072435548307761 
0.13435429216691 0.19351323664522 0.0012039678545237 
0.13435429216691 0.19320774234446 0.0015786739246322 
0.1343542921669 0.19294904791281 0.001338944436221 
0.13435429216691 0.19279693152168 0.00078837596130594 
0.13435429216691 0.19268671396333 0.00057167693219741 
0.13435429216691 0.19260036780135 0.00044811684318011 
0.13435429216692 0.19252908391796 0.00037011291410426 
0.13435429216691 0.19245315849758 0.00039435818652987 
0.13435429216691 0.19235713409813 0.00049894945969405 
0.13435429216692 0.19222699162716 0.00067656690550595 
0.1343542921669 0.19205242233988 0.00090814138954026 
0.13435429216691 0.19185546747031 0.0010255266096743 
0.13435429216691 0.19164994154423 0.0010712539433586 
0.13435429216691 0.19149426496772 0.00081229649880003 
0.13435429216691 0.19139834492028 0.0005009029772094 
0.1343542921669 0.19133465483097 0.00033276196475956 
0.13435429216691 0.19129175458265 0.00022421577712792 
0.13435429216691 0.19125595217899 0.00018716124873508 
0.13435429216691 0.19121732691777 0.00020195586475411 
0.1343542921669 0.19117312921971 0.00023113856247958 
0.1343542921669 0.19111257348854 0.00031675859164804 
0.1343542921669 0.19102357170842 0.00046570342545867 
0.13435429216691 0.19088898827301 0.00070453836770208 
0.13435429216692 0.19068992264477 0.0010428345293163 
0.13435429216691 0.19049776131404 0.0010077162341379 
0.1343542921669 0.19036244405664 0.0007103351580923 
0.13435429216691 0.19026306550039 0.0005220491717483 
0.1343542921669 0.19019472143451 0.00035920826618195 
0.13435429216692 0.19014628190424 0.00025468388344672 
0.13435429216691 0.19010433502669 0.00022060319630536 
0.13435429216691 0.190058979385 0.00023858289021027 
0.13435429216691 0.18999454436902 0.0003390264231768 
0.13435429216691 0.18988801194389 0.00056071307459993 
0.1343542921669 0.18973018246879 0.00083117134930081 
0.13435429216691 0.18953106818732 0.0010494602328183 
0.13435429216692 0.18931193380352 0.0011561924168989 
0.13435429216692 0.18912113688014 0.001007844141407 
0.13435429216691 0.1889704298144 0.00079688113248351 
0.13435429216691 0.18886323699043 0.00056724654792306 
0.1343542921669 0.18878552501547 0.00041147221766573 
0.1343542921669 0.18872293654361 0.00033153215456715 
0.1343542921669 0.18865663864557 0.00035129751188063 
0.13435429216691 0.1885682388658 0.00046857497519434 
0.13435429216691 0.18843926668389 0.00068395495808816 
0.1343542921669 0.1882745205001 0.00087426674220166 
0.13435429216691 0.18810230037076 0.00091472881663568 
0.13435429216691 0.18795988394997 0.00075712216440443 
0.13435429216691 0.18786149693984 0.00052344685506434 
0.13435429216691 0.18778257248826 0.00042012042310987 
0.1343542921669 0.18772982361944 0.0002809039631346 
0.13435429216691 0.18769424263816 0.00018953291809933 
0.13435429216691 0.18766320934332 0.00016533962046125 
0.13435429216691 0.18762823303195 0.00018637809451072 
0.13435429216692 0.18758211999899 0.00024576809263395 
0.13435429216691 0.18751827123391 0.00034037767079194 
0.13435429216691 0.18743185257097 0.00046085462696472 
0.13435429216691 0.18731969721478 0.0005983793823957 
0.13435429216691 0.1871890839185 0.00069727475660894 
0.1343542921669 0.18706655117064 0.00065459344792314 
0.13435429216691 0.18696901117069 0.00052141871083927 
0.13435429216691 0.18689765220394 0.00038166200008284 
0.13435429216691 0.18683985950016 0.00030922113302704 
0.13435429216691 0.18678515964104 0.00029276332828723 
0.13435429216691 0.18672037268273 0.00034685281436458 
0.13435429216692 0.18662709368903 0.0004995651645319 
0.13435429216691 0.18647865907301 0.00079535405653183 
0.13435429216692 0.18625160477778 0.0012175886310821 
0.1343542921669 0.18597647806564 0.0014771776729987 
0.1343542921669 0.18575411292955 0.001195662690271 
0.1343542921669 0.18562227467852 0.00070974606673131 
0.1343542921669 0.18553936040673 0.00044668276978918 
0.13435429216691 0.18547901463444 0.00032524512407149 
0.13435429216691 0.18543068832274 0.00026054867606487 
0.1343542921669 0.18538387620812 0.00025245074073451 
0.13435429216691 0.18533000800088 0.00029057655034883 
0.13435429216691 0.18526071093958 0.00037391171588358 
0.1343542921669 0.18516917394945 0.00049409823414534 
0.1343542921669 0.18506011015764 0.00058899540068019 
0.13435429216691 0.18495999152826 0.00054100599692545 
0.13435429216692 0.18487638066023 0.00045204839890466 
0.13435429216691 0.18480984459122 0.00035989491336577 
0.13435429216691 0.1847635075796 0.00025072804819451 
0.13435429216691 0.18472911357172 0.00018615152058898 
0.13435429216692 0.18469838110735 0.00016636502918504 
0.1343542921669 0.18466898271859 0.00015916971539345 
0.1343542921669 0.18463275546721 0.00019617399115186 
0.1343542921669 0.18457317969993 0.00032267171191936 
0.13435429216692 0.18448385363413 0.0004839601612014 
0.1343542921669 0.18435243887902 0.00071233743503339 
0.13435429216691 0.18418482445804 0.00090920642009031 
0.13435429216692 0.1840088340328 0.00095550991108426 
0.13435429216691 0.18387491112527 0.00072780694597535 
0.13435429216691 0.1837885675083 0.00046957802147764 
0.1343542921669 0.18372970847904 0.00032025402917683 
0.13435429216691 0.1836840550309 0.00024848157937996 
0.13435429216691 0.1836444286843 0.00021573100936002 
0.13435429216691 0.18359319810636 0.00027896614295484 
0.13435429216691 0.18351603351386 0.00042030202257598 
0.13435429216691 0.18341531242976 0.00054884078614628 
0.13435429216691 0.18329322913694 0.00066561123605217 
0.1343542921669 0.183165402397 0.00069738931731381 
0.13435429216691 0.18307368728561 0.00050072289957443 
0.13435429216691 0.18301789008395 0.00030478001779076 
0.1343542921669 0.1829802294142 0.00020577589286268 
0.13435429216691 0.18295412599149 0.00014265706626241 
0.1343542921669 0.1829334954923 0.0001127632354921 
0.13435429216692 0.18291273653313 0.00011347817471775 
0.13435429216691 0.18288711923742 0.00014005200620693 
0.13435429216691 0.1828491597192 0.00020755708978117 
0.1343542921669 0.18279245961659 0.00031009222408554 
0.1343542921669 0.18271888482764 0.00040250450758125 
0.1343542921669 0.18264321850091 0.00041411333481482 
0.13435429216691 0.18256875101259 0.00040772106914755 
0.13435429216691 0.18250373978602 0.00035609175288015 
0.1343542921669 0.18245515697243 0.00026620174275733 
0.1343542921669 0.18242015453829 0.00019184129800037 
0.13435429216692 0.182392554367 0.00015130001047958 
0.1343542921669 0.18236792744072 0.00013502155482744 
0.13435429216691 0.18233664832546 0.0001715165363266 
0.1343542921669 0.182287387727 0.0002701629042388 
0.13435429216691 0.18220645419248 0.00044398866830042 
0.1343542921669 0.18207782279044 0.00070596512403947 
0.13435429216692 0.18190917882021 0.00092621917184195 
0.13435429216691 0.18173112776268 0.00097879094769334 
0.1343542921669 0.18158124533598 0.00082474823406796 
0.13435429216691 0.18146709333071 0.00062865526151174 
0.13435429216691 0.1813801588359 0.00047906478915299 
0.13435429216691 0.1813162948928 0.00035209994034734 
0.1343542921669 0.18126126909482 0.00030347960731143 
0.13435429216692 0.18119566206743 0.00036194730248015 
0.1343542921669 0.18110947672419 0.00047564793911532 
0.1343542921669 0.18102019214954 0.00049298676281641 
0.13435429216692 0.1809021090381 0.00065232010886026 
0.13435429216691 0.18077797055054 0.00068621912818893 
0.13435429216691 0.18068445283089 0.00051730705557773 
0.13435429216691 0.18061987494717 0.00035740697501115 
0.1343542921669 0.18057913462017 0.00022555838337341 
0.13435429216691 0.18055227369861 0.0001487487555978 
0.13435429216692 0.1805302341744 0.00012206727588733 
0.13435429216691 0.18050955481635 0.00011454789355778 
0.1343542921669 0.18048809463317 0.00011888668832146 
0.13435429216691 0.18046128941428 0.00014851516351638 
0.1343542921669 0.18042014187974 0.00022801308070666 
0.13435429216691 0.18035597523632 0.00035565121916197 
0.13435429216691 0.18027664349151 0.00043986202674806 
0.13435429216691 0.18020209301122 0.00041353377146652 
0.13435429216691 0.18013745511493 0.00035869670106839 
0.13435429216691 0.18009045144923 0.00026093221798069 
0.13435429216691 0.18005440807236 0.00020014041044236 
0.13435429216691 0.18002004076377 0.00019087179788852 
0.13435429216691 0.1799845019695 0.00019741576616188 
0.1343542921669 0.17993935724058 0.00025082564570854 
0.13435429216691 0.17987291642733 0.00036924002768626 
0.13435429216691 0.17976414259732 0.00060472600416697 
0.13435429216691 0.17957811969449 0.0010348165108799 
0.1343542921669 0.17934498522463 0.0012982342741112 
0.13435429216691 0.17916311275245 0.0010140928777266 
0.13435429216691 0.17902658789918 0.00076201429621319 
0.1343542921669 0.17893784794894 0.00049568028575003 
0.13435429216692 0.17888185284222 0.00031293048037943 
0.1343542921669 0.17884143055464 0.00022597198618601 
0.13435429216691 0.17880745368309 0.00018998322394068 
0.13435429216691 0.17877000902498 0.0002094132953471 
0.13435429216691 0.17872134413165 0.00027222067949066 
0.1343542921669 0.17867015707948 0.00028640704564622 
0.13435429216691 0.17859940792956 0.00039597631235808 
0.1343542921669 0.17851541519298 0.00047028563838811 
0.13435429216691 0.17844621615366 0.00038763621195952 
0.13435429216691 0.1783967203888 0.0002773707726756 
0.1343542921669 0.1783645776571 0.00018017557514133 
0.13435429216692 0.17834248621392 0.0001238555517572 
0.1343542921669 0.17832434287101 0.00010173315007734 
0.13435429216691 0.1783067680193 9.8555538871195e-05 
0.13435429216691 0.17828607824177 0.00011603472917641 
0.13435429216691 0.17826092805027 0.00014106649123632 
0.13435429216691 0.17822299573701 0.00021279095582205 
0.13435429216691 0.17815456762193 0.00038394661019995 
0.13435429216691 0.17805004816026 0.00058667854028507 
0.13435429216691 0.17792515964656 0.0007014236445574 
0.13435429216691 0.17781609168909 0.0006129990704581 
0.1343542921669 0.1777320694075 0.0004725234976828 
0.1343542921669 0.17766455400731 0.0003798717947556 
0.1343542921669 0.17760618078789 0.00032855861287004 
0.13435429216691 0.1775442154134 0.00034889199356688 
0.1343542921669 0.17746971188515 0.00041963365620328 
0.1343542921669 0.17736127187331 0.00061103390931184 
0.13435429216691 0.1772050856663 0.0008806105491174 
0.1343542921669 0.17703321829418 0.0009698783275475 
0.13435429216691 0.17687874833723 0.00087254786663695 
0.13435429216691 0.17678236782317 0.00054489595256607 
0.13435429216692 0.17672835227333 0.00030554828799256 
0.13435429216692 0.17669634428933 0.00018111402946062 
0.13435429216691 0.17667455961373 0.00012328877366012 
0.1343542921669 0.17665108089534 0.00013289246876622 
0.13435429216691 0.17662106372392 0.00016992350835525 
0.1343542921669 0.17657874962294 0.00023957562075708 
0.1343542921669 0.17651535228577 0.0003590315216514 
0.1343542921669 0.17642753831212 0.00049748632352031 
0.13435429216691 0.17633290260541 0.00053639985916804 
0.1343542921669 0.17625495073255 0.00044207219250739 
0.13435429216691 0.17619214257448 0.00035634833405746 
0.13435429216691 0.17614774525613 0.00025198239661974 
0.1343542921669 0.17611369023582 0.00019333213864426 
0.13435429216691 0.17608360856062 0.00017080827254427 
0.13435429216691 0.17605385780374 0.00016895812806654 
0.13435429216692 0.17601977108982 0.000193615262659 
0.13435429216691 0.17597346755725 0.00026305870235009 
0.13435429216691 0.17590696775787 0.00037789673807335 
0.13435429216691 0.17582482516622 0.00046696610541648 
0.13435429216691 0.17572946242244 0.00054237360219017 
0.13435429216691 0.17563827785838 0.00051889172597597 
0.13435429216692 0.17557198519166 0.00037743860579811 
0.13435429216691 0.17552730254834 0.00025449756845714 
0.13435429216691 0.17549748470562 0.00016987581012458 
0.13435429216691 0.17547479734623 0.00012927455587237 
0.13435429216691 0.17545288687839 0.00012486390163197 
0.13435429216691 0.17542899663262 0.00013616330968406 
0.13435429216691 0.17539737730048 0.00018024005580453 
0.13435429216691 0.17534618648681 0.00029185620933504 
0.1343542921669 0.17527925114095 0.00038173254404513 
0.1343542921669 0.17520266991368 0.00043690982689497 
0.1343542921669 0.17513395450203 0.00039220527680542 
0.1343542921669 0.17508553459827 0.00027647353651307 
0.13435429216691 0.17505553840419 0.00017132308584616 
0.13435429216691 0.17503512059832 0.00011663616048398 
0.13435429216692 0.17501891806773 9.2567311832664e-05 
0.1343542921669 0.17500316355656 9.0016047114697e-05 
0.13435429216691 0.17498328140291 0.00011361025277394 
0.13435429216691 0.17495583753712 0.0001568370736011 
0.1343542921669 0.17491697288112 0.00022213980710215 
0.13435429216691 0.17486495772926 0.00029737052386534 
0.13435429216691 0.17480971227438 0.00031593210900418 
0.13435429216691 0.17476312057961 0.00026652806732337 
0.13435429216691 0.17472959065569 0.00019185926536405 
0.13435429216691 0.1747077867811 0.00012478638852699 
0.13435429216691 0.17469033554172 9.9888160148179e-05 
0.13435429216691 0.17467444693973 9.0952953597966e-05 
0.13435429216691 0.17465839236274 9.1911423080621e-05 
0.13435429216691 0.1746382136693 0.00011553234382261 
0.1343542921669 0.17460882973046 0.00016825606622624 
0.13435429216691 0.17456436329807 0.00025466313733238 
0.13435429216691 0.17450130198919 0.00036124961414053 
0.13435429216691 0.17442784079185 0.00042097793255926 
0.13435429216692 0.1743657179751 0.00035615195637913 
0.13435429216692 0.17431693673835 0.00027976391988852 
0.13435429216691 0.17427979179345 0.00021308855920241 
0.1343542921669 0.1742485161507 0.00017945650743173 
0.13435429216691 0.17422019653766 0.00016252427090659 
0.13435429216691 0.17419384969556 0.00015122725507942 
0.13435429216691 0.17416028249366 0.00019270027014834 
0.13435429216691 0.17411060238643 0.00028525509102209 
0.13435429216691 0.1740493438738 0.00035183677377348 
0.13435429216691 0.1739780994345 0.00040933471919671 
0.1343542921669 0.17389622545795 0.00047059932724692 
0.13435429216691 0.17382151287767 0.00042963888424798 
0.13435429216691 0.17376523826333 0.00032374942207934 
0.13435429216692 0.17372914884607 0.00020769066138627 
0.13435429216691 0.17370508366117 0.0001385212847739 
0.13435429216691 0.17368500690428 0.00011557955855368 
0.13435429216691 0.17366407928121 0.00012049182280768 
0.13435429216691 0.17364115937376 0.00013197840070801 
0.13435429216691 0.17361162551362 0.00017008559637201 
0.13435429216691 0.17357295951174 0.00022271551092858 
0.13435429216691 0.17352170984783 0.00029526294908278 
0.13435429216691 0.17346488823981 0.00032746108869896 
0.1343542921669 0.17342104813299 0.00025273187714164 
0.13435429216692 0.17339221385289 0.00016626747679396 
0.13435429216691 0.17337134226345 0.00012037212614284 
0.13435429216691 0.17335529350431 9.2568696359409e-05 
0.1343542921669 0.17334012186534 8.7517598477803e-05 
0.1343542921669 0.17332250666018 0.00010162220363877 
0.13435429216692 0.17330059686733 0.00012641054687628 
0.13435429216691 0.17327175661091 0.00016641752504494 
0.13435429216691 0.17323125134796 0.00023376725520908 
0.13435429216691 0.17317228225865 0.0003404067617429 
0.13435429216691 0.17310499940748 0.00038853129550442 
0.1343542921669 0.17304862846098 0.00032564597609589 
0.13435429216691 0.17300720066171 0.00023939975511419 
0.13435429216692 0.17297544077473 0.00018357552088381 
0.13435429216691 0.1729480982876 0.00015807149852521 
0.13435429216691 0.17292019821075 0.00016132051825034 
0.13435429216691 0.17288764802951 0.00018823816755076 
0.13435429216691 0.17284628330929 0.00023925781100871 
0.13435429216689 0.17277633223123 0.00040470108305368 
0.13435429216691 0.17266280609344 0.00065706996049464 
0.13435429216691 0.17253486634348 0.00074098037008324 
0.1343542921669 0.17242676817362 0.00062652942071 
0.13435429216691 0.17234898326319 0.00045111853137039 
0.13435429216691 0.1723004932928 0.00028134758601217 
0.13435429216691 0.17226497795438 0.00020612441522556 
0.13435429216691 0.17223046233388 0.0002003635382036 
0.13435429216691 0.17219354884567 0.00021432612857412 
0.13435429216691 0.1721495045658 0.00025578356543982 
0.13435429216691 0.1720865290427 0.00036581878789365 
0.13435429216692 0.17201746794375 0.00040131612474874 
0.13435429216691 0.17194033486586 0.00044840258845648 
0.13435429216691 0.17187475730177 0.00038139721050926 
0.13435429216692 0.17183468347881 0.00023315711735561 
0.1343542921669 0.17181016280516 0.00014269921037811 
0.13435429216691 0.17179185396643 0.0001065643523989 
0.1343542921669 0.17177579195149 9.3496953231602e-05 
0.1343542921669 0.1717579798393 0.00010369396051915 
0.1343542921669 0.1717365450953 0.00012479620463252 
0.13435429216691 0.1717126821424 0.00013895093142556 
0.1343542921669 0.17167862963669 0.00019831095345824 
0.13435429216691 0.17164077108781 0.00022051986873356 
0.13435429216691 0.17160776973123 0.00019226991570097 
0.13435429216692 0.17158337201548 0.0001421713934315 
0.13435429216692 0.17156735230607 9.3363996870596e-05 
0.13435429216689 0.17155557525411 6.8643898733373e-05 
0.1343542921669 0.17154559828025 5.8155929037139e-05 
0.1343542921669 0.17153640080528 5.3615336470657e-05 
0.13435429216692 0.17152440875347 6.9909662053896e-05 
0.13435429216691 0.17150657342732 0.00010398127168684 
0.1343542921669 0.17147805423278 0.00016628630594297 
0.13435429216691 0.17143531374145 0.00024924758753544 
0.13435429216691 0.17138492878184 0.00029390070521394 
0.13435429216691 0.17133255667834 0.00030558173274613 
0.13435429216691 0.17128998879554 0.00024845180403889 
0.13435429216692 0.17126272473047 0.00015916905165695 
0.13435429216691 0.17124354008375 0.00011201881055936 
0.13435429216691 0.17122464311883 0.00011035140309432 
0.13435429216692 0.17120493661489 0.0001150915170799 
0.13435429216691 0.17117810848197 0.00015670186531544 
0.13435429216691 0.17113602946747 0.00024582006941435 
0.13435429216691 0.17107219603537 0.00037299820671509 
0.13435429216691 0.17097773585805 0.00055216557399922 
0.1343542921669 0.17085523126328 0.00071649442636115 
0.1343542921669 0.17075065794802 0.00061205802409547 
0.13435429216691 0.17067860669311 0.00042196765612519 
0.13435429216693 0.17062599773207 0.00030823406669119 
0.13435429216691 0.17058457855512 0.00024274833554662 
0.13435429216692 0.17054837866012 0.00021221082999665 
0.1343542921669 0.17051291154517 0.00020795926194231 
0.13435429216691 0.17047167078662 0.00024186296612316 
0.13435429216691 0.17041723990732 0.00031929574598766 
0.13435429216692 0.17035318142417 0.00037589203530434 
0.13435429216689 0.17029609806384 0.00033508831384342 
0.13435429216691 0.17025358774925 0.00024962588738994 
0.13435429216691 0.17022553897237 0.00016474705317674 
0.13435429216691 0.1702094157787 9.4716655139821e-05 
0.1343542921669 0.17019969467891 5.7112585394332e-05 
0.1343542921669 0.17019217091833 4.4205488102102e-05 
0.13435429216691 0.17018586466158 3.7053741769234e-05 
0.13435429216691 0.17017956265791 3.7030123954989e-05 
0.13435429216692 0.17017190837857 4.4977664888683e-05 
0.13435429216691 0.17016178478575 5.9490387772216e-05 
0.13435429216691 0.17014949826135 7.2204957286954e-05 
0.13435429216692 0.17013598628021 7.9412406624324e-05 
0.13435429216691 0.17012342586318 7.3825751384546e-05 
0.13435429216691 0.17011487317404 5.0273435921622e-05 
0.1343542921669 0.17010854537043 3.7197239072955e-05 
0.13435429216691 0.17010325246405 3.1114876484e-05 
0.13435429216691 0.17009914552173 2.4143820046962e-05 
0.13435429216693 0.17009543681428 2.1803210377946e-05 
0.13435429216691 0.17009117936315 2.5029778609023e-05 
0.13435429216691 0.1700853724161 3.4140201007076e-05 
0.13435429216691 0.17007704673032 4.8950039970304e-05 
0.13435429216691 0.17006580567871 6.6093878221547e-05 
0.13435429216691 0.17005335072678 7.3236073962315e-05 
0.13435429216691 0.17003840420184 8.7893151628623e-05 
0.13435429216691 0.17002358922626 8.7127232511383e-05 
0.13435429216691 0.17001252016887 6.510306861237e-05 
0.13435429216691 0.17000434301568 4.8097358825918e-05 
0.13435429216691 0.16999724970799 4.172427340943e-05 
0.13435429216691 0.16999029177827 4.0929660522965e-05 
0.13435429216691 0.16998202960445 4.8603798095422e-05 
0.13435429216691 0.1699692321014 7.5287388222733e-05 
0.13435429216691 0.16994659388344 0.00013319009375929 
0.13435429216691 0.16991007820882 0.00021486558680884 
0.13435429216691 0.1698655203701 0.0002622436478531 
0.13435429216691 0.16980414157754 0.00036133755945359 
0.13435429216691 0.16973525492758 0.00040568297874041 
0.13435429216692 0.16968047425465 0.00032274186614461 
0.13435429216691 0.16964059190891 0.00023504381351413 
0.1343542921669 0.16960863794174 0.00018836274272845 
0.13435429216691 0.16957790518905 0.00018119803956075 
0.13435429216691 0.1695397965943 0.00022472617944223 
0.13435429216691 0.16948571854408 0.00031896965374466 
0.13435429216692 0.16940983491148 0.00044772877177497 
0.1343542921669 0.16932136965383 0.00052219670542898 
0.1343542921669 0.16920852433716 0.00066645643664823 
0.1343542921669 0.16909037000701 0.00069827646456947 
0.13435429216691 0.1690026136482 0.00051899087338461 
0.1343542921669 0.16895013507203 0.00031051931705682 
0.13435429216692 0.16891962723292 0.00018057303769121 
0.13435429216691 0.16889768617106 0.00012989054151912 
0.13435429216691 0.1688779312104 0.00011696406925822 
0.13435429216692 0.16885764459884 0.00012012588868375 
0.1343542921669 0.16883470428108 0.00013585596205551 
0.13435429216691 0.16880858358383 0.00015471165931694 
0.13435429216691 0.16878412537688 0.00014488722329717 
0.13435429216691 0.16876400463418 0.0001192099236764 
0.13435429216691 0.16874849958289 9.1874160751853e-05 
0.13435429216691 0.16873866424102 5.8284025627342e-05 
0.13435429216691 0.16873210722063 3.8859027421932e-05 
0.1343542921669 0.16872753526039 2.7095970758572e-05 
0.13435429216691 0.16872382674358 2.1979321879491e-05 
0.13435429216691 0.16872016088899 2.1726952657678e-05 
0.13435429216691 0.16871581372743 2.5765513366024e-05 
0.13435429216692 0.16871019576562 3.3298371299151e-05 
0.13435429216691 0.16870243024899 4.6028733430811e-05 
0.13435429216692 0.16869123707228 6.6348639402011e-05 
0.13435429216691 0.1686776619519 8.0473180575783e-05 
0.13435429216691 0.16866309349991 8.6368590920532e-05 
0.13435429216691 0.16864948977211 8.0656221349985e-05 
0.13435429216692 0.16863796148286 6.8356502393186e-05 
0.13435429216691 0.16862723544727 6.360392107353e-05 
0.13435429216692 0.16861533243047 7.0587747956983e-05 
0.1343542921669 0.16860024867587 8.9456601494718e-05 
0.13435429216691 0.16857858485812 0.0001284922052202 
0.1343542921669 0.16853700374179 0.00024665716801856 
0.1343542921669 0.1684602313562 0.00045552243059772 
0.1343542921669 0.16834669784326 0.00067394845670935 
0.1343542921669 0.16823342963844 0.0006728270068162 
0.13435429216692 0.16814273202314 0.00053911767415953 
0.13435429216691 0.16807828907688 0.00038326334710398 
0.13435429216691 0.16803203037802 0.00027522114313218 
0.13435429216691 0.16799343027335 0.00022971873029996 
0.13435429216691 0.16795420402052 0.00023349873129289 
0.13435429216691 0.16790709570314 0.00028048310937783 
0.13435429216691 0.16784285603795 0.00038259053271009 
0.1343542921669 0.16775679054767 0.00051277422413361 
0.13435429216691 0.16765416785531 0.00061173495285266 
0.13435429216691 0.16756302808009 0.00054361771253959 
0.13435429216691 0.167501859268 0.00036504957440483 
0.1343542921669 0.1674666019579 0.00021048906714614 
0.13435429216691 0.16744588990737 0.00012367869346861 
0.13435429216691 0.16743227500423 8.1309270406234e-05 
0.1343542921669 0.16742132652687 6.5390483145762e-05 
0.13435429216691 0.16740900023503 7.3624382807427e-05 
0.1343542921669 0.16739436948709 8.7395229204864e-05 
0.1343542921669 0.16737622072355 0.00010841919950177 
0.13435429216691 0.16735285630149 0.00013959224290225 
0.13435429216691 0.1673284522258 0.00014582407632218 
0.13435429216691 0.16730771863148 0.00012390955659205 
0.13435429216691 0.16729278278957 8.9271684731481e-05 
0.1343542921669 0.16728376605243 5.3897944565131e-05 
0.13435429216692 0.1672783851795 3.2166139400792e-05 
0.13435429216691 0.16727418673762 2.5098531841509e-05 
0.13435429216691 0.16727045184824 2.2327948225139e-05 
0.13435429216691 0.1672666034543 2.3007015876233e-05 
0.1343542921669 0.16726181018363 2.8656471586556e-05 
0.13435429216692 0.16725534209102 3.8670468781653e-05 
0.13435429216691 0.16724636986938 5.3643856883288e-05 
0.13435429216692 0.16723492176879 6.845051764585e-05 
0.1343542921669 0.16722350603883 6.8261639596771e-05 
0.13435429216691 0.16721424428002 5.5385507885345e-05 
0.13435429216691 0.16720787405544 3.8096183758725e-05 
0.13435429216691 0.16720404058402 2.2926380955845e-05 
0.13435429216691 0.16720084679879 1.9101124750922e-05 
0.1343542921669 0.16719786335391 1.7843479484167e-05 
0.13435429216691 0.16719482127603 1.8194478181067e-05 
0.13435429216691 0.16719092790125 2.3286455586316e-05 
0.1343542921669 0.1671853791327 3.3188215533376e-05 
0.13435429216692 0.16717782918997 4.5159108843051e-05 
0.13435429216692 0.16716880630664 5.3971769867865e-05 
0.13435429216692 0.16715924023384 5.7224030096123e-05 
0.13435429216691 0.16715101440507 4.920953670795e-05 
0.13435429216691 0.16714460353112 3.8353784303416e-05 
0.1343542921669 0.16713911480425 3.2838193721987e-05 
0.1343542921669 0.16713463551251 2.6799781384332e-05 
0.13435429216691 0.16713046912727 2.4928317397334e-05 
0.13435429216691 0.16712543625227 3.0113449859667e-05 
0.13435429216691 0.16711799349272 4.4533972307891e-05 
0.13435429216691 0.16710603173844 7.1576698734338e-05 
0.13435429216691 0.16708553377454 0.00012266441666273 
0.1343542921669 0.167056661523 0.00017279922978373 
0.13435429216691 0.16700733501955 0.00029526810244631 
0.13435429216691 0.16693685880142 0.0004219947472196 
0.13435429216691 0.16687105211698 0.0003942010464924 
0.1343542921669 0.16682301706328 0.00028785731911318 
0.13435429216691 0.16678600201215 0.0002218821586467 
0.13435429216692 0.16675439371237 0.000189514104284 
0.13435429216691 0.16672641272057 0.00016779762844278 
0.13435429216691 0.16670114374605 0.00015155951662129 
0.13435429216691 0.16668011441218 0.00012614990756334 
0.13435429216691 0.16666629254755 8.2924496887844e-05 
0.13435429216691 0.16665843504893 4.7145097524518e-05 
0.13435429216691 0.16665300799347 3.2563941100311e-05 
0.1343542921669 0.1666493744606 2.180298401984e-05 
0.13435429216691 0.16664707899121 1.3774245428644e-05 
0.13435429216691 0.16664530362669 1.0653439220999e-05 
0.13435429216691 0.16664350171875 1.0812833611126e-05 
0.13435429216691 0.16664131865568 1.3100199174516e-05 
0.13435429216691 0.16663826754408 1.8309454259044e-05 
0.13435429216691 0.16663399699596 2.5627655524396e-05 
0.13435429216691 0.16662885370926 3.0865770445234e-05 
0.1343542921669 0.16662252459713 3.7983290388208e-05 
0.13435429216692 0.16661514486905 4.4290098788838e-05 
0.13435429216692 0.16660831833924 4.0971844491102e-05 
0.13435429216692 0.1666029017542 3.2510891987995e-05 
0.13435429216691 0.16659831966531 2.7503055738858e-05 
0.13435429216691 0.16659335300692 2.9812175752279e-05 
0.1343542921669 0.16658702551875 3.7981636461157e-05 
0.13435429216691 0.16657668768892 6.2056632588421e-05 
0.13435429216691 0.16655514754549 0.00012931067201535 
0.13435429216691 0.1665126036169 0.00025543448649433 
0.13435429216689 0.16642823886488 0.0005066568547527 
0.1343542921669 0.16629958483416 0.00077303005546864 
0.13435429216691 0.16616735084032 0.00079515528536433 
0.13435429216691 0.16606155024475 0.00063671109296165 
0.13435429216691 0.16599417726144 0.00040571091388758 
0.13435429216691 0.16594851628028 0.00027507580032606 
0.13435429216692 0.16590751183503 0.00024709136404546 
0.1343542921669 0.16585985717879 0.00028723627833784 
0.13435429216691 0.16580351417804 0.00033970245543313 
0.13435429216693 0.165747824487 0.00033587762791293 
0.13435429216691 0.16568362382744 0.00038733937996443 
0.13435429216691 0.16562604567896 0.000347518645132 
0.13435429216691 0.16558576074139 0.0002432282761499 
0.13435429216693 0.16555994185347 0.00015592456621362 
0.13435429216691 0.16554507346511 8.9806677814118e-05 
0.1343542921669 0.16553500933839 6.0793876318239e-05 
0.13435429216691 0.16552735728464 4.622619577777e-05 
0.13435429216691 0.16552072331439 4.0077787525492e-05 
0.13435429216691 0.16551382111892 4.1699887045147e-05 
0.1343542921669 0.16550548592615 5.0359496944328e-05 
0.13435429216691 0.16549412687911 6.8632450348249e-05 
0.13435429216692 0.1654791372294 9.0575115832623e-05 
0.13435429216691 0.16546409814404 9.0882062868169e-05 
0.13435429216691 0.16545174640046 7.4649085374825e-05 
0.13435429216691 0.16544322997672 5.147376149616e-05 
0.13435429216691 0.16543746951723 3.4818345168928e-05 
0.13435429216691 0.16543337663506 2.4739753236012e-05 
0.1343542921669 0.16543019835498 1.9211843127753e-05 
0.1343542921669 0.16542712929299 1.8552005782859e-05 
0.13435429216691 0.16542380449835 2.0098242982883e-05 
0.1343542921669 0.16541900522948 2.901196038722e-05 
0.13435429216691 0.16541123169792 4.6992977339222e-05 
0.13435429216691 0.16540004469826 6.7631439196973e-05 
0.1343542921669 0.16538629335239 8.3139916308034e-05 
0.13435429216691 0.16537359627543 7.6772244556917e-05 
0.13435429216691 0.16536455115583 5.4695065009225e-05 
0.13435429216691 0.16535814051515 3.8766716524483e-05 
0.1343542921669 0.16535343464001 2.84586844276e-05 
0.1343542921669 0.16534966074989 2.2823173472551e-05 
0.1343542921669 0.16534617020238 2.1110097789693e-05 
0.13435429216691 0.16534178035728 2.6549421126237e-05 
0.13435429216689 0.16533504089784 4.0760777014341e-05 
0.13435429216691 0.16532518227058 5.9628178029816e-05 
0.1343542921669 0.16531189362771 8.0378818810468e-05 
0.13435429216691 0.16529708727709 8.9566154590049e-05 
0.13435429216691 0.16528403583336 7.8957493717521e-05 
0.13435429216691 0.16527469264532 5.6528072991454e-05 
0.13435429216691 0.16526875001969 3.5956053135418e-05 
0.1343542921669 0.16526483722749 2.3675329987642e-05 
0.1343542921669 0.16526165980651 1.9226237326889e-05 
0.1343542921669 0.1652586710588 1.8084943083835e-05 
0.13435429216691 0.16525536014579 2.0034730973812e-05 
0.13435429216691 0.16525073339788 2.7997566300149e-05 
0.13435429216691 0.16524435590478 3.8592827817431e-05 
0.13435429216691 0.165236529367 4.7363419713975e-05 
0.13435429216692 0.1652280087598 5.1566123011659e-05 
0.13435429216691 0.16522074687196 4.3950707231858e-05 
0.13435429216691 0.16521567319474 3.0708475277087e-05 
0.13435429216692 0.16521242792355 1.964263517108e-05 
0.13435429216691 0.16521016455124 1.3699770242761e-05 
0.13435429216691 0.165208435206 1.0467547488401e-05 
0.1343542921669 0.16520702398149 8.5420850921566e-06 
0.13435429216692 0.16520513225293 1.1450654547701e-05 
0.13435429216691 0.16520243256665 1.6341418940081e-05 
0.13435429216691 0.16519860955726 2.3141362594389e-05 
0.13435429216691 0.16519371126451 2.965093204334e-05 
0.1343542921669 0.16518879465238 2.9762707619708e-05 
0.13435429216691 0.16518447370468 2.6157632021112e-05 
0.13435429216691 0.16518113798874 2.0193883005752e-05 
0.13435429216691 0.16517882034905 1.4030897963447e-05 
0.13435429216691 0.16517716036641 1.004960946672e-05 
0.1343542921669 0.16517576446828 8.4509149125549e-06 
0.13435429216691 0.16517436728763 8.4587509668242e-06 
0.1343542921669 0.16517294294612 8.623259922359e-06 
0.13435429216692 0.16517083828787 1.2742149024887e-05 
0.13435429216692 0.16516759590023 1.9630509065585e-05 
0.13435429216692 0.165163746036 2.3308834928043e-05 
0.13435429216692 0.16515969590861 2.4521891123857e-05 
0.13435429216691 0.16515609923848 2.1776923860461e-05 
0.13435429216691 0.16515350592067 1.5702222494041e-05 
0.1343542921669 0.16515164870728 1.1245376689973e-05 
0.1343542921669 0.16515023916071 8.5348622382122e-06 
0.13435429216692 0.16514899412208 7.5388242546069e-06 
0.1343542921669 0.1651477052966 7.8040165412119e-06 
0.13435429216691 0.16514614356578 9.4565699237579e-06 
0.13435429216692 0.16514403086789 1.2792898719992e-05 
0.1343542921669 0.16514091105198 1.8891484572553e-05 
0.1343542921669 0.16513635215324 2.7606113500489e-05 
0.13435429216692 0.16513084096484 3.3373562704736e-05 
0.1343542921669 0.1651255038697 3.2320401858214e-05 
0.13435429216691 0.16512136469539 2.5066838364137e-05 
0.1343542921669 0.16511844280629 1.7695403006957e-05 
0.13435429216691 0.16511605941519 1.4434433004411e-05 
0.13435429216692 0.16511395533156 1.2743058638768e-05 
0.1343542921669 0.16511176233893 1.3281691633119e-05 
0.13435429216692 0.1651087501767 1.8243171655915e-05 
0.13435429216691 0.16510418803387 2.7631139015728e-05 
0.13435429216692 0.16509765595709 3.9563362138067e-05 
0.13435429216691 0.16508887627867 5.317869819562e-05 
0.13435429216691 0.16507917615049 5.8757006530251e-05 
0.13435429216691 0.16507151522604 4.6407576251937e-05 
0.1343542921669 0.16506487903098 4.0201939407574e-05 
0.13435429216691 0.16505921187983 3.4332870729114e-05 
0.13435429216691 0.16505455066875 2.8239630079297e-05 
0.13435429216691 0.16505006334758 2.7186897576326e-05 
0.13435429216691 0.16504486685958 3.1484313871918e-05 
0.13435429216691 0.16503801466428 4.1517166990167e-05 
0.1343542921669 0.16502737677934 6.4457179575739e-05 
0.13435429216691 0.1650107734691 0.00010060942952776 
0.13435429216691 0.16499008095198 0.00012540100675501 
0.13435429216689 0.16497036219923 0.00011951477712799 
0.1343542921669 0.16495461867582 9.5432435264627e-05 
0.13435429216691 0.16494333131804 6.8427049057792e-05 
0.13435429216691 0.16493510405239 4.987934692419e-05 
0.13435429216691 0.16492784422648 4.4016256901146e-05 
0.1343542921669 0.16492027319367 4.5905122000286e-05 
0.13435429216691 0.16491170536652 5.195132764628e-05 
0.13435429216691 0.16490069991303 6.673542949993e-05 
0.13435429216691 0.16488405812781 0.00010092003997005 
0.1343542921669 0.164861246342 0.00013835046314904 
0.1343542921669 0.16483801600933 0.00014090838920097 
0.1343542921669 0.16481850047727 0.00011839218002782 
0.13435429216692 0.16480401350164 8.7896538239514e-05 
0.13435429216691 0.16479347351711 6.3954659236298e-05 
0.1343542921669 0.16478509831186 5.0822432937905e-05 
0.1343542921669 0.16477725410487 4.760264773595e-05 
0.13435429216691 0.16476764500479 5.8315694925038e-05 
0.1343542921669 0.16475434556045 8.071635869263e-05 
0.13435429216691 0.16473740616366 0.00010281608495683 
0.13435429216691 0.1647159251635 0.00013039540114842 
0.13435429216692 0.16469317991352 0.00013808774081534 
0.13435429216691 0.1646762227647 0.00010296205847753 
0.13435429216691 0.16466570763224 6.3853374119335e-05 
0.13435429216692 0.16465845443735 4.4047998803109e-05 
0.13435429216691 0.16465297875505 3.3254789813717e-05 
0.1343542921669 0.16464793755685 3.0617109058333e-05 
0.13435429216691 0.16464181736924 3.7171359055712e-05 
0.13435429216691 0.16463355726016 5.0170176786317e-05 
0.1343542921669 0.16462301391938 6.4041261990246e-05 
0.13435429216691 0.16461077802506 7.4326754379911e-05 
0.1343542921669 0.16459890611138 7.2121120037795e-05 
0.13435429216691 0.16458984888314 5.5026053693788e-05 
0.13435429216691 0.16458411841764 3.4816639898143e-05 
0.13435429216691 0.1645805231613 2.1844491237737e-05 
0.13435429216692 0.16457804432229 1.5061557511952e-05 
0.13435429216691 0.16457607319689 1.1976842999512e-05 
0.1343542921669 0.1645740414704 1.234521188908e-05 
0.13435429216691 0.16457130793664 1.6609750433663e-05 
0.13435429216691 0.16456772703996 2.175893672455e-05 
0.1343542921669 0.16456341131991 2.6224583210674e-05 
0.1343542921669 0.16455862007204 2.911490366757e-05 
0.13435429216691 0.16455448138198 2.5150247729789e-05 
0.13435429216691 0.16455170976693 1.6843145370261e-05 
0.13435429216692 0.164549843651 1.1340604957549e-05 
0.13435429216691 0.16454848396197 8.2630830532209e-06 
0.13435429216691 0.16454738595522 6.6728463272367e-06 
0.1343542921669 0.16454631840685 6.4877869108183e-06 
0.13435429216691 0.16454491591913 8.5233612462371e-06 
0.13435429216691 0.16454274849305 1.3172245849181e-05 
0.13435429216691 0.16453954237749 1.9485000618481e-05 
0.1343542921669 0.16453560035353 2.3957912498444e-05 
0.13435429216691 0.16453126775911 2.6332261279835e-05 
0.13435429216692 0.16452720693345 2.4681178955196e-05 
0.13435429216691 0.16452398985596 1.955346809488e-05 
0.1343542921669 0.16452142219215 1.5606622557574e-05 
0.1343542921669 0.16451911000838 1.4053998195865e-05 
0.1343542921669 0.16451653738563 1.563722748905e-05 
0.1343542921669 0.16451280095798 2.271156268064e-05 
0.13435429216692 0.16450581100914 4.2488783805133e-05 
0.13435429216689 0.16448931894082 0.00010025219307883 
0.1343542921669 0.16444301975176 0.00028147231294399 
0.13435429216691 0.16433832665589 0.00063665272039151 
0.13435429216691 0.16423524394832 0.0006272590798963 
0.1343542921669 0.16417924017117 0.00034099731457322 
0.13435429216691 0.16415093598566 0.00017239807835272 
0.13435429216691 0.16413311586895 0.00010855933659487 
0.13435429216689 0.16411845394924 8.932944233061e-05 
0.1343542921669 0.16410341241706 9.1650462298976e-05 
0.13435429216691 0.16408591879089 0.00010660123342273 
0.13435429216691 0.1640669974928 0.00011531335673805 
0.13435429216691 0.16405034249934 0.00010151336783547 
0.13435429216691 0.16403739837331 7.890337700307e-05 
0.13435429216692 0.16402870041322 5.3024250416793e-05 
0.13435429216691 0.16402339985916 3.2314796412577e-05 
0.13435429216692 0.16402021565358 1.9413117812221e-05 
0.1343542921669 0.16401821500143 1.2197594917583e-05 
0.1343542921669 0.16401665189657 9.5300687276255e-06 
0.1343542921669 0.16401502667912 9.9088564080516e-06 
0.13435429216691 0.16401313730646 1.1519509512982e-05 
0.1343542921669 0.16401062628861 1.5309858017753e-05 
0.1343542921669 0.16400725282185 2.0568586522915e-05 
0.13435429216691 0.1640035936493 2.2311041085752e-05 
0.1343542921669 0.16400051582185 1.8766829292375e-05 
0.13435429216689 0.16399827416756 1.3668580737629e-05 
0.13435429216691 0.16399680621808 8.9510056430809e-06 
0.1343542921669 0.16399588752262 5.6019106848753e-06 
0.1343542921669 0.16399525739972 3.8423091852137e-06 
0.1343542921669 0.16399467738473 3.5367790393662e-06 
0.1343542921669 0.16399399585947 4.1557766791836e-06 
0.13435429216691 0.16399315285193 5.1404780700204e-06 
0.1343542921669 0.16399194998912 7.3348355992688e-06 
0.1343542921669 0.16399022271241 1.0532692036285e-05 
0.13435429216691 0.16398834129612 1.1472734527694e-05 
0.13435429216691 0.16398676056091 9.6393145757344e-06 
0.13435429216691 0.16398556847407 7.2694090523296e-06 
0.1343542921669 0.16398475720919 4.9471724272835e-06 
0.13435429216691 0.16398422039379 3.2735688767853e-06 
0.13435429216691 0.16398379162234 2.6147116322461e-06 
0.13435429216692 0.16398333554341 2.7812439882412e-06 
0.13435429216692 0.16398275986401 3.510596949243e-06 
0.13435429216691 0.16398192434672 5.095153255003e-06 
0.1343542921669 0.16398067137783 7.6408963533426e-06 
0.13435429216692 0.16397903469992 9.9809197097527e-06 
0.13435429216691 0.16397727247334 1.0746657823931e-05 
0.13435429216691 0.16397575983709 9.22467011908e-06 
0.13435429216691 0.16397465646536 6.728871001468e-06 
0.1343542921669 0.16397389471109 4.6455609643808e-06 
0.13435429216692 0.16397332474021 3.4759855371635e-06 
0.1343542921669 0.16397277175461 3.3724119535768e-06 
0.1343542921669 0.16397210248487 4.0815906772692e-06 
0.1343542921669 0.16397119103154 5.5585878457635e-06 
0.1343542921669 0.16396980388146 8.4597182242955e-06 
0.13435429216691 0.16396764527205 1.3164676417436e-05 
0.13435429216691 0.16396484319949 1.708917977212e-05 
0.13435429216693 0.16396188125541 1.8064507093862e-05 
0.13435429216691 0.16395914760591 1.6672469720466e-05 
0.13435429216692 0.16395699466581 1.3130954456717e-05 
0.13435429216691 0.16395543800576 9.4943192392338e-06 
0.13435429216691 0.16395409934986 8.1647545141188e-06 
0.13435429216691 0.16395259990803 9.1454976225659e-06 
0.1343542921669 0.16395061597587 1.2100644737137e-05 
0.13435429216691 0.16394741881587 1.9500750176384e-05 
0.1343542921669 0.16394122491148 3.7779822538425e-05 
0.1343542921669 0.16392869678869 7.6418379787231e-05 
0.1343542921669 0.16390495394479 0.00014483640977822 
0.1343542921669 0.16386510490717 0.00024312283834379 
0.13435429216691 0.16380824209351 0.00034700989995203 
0.13435429216692 0.16374810531373 0.00036711693509029 
0.1343542921669 0.1636890768121 0.00036048357027803 
0.13435429216691 0.16362164222317 0.00041196755605999 
0.1343542921669 0.16354423168347 0.00047310697195941 
0.1343542921669 0.16349248240983 0.00031642371673346 
0.13435429216691 0.16347506135741 0.00010655567867283 
0.13435429216691 0.16346892844262 3.7515904485043e-05 
0.13435429216691 0.16346640798293 1.5418585723339e-05 
0.13435429216692 0.16346528638454 6.861338709695e-06 
0.1343542921669 0.16346473829157 3.3529625009216e-06 
0.13435429216691 0.16346442116807 1.9400116644766e-06 
0.13435429216689 0.16346421390593 1.2679342382975e-06 
0.1343542921669 0.16346404203227 1.0514451823193e-06 
0.13435429216691 0.16346385373246 1.1519341329235e-06 
0.1343542921669 0.16346361743037 1.4455923044248e-06 
0.13435429216691 0.16346329587037 1.9671655905347e-06 
0.13435429216691 0.16346287964313 2.546303981586e-06 
0.1343542921669 0.16346247459305 2.477933070448e-06 
0.13435429216692 0.16346216457942 1.8965430933652e-06 
0.13435429216691 0.16346193747408 1.3893450308139e-06 
0.13435429216691 0.16346178332309 9.430390525214e-07 
0.13435429216692 0.16346167991281 6.3262664427321e-07 
0.13435429216692 0.16346159750811 5.0412245579053e-07 
0.13435429216691 0.16346151097668 5.2936854084353e-07 
0.1343542921669 0.16346139916088 6.8404969978477e-07 
0.1343542921669 0.16346124993938 9.1288526512025e-07 
0.13435429216691 0.16346104268771 1.2678947750355e-06 
0.1343542921669 0.1634607676809 1.682399695456e-06 
0.13435429216691 0.16346049125016 1.6911136972282e-06 
0.13435429216691 0.16346025416058 1.450439652903e-06 
0.13435429216691 0.16346007008255 1.1261332622367e-06 
0.13435429216691 0.16345994616185 7.581099128188e-07 
0.13435429216691 0.16345985857276 5.3584437881135e-07 
0.13435429216693 0.16345977506817 5.1085683718234e-07 
0.1343542921669 0.16345967067472 6.3864918486191e-07 
0.1343542921669 0.1634595216853 9.1147511232493e-07 
0.13435429216691 0.16345930276785 1.3392762040907e-06 
0.13435429216691 0.16345898610458 1.9372606610424e-06 
0.1343542921669 0.16345860124318 2.3544829734353e-06 
0.1343542921669 0.16345822203234 2.3199197150879e-06 
0.1343542921669 0.1634578864759 2.052857558689e-06 
0.1343542921669 0.16345763341015 1.5482015176432e-06 
0.13435429216691 0.16345745603741 1.0851297367912e-06 
0.13435429216691 0.16345730570032 9.1973225039359e-07 
0.13435429216691 0.16345714502832 9.8296000984211e-07 
0.13435429216691 0.16345694483842 1.2247240934647e-06 
0.1343542921669 0.16345664249673 1.8496717053426e-06 
0.13435429216689 0.16345615438189 2.9862037743549e-06 
0.1343542921669 0.16345544456879 4.3425290618465e-06 
0.1343542921669 0.16345457833407 5.2995158406544e-06 
0.13435429216691 0.16345370869568 5.3203672981233e-06 
0.13435429216691 0.16345298744564 4.4125645528642e-06 
0.1343542921669 0.16345245173518 3.2774589544041e-06 
0.1343542921669 0.16345203859952 2.5275586764432e-06 
0.13435429216692 0.16345160819011 2.6332458936231e-06 
0.1343542921669 0.16345105281904 3.3977706181493e-06 
0.1343542921669 0.16345023837167 4.9828211929093e-06 
0.13435429216692 0.16344891102286 8.1208128832482e-06 
0.13435429216691 0.16344651905439 1.463434939525e-05 
0.13435429216691 0.16344274330075 2.3100850782025e-05 
0.13435429216691 0.16343773152753 3.0663785468019e-05 
0.1343542921669 0.16343177146947 3.6466842799256e-05 
0.13435429216692 0.16342638244652 3.297414507116e-05 
0.13435429216689 0.16342188763102 2.7503610132892e-05 
0.13435429216691 0.16341739908916 2.7465977269968e-05 
0.13435429216691 0.16341211221736 3.2351951712679e-05 
0.13435429216691 0.1634050437932 4.3255203442152e-05 
0.13435429216691 0.16339334610401 7.1587075410026e-05 
0.13435429216691 0.16337163210054 0.00013289404974179 
0.1343542921669 0.16333661830029 0.00021431995140081 
0.13435429216689 0.16329531009607 0.00025290228642041 
0.1343542921669 0.16325598292677 0.00024083465269407 
0.13435429216691 0.16322476020061 0.00019125011903589 
0.13435429216691 0.16320300577954 0.00013327892802291 
0.13435429216691 0.16318640595888 0.00010171271407437 
0.13435429216692 0.163169799389 0.00010176441950738 
0.1343542921669 0.16314958856158 0.00012386377567005 
0.13435429216693 0.16312318331831 0.00016184682719328 
0.13435429216691 0.16308779938143 0.00021691543871364 
0.13435429216691 0.16305033923564 0.00022969312196424 
0.13435429216692 0.16303078031966 0.00011995630349541 
0.13435429216691 0.16302408217275 4.1085167467483e-05 
0.1343542921669 0.16302148215958 1.594864471488e-05 
0.13435429216691 0.16302018056244 7.9842062881084e-06 
0.13435429216691 0.16301941108519 4.7201349491786e-06 
0.13435429216691 0.1630188634919 3.3590679836792e-06 
0.1343542921669 0.16301835835553 3.0986375940031e-06 
0.13435429216692 0.16301777316481 3.5897227636895e-06 
0.13435429216691 0.16301705010152 4.4354874746591e-06 
0.13435429216691 0.16301627902792 4.7300181125637e-06 
0.13435429216691 0.16301558204814 4.2755225936058e-06 
0.13435429216691 0.16301504029716 3.32330795173e-06 
0.13435429216691 0.16301468427118 2.1840069129485e-06 
0.13435429216691 0.16301445871598 1.3836496125751e-06 
0.13435429216691 0.1630143106239 9.0845981110974e-07 
0.13435429216691 0.16301420608751 6.4127121405256e-07 
0.13435429216691 0.16301411703369 5.4629483330933e-07 
0.13435429216691 0.16301402109205 5.8854805910199e-07 
0.13435429216692 0.16301389234813 7.8977207805369e-07 
0.1343542921669 0.16301371228094 1.1046125504157e-06 
0.1343542921669 0.16301349556909 1.3294086743073e-06 
0.13435429216692 0.16301327981284 1.3235484045192e-06 
0.1343542921669 0.1630131120244 1.0292930912624e-06 
0.13435429216691 0.16301299231724 7.3434065947818e-07 
0.1343542921669 0.16301290740925 5.2086642968999e-07 
0.13435429216692 0.16301284835683 3.6225608760129e-07 
0.1343542921669 0.16301280024908 2.9511630144837e-07 
0.13435429216692 0.16301275094661 3.0244536646415e-07 
0.13435429216691 0.16301268745409 3.8949422451104e-07 
0.13435429216692 0.16301259762428 5.5106024290555e-07 
0.1343542921669 0.16301247591268 7.4663918903361e-07 
0.13435429216691 0.16301232884965 9.0215816123125e-07 
0.1343542921669 0.16301217027777 9.7276004875443e-07 
0.13435429216691 0.16301203785011 8.1237895410303e-07 
0.1343542921669 0.16301193904879 6.0609833333913e-07 
0.1343542921669 0.16301186539158 4.5185161750999e-07 
0.13435429216691 0.16301180775278 3.5358654437282e-07 
0.13435429216689 0.16301175458491 3.2615958153025e-07 
0.13435429216691 0.16301169140272 3.8759283666983e-07 
0.13435429216691 0.16301159427186 5.9585210707196e-07 
0.13435429216692 0.16301143511947 9.7632562187817e-07 
0.13435429216692 0.16301119729516 1.4589424823383e-06 
0.1343542921669 0.16301088930784 1.8893629877376e-06 
0.13435429216692 0.16301053567137 2.169403974907e-06 
0.13435429216691 0.16301021258669 1.981986443847e-06 
0.13435429216692 0.16300995820109 1.5605501144789e-06 
0.13435429216692 0.16300973346844 1.3786437117074e-06 
0.13435429216691 0.16300947552792 1.5823626800292e-06 
0.13435429216691 0.16300911956417 2.1836997061772e-06 
0.1343542921669 0.16300847045455 3.9820448260821e-06 
0.13435429216688 0.16300677175615 1.0420921052513e-05 
0.13435429216692 0.16299853010276 5.0560190259181e-05 
0.1343542921669 0.16288973219045 0.0006674778738248 
0.1343542921669 0.16274431386553 0.0008927408926295 
0.13435429216691 0.16271537354585 0.00017782691755194 
0.13435429216691 0.16270860210334 4.1615259587177e-05 
0.1343542921669 0.16270573912236 1.7595756690564e-05 
0.13435429216691 0.1627039473992 1.1012046474902e-05 
0.1343542921669 0.1627024164982 9.4091202265364e-06 
0.13435429216691 0.16270090482647 9.2910219930953e-06 
0.13435429216691 0.16269939327226 9.2903860195939e-06 
0.13435429216691 0.16269807252011 8.1177447955676e-06 
0.1343542921669 0.16269708825538 6.0496397162939e-06 
0.13435429216691 0.16269639813018 4.2417796815347e-06 
0.13435429216692 0.16269598127521 2.5621647013224e-06 
0.13435429216692 0.1626957578659 1.3731704629998e-06 
0.13435429216692 0.16269562165623 8.3720477752673e-07 
0.13435429216692 0.16269551966434 6.2688775043143e-07 
0.13435429216692 0.16269542958368 5.536763479315e-07 
0.13435429216691 0.16269533289476 5.9429401446015e-07 
0.13435429216692 0.16269521245575 7.4027326048244e-07 
0.13435429216689 0.16269505408003 9.7345044371504e-07 
0.13435429216691 0.16269487116243 1.1242972230934e-06 
0.13435429216692 0.16269470500812 1.0212633325591e-06 
0.1343542921669 0.16269457911348 7.7380911574886e-07 
0.13435429216692 0.16269449334655 5.27165267596e-07 
0.13435429216691 0.16269444322869 3.0804888045458e-07 
0.13435429216691 0.16269441058861 2.0062198799761e-07 
0.13435429216688 0.16269438234038 1.7362751901898e-07 
0.1343542921669 0.16269435482597 1.6911715026595e-07 
0.1343542921669 0.16269432422554 1.8808540849066e-07 
0.13435429216691 0.16269428112506 2.6491688942341e-07 
0.1343542921669 0.16269422202869 3.63235707067e-07 
0.13435429216691 0.16269415477269 4.1338901034419e-07 
0.13435429216692 0.16269409034269 3.9601909545126e-07 
0.13435429216691 0.16269403994123 3.0979285114554e-07 
0.13435429216691 0.16269400567876 2.1059447939211e-07 
0.13435429216691 0.16269398316173 1.3840112594864e-07 
0.13435429216692 0.16269396756384 9.5872563320074e-08 
0.13435429216691 0.16269395423473 8.1927457754798e-08 
0.1343542921669 0.16269394004443 8.7220866088035e-08 
0.13435429216691 0.16269392199897 1.109165987124e-07 
0.13435429216692 0.16269389706861 1.5323474576472e-07 
0.13435429216693 0.16269386519668 1.9590119648119e-07 
0.13435429216691 0.16269382982146 2.174342648506e-07 
0.13435429216691 0.16269379770659 1.9739447828186e-07 
0.13435429216691 0.16269377394617 1.4604380450308e-07 
0.1343542921669 0.16269375750324 1.0106673659044e-07 
0.13435429216691 0.16269374653955 6.7388523964284e-08 
0.13435429216691 0.16269373890285 4.6939123967061e-08 
0.1343542921669 0.16269373261545 3.8645589778267e-08 
0.13435429216691 0.16269372567129 4.2682400323266e-08 
0.13435429216691 0.16269371625416 5.7882587055028e-08 
0.13435429216691 0.16269370420198 7.4078961084237e-08 
0.13435429216691 0.16269368942842 9.0805962339546e-08 
0.13435429216691 0.16269367317553 9.9898715469729e-08 
0.13435429216691 0.16269365988026 8.1719632054319e-08 
0.13435429216691 0.16269365099483 5.4614477833832e-08 
0.13435429216691 0.16269364495919 3.7098187340468e-08 
0.13435429216691 0.1626936405421 2.7149786949237e-08 
0.13435429216691 0.16269363694521 2.2108372898974e-08 
0.1343542921669 0.162693633166 2.3228974114853e-08 
0.13435429216691 0.16269362812972 3.0955621336503e-08 
0.1343542921669 0.16269362124661 4.2307139913356e-08 
0.13435429216692 0.16269361191942 5.7329791986668e-08 
0.13435429216692 0.16269359918066 7.8299075362533e-08 
0.13435429216691 0.16269358561197 8.3400319578509e-08 
0.13435429216691 0.16269357397196 7.1545543232787e-08 
0.13435429216692 0.16269356521907 5.3799883325179e-08 
0.13435429216691 0.16269355895598 3.8496234279857e-08 
0.13435429216692 0.16269355388804 3.1150201726154e-08 
0.13435429216691 0.16269354844547 3.3452919683058e-08 
0.1343542921669 0.16269354079979 4.6994351906694e-08 
0.13435429216691 0.16269352872858 7.4195999116894e-08 
0.13435429216691 0.16269350757707 1.3000828845299e-07 
0.13435429216691 0.16269346683463 2.5042452333778e-07 
0.13435429216693 0.16269338295337 5.1557852400268e-07 
0.1343542921669 0.16269322032086 9.9962583232939e-07 
0.1343542921669 0.16269286471119 2.1857682473725e-06 
0.13435429216691 0.16269152690339 8.2229039541083e-06 
0.13435429216691 0.16261755059106 0.00045470291991988 
0.13435429216689 0.16253536500011 0.00050539188819021 
0.13435429216689 0.16253507564013 1.78028938417e-06 
0.13435429216689 0.16253500397147 4.4094271039481e-07 
0.13435429216691 0.16253497353193 1.8727993032132e-07 
0.13435429216691 0.16253495824458 9.4055724692656e-08 
0.13435429216692 0.1625349508486 4.5503949261048e-08 
0.1343542921669 0.1625349470864 2.3147039907061e-08 
0.13435429216691 0.16253494498909 1.2903752744233e-08 
0.13435429216691 0.16253494379573 7.3421207711284e-09 
0.13435429216691 0.16253494301647 4.7944328662548e-09 
0.13435429216691 0.16253494237084 3.9722493870901e-09 
0.1343542921669 0.16253494172346 3.9830473305743e-09 
0.13435429216691 0.16253494094844 4.7682905759915e-09 
0.13435429216689 0.16253493994381 6.1810595591671e-09 
0.1343542921669 0.16253493881012 6.9750023806465e-09 
0.1343542921669 0.16253493772006 6.7066498759696e-09 
0.13435429216689 0.16253493682437 5.5107684642761e-09 
0.13435429216691 0.16253493624274 3.5784748941872e-09 
0.1343542921669 0.16253493590957 2.049813972751e-09 
0.13435429216691 0.16253493569914 1.2947240429188e-09 
0.13435429216691 0.16253493554554 9.4497172008738e-10 
0.1343542921669 0.16253493541323 8.1408509382384e-10 
0.13435429216691 0.16253493526577 9.0724454762538e-10 
0.13435429216691 0.16253493507024 1.2029963039244e-09 
0.13435429216692 0.16253493479408 1.6990561865823e-09 
0.13435429216691 0.16253493445247 2.1017598946406e-09 
0.1343542921669 0.16253493411519 2.0751585252569e-09 
0.13435429216691 0.16253493385011 1.6308915421939e-09 
0.13435429216692 0.16253493367047 1.1052247897901e-09 
0.13435429216691 0.16253493355661 7.0052106192677e-10 
0.1343542921669 0.16253493347626 4.9440959517049e-10 
0.13435429216692 0.16253493341197 3.955451628555e-10 
0.13435429216691 0.16253493335007 3.8083462506396e-10 
0.1343542921669 0.16253493327515 4.6095569039315e-10 
0.13435429216694 0.16253493317229 6.3281543015025e-10 
0.13435429216691 0.16253493303942 8.1746219057893e-10 
0.1343542921669 0.16253493287711 9.9862257578283e-10 
0.13435429216691 0.16253493272155 9.5708115410225e-10 
0.13435429216691 0.16253493259555 7.752540964146e-10 
0.1343542921669 0.16253493250602 5.5081456594756e-10 
0.1343542921669 0.16253493244844 3.5426604029891e-10 
0.13435429216692 0.16253493240748 2.5203545143383e-10 
0.1343542921669 0.16253493237193 2.1871269482524e-10 
0.13435429216692 0.16253493233384 2.3433034633088e-10 
0.1343542921669 0.16253493228661 2.9057137817075e-10 
0.13435429216691 0.16253493222142 4.0109713702055e-10 
0.13435429216691 0.16253493214186 4.8949151444364e-10 
0.1343542921669 0.16253493206225 4.8984124515725e-10 
0.13435429216691 0.16253493199586 4.0841961937736e-10 
0.13435429216691 0.16253493194753 2.9735833579229e-10 
0.1343542921669 0.16253493191543 1.9749935635476e-10 
0.1343542921669 0.16253493189502 1.2557509849839e-10 
0.13435429216691 0.16253493188047 8.9498214249993e-11 
0.13435429216692 0.16253493186773 7.8383342613066e-11 
0.13435429216691 0.16253493185408 8.4033675599429e-11 
0.13435429216691 0.16253493183746 1.0224151844176e-10 
0.13435429216691 0.16253493181536 1.3594679294785e-10 
0.1343542921669 0.16253493178843 1.6569574147138e-10 
0.13435429216691 0.16253493176282 1.5759729519248e-10 
0.13435429216691 0.16253493174278 1.2326906329793e-10 
0.13435429216691 0.16253493172861 8.7170320860493e-11 
0.13435429216692 0.16253493171959 5.5475996580546e-11 
0.13435429216691 0.16253493171406 3.4044075917649e-11 
0.13435429216691 0.16253493170989 2.5639615443186e-11 
0.1343542921669 0.16253493170581 2.5125948808779e-11 
0.13435429216691 0.16253493170125 2.8065870614426e-11 
0.13435429216691 0.16253493169525 3.6929352339878e-11 
0.13435429216691 0.16253493168683 5.176011029539e-11 
0.13435429216688 0.16253493167673 6.2153662851587e-11 
0.1343542921669 0.16253493166712 5.9104450276468e-11 
0.1343542921669 0.16253493165951 4.685295457659e-11 
0.13435429216692 0.16253493165433 3.1847331383853e-11 
0.13435429216689 0.16253493165109 1.9934637078242e-11 
0.13435429216692 0.16253493164892 1.3377190671192e-11 
0.13435429216691 0.16253493164722 1.0459127020018e-11 
0.13435429216691 0.16253493164557 1.0142183777094e-11 
0.13435429216691 0.16253493164354 1.2491935406612e-11 
0.1343542921669 0.16253493164081 1.6797991881191e-11 
0.1343542921669 0.16253493163731 2.156306960452e-11 
0.13435429216692 0.16253493163344 2.3759814151666e-11 
0.1343542921669 0.16253493162999 2.126798451713e-11 
0.13435429216691 0.16253493162733 1.6349899711358e-11 
0.13435429216694 0.16253493162557 1.081978657387e-11 
0.13435429216691 0.16253493162446 6.8525314968585e-12 
0.13435429216693 0.16253493162368 4.7978649555685e-12 
0.1343542921669 0.16253493162301 4.0984040053459e-12 
0.13435429216692 0.16253493162233 4.207694778839e-12 
0.13435429216691 0.16253493162145 5.3771060550584e-12 
0.1343542921669 0.16253493162033 6.896247806423e-12 
0.13435429216691 0.16253493161902 8.0656590826867e-12 
0.13435429216689 0.16253493161765 8.4591058672762e-12 
0.13435429216692 0.16253493161649 7.1366875082404e-12 
0.13435429216692 0.16253493161564 5.2131698950306e-12 
0.13435429216691 0.16253493161507 3.4973047514014e-12 
0.13435429216692 0.16253493161472 2.1858154696335e-12 
0.13435429216691 0.16253493161444 1.6721488342733e-12 
0.13435429216691 0.16253493161418 1.6284325248833e-12 
0.1343542921669 0.16253493161387 1.8907303812434e-12 
0.13435429216691 0.16253493161345 2.6229785635796e-12 
0.13435429216692 0.1625349316129 3.3442976685728e-12 
0.13435429216693 0.16253493161227 3.8579643039547e-12 
0.1343542921669 0.16253493161167 3.6940281437442e-12 
0.13435429216691 0.16253493161123 2.7431984144474e-12 
0.1343542921669 0.16253493161094 1.8032977624903e-12 
0.1343542921669 0.16253493161073 1.2787020497682e-12 
0.1343542921669 0.16253493161058 9.1804249727062e-13 
0.13435429216691 0.16253493161044 8.306098784837e-13 
0.13435429216692 0.1625349316103 9.0711341992374e-13 
0.1343542921669 0.16253493161011 1.1694112762883e-12 
0.1343542921669 0.16253493160985 1.5409999061387e-12 
0.1343542921669 0.16253493160955 1.8579431492481e-12 
0.13435429216691 0.16253493160928 1.704936066372e-12 
0.13435429216691 0.16253493160906 1.3442765138726e-12 
0.13435429216691 0.1625349316089 9.5082972932576e-13 
0.1343542921669 0.16253493160881 6.0109925417203e-13 

0.1343542921669 0.16253493160881 6.0109925417203e-13  Nbr of iterations = 1630
0.1343542921669 0.1467922814218 0.14722492306563 0.14722492306564 0.14870336285635 0.14870336285636 0.1503856577647 0.15038565776472 0.15095498038054 0.15095498038055 0.15106996079947 0.15271389468938 0.1551210309048 0.15514451859502 0.15514451859504 0.15602460007731 0.15602460007731 0.15724027963575 0.15724027963872 0.1578613967959 0.15786139708426 0.15970199035128 0.15990473540125 0.16060526853408 0.16075021268899 0.16080190198178 0.16084238013507 0.16094532145249 0.16238030358563 0.16253493160881 
------------------------------------------------------------------

time = 8393.431786
----------------------------------------------------------------
