NbrParticles        8                   
NbrFluxQuanta       24                  
Momentum            4                   
Ratio               1                   
Statistics          0                   
Hilbert space dimension = 328755
memory requested for Hilbert space = 4Mo
 Hilbert space dimension = 328755
Hilbert space dimension = 328755
memory requested for Hilbert space = 4Mo
 Hilbert space dimension = 328755
FormFactor=1
nbr interaction = 3756
====================================
Manager at 0x7ffe34a96938
RealFlag = 0
----------------------------------------------------------------
 Kx = 0 Ky = 4
 Hilbert space dimension = 328755
Using FullReorthogonalizedLanczosAlgorithm
Run Lanczos Algorithm
0.078770290286808 8.3538030292262 1 
0.075695388482043 8.121547696448 0.027802347262158 
0.073100000074323 7.9768108518213 0.017821337759297 
0.071503028160196 7.9572059205243 0.0024577405257799 
0.070575947071056 7.7786257633281 0.022442570794302 
0.069984976024925 7.7596355690313 0.0024413302393716 
0.069312727637227 7.2977267561752 0.059527127111436 
0.068527021899722 7.0137970303365 0.038906598633396 
0.067614681588633 6.8645940599382 0.021272781312738 
0.066713640778071 6.7348000409564 0.018907748637217 
0.065811971279185 6.5827410021872 0.022578107418851 
0.065039437548744 6.3331050002608 0.037922804777436 
0.064449402875576 6.0934957944079 0.037834396531089 
0.064053464417652 5.9880509877543 0.017304485013414 
0.063824192985125 5.7456069768295 0.040487967023091 
0.063675900609136 5.7127695377364 0.0057152254279635 
0.063536837872828 5.5450968739024 0.029350503766423 
0.063410161711683 5.384452776155 0.028970476332616 
0.063286586533124 5.1643861421346 0.040870751990784 
0.06315349234715 5.0393012761283 0.024220664869698 
0.063001520201031 4.9117860248875 0.02530415314615 
0.062869361296981 4.7633633779108 0.030217653257836 
0.062775658355667 4.6302365084971 0.027948081817786 
0.062711238371046 4.4843418357673 0.031509118910465 
0.062672883471793 4.3498745887829 0.029985949311872 
0.062646116656069 4.2231111103123 0.029141869698375 
0.062626433411813 4.1438601591203 0.01876601138872 
0.062608888162833 4.061285362906 0.019927022882893 
0.062589110387687 3.9105295742933 0.037120215680889 
0.062567864748631 3.8291932252221 0.020799318231959 
0.062548210847424 3.7382715980835 0.023744329886458 
0.062529742327781 3.60789598723 0.034875906533986 
0.06251660535956 3.5143551572794 0.025926698076035 
0.062508363047064 3.4333317962149 0.02305497237428 
0.062504109110026 3.3833476946806 0.014558482692939 
0.062500730263976 3.312877814328 0.020828447653591 
0.062498089295559 3.2439026526307 0.020820315617751 
0.062495708558599 3.1610827457932 0.025530947043153 
0.062493136231934 3.0795669997243 0.025787286390201 
0.062490329612004 3.0145993863384 0.021096346788929 
0.062487799182621 2.9455252282392 0.022913213083042 
0.062485546370874 2.8875347337896 0.019687658382164 
0.062483454950984 2.8259912507101 0.021313503993346 
0.062482092810095 2.7581914038147 0.023991527531564 
0.062481203641038 2.7019445270781 0.020392666244543 
0.062480637380455 2.6651487285206 0.013618265730008 
0.062480292733882 2.6139414799355 0.01921365514694 
0.062479996169323 2.5277068253807 0.03299027740935 
0.062479718276926 2.4802834755378 0.018761412267698 
0.062479431966493 2.4253628925336 0.022142865340139 
0.062479153726912 2.3644547239006 0.025113012498268 
0.062478910580582 2.3330280999821 0.013291277519848 
0.062478731565031 2.306903262924 0.011197823574554 
0.062478561265321 2.2529015628942 0.023408740582114 
0.062478446931312 2.1982872407341 0.024241770283984 
0.062478381789061 2.1602353275218 0.017309800333284 
0.062478339726365 2.1204290412901 0.018426828653581 
0.062478306161248 2.0703446719316 0.023619922375722 
0.062478277389623 2.0297192614776 0.019622534839129 
0.062478250516161 1.9952015577018 0.017006146825818 
0.062478223013498 1.9549577220943 0.020170310840103 
0.06247819632082 1.9213099038748 0.01721153242304 
0.062478174619978 1.8960353823579 0.013154838511942 
0.062478156339839 1.8645135274854 0.016625140630721 
0.062478142397447 1.825380510121 0.020988325795188 
0.0624781336893 1.7926022109339 0.017956967878953 
0.062478129427923 1.7735761990918 0.010613627343516 
0.062478125378696 1.7465948461375 0.015212965176302 
0.062478121947523 1.7073104709149 0.022491979356007 
0.062478119005059 1.6707457300024 0.021416573924539 
0.06247811624285 1.6454375529141 0.015147832871187 
0.062478113498925 1.6229339806153 0.01367634539456 
0.062478110655597 1.5983450652922 0.015150903004554 
0.062478108025283 1.5744755353168 0.014933902881006 
0.062478105880507 1.550737801464 0.015076597457566 
0.062478104511408 1.528873212572 0.014099475018519 
0.062478103657545 1.5052777682158 0.015433225045863 
0.062478103110731 1.4798592323762 0.016886275992602 
0.062478102721411 1.4552753530089 0.016612309353118 
0.062478102358323 1.4274915927863 0.019091754811321 
0.062478102000485 1.4007767191752 0.018714557581992 
0.062478101602681 1.3763752071297 0.017419986862654 
0.062478101213722 1.3572667199731 0.013883196280815 
0.062478100851752 1.3395157039491 0.013078502377398 
0.062478100563329 1.3213886591995 0.013532536196608 
0.062478100368761 1.3031586434662 0.013796104277454 
0.062478100255351 1.2870140148137 0.012388843624956 
0.062478100181579 1.2711799081276 0.012302979224706 
0.062478100125373 1.2537260697479 0.013730423418542 
0.062478100079971 1.2366613291333 0.013611219409359 
0.062478100036079 1.2204536442151 0.013106001244088 
0.062478099988999 1.2051991766805 0.012499014286196 
0.062478099942568 1.1916031324352 0.01128115958617 
0.06247809990165 1.1793156965981 0.010311684740165 
0.062478099858657 1.1628691795492 0.013945813742986 
0.062478099825078 1.1438395159167 0.016364406218 
0.062478099806292 1.1282541114825 0.013625516706933 
0.062478099794939 1.1160443897583 0.010821783497101 
0.062478099784217 1.101304664003 0.013207114242527 
0.062478099777387 1.0895220294432 0.010698796568255 
0.062478099771349 1.0756044903136 0.012773985980591 
0.062478099765281 1.0583963509283 0.015998575257161 
0.062478099758858 1.0419700790475 0.015519962693064 
0.062478099752278 1.029232930033 0.012224102467625 
0.062478099746771 1.0199713303787 0.0089985457946267 
0.06247809974195 1.0106624057508 0.009126653221163 
0.062478099738275 1.0000552325575 0.010495268383335 
0.062478099735836 0.98762196003613 0.012432585837902 
0.062478099734353 0.97477430525449 0.013008676701729 
0.062478099733413 0.96263522502764 0.012453221388187 
0.062478099732759 0.95138909726224 0.011682647251016 
0.062478099732134 0.93902299505631 0.012997943997373 
0.062478099731466 0.92566984456448 0.014220259314346 
0.062478099730757 0.91386079209203 0.012757304930899 
0.062478099730052 0.90359220694081 0.011236487263787 
0.062478099729478 0.89432564978141 0.010255242451437 
0.062478099729072 0.8849354943844 0.010499704888596 
0.062478099728827 0.87557581427611 0.010576680636823 
0.062478099728683 0.86595037986539 0.010993262095389 
0.062478099728587 0.85566494753256 0.011877623212571 
0.062478099728517 0.84525098418369 0.012170608810024 
0.062478099728464 0.83544895600457 0.011596588897904 
0.062478099728402 0.82587103710329 0.011464397474477 
0.062478099728338 0.81728648157399 0.010394547264206 
0.06247809972829 0.81077922666383 0.0079620244025332 
0.062478099728244 0.80404203598767 0.008309525521373 
0.062478099728201 0.7961553823024 0.0098087579159746 
0.062478099728166 0.78840975551598 0.0097287878203105 
0.062478099728144 0.78083201241001 0.0096114273738427 
0.062478099728141 0.77330781574714 0.0096361272889514 
0.062478099728125 0.76641462933374 0.00891389725156 
0.062478099728127 0.75940971553999 0.0091398487524218 
0.062478099728123 0.75273024428872 0.0087956094247773 
0.062478099728125 0.74526717353275 0.0099146683856421 
0.062478099728118 0.7377619558653 0.010070506167442 
0.062478099728112 0.72974813321969 0.010862341954467 
0.062478099728107 0.72236762607897 0.010113773238661 
0.062478099728102 0.71560684038879 0.0093592036050733 
0.062478099728095 0.70833505776789 0.010161700825759 
0.062478099728096 0.70050949351586 0.011047828518734 
0.062478099728093 0.69328452165428 0.01031388143695 
0.062478099728091 0.68656287991816 0.009695358148309 
0.062478099728095 0.67980285894891 0.0098461789400298 
0.062478099728091 0.67345490473652 0.0093379339742682 
0.062478099728093 0.66840199398316 0.0075029682282024 
0.062478099728089 0.6632224165702 0.0077491950346981 
0.062478099728096 0.65829165284151 0.0074345552947174 
0.062478099728091 0.65379519730348 0.0068304914981393 
0.062478099728093 0.64952478502883 0.0065317278136405 
0.062478099728093 0.64593640292289 0.0055246269097925 
0.062478099728088 0.64145587327036 0.0069364872954169 
0.062478099728089 0.63546731065884 0.0093358917753699 
0.062478099728093 0.62851996268549 0.010932659881663 
0.062478099728088 0.62235826637063 0.0098035013693539 
0.062478099728089 0.61753844693865 0.007744445108906 
0.062478099728091 0.61345975740434 0.0066047540109234 
0.062478099728091 0.60926169837081 0.0068432508943861 
0.062478099728091 0.60435834134675 0.0080480309810469 
0.062478099728093 0.59878466852169 0.0092224636341519 
0.062478099728093 0.59271566438592 0.010135536954791 
0.062478099728093 0.58641779358071 0.010625450251489 
0.062478099728086 0.57928972246794 0.012155277671998 
0.062478099728089 0.57264004264205 0.0114790226168 
0.062478099728089 0.56552650429568 0.01242235578489 
0.062478099728088 0.56012149037884 0.0095574900128985 
0.062478099728091 0.5558114703882 0.0076947949055284 
0.062478099728089 0.55206960212133 0.006732261686235 
0.062478099728095 0.5487507508957 0.0060116536264262 
0.062478099728088 0.54549393639239 0.0059349613608678 
0.0624780997281 0.54211517901286 0.0061939412230221 
0.062478099728091 0.53873457307038 0.006235955150027 
0.062478099728093 0.53529440230717 0.0063856506249635 
0.062478099728082 0.53116176073534 0.0077203153143771 
0.062478099728089 0.52563216252467 0.010410384593595 
0.062478099728093 0.52011048154118 0.010504838510963 
0.062478099728093 0.51599578996017 0.0079111875784824 
0.062478099728086 0.51328481198321 0.0052538761550158 
0.062478099728093 0.5106450994606 0.0051427832286964 
0.062478099728086 0.50805039937914 0.0050812199788116 
0.062478099728088 0.50554502652781 0.0049313470757777 
0.062478099728091 0.50290608356607 0.00521999589209 
0.062478099728095 0.50020993862765 0.0053611300927181 
0.062478099728102 0.49704556458717 0.0063260918988644 
0.062478099728088 0.49261630614943 0.0089111718387746 
0.062478099728089 0.48753821991748 0.010308400612336 
0.062478099728098 0.48354931329594 0.0081817311106532 
0.062478099728088 0.48078289832759 0.005721060690779 
0.062478099728093 0.47857555280022 0.0045911481773877 
0.062478099728089 0.47649639649922 0.0043444682638509 
0.062478099728086 0.47447769533204 0.0042365507525673 
0.062478099728084 0.47254201309588 0.0040796063865601 
0.062478099728093 0.47091854386142 0.0034356082411031 
0.062478099728084 0.46897453793717 0.0041281150415295 
0.062478099728084 0.46580932647649 0.0067492181443443 
0.062478099728088 0.46185361147437 0.0084921335346441 
0.062478099728091 0.45819800592107 0.0079150740894433 
0.062478099728095 0.45487775570721 0.0072463218323802 
0.062478099728093 0.45226881931705 0.0057354670731471 
0.062478099728089 0.45044983031524 0.0040219199823616 
0.062478099728086 0.44884848797755 0.0035549848838076 
0.062478099728088 0.44713133620758 0.0038256824206113 
0.062478099728089 0.44538224990955 0.0039117953862587 
0.062478099728093 0.4435583021064 0.0040952413427384 
0.062478099728093 0.44149294826498 0.0046563300283539 
0.062478099728091 0.43877539187685 0.0061553789223624 
0.062478099728091 0.4353087855699 0.0079006397604201 
0.062478099728084 0.43161491833425 0.0084856252804842 
0.062478099728093 0.42913000768122 0.0057572399550413 
0.062478099728084 0.42752222403513 0.0037466120227282 
0.062478099728088 0.42637945982839 0.0026729936889783 
0.062478099728091 0.42547144143088 0.0021296016414007 
0.062478099728089 0.42442945903679 0.002449006660908 
0.062478099728086 0.42313949022948 0.0030393008304266 
0.062478099728088 0.42160665211481 0.0036225361850271 
0.062478099728091 0.420054590676 0.0036813020644393 
0.062478099728088 0.41722280177839 0.0067414782755891 
0.062478099728093 0.41319630250032 0.0096507172208991 
0.062478099728091 0.41072848954174 0.0059724952610907 
0.062478099728089 0.40929534927715 0.0034892643219852 
0.062478099728088 0.40817574286189 0.0027354486613267 
0.062478099728093 0.4072159067392 0.0023515266143971 
0.0624780997281 0.4063398351662 0.002151368741977 
0.062478099728089 0.40548634139495 0.0021004432678953 
0.062478099728089 0.40444512578504 0.0025678191929453 
0.062478099728089 0.4029646264183 0.0036605691906004 
0.062478099728095 0.40058993671399 0.0058930475496439 
0.062478099728091 0.39738973990282 0.0079887099446985 
0.062478099728093 0.3948248559164 0.0064543286574294 
0.062478099728096 0.39346277798816 0.0034498282157926 
0.062478099728096 0.39258952662781 0.0022194001801513 
0.062478099728091 0.3919174952122 0.0017117915023962 
0.062478099728088 0.39132216412266 0.001519021469603 
0.062478099728095 0.39066017420323 0.0016916749934547 
0.062478099728086 0.38991511432 0.0019071815670622 
0.062478099728086 0.38903879415657 0.0022474639511352 
0.062478099728095 0.38735713579751 0.0043225981169954 
0.062478099728091 0.38409765997772 0.008414652832128 
0.062478099728098 0.38172727964364 0.0061712959517232 
0.062478099728084 0.38069467018707 0.0027050973604187 
0.062478099728091 0.38006596440367 0.0016514698855471 
0.062478099728084 0.37958864681353 0.0012558809123874 
0.062478099728091 0.37918340616055 0.0010675784336041 
0.062478099728084 0.37880806375917 0.00098987032471301 
0.062478099728095 0.37831194519921 0.0013096832074667 
0.062478099728088 0.37756110450572 0.0019847131527594 
0.062478099728089 0.37603651414106 0.0040379963573396 
0.062478099728084 0.37270098522893 0.0088702261261613 
0.062478099728088 0.37104665264939 0.0044387663169843 
0.062478099728086 0.37049779246252 0.0014792215020637 
0.062478099728093 0.37018258801162 0.00085075932250419 
0.062478099728088 0.36994765884546 0.0006346305141566 
0.062478099728096 0.36974008114919 0.0005611001754153 
0.062478099728093 0.36954585607836 0.00052530163953163 
0.062478099728091 0.36931720111527 0.00061874584527778 
0.062478099728093 0.36899104315316 0.00088313775022439 
0.062478099728095 0.3685113504326 0.0013000118280858 
0.062478099728084 0.36728972297727 0.0033150334552764 
0.062478099728084 0.36333053273244 0.010779474614017 
0.062478099728091 0.36252626969521 0.0022135850548718 
0.062478099728088 0.36235927292543 0.00046064736197923 
0.062478099728091 0.36226694889696 0.00025478588618176 
0.062478099728089 0.36219355393197 0.00020259911983249 
0.062478099728088 0.36212782972495 0.00018146155917327 
0.062478099728093 0.36205902753899 0.00018999419627498 
0.062478099728089 0.36197447713952 0.00023352656069376 
0.062478099728091 0.36184802105407 0.00034935083394493 
0.062478099728091 0.36159040349416 0.00071194961673765 
0.062478099728088 0.35969524900764 0.0052411636708426 
0.062478099728088 0.35795568487163 0.0048362166050437 
0.062478099728088 0.35792775435423 7.8027863741569e-05 
0.062478099728089 0.35791785269391 2.7663851722055e-05 
0.062478099728091 0.35791025128264 2.1237865635308e-05 
0.062478099728093 0.35790418314559 1.6954353850776e-05 
0.062478099728088 0.35789901246164 1.4447117954573e-05 
0.062478099728086 0.35789403727047 1.3901103387726e-05 
0.062478099728088 0.3578881781376 1.6371138547686e-05 
0.062478099728089 0.35787893439321 2.5828582655281e-05 
0.062478099728088 0.35785305501896 7.2313209189076e-05 
0.062478099728086 0.35328798357867 0.012756832382073 
0.062478099728091 0.31134245385325 0.11872900204681 
0.062478099728091 0.25747935204301 0.17300275353911 
0.062478099728088 0.22123016118315 0.14078484574485 
0.062478099728091 0.20136964702876 0.089773085406528 
0.062478099728095 0.19709372377166 0.021234199494268 
0.062478099728084 0.19675134641706 0.0017371296662589 
0.062478099728089 0.19665495076071 0.00048993645078799 
0.062478099728089 0.19660857521372 0.00023582191452081 
0.062478099728086 0.19657911168716 0.00014985880717815 
0.062478099728086 0.19655692187629 0.00011287980030978 
0.062478099728088 0.19652889837636 0.000142571931115 
0.062478099728091 0.19648533421416 0.00022166797127204 
0.062478099728086 0.1963869511367 0.00050071460985143 
0.062478099728082 0.19590203797568 0.0024691720005622 
0.062478099728088 0.19440970052453 0.0076177739984951 
0.062478099728088 0.19436946086351 0.00020698381262324 
0.062478099728089 0.19436023265468 4.7477668493844e-05 
0.062478099728096 0.19435637875545 1.9828640725516e-05 
0.062478099728091 0.19435378292146 1.335605246828e-05 
0.062478099728091 0.19435175510983 1.0433610287147e-05 
0.062478099728095 0.19434977706156 1.0177671262165e-05 
0.062478099728088 0.19434725869999 1.2957882459959e-05 
0.062478099728089 0.19434325834961 2.0583518440917e-05 
0.062478099728086 0.19433120391639 6.2026505702554e-05 
0.062478099728084 0.1940303715244 0.0015480395630068 
0.062478099728091 0.19156121434481 0.012725622077551 
0.062478099728089 0.1910876928031 0.0024719071829255 
0.062478099728089 0.19093293894004 0.00080985782385659 
0.062478099728091 0.19085597193258 0.00040311015946119 
0.062478099728091 0.19080831194251 0.00024971704889708 
0.062478099728089 0.19076267189957 0.00023919315922339 
0.062478099728089 0.19070951510804 0.00027865405217481 
0.062478099728088 0.190628104513 0.00042688271210372 
0.062478099728096 0.19043509645083 0.0010124848204886 
0.062478099728079 0.18989304653117 0.0028463761657445 
0.062478099728093 0.18896491067319 0.0048876769051415 
0.062478099728086 0.18845610620598 0.0026925870279405 
0.062478099728088 0.18822373819995 0.0012330086337223 
0.062478099728088 0.18810382880281 0.00063705778175653 
0.062478099728082 0.18802934581368 0.00039596742718445 
0.062478099728086 0.18796793972836 0.00032657713642964 
0.062478099728086 0.18789819278876 0.00037105763726964 
0.062478099728089 0.18780479361716 0.0004970732832469 
0.062478099728093 0.18761613003552 0.0010045727694167 
0.062478099728089 0.18713236553376 0.0025784803346545 
0.062478099728093 0.18613984168428 0.0053038598996314 
0.062478099728091 0.18544784419772 0.0037176215489723 
0.062478099728084 0.18514359779865 0.0016406035906544 
0.062478099728093 0.18498961476188 0.00083169517389039 
0.062478099728095 0.18488316538064 0.00057543436358524 
0.062478099728096 0.18479478419504 0.00047803803781635 
0.062478099728088 0.18469678648107 0.00053030562738673 
0.062478099728089 0.18456758435096 0.00069953642705786 
0.062478099728096 0.18431904954789 0.0013465788369493 
0.062478099728088 0.18366923989443 0.0035254611775088 
0.062478099728086 0.18223769813906 0.0077941290343035 
0.062478099728073 0.18133656243734 0.0049448369405705 
0.062478099728089 0.18102498047464 0.001718252284669 
0.062478099728095 0.18089474370687 0.00071944086073213 
0.062478099728088 0.18082240383786 0.00039990033724439 
0.062478099728091 0.18076507360965 0.00031705268257052 
0.062478099728089 0.1807096119167 0.00030681642115958 
0.062478099728093 0.18064199853876 0.00037415485106624 
0.062478099728084 0.1805431708927 0.00054709119067633 
0.062478099728089 0.18034205113281 0.001113970464163 
0.062478099728089 0.17973838277835 0.0033473521603505 
0.062478099728086 0.17842929114027 0.0072833171070589 
0.062478099728086 0.17756614260161 0.0048374823053987 
0.062478099728091 0.17721015341935 0.0020048257908191 
0.0624780997281 0.17704073125493 0.0009560522416639 
0.062478099728093 0.1769383466867 0.00057831080734182 
0.062478099728095 0.17686142800646 0.00043472023832898 
0.062478099728089 0.17677603620153 0.00048281757021875 
0.062478099728095 0.17665456497534 0.00068714758399135 
0.062478099728095 0.17644633797804 0.0011787241237396 
0.062478099728096 0.17601195967938 0.0024618153237556 
0.062478099728091 0.17521008760013 0.0045557817815977 
0.062478099728091 0.17459696866163 0.0034993358367715 
0.062478099728089 0.17432884771103 0.0015356563899851 
0.06247809972808 0.17417827785997 0.00086371161763339 
0.062478099728084 0.17408367292387 0.00054315002575421 
0.062478099728095 0.17401489722647 0.00039507264663798 
0.062478099728088 0.17395568075219 0.00034029543000384 
0.062478099728088 0.17388691099886 0.00039532916104137 
0.062478099728088 0.17378055923111 0.00061161456687089 
0.062478099728093 0.17358098019571 0.0011484543281421 
0.062478099728088 0.17312754896717 0.0026122172373168 
0.062478099728084 0.17232971150141 0.0046083796052454 
0.062478099728086 0.17167309592601 0.0038102284839654 
0.062478099728091 0.17113122822771 0.0031563926506832 
0.062478099728082 0.17081022089518 0.0018757963456384 
0.062478099728095 0.1706046858299 0.0012032948860036 
0.062478099728082 0.1704356261479 0.00099094395425405 
0.062478099728093 0.17026645841102 0.00099256089065619 
0.062478099728089 0.1700565352653 0.0012329095681763 
0.062478099728095 0.16972424565428 0.0019539949493731 
0.062478099728084 0.16921895480652 0.0029771282577373 
0.062478099728089 0.16841705051334 0.0047388562002743 
0.062478099728095 0.16766242032133 0.0044807232385448 
0.062478099728089 0.1672396662177 0.0025214601031016 
0.062478099728093 0.1670346466495 0.0012259027588212 
0.062478099728093 0.16690979439902 0.0007474631939495 
0.062478099728093 0.16680517411882 0.00062680731572544 
0.062478099728086 0.16671497799173 0.00054072739391841 
0.062478099728089 0.16661320997181 0.00061043117509982 
0.062478099728095 0.1664627992502 0.00090275387908746 
0.062478099728084 0.16619700490135 0.0015967192072095 
0.062478099728086 0.16574023477389 0.0027483655781045 
0.062478099728086 0.16508081673669 0.0039786237669364 
0.062478099728084 0.16456620143048 0.0031173537687656 
0.062478099728086 0.16424984853456 0.0019223442795296 
0.062478099728086 0.16403692453051 0.0012963421637354 
0.062478099728088 0.16390611503745 0.00079743931703883 
0.062478099728093 0.16380521512544 0.00061559577555227 
0.062478099728093 0.16370236415423 0.00062788581631271 
0.062478099728079 0.16357943947061 0.00075090353305291 
0.062478099728093 0.16340560991256 0.0010626614115978 
0.06247809972808 0.16308214524014 0.0019795199968725 
0.062478099728088 0.16247366925028 0.003731101212556 
0.0624780997281 0.16172120273963 0.0046313135791358 
0.062478099728089 0.16123290387032 0.0030193868276914 
0.062478099728086 0.1609649757287 0.00166174605304 
0.062478099728095 0.16079423430471 0.0010607364938651 
0.062478099728089 0.1606781780092 0.00072176901126178 
0.062478099728086 0.16058178309003 0.00059992539348611 
0.062478099728091 0.16047936041802 0.000637822485456 
0.062478099728091 0.16034606756592 0.0008305918701887 
0.062478099728088 0.16013263841881 0.0013310532048142 
0.062478099728088 0.15972960148317 0.002516894367197 
0.062478099728086 0.15916072801523 0.0035614780394704 
0.062478099728088 0.15872368471032 0.0027459242638762 
0.062478099728089 0.15846654320179 0.0016200575799379 
0.062478099728088 0.15828843654443 0.0011239385536229 
0.062478099728086 0.15815282455748 0.00085673969562906 
0.062478099728088 0.1580398358807 0.00071442718204464 
0.062478099728082 0.15793334233897 0.00067383986536738 
0.062478099728089 0.15778953192226 0.00091057666843737 
0.06247809972808 0.15754882525042 0.0015254920203528 
0.062478099728088 0.15716067729262 0.0024636677372011 
0.062478099728095 0.15664067691019 0.0033087181309241 
0.062478099728091 0.15593336280071 0.0045155200004897 
0.062478099728086 0.15541526531758 0.0033225569808999 
0.062478099728091 0.15510593371942 0.0019903553073448 
0.062478099728084 0.1549325023053 0.0011181481582411 
0.062478099728084 0.15483244005233 0.0006458441674573 
0.062478099728093 0.15473874148946 0.0006051610556404 
0.062478099728086 0.15464538901944 0.00060329087030205 
0.062478099728096 0.15453322685136 0.00072528620989418 
0.062478099728084 0.15436033028896 0.0011188309848932 
0.062478099728093 0.15407594984025 0.0018423156272477 
0.062478099728084 0.15366495328321 0.0026674932555185 
0.062478099728091 0.15325984284278 0.0026363229335633 
0.062478099728086 0.15296210896166 0.0019426737989442 
0.062478099728098 0.15274911430569 0.0013924667842294 
0.062478099728093 0.15261216255823 0.00089657965012276 
0.062478099728093 0.15252162993593 0.00059322023084118 
0.062478099728086 0.15243775429132 0.00054992622779327 
0.062478099728088 0.1523326876842 0.00068924268535754 
0.062478099728086 0.15217651025582 0.0010252391049766 
0.062478099728082 0.15191716393933 0.0017042467070594 
0.06247809972808 0.15155418993252 0.0023892889874506 
0.062478099728098 0.15113053370323 0.0027954108657859 
0.062478099728091 0.15076589035797 0.0024127708433619 
0.062478099728095 0.15055716897385 0.0013844071999558 
0.062478099728093 0.15042911830235 0.00085051195083122 
0.062478099728091 0.15034297415207 0.00057265608718664 
0.062478099728091 0.15027331352297 0.00046334475879103 
0.062478099728093 0.15020621753591 0.00044649302986834 
0.062478099728084 0.15013050026696 0.00050408878000721 
0.062478099728088 0.15001172941707 0.00079111739242491 
0.06247809972808 0.1498132792064 0.0013228979589503 
0.062478099728091 0.14950401934397 0.0020643020703618 
0.062478099728098 0.14905859263694 0.0029793627554918 
0.062478099728084 0.1486524448417 0.0027247526496397 
0.062478099728084 0.14835516518887 0.001999830229143 
0.062478099728091 0.14814868153707 0.0013918197693705 
0.062478099728089 0.14802019141082 0.00086730522954482 
0.062478099728082 0.14792674618687 0.00063130052100514 
0.062478099728093 0.14783109124625 0.00064663722471553 
0.062478099728086 0.14772457536845 0.00072052419356002 
0.062478099728091 0.14758586306207 0.0009389927575459 
0.062478099728095 0.147366321082 0.0014875542651069 
0.0624780997281 0.14708427195881 0.0019139320376377 
0.062478099728096 0.1467489193488 0.0022800031950796 
0.062478099728082 0.14646658190204 0.0019239490689705 
0.062478099728089 0.1463021957951 0.0011223454853019 
0.062478099728093 0.14617461364128 0.00087204537928874 
0.062478099728095 0.14606921615884 0.00072103821454919 
0.062478099728098 0.14597665753289 0.0006336627825046 
0.062478099728095 0.14587006210195 0.00073022243932253 
0.062478099728082 0.14572908693823 0.00096644343389628 
0.062478099728088 0.14552319259091 0.0014128569089371 
0.062478099728084 0.14518471262762 0.0023259520167431 
0.062478099728088 0.14480537759093 0.0026127753385557 
0.062478099728095 0.14441633769845 0.002686639812416 
0.062478099728091 0.14410367498715 0.0021650092799589 
0.062478099728082 0.14390838982302 0.0013551712970054 
0.062478099728095 0.14377554726877 0.00092310500040409 
0.062478099728082 0.14367300928891 0.00071318093937167 
0.062478099728082 0.14357769274849 0.00066342690875486 
0.062478099728091 0.14345846612832 0.00083039793914785 
0.062478099728084 0.14330894969991 0.0010422279872453 
0.062478099728088 0.1431016685882 0.001446393349092 
0.062478099728086 0.14279398407816 0.0021501112676168 
0.062478099728079 0.14243014500823 0.0025479999894631 
0.062478099728091 0.14213386436002 0.0020801821706872 
0.062478099728089 0.14195056453363 0.0012896281066522 
0.062478099728089 0.14184634692455 0.00073418242064555 
0.062478099728095 0.14177810235825 0.00048111613570865 
0.062478099728089 0.14171301656495 0.00045906802401988 
0.062478099728086 0.14163961534165 0.00051795681924559 
0.06247809972808 0.14154009585188 0.0007026246825595 
0.062478099728084 0.14139895606666 0.00099717175105035 
0.062478099728096 0.14120171437291 0.0013949303391559 
0.062478099728095 0.14095572637782 0.0017421034594785 
0.06247809972808 0.14072550782148 0.0016332685606709 
0.062478099728079 0.14056133339291 0.0011666287875394 
0.062478099728088 0.14044472506176 0.00082959038836207 
0.062478099728102 0.14037077484449 0.00052654321644736 
0.062478099728088 0.1403033194668 0.00048055143786239 
0.062478099728095 0.14021963595358 0.00059644713713504 
0.062478099728091 0.140115006798 0.00074618048226966 
0.062478099728086 0.13995545731957 0.0011387037125543 
0.062478099728086 0.13967680468312 0.0019910094382033 
0.062478099728086 0.13929335417402 0.0027452697673713 
0.062478099728084 0.13896780313207 0.0023371613375653 
0.062478099728095 0.13871525575905 0.0018173085227098 
0.062478099728086 0.13853242970689 0.001317995278641 
0.062478099728089 0.13841245254117 0.00086605833715102 
0.062478099728091 0.13830736064634 0.00075926618526732 
0.062478099728095 0.13820323581302 0.00075285098951005 
0.062478099728095 0.13808210064056 0.00087650026242542 
0.062478099728091 0.13788503126409 0.0014271898787375 
0.062478099728093 0.1376056979392 0.0020258422711256 
0.06247809972808 0.13726312291061 0.0024895410126206 
0.062478099728093 0.13695284176626 0.0022604843731513 
0.062478099728091 0.13674476232002 0.0015193510667987 
0.062478099728095 0.13659641178757 0.0010848717708862 
0.062478099728089 0.13648916915735 0.00078510576384119 
0.062478099728088 0.1364066121365 0.00060486133342901 
0.0624780997281 0.13633181468417 0.00054834183737946 
0.062478099728084 0.13625345847741 0.00057474630512222 
0.062478099728088 0.13613446512524 0.00087332353611564 
0.0624780997281 0.13595011443076 0.0013541809145427 
0.0624780997281 0.13568286345677 0.0019658017583007 
0.062478099728084 0.1353694372535 0.0023099910724417 
0.062478099728084 0.13511696533763 0.0018650584725311 
0.062478099728086 0.13496107474085 0.0011537455447337 
0.062478099728082 0.13487030336507 0.00067257448830355 
0.062478099728095 0.13480311415026 0.00049817649353419 
0.062478099728089 0.13473826620152 0.00048105675558066 
0.062478099728089 0.13466802326841 0.00052132875900408 
0.062478099728091 0.13457641332505 0.00068026500383061 
0.062478099728091 0.1344450111917 0.00097641280594336 
0.062478099728095 0.13427452350964 0.0012680848515787 
0.062478099728086 0.13409226451979 0.0013573609131474 
0.062478099728088 0.13393655546665 0.0011612083195134 
0.062478099728084 0.13383942778476 0.00072517679398117 
0.062478099728082 0.13376951147135 0.00052238951231519 
0.062478099728091 0.13370828979082 0.00045766542660306 
0.062478099728095 0.13365632132193 0.00038867050778619 
0.062478099728093 0.1335995211527 0.00042497181327316 
0.062478099728095 0.1335219935204 0.0005802987288622 
0.062478099728088 0.13341201075284 0.00082370525375493 
0.062478099728095 0.13326009042829 0.0011387304913383 
0.062478099728091 0.13307115251991 0.0014178131485163 
0.062478099728088 0.13287166890369 0.0014990748365821 
0.062478099728096 0.13269826167321 0.0013050730220343 
0.062478099728093 0.13256620261368 0.00099518304057744 
0.062478099728105 0.13247221585309 0.00070897980582183 
0.062478099728088 0.13239973993146 0.00054710281065443 
0.0624780997281 0.13232930886175 0.00053195776477405 
0.062478099728095 0.13224684291835 0.00062318729020136 
0.062478099728088 0.13213986277322 0.00080894290381025 
0.062478099728096 0.13198067182559 0.0012047155512711 
0.062478099728089 0.13176976281615 0.0015980295184958 
0.0624780997281 0.13152715053847 0.0018411832312228 
0.062478099728082 0.13128854473993 0.0018141182072109 
0.062478099728091 0.13109408066811 0.0014811960343412 
0.062478099728089 0.13095034005354 0.0010964691451531 
0.062478099728095 0.13084104567337 0.00083462463810763 
0.062478099728093 0.13074617212123 0.00072510542584926 
0.062478099728093 0.13065292723775 0.00071317486364723 
0.06247809972808 0.13053899521674 0.00087202042402827 
0.062478099728088 0.13037089545759 0.0012877359663686 
0.0624780997281 0.13013409684911 0.0018163456471401 
0.062478099728089 0.12987511917156 0.0019900831820321 
0.062478099728084 0.1296872363236 0.0014466423527105 
0.062478099728089 0.12957454922487 0.00086891433516554 
0.062478099728096 0.12950482165706 0.00053812703370021 
0.062478099728091 0.12945579537741 0.00037856721488825 
0.062478099728088 0.12942018121229 0.00027510676531406 
0.062478099728086 0.12938961460692 0.00023618113559563 
0.062478099728091 0.12935162862848 0.00029357826403886 
0.062478099728084 0.12929663279343 0.00042516538551017 
0.062478099728089 0.12922480053102 0.00055556174093717 
0.062478099728089 0.12912972382089 0.00073574661935859 
0.062478099728093 0.12901869631026 0.00085981373881537 
0.062478099728095 0.12890507449229 0.00088066164997531 
0.062478099728089 0.12881475275739 0.00070068409065914 
0.062478099728091 0.12875052311245 0.00049862025553077 
0.062478099728079 0.12870236466131 0.00037404470268424 
0.062478099728088 0.12866046160571 0.0003255810855662 
0.062478099728095 0.12861656399687 0.00034118957986417 
0.062478099728088 0.12856100548921 0.00043197008169917 
0.062478099728086 0.12848307797329 0.00060615204143631 
0.062478099728086 0.12835977705688 0.00095966658293212 
0.062478099728084 0.12816695198607 0.0015022234786851 
0.062478099728084 0.12793883182447 0.0017798672595485 
0.062478099728084 0.12773360369795 0.0016041113053387 
0.062478099728091 0.12758256720813 0.0011824334822417 
0.062478099728086 0.12748563967137 0.00075972398802062 
0.062478099728089 0.12741015937454 0.00059206901284666 
0.062478099728093 0.12734298983716 0.0005271913770746 
0.062478099728093 0.12727265707593 0.0005523096428077 
0.062478099728096 0.12718238313279 0.00070929565876834 
0.062478099728091 0.12705028068842 0.0010386850845195 
0.062478099728093 0.126873897612 0.0013882934808237 
0.062478099728093 0.12670527060289 0.0013290914229028 
0.062478099728091 0.12657542517702 0.0010247831464045 
0.062478099728096 0.12645643219257 0.00094009547492323 
0.062478099728095 0.12637375131211 0.00065382898307629 
0.062478099728095 0.12631559607798 0.00046018444119102 
0.06247809972808 0.1262678240716 0.00037819562955204 
0.062478099728089 0.12622073090913 0.00037296249313373 
0.062478099728093 0.12615986869338 0.00048218874437165 
0.06247809972808 0.12606992660423 0.00071292155013925 
0.062478099728082 0.12594116465286 0.0010213534252844 
0.062478099728095 0.12579289026733 0.0011773305887936 
0.062478099728082 0.12563768403157 0.0012338235923393 
0.062478099728098 0.12549336958478 0.0011486557389619 
0.062478099728082 0.12538303208366 0.00087922972725766 
0.062478099728089 0.12530363791108 0.00063321305330645 
0.062478099728088 0.12524507051815 0.00046740377144497 
0.062478099728089 0.1251926224741 0.00041876334002463 
0.062478099728084 0.12513440520372 0.0004650215741947 
0.062478099728088 0.12506225993958 0.00057654219096661 
0.062478099728084 0.12497164514562 0.00072455746444745 
0.062478099728093 0.12481760941375 0.0012325654486075 
0.062478099728096 0.12461122954279 0.0016534515596882 
0.062478099728084 0.12441696470951 0.0015589673097476 
0.062478099728096 0.12427589106348 0.0011338778948688 
0.062478099728095 0.12416833862439 0.00086543285397042 
0.062478099728088 0.12408861724287 0.00064204274940413 
0.062478099728086 0.12402418640045 0.00051923249577644 
0.0624780997281 0.1239611007513 0.00050865602086507 
0.062478099728102 0.12388696990281 0.00059801702340308 
0.062478099728091 0.12376907474296 0.00095163486479462 
0.062478099728095 0.12357697307705 0.0015520974549468 
0.062478099728091 0.12333121976136 0.0019886659267157 
0.06247809972808 0.12308802141855 0.0019719122480717 
0.062478099728088 0.12291175755964 0.0014320147231078 
0.062478099728098 0.12281109047011 0.00081901920147411 
0.062478099728089 0.12275645584893 0.00044486716116801 
0.062478099728096 0.1227195499769 0.00030064302342461 
0.062478099728089 0.12268815700578 0.00025581067665713 
0.062478099728093 0.12265205493547 0.00029425880373354 
0.062478099728086 0.12260645525338 0.00037178082429509 
0.062478099728095 0.12254997256609 0.00046068281788547 
0.062478099728084 0.12248209980881 0.00055383739263952 
0.062478099728086 0.12241101861241 0.00058033946602665 
0.062478099728089 0.12235343321582 0.00047042657799871 
0.062478099728088 0.12230948420022 0.0003591972406759 
0.062478099728082 0.12227751701127 0.00026136312452219 
0.062478099728089 0.12225333479259 0.00019776504517406 
0.062478099728086 0.12223051834908 0.00018663248365852 
0.062478099728093 0.12220362322371 0.00022003609033022 
0.0624780997281 0.12216279918719 0.00033406568026303 
0.062478099728088 0.12208901479533 0.00060398412893239 
0.062478099728093 0.12193813577981 0.0012358115574613 
0.062478099728098 0.12163274759715 0.0025044517919601 
0.062478099728089 0.12131115497631 0.0026439641230702 
0.062478099728086 0.12112408107326 0.0015420997606045 
0.062478099728089 0.12102203072581 0.00084252732025803 
0.062478099728088 0.12095166572296 0.00058142308831754 
0.062478099728086 0.12089346513421 0.00048118881534359 
0.062478099728084 0.12083249193043 0.00050435483600594 
0.062478099728091 0.12076629537446 0.00054783738140899 
0.062478099728088 0.1206808128224 0.000707834514554 
0.062478099728093 0.12058503117596 0.00079367750519098 
0.062478099728088 0.12050877600069 0.00063237679275509 
0.062478099728095 0.1204531177694 0.00046186039830153 
0.062478099728093 0.12041180088223 0.00034301218549333 
0.062478099728095 0.12038487973367 0.00022357566583491 
0.062478099728095 0.12036508180254 0.00016445529686361 
0.0624780997281 0.1203470520895 0.00014979188957172 
0.062478099728091 0.12032843265976 0.00015471446460951 
0.062478099728098 0.1203080420583 0.00016945788297108 
0.062478099728086 0.12027194585781 0.000300031484863 
0.062478099728088 0.1202143914939 0.00047853523525686 
0.062478099728095 0.12013894089387 0.00062763367258503 
0.062478099728093 0.12005918460186 0.00066386711434455 
0.062478099728084 0.11998736884959 0.00059816958196303 
0.062478099728086 0.119931926223 0.00046207052564112 
0.062478099728088 0.11988868681152 0.00036053295265583 
0.062478099728079 0.1198525694321 0.00030125761140414 
0.062478099728079 0.11981300226039 0.00033013202718309 
0.06247809972808 0.11975906814166 0.00045015246853603 
0.062478099728091 0.11967971388595 0.00066261584144148 
0.062478099728086 0.11955259594593 0.0010621511021937 
0.062478099728086 0.11935052657871 0.0016902131285886 
0.0624780997281 0.1191149172889 0.0019740951009219 
0.062478099728098 0.11892334002387 0.0016083398233402 
0.0624780997281 0.11880533123712 0.00099230972428059 
0.062478099728096 0.11873556555553 0.00058722685979365 
0.062478099728082 0.11868456293178 0.00042954799186611 
0.062478099728082 0.11863949869849 0.00037969751232087 
0.062478099728095 0.11859293452554 0.00039248457269341 
0.062478099728091 0.11853643996349 0.00047637375926182 
0.062478099728093 0.11846245754604 0.00062413227087846 
0.062478099728098 0.11837070564416 0.00077452303272299 
0.062478099728093 0.1182744157176 0.0008134607801499 
0.062478099728095 0.11819120067095 0.00070357605349579 
0.062478099728088 0.11813288891373 0.00049336800792282 
0.062478099728093 0.11809770613263 0.00029782375950418 
0.062478099728082 0.11807500510828 0.00019222239864619 
0.062478099728086 0.11805607763027 0.00016030046318815 
0.062478099728093 0.1180379003362 0.00015397169237737 
0.062478099728088 0.11801602634998 0.00018531324395175 
0.0624780997281 0.11798575991332 0.00025646039443314 
0.062478099728093 0.11794148173895 0.00037528405460687 
0.062478099728079 0.11788315787972 0.00049451523221751 
0.062478099728088 0.11781628916987 0.00056724566128407 
0.062478099728088 0.11775233388197 0.00054283909594995 
0.062478099728084 0.11770193609802 0.00042799817460335 
0.062478099728086 0.11766250883296 0.00033497550132213 
0.062478099728082 0.11763342385234 0.00024718987309613 
0.062478099728088 0.11760556301337 0.00023684458087517 
0.062478099728086 0.11757123167301 0.0002919193572388 
0.062478099728093 0.11752796585055 0.00036799667610065 
0.062478099728088 0.11746982729553 0.00049467847584043 
0.062478099728091 0.11738486671792 0.00072325446941757 
0.062478099728084 0.11727605426768 0.00092697170666158 
0.062478099728093 0.11717099239304 0.00089585103532705 
0.062478099728091 0.11708764610476 0.00071132186028009 
0.062478099728089 0.11703529236686 0.00044713289272265 
0.062478099728096 0.11700397350711 0.00026760184142567 
0.062478099728086 0.11697627452436 0.00023673540239589 
0.062478099728086 0.11695119467068 0.00021440120041655 
0.062478099728088 0.11692512302514 0.00022292756916913 
0.062478099728086 0.11689272666493 0.00027706928479677 
0.062478099728093 0.11685117327275 0.00035548312851965 
0.062478099728088 0.11680007190658 0.00043732009478586 
0.062478099728091 0.1167409172212 0.00050646103566007 
0.062478099728089 0.11669023468366 0.0004341454457528 
0.062478099728082 0.11665081571341 0.00033780864653744 
0.062478099728088 0.11661938211224 0.00026946747852318 
0.062478099728091 0.1165962057836 0.00019873479191709 
0.062478099728086 0.11657483992078 0.00018324663887884 
0.062478099728084 0.11655120617977 0.00020273449252239 
0.062478099728096 0.11651911814808 0.00027531273800641 
0.062478099728084 0.11646257615394 0.00048525937233363 
0.062478099728093 0.1163538888603 0.00093323793123517 
0.062478099728096 0.11614613575346 0.0017855278313039 
0.062478099728095 0.11584079593336 0.0026289279288384 
0.062478099728088 0.11555141689198 0.0024980753890987 
0.062478099728086 0.11534672358432 0.0017714478382367 
0.062478099728091 0.11520274123468 0.0012482569523638 
0.062478099728088 0.11508914854227 0.00098602421420987 
0.062478099728089 0.11498971598128 0.00086396121839903 
0.062478099728088 0.11489985427342 0.00078147603969637 
0.062478099728082 0.11480522804701 0.00082355392884067 
0.062478099728096 0.11471993638432 0.00074292490111516 
0.062478099728086 0.11466267389424 0.0004991502949044 
0.062478099728086 0.11462823294134 0.0003003676064399 
0.062478099728096 0.1146063511399 0.00019089364701863 
0.062478099728082 0.11459139633295 0.00013048846593433 
0.062478099728093 0.11457970195061 0.00010205288282306 
0.062478099728091 0.11456846908263 9.8035409282706e-05 
0.062478099728086 0.11455603685394 0.00010851352726603 
0.062478099728095 0.11454055536377 0.00013514338127828 
0.062478099728088 0.11451724279674 0.00020353111573929 
0.062478099728095 0.1144880703637 0.00025474271237244 
0.062478099728089 0.11445951111959 0.00024945170285808 
0.062478099728077 0.11443418451263 0.00022127131866512 
0.062478099728082 0.1144142110364 0.000174541168063 
0.062478099728091 0.11439943589446 0.00012913729693072 
0.062478099728091 0.11438686796643 0.00010986005248496 
0.062478099728091 0.11437404781097 0.00011207716132525 
0.062478099728096 0.1143584841857 0.00013607654508833 
0.062478099728098 0.11433602578225 0.00019638598403739 
0.062478099728084 0.11430308815269 0.00028807743953176 
0.062478099728082 0.11426403426273 0.0003416695961141 
0.062478099728093 0.11420935695424 0.00047851722407553 
0.062478099728091 0.1141506726691 0.00051383079907031 
0.062478099728093 0.11409640054996 0.00047544283242098 
0.062478099728091 0.11405306605819 0.0003798059497551 
0.062478099728096 0.11401989346689 0.00029085225365816 
0.062478099728086 0.1139876975088 0.00028237141001505 
0.062478099728098 0.11394784976614 0.0003495793276834 
0.0624780997281 0.11389379975716 0.00047433987642494 
0.062478099728086 0.11382218246126 0.00062880767917837 
0.062478099728086 0.11373532488741 0.0007630988263896 
0.062478099728088 0.11361708858397 0.0010395741477557 
0.0624780997281 0.11348920491875 0.0011255671731753 
0.062478099728096 0.11338985162889 0.00087544264610417 
0.062478099728086 0.11332537343331 0.00056864167871236 
0.062478099728096 0.11327852998587 0.00041335356793584 
0.062478099728102 0.11323670286705 0.00036924136302846 
0.062478099728095 0.11319483041913 0.00036977805657946 
0.062478099728088 0.11314598546094 0.00043151226966367 
0.062478099728082 0.11307799221007 0.00060093383423522 
0.062478099728095 0.11299996829659 0.00069000087423083 
0.062478099728073 0.1129241479656 0.00067097656868914 
0.062478099728093 0.11285071552555 0.00065028110795528 
0.062478099728079 0.11279640622676 0.00048124904244707 
0.062478099728105 0.11275669146042 0.00035209247943352 
0.062478099728089 0.11273165155708 0.00022207022054135 
0.062478099728095 0.11271395530388 0.00015697679360127 
0.062478099728086 0.11269794464979 0.00014204677714007 
0.062478099728088 0.11268189232449 0.00014243671747313 
0.062478099728086 0.11266368111656 0.00016161609957405 
0.062478099728088 0.11264146111282 0.00019722419435222 
0.062478099728091 0.11261917631532 0.00019783832060548 
0.062478099728096 0.11259519366015 0.00021295356583132 
0.062478099728096 0.11257407034621 0.0001876040464271 
0.062478099728088 0.11255955267928 0.00012896101990225 
0.062478099728091 0.11254932853517 9.0833197814651e-05 
0.062478099728088 0.11254207085836 6.4484407833535e-05 
0.062478099728089 0.11253613350026 5.2756787366492e-05 
0.062478099728098 0.11253014099368 5.3249622116994e-05 
0.062478099728104 0.11252322021312 6.1501571926247e-05 
0.062478099728105 0.11251487142965 7.4196094367349e-05 
0.062478099728095 0.11250334974488 0.00010240143922776 
0.062478099728093 0.1124884979405 0.00013201210820637 
0.062478099728093 0.11247445100285 0.00012487443523178 
0.062478099728086 0.11246355193714 9.6902590883629e-05 
0.062478099728096 0.11245537788927 7.2681750929731e-05 
0.062478099728093 0.11244848647809 6.1281295006339e-05 
0.062478099728086 0.11244285751306 5.0058166236857e-05 
0.062478099728091 0.11243804155511 4.2830270002189e-05 
0.062478099728088 0.11243317201852 4.3308621545874e-05 
0.062478099728093 0.11242685286519 5.6203638244656e-05 
0.062478099728095 0.11241752735497 8.2947356264103e-05 
0.0624780997281 0.11240454812793 0.00011545554638697 
0.062478099728093 0.11238860216157 0.00014186228785247 
0.062478099728093 0.11237211733966 0.00014667699030195 
0.062478099728082 0.11235922737783 0.00011470783088627 
0.062478099728082 0.11234799782874 9.9943274305839e-05 
0.062478099728096 0.11233958667133 7.4866998767818e-05 
0.062478099728098 0.11233208789287 6.6750988505634e-05 
0.062478099728086 0.11232393974611 7.2536235275861e-05 
0.062478099728091 0.1123145677888 8.3436864272031e-05 
0.062478099728093 0.11230144608074 0.00011682997420753 
0.062478099728089 0.11227910165093 0.00019896831774365 
0.062478099728093 0.11224371745532 0.00031514498331331 
0.062478099728088 0.11220068243927 0.00038340690263959 
0.062478099728098 0.11215867622341 0.00037438467342657 
0.062478099728086 0.11212121170245 0.00033403141175357 
0.062478099728079 0.11209331387399 0.00024881847102369 
0.062478099728084 0.1120739965951 0.0001723321242393 
0.06247809972808 0.11205340375389 0.00018374325742016 
0.062478099728084 0.11202824866034 0.00022449200747443 
0.062478099728088 0.11199475975249 0.00029893270895273 
0.062478099728089 0.1119419217236 0.00047179018914913 
0.062478099728088 0.11186663141229 0.00067258369474692 
0.062478099728104 0.11176721029762 0.00088874683556098 
0.062478099728089 0.11165874447961 0.00097046188871603 
0.062478099728093 0.11157441367874 0.00075525478340793 
0.062478099728093 0.11152055974589 0.00048267278373441 
0.0624780997281 0.11148468130838 0.00032172038589752 
0.062478099728089 0.11145309766481 0.00028330029918244 
0.0624780997281 0.1114197064764 0.00029959856750623 
0.062478099728084 0.11137374814222 0.00041247940457596 
0.062478099728096 0.111307689142 0.00059312900323322 
0.062478099728086 0.11122162834532 0.00077317925957421 
0.062478099728089 0.11113262922664 0.00080019614895802 
0.062478099728098 0.11105003803381 0.00074317680953151 
0.062478099728098 0.11098410858492 0.00059369136709125 
0.062478099728084 0.11094127126494 0.00038597706038453 
0.062478099728095 0.11091198481708 0.00026398154198977 
0.062478099728088 0.11089042135811 0.0001944195571469 
0.062478099728091 0.11086861826 0.00019661840799363 
0.062478099728077 0.11084016054289 0.00025667964079845 
0.062478099728082 0.1108005688376 0.0003571963906812 
0.062478099728088 0.11073744393577 0.00056971640572224 
0.062478099728088 0.1106433959932 0.00084928764133752 
0.062478099728098 0.11053874090096 0.00094587744077168 
0.062478099728088 0.11044948919376 0.00080742467725765 
0.062478099728086 0.11038772693564 0.00055919007478336 
0.062478099728104 0.11034526007938 0.00038470632057626 
0.062478099728088 0.11031364994303 0.00028646573784803 
0.062478099728095 0.11028286691745 0.0002790500141332 
0.062478099728093 0.11024500651375 0.00034330267941516 
0.062478099728088 0.11020051324433 0.00040358534884179 
0.06247809972808 0.11015088000898 0.00045039023769805 
0.062478099728091 0.11010401824367 0.00042543250954562 
0.062478099728084 0.11006810808054 0.00032614761662576 
0.062478099728093 0.11004544689044 0.00020588334340785 
0.062478099728088 0.11003177463253 0.00012424192280695 
0.062478099728091 0.11002196084487 8.9190487797921e-05 
0.062478099728082 0.1100137444998 7.4679136871031e-05 
0.062478099728098 0.11000595713195 7.0785408554318e-05 
0.062478099728098 0.10999703311347 8.1123047437755e-05 
0.062478099728093 0.10998446299867 0.00011427685311471 
0.062478099728091 0.10996943397999 0.00013664674336126 
0.062478099728086 0.10995283053345 0.00015098237698182 
0.062478099728079 0.1099348817859 0.00016324043195854 
0.062478099728075 0.10991909033265 0.00014364370057436 
0.062478099728095 0.1099067803513 0.00011199129580074 
0.062478099728084 0.10989746949435 8.471594664859e-05 
0.062478099728084 0.10989022557298 6.5915269966026e-05 
0.062478099728093 0.10988364942397 5.9842892995623e-05 
0.062478099728088 0.10987632099128 6.6692658364811e-05 
0.062478099728088 0.10986686889804 8.6024842822701e-05 
0.062478099728093 0.10985470902439 0.00011067825789687 
0.062478099728089 0.10983912361605 0.00014187291998557 
0.0624780997281 0.10981947826892 0.00017885564343438 
0.062478099728086 0.1098001845233 0.00017568600692652 
0.062478099728093 0.10978252104282 0.00016086931505687 
0.062478099728089 0.10976805499064 0.00013177008544667 
0.062478099728084 0.10975747875799 9.6350733856292e-05 
0.062478099728093 0.1097491885247 7.5532286166998e-05 
0.06247809972808 0.10974086782327 7.5815607760292e-05 
0.062478099728096 0.10973127469728 8.7416166598048e-05 
0.062478099728093 0.10971818603824 0.00011927920350499 
0.062478099728082 0.10969692261417 0.0001938003610397 
0.062478099728084 0.10966565157449 0.0002850676111603 
0.062478099728086 0.10962924391578 0.00033198780279477 
0.062478099728082 0.10959460861475 0.00031593122232189 
0.062478099728086 0.10956709652433 0.00025103507158725 
0.062478099728086 0.10954688285064 0.00018448671479832 
0.062478099728095 0.10952816106896 0.00017090200282376 
0.062478099728086 0.10951002084188 0.00016562157984136 
0.062478099728095 0.1094899963219 0.00018285559468751 
0.062478099728086 0.1094642177312 0.00023544242908896 
0.062478099728098 0.10942237575345 0.00038224342733721 
0.062478099728098 0.10935352390829 0.00062923003349429 
0.062478099728089 0.10925429850411 0.00090738186237498 
0.06247809972808 0.10912359988339 0.0011962789794703 
0.062478099728089 0.10900160784033 0.0011179253909622 
0.062478099728093 0.10890789676482 0.00085972195603947 
0.062478099728095 0.10883909045641 0.00063178438347076 
0.06247809972808 0.10878657602476 0.00048249605386265 
0.062478099728086 0.10874362304412 0.00039483714086857 
0.062478099728091 0.10871275945703 0.00028381974244714 
0.062478099728082 0.1086842413575 0.00026232522912535 
0.062478099728091 0.10866018899832 0.00022130493692285 
0.062478099728084 0.10864484793245 0.00014118386885816 
0.062478099728093 0.10863536769763 8.7258945034908e-05 
0.062478099728095 0.10862975581899 5.1657933914849e-05 
0.062478099728095 0.10862629897114 3.1822292304537e-05 
0.062478099728086 0.10862360305417 2.4818271413889e-05 
0.062478099728091 0.10862109154929 2.3121170804548e-05 
0.062478099728084 0.10861816520623 2.6940836487597e-05 
0.062478099728082 0.10861432087834 3.5393047561041e-05 
0.062478099728091 0.10861000405161 3.9744544663003e-05 
0.062478099728091 0.10860330615147 6.1669274380219e-05 
0.062478099728096 0.10859464076561 7.9789337653984e-05 
0.062478099728096 0.10858566648412 8.2640187598416e-05 
0.062478099728086 0.10857740498101 7.6082814469591e-05 
0.062478099728091 0.10857069446742 6.1803959961188e-05 
0.062478099728088 0.10856497134942 5.2713285342476e-05 
0.062478099728093 0.10855924459871 5.2749525390854e-05 
0.062478099728073 0.10855198097446 6.6909310899367e-05 
0.062478099728095 0.1085396601955 0.00011350118949284 
0.062478099728088 0.10851886435419 0.00019159670544164 
0.062478099728086 0.10848773630976 0.0002868445464787 
0.062478099728095 0.10843735571191 0.00046438979712405 
0.062478099728095 0.10835886776601 0.00072380910967838 
0.062478099728093 0.10827815071847 0.00074490486295909 
0.062478099728095 0.10821556637762 0.00057799602630608 
0.062478099728088 0.10816925403611 0.0004279637677113 
0.062478099728096 0.10812780013058 0.00038323187021701 
0.062478099728091 0.10808288492699 0.00041538996942448 
0.062478099728093 0.10802812002058 0.00050669360325827 
0.062478099728096 0.10795541644919 0.00067300598558595 
0.062478099728095 0.10786291329839 0.00085686437828186 
0.062478099728089 0.1077594510808 0.00095920103057673 
0.062478099728082 0.10767293908985 0.00080282508939412 
0.062478099728088 0.10761647413987 0.00052441170883353 
0.062478099728091 0.10757705289995 0.00036631231635749 
0.062478099728089 0.10754959869973 0.00025520498543157 
0.062478099728089 0.10752813894951 0.00019953352200342 
0.062478099728091 0.10750955987212 0.00017278339948201 
0.06247809972808 0.10749053505956 0.00017695926371536 
0.0624780997281 0.10747080018646 0.00018359637987846 
0.062478099728093 0.10745104309058 0.0001838368732689 
0.062478099728086 0.10743239217584 0.00017357593008722 
0.062478099728096 0.10741814418911 0.000132622819225 
0.062478099728091 0.1074091790516 8.3460178725289e-05 
0.062478099728098 0.10740397954304 4.8408419171254e-05 
0.062478099728093 0.10740097442466 2.7979581321874e-05 
0.0624780997281 0.10739887411762 1.955575407209e-05 
0.062478099728091 0.10739686418209 1.8714679690537e-05 
0.0624780997281 0.10739462574123 2.0842702226666e-05 
0.062478099728091 0.10739199990152 2.4450382759369e-05 
0.062478099728075 0.1073888909633 2.8949439630774e-05 
0.062478099728088 0.10738558075433 3.0824500927988e-05 
0.062478099728096 0.10738261961521 2.7574829943431e-05 
0.062478099728089 0.1073804675771 2.0040841923616e-05 
0.062478099728098 0.10737898450852 1.3811344047793e-05 
0.06247809972807 0.10737800084203 9.16069842287e-06 
0.062478099728093 0.10737736679631 5.9048009281885e-06 
0.062478099728093 0.10737683389179 4.9629128493816e-06 
0.062478099728091 0.10737631587591 4.8242797411202e-06 
0.062478099728098 0.1073757963198 4.8386471832263e-06 
0.062478099728089 0.10737511700305 6.3265351402613e-06 
0.062478099728086 0.10737421337428 8.4156254584621e-06 
0.062478099728098 0.10737318476891 9.5796312985494e-06 
0.062478099728095 0.1073722580063 8.6312295589184e-06 
0.062478099728077 0.10737154129717 6.6749936137266e-06 
0.062478099728091 0.10737103988695 4.6698614027555e-06 
0.062478099728091 0.10737068584712 3.2973493167723e-06 
0.062478099728104 0.10737038868963 2.7675849577611e-06 
0.062478099728096 0.10737009699081 2.7167529623553e-06 
0.062478099728091 0.10736978585238 2.8978126330333e-06 
0.062478099728088 0.10736941561992 3.4481996668034e-06 
0.062478099728098 0.10736896305894 4.2149897639185e-06 
0.062478099728082 0.10736837472405 5.4795619520624e-06 
0.062478099728088 0.10736777024296 5.6299733579579e-06 
0.062478099728096 0.10736725770913 4.7736283698617e-06 
0.062478099728105 0.10736684897943 3.806837496355e-06 
0.0624780997281 0.10736655884337 2.702287143406e-06 
0.062478099728093 0.10736633585983 2.0768434772846e-06 
0.062478099728088 0.10736613281319 1.8911574189855e-06 
0.062478099728082 0.10736591499178 2.0287720953681e-06 
0.062478099728096 0.10736565457283 2.4255272301644e-06 
0.062478099728091 0.10736532689635 3.0519674029383e-06 
0.062478099728088 0.10736492373706 3.755023159882e-06 
0.062478099728089 0.10736446127597 4.3073759617834e-06 
0.062478099728089 0.10736400786101 4.2231381943987e-06 
0.062478099728093 0.1073635626656 4.1465982550356e-06 
0.062478099728082 0.10736320966861 3.2878658704068e-06 
0.062478099728088 0.10736293697074 2.5399563822703e-06 
0.062478099728077 0.10736269853938 2.2207976508471e-06 
0.062478099728104 0.10736245232183 2.2933248959801e-06 
0.0624780997281 0.10736214795435 2.8349527767538e-06 
0.062478099728082 0.10736169243663 4.242814869553e-06 
0.062478099728093 0.10736096621445 6.7642579946799e-06 
0.062478099728086 0.10735997652742 9.2183133601952e-06 
0.062478099728084 0.10735883246711 1.0656301719678e-05 
0.062478099728093 0.10735770096164 1.0539472560147e-05 
0.062478099728095 0.10735669156855 9.4021489496217e-06 
0.062478099728075 0.10735588778541 7.487033405239e-06 
0.062478099728102 0.10735514590084 6.9105159191301e-06 
0.062478099728091 0.1073543017511 7.863151146331e-06 
0.062478099728086 0.10735323497906 9.9369287093769e-06 
0.062478099728084 0.10735158855197 1.53365391125e-05 
0.062478099728091 0.10734844493662 2.9283361317575e-05 
0.062478099728095 0.10734206335036 5.9447402932439e-05 
0.062478099728079 0.10732858125641 0.00012559935519947 
0.062478099728082 0.10730023592143 0.00026409866459136 
0.062478099728086 0.1072471749639 0.00049450923455936 
0.062478099728095 0.10718356162515 0.0005931469874668 
0.062478099728086 0.10712635471454 0.00053372839778271 
0.062478099728089 0.10707269380142 0.00050091234093273 
0.062478099728104 0.10701945194094 0.00049724965900289 
0.062478099728095 0.10695445517872 0.00060733596596194 
0.062478099728084 0.10685013765083 0.000975345325445 
0.062478099728088 0.10671917787626 0.001225639736633 
0.062478099728091 0.10657634830902 0.0013383683240008 
0.062478099728091 0.1064395425818 0.001283640595643 
0.062478099728093 0.10634615727387 0.00087735540441369 
0.062478099728084 0.10629401640849 0.00049029383593801 
0.062478099728086 0.10626526509905 0.00027048850354936 
0.062478099728098 0.10624740405927 0.00016807975551755 
0.062478099728093 0.10623372348199 0.00012876152034158 
0.062478099728082 0.10622150817462 0.00011498521351585 
0.0624780997281 0.10621152017117 9.402995320463e-05 
0.062478099728096 0.10620351549215 7.5365450109448e-05 
0.06247809972808 0.10619645982944 6.6435302765999e-05 
0.062478099728084 0.10619152408289 4.6477505565914e-05 
0.062478099728077 0.10618842854769 2.9150492207544e-05 
0.062478099728091 0.10618664408291 1.6804700963151e-05 
0.062478099728086 0.10618554469869 1.0353319133327e-05 
0.062478099728091 0.1061847687473 7.3075049695666e-06 
0.062478099728098 0.10618411933255 6.115893584743e-06 
0.062478099728089 0.10618346251606 6.185637743491e-06 
0.062478099728082 0.1061827009828 7.1718630438e-06 
0.062478099728079 0.10618174490962 9.0040390571408e-06 
0.062478099728088 0.10618066524938 1.0168040068357e-05 
0.062478099728088 0.10617969757581 9.1134630365077e-06 
0.062478099728089 0.10617901151864 6.4612838974715e-06 
0.062478099728102 0.10617851586801 4.6680659817773e-06 
0.062478099728093 0.10617811414817 3.7834381245638e-06 
0.062478099728082 0.10617781448039 2.8223120545161e-06 
0.062478099728073 0.10617756616429 2.3386816247297e-06 
0.062478099728088 0.10617730076741 2.4995570413255e-06 
0.062478099728088 0.10617696016327 3.2078808997463e-06 
0.062478099728088 0.10617646620584 4.6522091880037e-06 
0.062478099728095 0.10617574593485 6.7837160042089e-06 
0.062478099728095 0.10617477102091 9.1820776465331e-06 
0.062478099728095 0.10617368740026 1.0206008800544e-05 
0.062478099728082 0.10617273006846 9.016657700224e-06 
0.062478099728089 0.10617190465174 7.7742817869242e-06 
0.062478099728089 0.10617116351337 6.9805507816581e-06 
0.0624780997281 0.10617038620813 7.3212462740975e-06 
0.062478099728086 0.10616922050036 1.09795943624e-05 
0.062478099728089 0.10616734601057 1.765568004968e-05 
0.062478099728084 0.10616282652679 4.2569433565026e-05 
0.062478099728088 0.10614312293638 0.00018559783165261 
0.062478099728082 0.10598968545158 0.0014455716071253 
0.062478099728098 0.10578744195704 0.0019081431714124 
0.062478099728077 0.10570440314079 0.00078495910962447 
0.062478099728091 0.10567306710696 0.00029644965490985 
0.062478099728088 0.10565703406646 0.00015172305431757 
0.062478099728089 0.10564536398633 0.00011045246758828 
0.062478099728082 0.10563509263042 9.7224861732544e-05 
0.0624780997281 0.10562501390079 9.541080884643e-05 
0.062478099728084 0.10561444314815 0.0001000781183773 
0.062478099728109 0.10560449122483 9.422881019664e-05 
0.062478099728077 0.10559780027612 6.335856208946e-05 
0.062478099728098 0.10559266232323 4.8655870397369e-05 
0.062478099728093 0.10558868750918 3.7642900181008e-05 
0.062478099728093 0.10558627549997 2.2843443490547e-05 
0.062478099728095 0.10558466905529 1.5214521688618e-05 
0.062478099728091 0.10558334632194 1.2527702713966e-05 
0.062478099728093 0.10558204901536 1.2287037923838e-05 
0.06247809972808 0.10558055886442 1.4113677009037e-05 
0.062478099728095 0.10557863664232 1.8206212662475e-05 
0.062478099728082 0.10557641263559 2.1064931254215e-05 
0.062478099728084 0.1055743079305 1.9935372274749e-05 
0.062478099728095 0.10557258614145 1.6308788506626e-05 
0.062478099728086 0.10557136952989 1.1523934426593e-05 
0.062478099728079 0.10557055533443 7.7122752084254e-06 
0.062478099728084 0.10556992955847 5.9275614804943e-06 
0.062478099728089 0.1055694101635 4.9199139553516e-06 
0.062478099728093 0.10556896065062 4.2579841810161e-06 
0.062478099728091 0.10556849114284 4.4474036600577e-06 
0.0624780997281 0.1055679073224 5.5302528066173e-06 
0.06247809972808 0.10556716960406 6.9880928296115e-06 
0.062478099728104 0.10556626905163 8.5306107234894e-06 
0.062478099728091 0.10556538136315 8.4088268811483e-06 
0.062478099728089 0.10556472478478 6.2196371751902e-06 
0.062478099728098 0.10556425634432 4.4374715368875e-06 
0.062478099728086 0.10556392686981 3.1210801624898e-06 
0.062478099728084 0.10556370600093 2.0922761102574e-06 
0.062478099728084 0.10556354807746 1.4960015358182e-06 
0.062478099728102 0.10556336806926 1.7052117290856e-06 
0.062478099728096 0.10556313495218 2.2083141667218e-06 
0.062478099728084 0.10556282410245 2.9446807699482e-06 
0.062478099728088 0.1055624179509 3.8474865861053e-06 
0.062478099728079 0.10556196068296 4.3317304559861e-06 
0.062478099728084 0.10556156013317 3.7944519794583e-06 
0.062478099728089 0.10556126541733 2.7918859755079e-06 
0.06247809972808 0.10556105764623 1.9682512683983e-06 
0.062478099728095 0.10556091259029 1.3741425467578e-06 
0.062478099728091 0.10556079602814 1.1042170119889e-06 
0.062478099728095 0.10556068107459 1.088979523408e-06 
0.062478099728079 0.10556054114413 1.3255926566237e-06 
0.062478099728088 0.10556036159869 1.7008764461286e-06 
0.062478099728082 0.10556017071278 1.808310511928e-06 
0.062478099728088 0.10555987426817 2.8082998116288e-06 
0.062478099728082 0.10555951372104 3.4155698901003e-06 
0.062478099728082 0.10555918473539 3.116589335451e-06 
0.062478099728102 0.10555888303874 2.8580805563606e-06 
0.062478099728096 0.10555864120452 2.2909887798206e-06 
0.062478099728095 0.105558438652 1.9188625225062e-06 
0.062478099728084 0.10555821929739 2.0780395385206e-06 
0.062478099728084 0.10555792546356 2.7836186377453e-06 
0.062478099728104 0.10555747028635 4.3121083974336e-06 
0.062478099728089 0.10555655030782 8.7154279189145e-06 
0.062478099728082 0.1055541640149 2.2606772576936e-05 
0.062478099728086 0.1055442662102 9.3769912194168e-05 
0.062478099728095 0.10532873254006 0.0020421163354909 
0.062478099728089 0.10510375670345 0.0021359398445915 
0.062478099728088 0.10508984372352 0.00013237376439846 
0.06247809972808 0.10508597973575 3.6768422438015e-05 
0.062478099728096 0.10508397465879 1.908034706388e-05 
0.062478099728095 0.10508249357602 1.4094278112309e-05 
0.062478099728095 0.10508123287963 1.1997206642575e-05 
0.06247809972808 0.10508016443786 1.0167769685284e-05 
0.062478099728093 0.10507937824953 7.4817957084251e-06 
0.062478099728086 0.10507888930193 4.6531261466453e-06 
0.06247809972808 0.10507858505593 2.8954055648906e-06 
0.062478099728086 0.10507839424582 1.8158801438969e-06 
0.062478099728084 0.10507826962381 1.1859907986509e-06 
0.062478099728075 0.10507816966915 9.5124002769955e-07 
0.062478099728082 0.1050780757312 8.9398158790572e-07 
0.062478099728102 0.10507798199634 8.9204962543649e-07 
0.062478099728089 0.10507787941173 9.7627121593648e-07 
0.062478099728066 0.10507774132415 1.3141451688955e-06 
0.062478099728088 0.10507757773481 1.5568409659473e-06 
0.062478099728096 0.1050774157928 1.5411662058781e-06 
0.062478099728093 0.10507728637515 1.2316409494582e-06 
0.062478099728082 0.10507720172922 8.0555876818743e-07 
0.062478099728072 0.10507714249134 5.6375578530737e-07 
0.062478099728089 0.10507709510183 4.5099738332737e-07 
0.062478099728075 0.10507705411456 3.9006853634899e-07 
0.062478099728086 0.1050770119759 4.0102623343339e-07 
0.062478099728102 0.10507695230895 5.678402580637e-07 
0.062478099728088 0.10507687209239 7.6340774038587e-07 
0.062478099728091 0.10507678140886 8.6302080238992e-07 
0.062478099728104 0.10507668234342 9.4279094954049e-07 
0.062478099728093 0.10507659562193 8.2531625525145e-07 
0.062478099728107 0.10507653736281 5.5444425583882e-07 
0.062478099728095 0.10507650035939 3.5215686825403e-07 
0.062478099728082 0.10507647467307 2.4445355613206e-07 
0.062478099728102 0.10507645017849 2.3311190358797e-07 
0.062478099728095 0.10507641949784 2.9198404879392e-07 
0.062478099728098 0.10507637790398 3.9584394435535e-07 
0.062478099728075 0.10507631757555 5.7413882814044e-07 
0.062478099728084 0.10507623405076 7.9489643876596e-07 
0.062478099728088 0.10507612738876 1.01509152622e-06 
0.062478099728089 0.10507601916039 1.0299995934283e-06 
0.062478099728077 0.10507593354937 8.1475321135845e-07 
0.062478099728093 0.10507587016489 6.032254746248e-07 
0.062478099728089 0.10507582163254 4.6187916357493e-07 
0.062478099728098 0.10507578100692 3.866314609174e-07 
0.062478099728084 0.10507573701819 4.1863813604032e-07 
0.062478099728091 0.10507568251359 5.1871725780712e-07 
0.062478099728086 0.10507562290957 5.6724851460417e-07 
0.062478099728095 0.10507552637239 9.1873995365534e-07 
0.062478099728079 0.10507537265758 1.4628983420707e-06 
0.062478099728091 0.1050751933792 1.7061883362581e-06 
0.062478099728093 0.10507501266446 1.7198611650413e-06 
0.062478099728091 0.10507485242741 1.5249776919542e-06 
0.062478099728086 0.1050747259107 1.2040626781594e-06 
0.062478099728091 0.10507461876855 1.0196757276293e-06 
0.062478099728086 0.10507449307763 1.196206315397e-06 
0.062478099728084 0.10507431708226 1.6749580967462e-06 
0.06247809972808 0.10507402591524 2.7710579111318e-06 
0.0624780997281 0.10507337667253 6.1789077656987e-06 
0.062478099728084 0.1050715971677 1.6935829805205e-05 
0.062478099728091 0.10506523193567 6.0579949293165e-05 
0.062478099728088 0.10497181327233 0.00088914916592833 
0.062478099728098 0.10475285581373 0.0020858690706637 
0.062478099728072 0.10468296009609 0.00066724402979517 
0.062478099728084 0.10467290562504 9.6046873691122e-05 
0.062478099728086 0.10466934938798 3.397476206298e-05 
0.0624780997281 0.10466726448704 1.9918925119693e-05 
0.062478099728072 0.10466574546153 1.4512899685172e-05 
0.0624780997281 0.10466463543697 1.0605423560869e-05 
0.062478099728089 0.1046639272678 6.7660788374233e-06 
0.062478099728093 0.10466345637632 4.4990809249302e-06 
0.062478099728096 0.10466316346243 2.7986261931095e-06 
0.062478099728093 0.10466298842615 1.6723770757661e-06 
0.062478099728086 0.10466287605312 1.0736654402367e-06 
0.062478099728079 0.10466279264969 7.968769334621e-07 
0.062478099728075 0.10466272057353 6.886511550211e-07 
0.062478099728096 0.1046626460192 7.1232942951937e-07 
0.062478099728095 0.10466255797777 8.4119249102968e-07 
0.062478099728098 0.10466244080059 1.1195710948981e-06 
0.062478099728091 0.10466229846283 1.3599698064369e-06 
0.062478099728105 0.10466216391373 1.2855546484136e-06 
0.062478099728093 0.10466206406023 9.5405532073875e-07 
0.06247809972808 0.10466199350845 6.740912642593e-07 
0.062478099728084 0.10466194593732 4.545215793472e-07 
0.062478099728091 0.10466191245337 3.1992476118055e-07 
0.062478099728079 0.10466188457735 2.6634351348724e-07 
0.062478099728102 0.10466185444363 2.8791489937935e-07 
0.062478099728098 0.10466181589024 3.6836144166619e-07 
0.062478099728093 0.1046617649362 4.8684461045446e-07 
0.062478099728072 0.10466170402406 5.8199033636474e-07 
0.062478099728096 0.10466164327286 5.8045299561036e-07 
0.062478099728082 0.1046615970619 4.4152716477762e-07 
0.062478099728082 0.10466156332618 3.2233142545803e-07 
0.062478099728091 0.10466153619915 2.591881465831e-07 
0.062478099728093 0.10466151534492 1.9925395489936e-07 
0.062478099728089 0.10466149802609 1.654747144597e-07 
0.062478099728098 0.10466148106502 1.6205639858887e-07 
0.062478099728096 0.10466146076512 1.9395768571555e-07 
0.062478099728068 0.10466143225953 2.7235998925528e-07 
0.062478099728093 0.10466139447859 3.6098245768945e-07 
0.062478099728102 0.1046613541341 3.8547626381903e-07 
0.062478099728086 0.10466131746455 3.5036384544578e-07 
0.062478099728093 0.10466128836081 2.780754035132e-07 
0.062478099728086 0.10466126799895 1.9455007528676e-07 
0.062478099728098 0.10466125190612 1.5376111946622e-07 
0.062478099728088 0.10466123842435 1.2881337022883e-07 
0.062478099728093 0.10466122654977 1.1345724709489e-07 
0.062478099728096 0.10466121264208 1.3288295229936e-07 
0.062478099728079 0.1046611956624 1.6223469474227e-07 
0.062478099728093 0.10466117440092 2.0314579180702e-07 
0.062478099728093 0.1046611437039 2.9329902146337e-07 
0.062478099728098 0.10466111135077 3.0912264865363e-07 
0.062478099728088 0.10466108386818 2.625864570988e-07 
0.062478099728098 0.10466106179748 2.1087776542831e-07 
0.062478099728095 0.10466104568737 1.5392649665705e-07 
0.062478099728095 0.10466103380576 1.13524667026e-07 
0.0624780997281 0.10466102342745 9.9161179343516e-08 
0.062478099728104 0.10466101127098 1.1615084257646e-07 
0.062478099728088 0.10466099523456 1.5322255252889e-07 
0.062478099728073 0.10466097284736 2.1390203293472e-07 
0.062478099728086 0.10466094114039 3.0294925895221e-07 
0.062478099728107 0.10466090328947 3.6165283377615e-07 
0.062478099728093 0.1046608682365 3.3491939826364e-07 
0.062478099728089 0.10466084014536 2.6840157482368e-07 
0.062478099728107 0.10466082109812 1.8199013311038e-07 
0.062478099728091 0.10466080568166 1.4729918731285e-07 
0.062478099728093 0.10466078884918 1.6082894923545e-07 
0.062478099728091 0.10466076948069 1.8505963380791e-07 
0.062478099728082 0.10466074297976 2.5320782590908e-07 
0.062478099728093 0.10466070444324 3.6820416549938e-07 
0.062478099728105 0.10466064815746 5.3779289414158e-07 
0.062478099728096 0.10466057016401 7.4520316605152e-07 
0.062478099728091 0.10466048166117 8.4561779544093e-07 
0.062478099728086 0.10466038994249 8.7634489559261e-07 
0.062478099728089 0.10466030184338 8.4176175753162e-07 
0.062478099728086 0.10466022438539 7.4008951489866e-07 
0.062478099728084 0.10466014480953 7.6032565312654e-07 
0.062478099728095 0.10466004088364 9.9298445851029e-07 
0.062478099728084 0.10465987669672 1.5687641328738e-06 
0.062478099728091 0.10465958310309 2.8052166398243e-06 
0.062478099728089 0.10465900119222 5.5600342453743e-06 
0.062478099728093 0.10465790105499 1.0511635156922e-05 
0.062478099728091 0.10465434789828 3.3950200369595e-05 
0.062478099728089 0.10463450571761 0.00018959728925327 
0.062478099728084 0.10458996249075 0.00042570303692366 
0.062478099728093 0.10455196476942 0.00036330179713921 
0.062478099728093 0.10452008345505 0.00030493271397857 
0.062478099728089 0.10449141078942 0.00027432685358079 
0.062478099728077 0.10445790141373 0.00032069024085939 
0.0624780997281 0.10441296569126 0.0004301802147634 
0.062478099728084 0.10436171860638 0.00049081150550356 
0.062478099728102 0.10430952284595 0.00050014278338989 
0.062478099728088 0.10425893571037 0.00048497140240837 
0.062478099728091 0.10422420674361 0.00033310302401283 
0.062478099728063 0.10420383026868 0.00019550616472788 
0.062478099728086 0.10419064595158 0.00012652430395388 
0.062478099728096 0.10418101918097 9.239572829714e-05 
0.062478099728079 0.10417164636268 8.9966659557987e-05 
0.06247809972808 0.10416119589764 0.00010031966867079 
0.062478099728093 0.10414896194026 0.00011745215934194 
0.062478099728084 0.10413495092594 0.00013452860267911 
0.062478099728104 0.10412073825468 0.00013648319925645 
0.062478099728104 0.10410990924968 0.00010400430481862 
0.062478099728091 0.10410375348126 5.9127593766893e-05 
0.062478099728102 0.10410072422802 2.9098405596487e-05 
0.062478099728107 0.10409913099536 1.5304722155234e-05 
0.062478099728082 0.1040980992189 9.9114799963364e-06 
0.062478099728098 0.10409732815953 7.4070456481012e-06 
0.062478099728095 0.10409665016594 6.5130738398106e-06 
0.062478099728093 0.10409595046266 6.7216695337043e-06 
0.062478099728086 0.10409516797232 7.5170103708435e-06 
0.062478099728093 0.1040943961333 7.4147440073533e-06 
0.062478099728091 0.10409378196122 5.9001454919265e-06 
0.0624780997281 0.10409337917738 3.8694322287172e-06 
0.062478099728088 0.10409312344976 2.4567136523277e-06 
0.062478099728089 0.10409297747995 1.4023002081901e-06 
0.062478099728104 0.10409286257362 1.1038816867641e-06 
0.062478099728086 0.10409275750293 1.0093937641436e-06 
0.062478099728077 0.10409265962317 9.4031286860581e-07 
0.062478099728068 0.10409254778683 1.0743921781355e-06 
0.062478099728082 0.10409241349935 1.2900777922989e-06 
0.06247809972808 0.10409226007178 1.4739553626868e-06 
0.062478099728098 0.10409208836709 1.6495432429871e-06 
0.062478099728075 0.10409193443987 1.4787600441698e-06 
0.062478099728088 0.10409182110897 1.088757748905e-06 
0.062478099728096 0.10409174149999 7.6479569998907e-07 
0.062478099728088 0.10409168448885 5.4770093600504e-07 
0.062478099728096 0.10409163509966 4.74477746163e-07 
0.062478099728096 0.1040915772389 5.5586373499356e-07 
0.062478099728084 0.10409149938047 7.4798010658059e-07 
0.062478099728082 0.10409138833677 1.0667893088442e-06 
0.062478099728089 0.10409123438865 1.478970797126e-06 
0.062478099728073 0.10409104643184 1.8056929609078e-06 
0.062478099728102 0.10409080219006 2.346424473326e-06 
0.06247809972808 0.10409053371836 2.5792067534665e-06 
0.062478099728095 0.10409025090034 2.7170387569179e-06 
0.062478099728088 0.10408995360654 2.8561156870745e-06 
0.06247809972808 0.10408961444917 3.2583103597789e-06 
0.062478099728093 0.10408909338088 5.0059584709024e-06 
0.062478099728079 0.10408800767688 1.0430526114059e-05 
0.062478099728086 0.10408470911201 3.1690152821211e-05 
0.062478099728107 0.10406902163319 0.00015071838073291 
0.062478099728104 0.10404874219052 0.00019486531492477 
0.062478099728093 0.10403863841931 9.7106134954815e-05 
0.062478099728082 0.10403366013921 4.7850300446138e-05 
0.062478099728091 0.10403104232807 2.5163116731488e-05 
0.062478099728079 0.10402947947614 1.5022938380273e-05 
0.062478099728098 0.10402839944948 1.0381928838234e-05 
0.062478099728102 0.10402737388162 9.8585373188479e-06 
0.062478099728079 0.10402615996635 1.1669190815452e-05 
0.062478099728077 0.10402473409181 1.3706884330393e-05 
0.062478099728086 0.10402339636408 1.2859708250479e-05 
0.062478099728102 0.10402213950762 1.2082440097968e-05 
0.062478099728084 0.10402096799489 1.1262148033853e-05 
0.062478099728075 0.10402004375382 8.8851419963447e-06 
0.062478099728093 0.10401941842694 6.0115998218781e-06 
0.062478099728098 0.10401901930579 3.8369869432804e-06 
0.062478099728072 0.10401872966093 2.7845375097521e-06 
0.062478099728096 0.10401847565598 2.4419154865817e-06 
0.062478099728096 0.10401821593278 2.4968949151246e-06 
0.06247809972808 0.10401788971174 3.1361914676766e-06 
0.062478099728091 0.10401746828205 4.0515115566211e-06 
0.062478099728104 0.10401699827925 4.5184987397698e-06 
0.06247809972807 0.10401654445841 4.3629488766175e-06 
0.062478099728082 0.10401617450989 3.556631461038e-06 
0.062478099728089 0.10401592254089 2.4224021585815e-06 
0.062478099728096 0.10401575615138 1.5996542440986e-06 
0.062478099728086 0.10401564123523 1.1047955976773e-06 
0.062478099728104 0.10401555300045 8.4828372812296e-07 
0.062478099728107 0.10401547441573 7.5550933188279e-07 
0.062478099728084 0.10401540227665 6.9354182796886e-07 
0.062478099728084 0.1040153135865 8.5266362859494e-07 
0.062478099728104 0.10401520084228 1.0839194459233e-06 
0.062478099728086 0.10401507092123 1.2490582827315e-06 
0.062478099728089 0.10401495192409 1.1440374764881e-06 
0.062478099728089 0.10401486651873 8.2108734778699e-07 
0.062478099728084 0.10401481150383 5.2891377541882e-07 
0.062478099728093 0.10401477654842 3.3606187696877e-07 
0.062478099728086 0.10401475158972 2.3995338977305e-07 
0.062478099728095 0.10401473083715 1.9951567134674e-07 
0.062478099728086 0.10401470955893 2.0456927713213e-07 
0.062478099728082 0.10401468361314 2.4944343039726e-07 
0.062478099728079 0.10401465129572 3.1070058843071e-07 
0.062478099728088 0.10401461458423 3.52945398127e-07 
0.062478099728079 0.10401457588415 3.7206383148538e-07 
0.062478099728091 0.10401454490231 2.9786058930326e-07 
0.062478099728096 0.10401452400719 2.0088650624725e-07 
0.062478099728109 0.10401451051997 1.2966670143684e-07 
0.062478099728073 0.1040145021068 8.0884585838734e-08 
0.062478099728089 0.10401449676538 5.1352644513587e-08 
0.062478099728095 0.1040144913174 5.2377086480601e-08 
0.062478099728112 0.10401448481973 6.2468891356794e-08 
0.062478099728095 0.10401447655507 7.9456818747394e-08 
0.06247809972808 0.10401446589823 1.0245537806374e-07 
0.062478099728091 0.10401445448313 1.0974527749659e-07 
0.062478099728098 0.10401444415082 9.933537228873e-08 
0.0624780997281 0.10401443574781 8.0786968468318e-08 
0.062478099728086 0.10401442963963 5.8724303554373e-08 
0.062478099728089 0.10401442575348 3.7361695016211e-08 
0.062478099728088 0.10401442312057 2.5312904498603e-08 
0.062478099728107 0.10401442077945 2.2507692272427e-08 
0.062478099728075 0.10401441839645 2.2910237991002e-08 
0.062478099728088 0.10401441571492 2.5780364937121e-08 
0.062478099728088 0.10401441210831 3.4674188437689e-08 
0.062478099728079 0.10401440763397 4.3016462097035e-08 
0.062478099728086 0.1040144034426 4.0296077030886e-08 
0.062478099728077 0.10401440037189 2.9521985256798e-08 
0.062478099728091 0.10401439824253 2.0471744674482e-08 
0.062478099728079 0.10401439689813 1.2925203384399e-08 
0.062478099728091 0.10401439606166 8.0418718312743e-09 
0.062478099728088 0.10401439525775 7.728798179106e-09 
0.062478099728082 0.10401439447891 7.4877594829146e-09 
0.062478099728111 0.10401439368377 7.6445525696404e-09 
0.062478099728088 0.10401439262647 1.0164905405397e-08 
0.062478099728079 0.10401439124368 1.3294276541254e-08 
0.062478099728086 0.1040143897894 1.3981546310528e-08 
0.062478099728084 0.10401438845926 1.278799985306e-08 
0.062478099728082 0.10401438735146 1.065048444758e-08 
0.062478099728098 0.10401438659415 7.2807747931873e-09 
0.062478099728095 0.10401438612947 4.4674831040667e-09 
0.062478099728086 0.10401438581005 3.070879105888e-09 
0.062478099728098 0.10401438553826 2.6130010742161e-09 
0.062478099728086 0.10401438525174 2.7546288683246e-09 
0.062478099728091 0.10401438491123 3.2736632088309e-09 
0.062478099728086 0.1040143844825 4.1218758510774e-09 
0.062478099728088 0.10401438401619 4.4831778695291e-09 
0.062478099728066 0.10401438357142 4.2760047661934e-09 
0.0624780997281 0.10401438311021 4.434095758992e-09 
0.062478099728089 0.10401438275427 3.4220710297828e-09 
0.0624780997281 0.10401438250676 2.3795108387274e-09 
0.062478099728082 0.10401438232508 1.7466687560702e-09 
0.062478099728088 0.10401438217599 1.4333729870331e-09 
0.062478099728084 0.1040143820321 1.3833344710427e-09 
0.062478099728098 0.10401438186041 1.6506733680275e-09 
0.06247809972808 0.10401438161718 2.3384041310873e-09 
0.062478099728102 0.10401438124759 3.5532642180454e-09 
0.062478099728091 0.10401438075544 4.731577412187e-09 
0.062478099728089 0.10401438021712 5.1754344658882e-09 
0.062478099728084 0.10401437970941 4.8811635982469e-09 
0.062478099728086 0.10401437926268 4.29492735939e-09 
0.0624780997281 0.10401437886738 3.8003999349661e-09 
0.062478099728098 0.1040143784811 3.7136949786942e-09 
0.062478099728089 0.10401437802707 4.3650667278259e-09 
0.06247809972808 0.10401437733028 6.6990306859175e-09 
0.062478099728093 0.10401437597602 1.3019886377901e-08 
0.062478099728075 0.10401437269214 3.157145474346e-08 
0.062478099728086 0.10401436160439 1.0659817478001e-07 
0.062478099728079 0.10401420400836 1.515137286067e-06 
0.062478099728088 0.10394888665759 0.00062796568399618 
0.062478099728095 0.10394888634412 3.0156009598353e-09 
0.062478099728096 0.1039488862688 7.2456312558494e-10 
0.062478099728089 0.10394888623127 3.6105117284081e-10 
0.062478099728089 0.10394888620721 2.315013366263e-10 
0.062478099728114 0.10394888618886 1.7650972957604e-10 
0.0624780997281 0.1039488861698 1.8334523080217e-10 
0.062478099728098 0.10394888615182 1.7300653527649e-10 
0.062478099728088 0.10394888613834 1.2963528020886e-10 
0.06247809972808 0.10394888612933 8.6708332700374e-11 
0.062478099728107 0.1039488861238 5.3231465586339e-11 
0.062478099728079 0.10394888612066 3.0230004053691e-11 
0.062478099728093 0.10394888611875 1.8370409473544e-11 
0.062478099728084 0.10394888611742 1.2731120984225e-11 
0.0624780997281 0.10394888611624 1.1381109497452e-11 
0.062478099728096 0.1039488861149 1.2919097267525e-11 
0.062478099728095 0.10394888611335 1.4867215109646e-11 
0.0624780997281 0.10394888611162 1.6661534174851e-11 
0.062478099728091 0.10394888610977 1.7772303120137e-11 
0.062478099728089 0.10394888610823 1.4833037604378e-11 
0.062478099728098 0.10394888610718 1.0082364270406e-11 
0.062478099728098 0.10394888610646 6.9551224713504e-12 
0.062478099728082 0.10394888610601 4.272188250245e-12 
0.062478099728093 0.10394888610574 2.6316679621621e-12 
0.062478099728091 0.1039488861055 2.3411591611504e-12 
0.06247809972808 0.10394888610524 2.477869185165e-12 
0.062478099728079 0.10394888610495 2.8025554921935e-12 
0.062478099728084 0.10394888610458 3.520283118253e-12 
0.062478099728091 0.10394888610416 4.032945708304e-12 
0.062478099728095 0.10394888610377 3.7595256602986e-12 
0.062478099728098 0.10394888610345 3.1101530462587e-12 
0.062478099728105 0.10394888610322 2.1873603841887e-12 
0.062478099728079 0.10394888610309 1.2987452281149e-12 
0.062478099728096 0.10394888610299 8.8861515607977e-13 

0.062478099728096 0.10394888610299 8.8861515607977e-13  Nbr of iterations = 1509
0.062478099728096 0.082626961444349 0.083825666159379 0.083825666159395 0.084742842825866 0.084742842825889 0.088229898463901 0.089038178124079 0.089038178124081 0.089417948669286 0.089417948669288 0.092360366658403 0.092360366658427 0.092369645152829 0.093622031143418 0.09495886011754 0.094958860117545 0.096709570370745 0.096709570370747 0.097821877515077 0.097821877600964 0.098954819299999 0.09948794620629 0.099509743804591 0.10019807469388 0.1017508481232 0.10216497178754 0.10279828666429 0.10355704197343 0.10394888610299 
------------------------------------------------------------------

time = 9600.10931
----------------------------------------------------------------
